<?xml version="1.0" encoding="UTF-8" ?>
<testsuite tests="74" failures="59" name="org.apache.tomcat.util.net.jsse.openssl.TestOpenSSLCipherConfigurationParser" time="0.427" errors="0" skipped="3">
  <properties>
    <property name="idea.version" value="14.1"/>
    <property name="java.runtime.name" value="Java(TM) SE Runtime Environment"/>
    <property name="sun.boot.library.path" value="/Library/Java/JavaVirtualMachines/jdk8/Contents/Home/jre/lib"/>
    <property name="java.vm.version" value="25.25-b02"/>
    <property name="user.country.format" value="CN"/>
    <property name="gopherProxySet" value="false"/>
    <property name="java.vm.vendor" value="Oracle Corporation"/>
    <property name="java.vendor.url" value="http://java.oracle.com/"/>
    <property name="path.separator" value=":"/>
    <property name="guice.disable.misplaced.annotation.check" value="true"/>
    <property name="java.vm.name" value="Java HotSpot(TM) 64-Bit Server VM"/>
    <property name="file.encoding.pkg" value="sun.io"/>
    <property name="idea.launcher.port" value="7535"/>
    <property name="user.country" value="US"/>
    <property name="sun.java.launcher" value="SUN_STANDARD"/>
    <property name="sun.os.patch.level" value="unknown"/>
    <property name="java.vm.specification.name" value="Java Virtual Machine Specification"/>
    <property name="user.dir" value="/Users/Frank/Developer/idea/tomcat-source-research"/>
    <property name="java.runtime.version" value="1.8.0_25-b17"/>
    <property name="java.awt.graphicsenv" value="sun.awt.CGraphicsEnvironment"/>
    <property name="java.endorsed.dirs" value="/Library/Java/JavaVirtualMachines/jdk8/Contents/Home/jre/lib/endorsed"/>
    <property name="os.arch" value="x86_64"/>
    <property name="java.io.tmpdir" value="/var/folders/t0/cyfyyjr10xjf9rxyjch8ftnm0000gn/T/"/>
    <property name="line.separator" value="
"/>
    <property name="java.vm.specification.vendor" value="Oracle Corporation"/>
    <property name="os.name" value="Mac OS X"/>
    <property name="classworlds.conf" value="/Applications/IntelliJ IDEA 14.app/Contents/plugins/maven/lib/maven3/bin/m2.conf"/>
    <property name="sun.jnu.encoding" value="UTF-8"/>
    <property name="java.library.path" value="/Users/Frank/Library/Java/Extensions:/Library/Java/Extensions:/Network/Library/Java/Extensions:/System/Library/Java/Extensions:/usr/lib/java:."/>
    <property name="java.specification.name" value="Java Platform API Specification"/>
    <property name="java.class.version" value="52.0"/>
    <property name="sun.management.compiler" value="HotSpot 64-Bit Tiered Compilers"/>
    <property name="os.version" value="10.10.2"/>
    <property name="user.home" value="/Users/Frank"/>
    <property name="user.timezone" value="Asia/Shanghai"/>
    <property name="java.awt.printerjob" value="sun.lwawt.macosx.CPrinterJob"/>
    <property name="java.specification.version" value="1.8"/>
    <property name="idea.launcher.bin.path" value="/Applications/IntelliJ IDEA 14.app/Contents/bin"/>
    <property name="file.encoding" value="UTF-8"/>
    <property name="user.name" value="Frank"/>
    <property name="java.class.path" value="/Applications/IntelliJ IDEA 14.app/Contents/plugins/maven/lib/maven3/boot/plexus-classworlds-2.4.jar:/Applications/IntelliJ IDEA 14.app/Contents/lib/idea_rt.jar"/>
    <property name="java.vm.specification.version" value="1.8"/>
    <property name="sun.arch.data.model" value="64"/>
    <property name="java.home" value="/Library/Java/JavaVirtualMachines/jdk8/Contents/Home/jre"/>
    <property name="sun.java.command" value="com.intellij.rt.execution.application.AppMain org.codehaus.classworlds.Launcher -Didea.version=14.1 test"/>
    <property name="java.specification.vendor" value="Oracle Corporation"/>
    <property name="user.language" value="en"/>
    <property name="awt.toolkit" value="sun.lwawt.macosx.LWCToolkit"/>
    <property name="java.vm.info" value="mixed mode"/>
    <property name="java.version" value="1.8.0_25"/>
    <property name="java.ext.dirs" value="/Users/Frank/Library/Java/Extensions:/Library/Java/JavaVirtualMachines/jdk8/Contents/Home/jre/lib/ext:/Library/Java/Extensions:/Network/Library/Java/Extensions:/System/Library/Java/Extensions:/usr/lib/java"/>
    <property name="sun.boot.class.path" value="/Library/Java/JavaVirtualMachines/jdk8/Contents/Home/jre/lib/resources.jar:/Library/Java/JavaVirtualMachines/jdk8/Contents/Home/jre/lib/rt.jar:/Library/Java/JavaVirtualMachines/jdk8/Contents/Home/jre/lib/sunrsasign.jar:/Library/Java/JavaVirtualMachines/jdk8/Contents/Home/jre/lib/jsse.jar:/Library/Java/JavaVirtualMachines/jdk8/Contents/Home/jre/lib/jce.jar:/Library/Java/JavaVirtualMachines/jdk8/Contents/Home/jre/lib/charsets.jar:/Library/Java/JavaVirtualMachines/jdk8/Contents/Home/jre/lib/jfr.jar:/Library/Java/JavaVirtualMachines/jdk8/Contents/Home/jre/classes"/>
    <property name="java.vendor" value="Oracle Corporation"/>
    <property name="maven.home" value="/Applications/IntelliJ IDEA 14.app/Contents/plugins/maven/lib/maven3"/>
    <property name="file.separator" value="/"/>
    <property name="java.vendor.url.bug" value="http://bugreport.sun.com/bugreport/"/>
    <property name="sun.cpu.endian" value="little"/>
    <property name="sun.io.unicode.encoding" value="UnicodeBig"/>
    <property name="sun.cpu.isalist" value=""/>
  </properties>
  <testcase classname="org.apache.tomcat.util.net.jsse.openssl.TestOpenSSLCipherConfigurationParser" name="testkECDHE" time="0.007">
    <skipped/>
  </testcase>
  <testcase classname="org.apache.tomcat.util.net.jsse.openssl.TestOpenSSLCipherConfigurationParser" name="testkECDHe" time="0.006">
    <failure message="Tested &apos;kECDHe&apos;:  expected:&lt;[]&gt; but was:&lt;[TLS_ECDH_ECDSA_WITH_AES_256_GCM_SHA384,TLS_ECDH_ECDSA_WITH_AES_256_CBC_SHA384,TLS_ECDH_ECDSA_WITH_AES_256_CBC_SHA,TLS_ECDH_ECDSA_WITH_3DES_EDE_CBC_SHA,TLS_ECDH_ECDSA_WITH_AES_128_GCM_SHA256,TLS_ECDH_ECDSA_WITH_AES_128_CBC_SHA256,TLS_ECDH_ECDSA_WITH_AES_128_CBC_SHA,TLS_ECDH_ECDSA_WITH_RC4_128_SHA,TLS_ECDH_ECDSA_WITH_NULL_SHA,]&gt;" type="org.junit.ComparisonFailure">org.junit.ComparisonFailure: Tested &apos;kECDHe&apos;:  expected:&lt;[]&gt; but was:&lt;[TLS_ECDH_ECDSA_WITH_AES_256_GCM_SHA384,TLS_ECDH_ECDSA_WITH_AES_256_CBC_SHA384,TLS_ECDH_ECDSA_WITH_AES_256_CBC_SHA,TLS_ECDH_ECDSA_WITH_3DES_EDE_CBC_SHA,TLS_ECDH_ECDSA_WITH_AES_128_GCM_SHA256,TLS_ECDH_ECDSA_WITH_AES_128_CBC_SHA256,TLS_ECDH_ECDSA_WITH_AES_128_CBC_SHA,TLS_ECDH_ECDSA_WITH_RC4_128_SHA,TLS_ECDH_ECDSA_WITH_NULL_SHA,]&gt;
	at org.junit.Assert.assertEquals(Assert.java:115)
	at org.apache.tomcat.util.net.jsse.openssl.TestOpenSSLCipherConfigurationParser.testSpecification(TestOpenSSLCipherConfigurationParser.java:499)
	at org.apache.tomcat.util.net.jsse.openssl.TestOpenSSLCipherConfigurationParser.testkECDHe(TestOpenSSLCipherConfigurationParser.java:169)
	at sun.reflect.NativeMethodAccessorImpl.invoke0(Native Method)
	at sun.reflect.NativeMethodAccessorImpl.invoke(NativeMethodAccessorImpl.java:62)
	at sun.reflect.DelegatingMethodAccessorImpl.invoke(DelegatingMethodAccessorImpl.java:43)
	at java.lang.reflect.Method.invoke(Method.java:483)
	at org.junit.runners.model.FrameworkMethod$1.runReflectiveCall(FrameworkMethod.java:50)
	at org.junit.internal.runners.model.ReflectiveCallable.run(ReflectiveCallable.java:12)
	at org.junit.runners.model.FrameworkMethod.invokeExplosively(FrameworkMethod.java:47)
	at org.junit.internal.runners.statements.InvokeMethod.evaluate(InvokeMethod.java:17)
	at org.junit.internal.runners.statements.RunBefores.evaluate(RunBefores.java:26)
	at org.junit.runners.ParentRunner.runLeaf(ParentRunner.java:325)
	at org.junit.runners.BlockJUnit4ClassRunner.runChild(BlockJUnit4ClassRunner.java:78)
	at org.junit.runners.BlockJUnit4ClassRunner.runChild(BlockJUnit4ClassRunner.java:57)
	at org.junit.runners.ParentRunner$3.run(ParentRunner.java:290)
	at org.junit.runners.ParentRunner$1.schedule(ParentRunner.java:71)
	at org.junit.runners.ParentRunner.runChildren(ParentRunner.java:288)
	at org.junit.runners.ParentRunner.access$000(ParentRunner.java:58)
	at org.junit.runners.ParentRunner$2.evaluate(ParentRunner.java:268)
	at org.junit.runners.ParentRunner.run(ParentRunner.java:363)
	at org.apache.maven.surefire.junit4.JUnit4TestSet.execute(JUnit4TestSet.java:53)
	at org.apache.maven.surefire.junit4.JUnit4Provider.executeTestSet(JUnit4Provider.java:123)
	at org.apache.maven.surefire.junit4.JUnit4Provider.invoke(JUnit4Provider.java:104)
	at sun.reflect.NativeMethodAccessorImpl.invoke0(Native Method)
	at sun.reflect.NativeMethodAccessorImpl.invoke(NativeMethodAccessorImpl.java:62)
	at sun.reflect.DelegatingMethodAccessorImpl.invoke(DelegatingMethodAccessorImpl.java:43)
	at java.lang.reflect.Method.invoke(Method.java:483)
	at org.apache.maven.surefire.util.ReflectionUtils.invokeMethodWithArray(ReflectionUtils.java:164)
	at org.apache.maven.surefire.booter.ProviderFactory$ProviderProxy.invoke(ProviderFactory.java:110)
	at org.apache.maven.surefire.booter.SurefireStarter.invokeProvider(SurefireStarter.java:175)
	at org.apache.maven.surefire.booter.SurefireStarter.runSuitesInProcessWhenForked(SurefireStarter.java:107)
	at org.apache.maven.surefire.booter.ForkedBooter.main(ForkedBooter.java:68)
</failure>
    <system-err>Error in cipher list
5274:error:1410D0B9:SSL routines:SSL_CTX_set_cipher_list:no cipher match:/SourceCache/OpenSSL098/OpenSSL098-52.10.1/src/ssl/ssl_lib.c:1223:

</system-err>
  </testcase>
  <testcase classname="org.apache.tomcat.util.net.jsse.openssl.TestOpenSSLCipherConfigurationParser" name="testkECDHr" time="0.005">
    <failure message="Tested &apos;kECDHr&apos;:  expected:&lt;[]&gt; but was:&lt;[TLS_ECDH_RSA_WITH_AES_256_GCM_SHA384,TLS_ECDH_RSA_WITH_AES_256_CBC_SHA384,TLS_ECDH_RSA_WITH_AES_256_CBC_SHA,TLS_ECDH_RSA_WITH_3DES_EDE_CBC_SHA,TLS_ECDH_RSA_WITH_AES_128_GCM_SHA256,TLS_ECDH_RSA_WITH_AES_128_CBC_SHA256,TLS_ECDH_RSA_WITH_AES_128_CBC_SHA,TLS_ECDH_RSA_WITH_RC4_128_SHA,TLS_ECDH_RSA_WITH_NULL_SHA,]&gt;" type="org.junit.ComparisonFailure">org.junit.ComparisonFailure: Tested &apos;kECDHr&apos;:  expected:&lt;[]&gt; but was:&lt;[TLS_ECDH_RSA_WITH_AES_256_GCM_SHA384,TLS_ECDH_RSA_WITH_AES_256_CBC_SHA384,TLS_ECDH_RSA_WITH_AES_256_CBC_SHA,TLS_ECDH_RSA_WITH_3DES_EDE_CBC_SHA,TLS_ECDH_RSA_WITH_AES_128_GCM_SHA256,TLS_ECDH_RSA_WITH_AES_128_CBC_SHA256,TLS_ECDH_RSA_WITH_AES_128_CBC_SHA,TLS_ECDH_RSA_WITH_RC4_128_SHA,TLS_ECDH_RSA_WITH_NULL_SHA,]&gt;
	at org.junit.Assert.assertEquals(Assert.java:115)
	at org.apache.tomcat.util.net.jsse.openssl.TestOpenSSLCipherConfigurationParser.testSpecification(TestOpenSSLCipherConfigurationParser.java:499)
	at org.apache.tomcat.util.net.jsse.openssl.TestOpenSSLCipherConfigurationParser.testkECDHr(TestOpenSSLCipherConfigurationParser.java:163)
	at sun.reflect.NativeMethodAccessorImpl.invoke0(Native Method)
	at sun.reflect.NativeMethodAccessorImpl.invoke(NativeMethodAccessorImpl.java:62)
	at sun.reflect.DelegatingMethodAccessorImpl.invoke(DelegatingMethodAccessorImpl.java:43)
	at java.lang.reflect.Method.invoke(Method.java:483)
	at org.junit.runners.model.FrameworkMethod$1.runReflectiveCall(FrameworkMethod.java:50)
	at org.junit.internal.runners.model.ReflectiveCallable.run(ReflectiveCallable.java:12)
	at org.junit.runners.model.FrameworkMethod.invokeExplosively(FrameworkMethod.java:47)
	at org.junit.internal.runners.statements.InvokeMethod.evaluate(InvokeMethod.java:17)
	at org.junit.internal.runners.statements.RunBefores.evaluate(RunBefores.java:26)
	at org.junit.runners.ParentRunner.runLeaf(ParentRunner.java:325)
	at org.junit.runners.BlockJUnit4ClassRunner.runChild(BlockJUnit4ClassRunner.java:78)
	at org.junit.runners.BlockJUnit4ClassRunner.runChild(BlockJUnit4ClassRunner.java:57)
	at org.junit.runners.ParentRunner$3.run(ParentRunner.java:290)
	at org.junit.runners.ParentRunner$1.schedule(ParentRunner.java:71)
	at org.junit.runners.ParentRunner.runChildren(ParentRunner.java:288)
	at org.junit.runners.ParentRunner.access$000(ParentRunner.java:58)
	at org.junit.runners.ParentRunner$2.evaluate(ParentRunner.java:268)
	at org.junit.runners.ParentRunner.run(ParentRunner.java:363)
	at org.apache.maven.surefire.junit4.JUnit4TestSet.execute(JUnit4TestSet.java:53)
	at org.apache.maven.surefire.junit4.JUnit4Provider.executeTestSet(JUnit4Provider.java:123)
	at org.apache.maven.surefire.junit4.JUnit4Provider.invoke(JUnit4Provider.java:104)
	at sun.reflect.NativeMethodAccessorImpl.invoke0(Native Method)
	at sun.reflect.NativeMethodAccessorImpl.invoke(NativeMethodAccessorImpl.java:62)
	at sun.reflect.DelegatingMethodAccessorImpl.invoke(DelegatingMethodAccessorImpl.java:43)
	at java.lang.reflect.Method.invoke(Method.java:483)
	at org.apache.maven.surefire.util.ReflectionUtils.invokeMethodWithArray(ReflectionUtils.java:164)
	at org.apache.maven.surefire.booter.ProviderFactory$ProviderProxy.invoke(ProviderFactory.java:110)
	at org.apache.maven.surefire.booter.SurefireStarter.invokeProvider(SurefireStarter.java:175)
	at org.apache.maven.surefire.booter.SurefireStarter.runSuitesInProcessWhenForked(SurefireStarter.java:107)
	at org.apache.maven.surefire.booter.ForkedBooter.main(ForkedBooter.java:68)
</failure>
    <system-err>Error in cipher list
5275:error:1410D0B9:SSL routines:SSL_CTX_set_cipher_list:no cipher match:/SourceCache/OpenSSL098/OpenSSL098-52.10.1/src/ssl/ssl_lib.c:1223:

</system-err>
  </testcase>
  <testcase classname="org.apache.tomcat.util.net.jsse.openssl.TestOpenSSLCipherConfigurationParser" name="testkEECDH" time="0.007">
    <failure message="Tested &apos;kEECDH&apos;:  expected:&lt;[]&gt; but was:&lt;[TLS_ECDHE_RSA_WITH_AES_256_GCM_SHA384,TLS_ECDHE_ECDSA_WITH_AES_256_GCM_SHA384,TLS_ECDHE_RSA_WITH_AES_256_CBC_SHA384,TLS_ECDHE_ECDSA_WITH_AES_256_CBC_SHA384,TLS_ECDHE_RSA_WITH_AES_256_CBC_SHA,TLS_ECDHE_ECDSA_WITH_AES_256_CBC_SHA,TLS_ECDH_anon_WITH_AES_256_CBC_SHA,TLS_ECDHE_RSA_WITH_3DES_EDE_CBC_SHA,TLS_ECDHE_ECDSA_WITH_3DES_EDE_CBC_SHA,TLS_ECDH_anon_WITH_3DES_EDE_CBC_SHA,TLS_ECDHE_RSA_WITH_AES_128_GCM_SHA256,TLS_ECDHE_ECDSA_WITH_AES_128_GCM_SHA256,TLS_ECDHE_RSA_WITH_AES_128_CBC_SHA256,TLS_ECDHE_ECDSA_WITH_AES_128_CBC_SHA256,TLS_ECDHE_RSA_WITH_AES_128_CBC_SHA,TLS_ECDHE_ECDSA_WITH_AES_128_CBC_SHA,TLS_ECDH_anon_WITH_AES_128_CBC_SHA,TLS_ECDHE_RSA_WITH_RC4_128_SHA,TLS_ECDHE_ECDSA_WITH_RC4_128_SHA,TLS_ECDH_anon_WITH_RC4_128_SHA,TLS_ECDHE_RSA_WITH_NULL_SHA,TLS_ECDHE_ECDSA_WITH_NULL_SHA,TLS_ECDH_anon_WITH_NULL_SHA,]&gt;" type="org.junit.ComparisonFailure">org.junit.ComparisonFailure: Tested &apos;kEECDH&apos;:  expected:&lt;[]&gt; but was:&lt;[TLS_ECDHE_RSA_WITH_AES_256_GCM_SHA384,TLS_ECDHE_ECDSA_WITH_AES_256_GCM_SHA384,TLS_ECDHE_RSA_WITH_AES_256_CBC_SHA384,TLS_ECDHE_ECDSA_WITH_AES_256_CBC_SHA384,TLS_ECDHE_RSA_WITH_AES_256_CBC_SHA,TLS_ECDHE_ECDSA_WITH_AES_256_CBC_SHA,TLS_ECDH_anon_WITH_AES_256_CBC_SHA,TLS_ECDHE_RSA_WITH_3DES_EDE_CBC_SHA,TLS_ECDHE_ECDSA_WITH_3DES_EDE_CBC_SHA,TLS_ECDH_anon_WITH_3DES_EDE_CBC_SHA,TLS_ECDHE_RSA_WITH_AES_128_GCM_SHA256,TLS_ECDHE_ECDSA_WITH_AES_128_GCM_SHA256,TLS_ECDHE_RSA_WITH_AES_128_CBC_SHA256,TLS_ECDHE_ECDSA_WITH_AES_128_CBC_SHA256,TLS_ECDHE_RSA_WITH_AES_128_CBC_SHA,TLS_ECDHE_ECDSA_WITH_AES_128_CBC_SHA,TLS_ECDH_anon_WITH_AES_128_CBC_SHA,TLS_ECDHE_RSA_WITH_RC4_128_SHA,TLS_ECDHE_ECDSA_WITH_RC4_128_SHA,TLS_ECDH_anon_WITH_RC4_128_SHA,TLS_ECDHE_RSA_WITH_NULL_SHA,TLS_ECDHE_ECDSA_WITH_NULL_SHA,TLS_ECDH_anon_WITH_NULL_SHA,]&gt;
	at org.junit.Assert.assertEquals(Assert.java:115)
	at org.apache.tomcat.util.net.jsse.openssl.TestOpenSSLCipherConfigurationParser.testSpecification(TestOpenSSLCipherConfigurationParser.java:499)
	at org.apache.tomcat.util.net.jsse.openssl.TestOpenSSLCipherConfigurationParser.testkEECDH(TestOpenSSLCipherConfigurationParser.java:181)
	at sun.reflect.NativeMethodAccessorImpl.invoke0(Native Method)
	at sun.reflect.NativeMethodAccessorImpl.invoke(NativeMethodAccessorImpl.java:62)
	at sun.reflect.DelegatingMethodAccessorImpl.invoke(DelegatingMethodAccessorImpl.java:43)
	at java.lang.reflect.Method.invoke(Method.java:483)
	at org.junit.runners.model.FrameworkMethod$1.runReflectiveCall(FrameworkMethod.java:50)
	at org.junit.internal.runners.model.ReflectiveCallable.run(ReflectiveCallable.java:12)
	at org.junit.runners.model.FrameworkMethod.invokeExplosively(FrameworkMethod.java:47)
	at org.junit.internal.runners.statements.InvokeMethod.evaluate(InvokeMethod.java:17)
	at org.junit.internal.runners.statements.RunBefores.evaluate(RunBefores.java:26)
	at org.junit.runners.ParentRunner.runLeaf(ParentRunner.java:325)
	at org.junit.runners.BlockJUnit4ClassRunner.runChild(BlockJUnit4ClassRunner.java:78)
	at org.junit.runners.BlockJUnit4ClassRunner.runChild(BlockJUnit4ClassRunner.java:57)
	at org.junit.runners.ParentRunner$3.run(ParentRunner.java:290)
	at org.junit.runners.ParentRunner$1.schedule(ParentRunner.java:71)
	at org.junit.runners.ParentRunner.runChildren(ParentRunner.java:288)
	at org.junit.runners.ParentRunner.access$000(ParentRunner.java:58)
	at org.junit.runners.ParentRunner$2.evaluate(ParentRunner.java:268)
	at org.junit.runners.ParentRunner.run(ParentRunner.java:363)
	at org.apache.maven.surefire.junit4.JUnit4TestSet.execute(JUnit4TestSet.java:53)
	at org.apache.maven.surefire.junit4.JUnit4Provider.executeTestSet(JUnit4Provider.java:123)
	at org.apache.maven.surefire.junit4.JUnit4Provider.invoke(JUnit4Provider.java:104)
	at sun.reflect.NativeMethodAccessorImpl.invoke0(Native Method)
	at sun.reflect.NativeMethodAccessorImpl.invoke(NativeMethodAccessorImpl.java:62)
	at sun.reflect.DelegatingMethodAccessorImpl.invoke(DelegatingMethodAccessorImpl.java:43)
	at java.lang.reflect.Method.invoke(Method.java:483)
	at org.apache.maven.surefire.util.ReflectionUtils.invokeMethodWithArray(ReflectionUtils.java:164)
	at org.apache.maven.surefire.booter.ProviderFactory$ProviderProxy.invoke(ProviderFactory.java:110)
	at org.apache.maven.surefire.booter.SurefireStarter.invokeProvider(SurefireStarter.java:175)
	at org.apache.maven.surefire.booter.SurefireStarter.runSuitesInProcessWhenForked(SurefireStarter.java:107)
	at org.apache.maven.surefire.booter.ForkedBooter.main(ForkedBooter.java:68)
</failure>
    <system-err>Error in cipher list
5276:error:1410D0B9:SSL routines:SSL_CTX_set_cipher_list:no cipher match:/SourceCache/OpenSSL098/OpenSSL098-52.10.1/src/ssl/ssl_lib.c:1223:

</system-err>
  </testcase>
  <testcase classname="org.apache.tomcat.util.net.jsse.openssl.TestOpenSSLCipherConfigurationParser" name="testGOST89MAC" time="0.005"/>
  <testcase classname="org.apache.tomcat.util.net.jsse.openssl.TestOpenSSLCipherConfigurationParser" name="testADH" time="0.006">
    <failure message="Tested &apos;ADH&apos;:  expected:&lt;...H_anon_WITH_AES_256_[CBC_SHA,TLS_DH_anon_WITH_3DES_EDE_CBC_SHA,SSL_DH_anon_WITH_3DES_EDE_CBC_SHA,TLS_DH_anon_WITH_AES_128_CBC_SHA,TLS_DH_anon_WITH_SEED]_CBC_SHA,SSL_DH_anon...&gt; but was:&lt;...H_anon_WITH_AES_256_[GCM_SHA384,TLS_DH_anon_WITH_AES_256_CBC_SHA256,TLS_DH_anon_WITH_AES_256_CBC_SHA,TLS_DH_anon_WITH_CAMELLIA_256_CBC_SHA,TLS_DH_anon_WITH_3DES_EDE_CBC_SHA,SSL_DH_anon_WITH_3DES_EDE_CBC_SHA,TLS_DH_anon_WITH_AES_128_GCM_SHA256,TLS_DH_anon_WITH_AES_128_CBC_SHA256,TLS_DH_anon_WITH_AES_128_CBC_SHA,TLS_DH_anon_WITH_SEED_CBC_SHA,TLS_DH_anon_WITH_CAMELLIA_128]_CBC_SHA,SSL_DH_anon...&gt;" type="org.junit.ComparisonFailure">org.junit.ComparisonFailure: Tested &apos;ADH&apos;:  expected:&lt;...H_anon_WITH_AES_256_[CBC_SHA,TLS_DH_anon_WITH_3DES_EDE_CBC_SHA,SSL_DH_anon_WITH_3DES_EDE_CBC_SHA,TLS_DH_anon_WITH_AES_128_CBC_SHA,TLS_DH_anon_WITH_SEED]_CBC_SHA,SSL_DH_anon...&gt; but was:&lt;...H_anon_WITH_AES_256_[GCM_SHA384,TLS_DH_anon_WITH_AES_256_CBC_SHA256,TLS_DH_anon_WITH_AES_256_CBC_SHA,TLS_DH_anon_WITH_CAMELLIA_256_CBC_SHA,TLS_DH_anon_WITH_3DES_EDE_CBC_SHA,SSL_DH_anon_WITH_3DES_EDE_CBC_SHA,TLS_DH_anon_WITH_AES_128_GCM_SHA256,TLS_DH_anon_WITH_AES_128_CBC_SHA256,TLS_DH_anon_WITH_AES_128_CBC_SHA,TLS_DH_anon_WITH_SEED_CBC_SHA,TLS_DH_anon_WITH_CAMELLIA_128]_CBC_SHA,SSL_DH_anon...&gt;
	at org.junit.Assert.assertEquals(Assert.java:115)
	at org.apache.tomcat.util.net.jsse.openssl.TestOpenSSLCipherConfigurationParser.testSpecification(TestOpenSSLCipherConfigurationParser.java:499)
	at org.apache.tomcat.util.net.jsse.openssl.TestOpenSSLCipherConfigurationParser.testADH(TestOpenSSLCipherConfigurationParser.java:304)
	at sun.reflect.NativeMethodAccessorImpl.invoke0(Native Method)
	at sun.reflect.NativeMethodAccessorImpl.invoke(NativeMethodAccessorImpl.java:62)
	at sun.reflect.DelegatingMethodAccessorImpl.invoke(DelegatingMethodAccessorImpl.java:43)
	at java.lang.reflect.Method.invoke(Method.java:483)
	at org.junit.runners.model.FrameworkMethod$1.runReflectiveCall(FrameworkMethod.java:50)
	at org.junit.internal.runners.model.ReflectiveCallable.run(ReflectiveCallable.java:12)
	at org.junit.runners.model.FrameworkMethod.invokeExplosively(FrameworkMethod.java:47)
	at org.junit.internal.runners.statements.InvokeMethod.evaluate(InvokeMethod.java:17)
	at org.junit.internal.runners.statements.RunBefores.evaluate(RunBefores.java:26)
	at org.junit.runners.ParentRunner.runLeaf(ParentRunner.java:325)
	at org.junit.runners.BlockJUnit4ClassRunner.runChild(BlockJUnit4ClassRunner.java:78)
	at org.junit.runners.BlockJUnit4ClassRunner.runChild(BlockJUnit4ClassRunner.java:57)
	at org.junit.runners.ParentRunner$3.run(ParentRunner.java:290)
	at org.junit.runners.ParentRunner$1.schedule(ParentRunner.java:71)
	at org.junit.runners.ParentRunner.runChildren(ParentRunner.java:288)
	at org.junit.runners.ParentRunner.access$000(ParentRunner.java:58)
	at org.junit.runners.ParentRunner$2.evaluate(ParentRunner.java:268)
	at org.junit.runners.ParentRunner.run(ParentRunner.java:363)
	at org.apache.maven.surefire.junit4.JUnit4TestSet.execute(JUnit4TestSet.java:53)
	at org.apache.maven.surefire.junit4.JUnit4Provider.executeTestSet(JUnit4Provider.java:123)
	at org.apache.maven.surefire.junit4.JUnit4Provider.invoke(JUnit4Provider.java:104)
	at sun.reflect.NativeMethodAccessorImpl.invoke0(Native Method)
	at sun.reflect.NativeMethodAccessorImpl.invoke(NativeMethodAccessorImpl.java:62)
	at sun.reflect.DelegatingMethodAccessorImpl.invoke(DelegatingMethodAccessorImpl.java:43)
	at java.lang.reflect.Method.invoke(Method.java:483)
	at org.apache.maven.surefire.util.ReflectionUtils.invokeMethodWithArray(ReflectionUtils.java:164)
	at org.apache.maven.surefire.booter.ProviderFactory$ProviderProxy.invoke(ProviderFactory.java:110)
	at org.apache.maven.surefire.booter.SurefireStarter.invokeProvider(SurefireStarter.java:175)
	at org.apache.maven.surefire.booter.SurefireStarter.runSuitesInProcessWhenForked(SurefireStarter.java:107)
	at org.apache.maven.surefire.booter.ForkedBooter.main(ForkedBooter.java:68)
</failure>
  </testcase>
  <testcase classname="org.apache.tomcat.util.net.jsse.openssl.TestOpenSSLCipherConfigurationParser" name="testAES" time="0.006">
    <failure message="Tested &apos;AES&apos;:  expected:&lt;TLS_[DHE_RSA_WITH_AES_256_CBC_SHA,TLS_DHE_DSS_WITH_AES_256_CBC_SHA,TLS_DH_anon_WITH_AES_256_CBC_SHA,TLS_RSA_WITH_AES_256_CBC_SHA,TLS_DHE_RSA_WITH_AES_128_CBC_SHA,TLS_DHE_DSS_WITH_AES_128_CBC_SHA,TLS_DH_anon_WITH_AES_128_CBC_SHA,TLS_RSA]_WITH_AES_128_CBC_SH...&gt; but was:&lt;TLS_[ECDHE_RSA_WITH_AES_256_GCM_SHA384,TLS_ECDHE_ECDSA_WITH_AES_256_GCM_SHA384,TLS_ECDHE_RSA_WITH_AES_256_CBC_SHA384,TLS_ECDHE_ECDSA_WITH_AES_256_CBC_SHA384,TLS_ECDHE_RSA_WITH_AES_256_CBC_SHA,TLS_ECDHE_ECDSA_WITH_AES_256_CBC_SHA,TLS_SRP_SHA_DSS_WITH_AES_256_CBC_SHA,TLS_SRP_SHA_RSA_WITH_AES_256_CBC_SHA,TLS_SRP_SHA_WITH_AES_256_CBC_SHA,TLS_DH_DSS_WITH_AES_256_GCM_SHA384,TLS_DHE_DSS_WITH_AES_256_GCM_SHA384,TLS_DH_RSA_WITH_AES_256_GCM_SHA384,TLS_DHE_RSA_WITH_AES_256_GCM_SHA384,TLS_DHE_RSA_WITH_AES_256_CBC_SHA256,TLS_DHE_DSS_WITH_AES_256_CBC_SHA256,TLS_DH_RSA_WITH_AES_256_CBC_SHA256,TLS_DH_DSS_WITH_AES_256_CBC_SHA256,TLS_DHE_RSA_WITH_AES_256_CBC_SHA,TLS_DHE_DSS_WITH_AES_256_CBC_SHA,TLS_DH_RSA_WITH_AES_256_CBC_SHA,TLS_DH_DSS_WITH_AES_256_CBC_SHA,TLS_ECDH_anon_WITH_AES_256_CBC_SHA,TLS_DH_anon_WITH_AES_256_GCM_SHA384,TLS_DH_anon_WITH_AES_256_CBC_SHA256,TLS_DH_anon_WITH_AES_256_CBC_SHA,TLS_ECDH_RSA_WITH_AES_256_GCM_SHA384,TLS_ECDH_ECDSA_WITH_AES_256_GCM_SHA384,TLS_ECDH_RSA_WITH_AES_256_CBC_SHA384,TLS_ECDH_ECDSA_WITH_AES_256_CBC_SHA384,TLS_ECDH_RSA_WITH_AES_256_CBC_SHA,TLS_ECDH_ECDSA_WITH_AES_256_CBC_SHA,TLS_RSA_WITH_AES_256_GCM_SHA384,TLS_RSA_WITH_AES_256_CBC_SHA256,TLS_RSA_WITH_AES_256_CBC_SHA,TLS_PSK_WITH_AES_256_CBC_SHA,TLS_ECDHE_RSA_WITH_AES_128_GCM_SHA256,TLS_ECDHE_ECDSA_WITH_AES_128_GCM_SHA256,TLS_ECDHE_RSA_WITH_AES_128_CBC_SHA256,TLS_ECDHE_ECDSA_WITH_AES_128_CBC_SHA256,TLS_ECDHE_RSA_WITH_AES_128_CBC_SHA,TLS_ECDHE_ECDSA_WITH_AES_128_CBC_SHA,TLS_SRP_SHA_DSS_WITH_AES_128_CBC_SHA,TLS_SRP_SHA_RSA_WITH_AES_128_CBC_SHA,TLS_SRP_SHA_WITH_AES_128_CBC_SHA,TLS_DH_DSS_WITH_AES_128_GCM_SHA256,TLS_DHE_DSS_WITH_AES_128_GCM_SHA256,TLS_DH_RSA_WITH_AES_128_GCM_SHA256,TLS_DHE_RSA_WITH_AES_128_GCM_SHA256,TLS_DHE_RSA_WITH_AES_128_CBC_SHA256,TLS_DHE_DSS_WITH_AES_128_CBC_SHA256,TLS_DH_RSA_WITH_AES_128_CBC_SHA256,TLS_DH_DSS_WITH_AES_128_CBC_SHA256,TLS_DHE_RSA_WITH_AES_128_CBC_SHA,TLS_DHE_DSS_WITH_AES_128_CBC_SHA,TLS_DH_RSA_WITH_AES_128_CBC_SHA,TLS_DH_DSS_WITH_AES_128_CBC_SHA,TLS_ECDH_anon_WITH_AES_128_CBC_SHA,TLS_DH_anon_WITH_AES_128_GCM_SHA256,TLS_DH_anon_WITH_AES_128_CBC_SHA256,TLS_DH_anon_WITH_AES_128_CBC_SHA,TLS_ECDH_RSA_WITH_AES_128_GCM_SHA256,TLS_ECDH_ECDSA_WITH_AES_128_GCM_SHA256,TLS_ECDH_RSA_WITH_AES_128_CBC_SHA256,TLS_ECDH_ECDSA_WITH_AES_128_CBC_SHA256,TLS_ECDH_RSA_WITH_AES_128_CBC_SHA,TLS_ECDH_ECDSA_WITH_AES_128_CBC_SHA,TLS_RSA_WITH_AES_128_GCM_SHA256,TLS_RSA_WITH_AES_128_CBC_SHA256,TLS_RSA_WITH_AES_128_CBC_SHA,TLS_PSK]_WITH_AES_128_CBC_SH...&gt;" type="org.junit.ComparisonFailure">org.junit.ComparisonFailure: Tested &apos;AES&apos;:  expected:&lt;TLS_[DHE_RSA_WITH_AES_256_CBC_SHA,TLS_DHE_DSS_WITH_AES_256_CBC_SHA,TLS_DH_anon_WITH_AES_256_CBC_SHA,TLS_RSA_WITH_AES_256_CBC_SHA,TLS_DHE_RSA_WITH_AES_128_CBC_SHA,TLS_DHE_DSS_WITH_AES_128_CBC_SHA,TLS_DH_anon_WITH_AES_128_CBC_SHA,TLS_RSA]_WITH_AES_128_CBC_SH...&gt; but was:&lt;TLS_[ECDHE_RSA_WITH_AES_256_GCM_SHA384,TLS_ECDHE_ECDSA_WITH_AES_256_GCM_SHA384,TLS_ECDHE_RSA_WITH_AES_256_CBC_SHA384,TLS_ECDHE_ECDSA_WITH_AES_256_CBC_SHA384,TLS_ECDHE_RSA_WITH_AES_256_CBC_SHA,TLS_ECDHE_ECDSA_WITH_AES_256_CBC_SHA,TLS_SRP_SHA_DSS_WITH_AES_256_CBC_SHA,TLS_SRP_SHA_RSA_WITH_AES_256_CBC_SHA,TLS_SRP_SHA_WITH_AES_256_CBC_SHA,TLS_DH_DSS_WITH_AES_256_GCM_SHA384,TLS_DHE_DSS_WITH_AES_256_GCM_SHA384,TLS_DH_RSA_WITH_AES_256_GCM_SHA384,TLS_DHE_RSA_WITH_AES_256_GCM_SHA384,TLS_DHE_RSA_WITH_AES_256_CBC_SHA256,TLS_DHE_DSS_WITH_AES_256_CBC_SHA256,TLS_DH_RSA_WITH_AES_256_CBC_SHA256,TLS_DH_DSS_WITH_AES_256_CBC_SHA256,TLS_DHE_RSA_WITH_AES_256_CBC_SHA,TLS_DHE_DSS_WITH_AES_256_CBC_SHA,TLS_DH_RSA_WITH_AES_256_CBC_SHA,TLS_DH_DSS_WITH_AES_256_CBC_SHA,TLS_ECDH_anon_WITH_AES_256_CBC_SHA,TLS_DH_anon_WITH_AES_256_GCM_SHA384,TLS_DH_anon_WITH_AES_256_CBC_SHA256,TLS_DH_anon_WITH_AES_256_CBC_SHA,TLS_ECDH_RSA_WITH_AES_256_GCM_SHA384,TLS_ECDH_ECDSA_WITH_AES_256_GCM_SHA384,TLS_ECDH_RSA_WITH_AES_256_CBC_SHA384,TLS_ECDH_ECDSA_WITH_AES_256_CBC_SHA384,TLS_ECDH_RSA_WITH_AES_256_CBC_SHA,TLS_ECDH_ECDSA_WITH_AES_256_CBC_SHA,TLS_RSA_WITH_AES_256_GCM_SHA384,TLS_RSA_WITH_AES_256_CBC_SHA256,TLS_RSA_WITH_AES_256_CBC_SHA,TLS_PSK_WITH_AES_256_CBC_SHA,TLS_ECDHE_RSA_WITH_AES_128_GCM_SHA256,TLS_ECDHE_ECDSA_WITH_AES_128_GCM_SHA256,TLS_ECDHE_RSA_WITH_AES_128_CBC_SHA256,TLS_ECDHE_ECDSA_WITH_AES_128_CBC_SHA256,TLS_ECDHE_RSA_WITH_AES_128_CBC_SHA,TLS_ECDHE_ECDSA_WITH_AES_128_CBC_SHA,TLS_SRP_SHA_DSS_WITH_AES_128_CBC_SHA,TLS_SRP_SHA_RSA_WITH_AES_128_CBC_SHA,TLS_SRP_SHA_WITH_AES_128_CBC_SHA,TLS_DH_DSS_WITH_AES_128_GCM_SHA256,TLS_DHE_DSS_WITH_AES_128_GCM_SHA256,TLS_DH_RSA_WITH_AES_128_GCM_SHA256,TLS_DHE_RSA_WITH_AES_128_GCM_SHA256,TLS_DHE_RSA_WITH_AES_128_CBC_SHA256,TLS_DHE_DSS_WITH_AES_128_CBC_SHA256,TLS_DH_RSA_WITH_AES_128_CBC_SHA256,TLS_DH_DSS_WITH_AES_128_CBC_SHA256,TLS_DHE_RSA_WITH_AES_128_CBC_SHA,TLS_DHE_DSS_WITH_AES_128_CBC_SHA,TLS_DH_RSA_WITH_AES_128_CBC_SHA,TLS_DH_DSS_WITH_AES_128_CBC_SHA,TLS_ECDH_anon_WITH_AES_128_CBC_SHA,TLS_DH_anon_WITH_AES_128_GCM_SHA256,TLS_DH_anon_WITH_AES_128_CBC_SHA256,TLS_DH_anon_WITH_AES_128_CBC_SHA,TLS_ECDH_RSA_WITH_AES_128_GCM_SHA256,TLS_ECDH_ECDSA_WITH_AES_128_GCM_SHA256,TLS_ECDH_RSA_WITH_AES_128_CBC_SHA256,TLS_ECDH_ECDSA_WITH_AES_128_CBC_SHA256,TLS_ECDH_RSA_WITH_AES_128_CBC_SHA,TLS_ECDH_ECDSA_WITH_AES_128_CBC_SHA,TLS_RSA_WITH_AES_128_GCM_SHA256,TLS_RSA_WITH_AES_128_CBC_SHA256,TLS_RSA_WITH_AES_128_CBC_SHA,TLS_PSK]_WITH_AES_128_CBC_SH...&gt;
	at org.junit.Assert.assertEquals(Assert.java:115)
	at org.apache.tomcat.util.net.jsse.openssl.TestOpenSSLCipherConfigurationParser.testSpecification(TestOpenSSLCipherConfigurationParser.java:499)
	at org.apache.tomcat.util.net.jsse.openssl.TestOpenSSLCipherConfigurationParser.testAES(TestOpenSSLCipherConfigurationParser.java:322)
	at sun.reflect.NativeMethodAccessorImpl.invoke0(Native Method)
	at sun.reflect.NativeMethodAccessorImpl.invoke(NativeMethodAccessorImpl.java:62)
	at sun.reflect.DelegatingMethodAccessorImpl.invoke(DelegatingMethodAccessorImpl.java:43)
	at java.lang.reflect.Method.invoke(Method.java:483)
	at org.junit.runners.model.FrameworkMethod$1.runReflectiveCall(FrameworkMethod.java:50)
	at org.junit.internal.runners.model.ReflectiveCallable.run(ReflectiveCallable.java:12)
	at org.junit.runners.model.FrameworkMethod.invokeExplosively(FrameworkMethod.java:47)
	at org.junit.internal.runners.statements.InvokeMethod.evaluate(InvokeMethod.java:17)
	at org.junit.internal.runners.statements.RunBefores.evaluate(RunBefores.java:26)
	at org.junit.runners.ParentRunner.runLeaf(ParentRunner.java:325)
	at org.junit.runners.BlockJUnit4ClassRunner.runChild(BlockJUnit4ClassRunner.java:78)
	at org.junit.runners.BlockJUnit4ClassRunner.runChild(BlockJUnit4ClassRunner.java:57)
	at org.junit.runners.ParentRunner$3.run(ParentRunner.java:290)
	at org.junit.runners.ParentRunner$1.schedule(ParentRunner.java:71)
	at org.junit.runners.ParentRunner.runChildren(ParentRunner.java:288)
	at org.junit.runners.ParentRunner.access$000(ParentRunner.java:58)
	at org.junit.runners.ParentRunner$2.evaluate(ParentRunner.java:268)
	at org.junit.runners.ParentRunner.run(ParentRunner.java:363)
	at org.apache.maven.surefire.junit4.JUnit4TestSet.execute(JUnit4TestSet.java:53)
	at org.apache.maven.surefire.junit4.JUnit4Provider.executeTestSet(JUnit4Provider.java:123)
	at org.apache.maven.surefire.junit4.JUnit4Provider.invoke(JUnit4Provider.java:104)
	at sun.reflect.NativeMethodAccessorImpl.invoke0(Native Method)
	at sun.reflect.NativeMethodAccessorImpl.invoke(NativeMethodAccessorImpl.java:62)
	at sun.reflect.DelegatingMethodAccessorImpl.invoke(DelegatingMethodAccessorImpl.java:43)
	at java.lang.reflect.Method.invoke(Method.java:483)
	at org.apache.maven.surefire.util.ReflectionUtils.invokeMethodWithArray(ReflectionUtils.java:164)
	at org.apache.maven.surefire.booter.ProviderFactory$ProviderProxy.invoke(ProviderFactory.java:110)
	at org.apache.maven.surefire.booter.SurefireStarter.invokeProvider(SurefireStarter.java:175)
	at org.apache.maven.surefire.booter.SurefireStarter.runSuitesInProcessWhenForked(SurefireStarter.java:107)
	at org.apache.maven.surefire.booter.ForkedBooter.main(ForkedBooter.java:68)
</failure>
  </testcase>
  <testcase classname="org.apache.tomcat.util.net.jsse.openssl.TestOpenSSLCipherConfigurationParser" name="testALL" time="0.008">
    <failure message="Tested &apos;ALL&apos;:  expected:&lt;TLS_[DHE_RSA_WITH_AES_256_CBC_SHA,TLS_DHE_DSS_WITH_AES_256_CBC_SHA,TLS_DH_anon_WITH_AES_256_CBC_SHA,TLS_RSA_WITH_AES_256_CBC_SHA,SSL_DHE_RSA_WITH_3DES_EDE_CBC_SHA,TLS_DHE_RSA_WITH_3DES_EDE_CBC_SHA,TLS_DHE_DSS_WITH_3DES_EDE_CBC_SHA,SSL_DHE_DSS_WITH_3DES_EDE_CBC_SHA,TLS_DH_anon_WITH_3DES_EDE_CBC_SHA,SSL_DH_anon_WITH_3DES_EDE_CBC_SHA,TLS_RSA_WITH_3DES_EDE_CBC_SHA,SSL_RSA_WITH_3DES_EDE_CBC_SHA,SSL2_DES_192_EDE3_CBC_WITH_MD5,SSL_CK_DES_192_EDE3_CBC_WITH_MD5,TLS_DHE_RSA_WITH_AES_128_CBC_SHA,TLS_DHE_DSS_WITH_AES_128_CBC_SHA,TLS_DHE_RSA_WITH_SEED_CBC_SHA,TLS_DHE_DSS_WITH_SEED_CBC_SHA,TLS_DH_anon_WITH_AES_128_CBC_SHA,TLS_DH_anon_WITH_SEED_CBC_SHA,TLS_RSA_WITH_AES_128_CBC_SHA,TLS_RSA_WITH_SEED_CBC_SHA,SSL2_RC2_CBC_128_CBC_WITH_MD5,SSL_DH_anon_WITH_RC4_128_MD5,TLS_DH_anon_WITH_RC4_128_MD5,TLS_RSA_WITH_RC4_128_SHA,SSL_RSA_WITH_RC4_128_SHA,SSL_RSA_WITH_RC4_128_MD5,TLS_RSA_WITH_RC4_128_MD5,SSL_CK_RC4_128_WITH_MD5,SSL_DHE_RSA_WITH_DES_CBC_SHA,TLS_DHE_RSA_WITH_DES_CBC_SHA,SSL_DHE_DSS_WITH_DES_CBC_SHA,TLS_DHE_DSS_WITH_DES_CBC_SHA,TLS_DH_anon_WITH_DES_CBC_SHA,SSL_DH_anon_WITH_DES_CBC_SHA,SSL_RSA_WITH_DES_CBC_SHA,TLS_RSA_WITH_DES_CBC_SHA,SSL_CK_DES_64_CBC_WITH_MD5,SSL2_DES_64_CBC_WITH_MD5,SSL_DHE_RSA_EXPORT_WITH_DES40_CBC_SHA,TLS_DHE_RSA_EXPORT_WITH_DES40_CBC_SHA,SSL_DHE_DSS_EXPORT_WITH_DES40_CBC_SHA,TLS_DHE]_DSS_EXPORT_WITH_DES...&gt; but was:&lt;TLS_[ECDHE_RSA_WITH_AES_256_GCM_SHA384,TLS_ECDHE_ECDSA_WITH_AES_256_GCM_SHA384,TLS_ECDHE_RSA_WITH_AES_256_CBC_SHA384,TLS_ECDHE_ECDSA_WITH_AES_256_CBC_SHA384,TLS_ECDHE_RSA_WITH_AES_256_CBC_SHA,TLS_ECDHE_ECDSA_WITH_AES_256_CBC_SHA,TLS_SRP_SHA_DSS_WITH_AES_256_CBC_SHA,TLS_SRP_SHA_RSA_WITH_AES_256_CBC_SHA,TLS_SRP_SHA_WITH_AES_256_CBC_SHA,TLS_DH_DSS_WITH_AES_256_GCM_SHA384,TLS_DHE_DSS_WITH_AES_256_GCM_SHA384,TLS_DH_RSA_WITH_AES_256_GCM_SHA384,TLS_DHE_RSA_WITH_AES_256_GCM_SHA384,TLS_DHE_RSA_WITH_AES_256_CBC_SHA256,TLS_DHE_DSS_WITH_AES_256_CBC_SHA256,TLS_DH_RSA_WITH_AES_256_CBC_SHA256,TLS_DH_DSS_WITH_AES_256_CBC_SHA256,TLS_DHE_RSA_WITH_AES_256_CBC_SHA,TLS_DHE_DSS_WITH_AES_256_CBC_SHA,TLS_DH_RSA_WITH_AES_256_CBC_SHA,TLS_DH_DSS_WITH_AES_256_CBC_SHA,TLS_DHE_RSA_WITH_CAMELLIA_256_CBC_SHA,TLS_DHE_DSS_WITH_CAMELLIA_256_CBC_SHA,TLS_DH_RSA_WITH_CAMELLIA_256_CBC_SHA,TLS_DH_DSS_WITH_CAMELLIA_256_CBC_SHA,TLS_ECDH_anon_WITH_AES_256_CBC_SHA,TLS_DH_anon_WITH_AES_256_GCM_SHA384,TLS_DH_anon_WITH_AES_256_CBC_SHA256,TLS_DH_anon_WITH_AES_256_CBC_SHA,TLS_DH_anon_WITH_CAMELLIA_256_CBC_SHA,TLS_ECDH_RSA_WITH_AES_256_GCM_SHA384,TLS_ECDH_ECDSA_WITH_AES_256_GCM_SHA384,TLS_ECDH_RSA_WITH_AES_256_CBC_SHA384,TLS_ECDH_ECDSA_WITH_AES_256_CBC_SHA384,TLS_ECDH_RSA_WITH_AES_256_CBC_SHA,TLS_ECDH_ECDSA_WITH_AES_256_CBC_SHA,TLS_RSA_WITH_AES_256_GCM_SHA384,TLS_RSA_WITH_AES_256_CBC_SHA256,TLS_RSA_WITH_AES_256_CBC_SHA,TLS_RSA_WITH_CAMELLIA_256_CBC_SHA,TLS_PSK_WITH_AES_256_CBC_SHA,TLS_ECDHE_RSA_WITH_3DES_EDE_CBC_SHA,TLS_ECDHE_ECDSA_WITH_3DES_EDE_CBC_SHA,TLS_SRP_SHA_DSS_WITH_3DES_EDE_CBC_SHA,TLS_SRP_SHA_RSA_WITH_3DES_EDE_CBC_SHA,TLS_SRP_SHA_WITH_3DES_EDE_CBC_SHA,SSL_DHE_RSA_WITH_3DES_EDE_CBC_SHA,TLS_DHE_RSA_WITH_3DES_EDE_CBC_SHA,TLS_DHE_DSS_WITH_3DES_EDE_CBC_SHA,SSL_DHE_DSS_WITH_3DES_EDE_CBC_SHA,TLS_DH_RSA_WITH_3DES_EDE_CBC_SHA,SSL_DH_RSA_WITH_3DES_EDE_CBC_SHA,TLS_DH_DSS_WITH_3DES_EDE_CBC_SHA,SSL_DH_DSS_WITH_3DES_EDE_CBC_SHA,TLS_ECDH_anon_WITH_3DES_EDE_CBC_SHA,TLS_DH_anon_WITH_3DES_EDE_CBC_SHA,SSL_DH_anon_WITH_3DES_EDE_CBC_SHA,TLS_ECDH_RSA_WITH_3DES_EDE_CBC_SHA,TLS_ECDH_ECDSA_WITH_3DES_EDE_CBC_SHA,TLS_RSA_WITH_3DES_EDE_CBC_SHA,SSL_RSA_WITH_3DES_EDE_CBC_SHA,SSL2_DES_192_EDE3_CBC_WITH_MD5,SSL_CK_DES_192_EDE3_CBC_WITH_MD5,TLS_PSK_WITH_3DES_EDE_CBC_SHA,TLS_ECDHE_RSA_WITH_AES_128_GCM_SHA256,TLS_ECDHE_ECDSA_WITH_AES_128_GCM_SHA256,TLS_ECDHE_RSA_WITH_AES_128_CBC_SHA256,TLS_ECDHE_ECDSA_WITH_AES_128_CBC_SHA256,TLS_ECDHE_RSA_WITH_AES_128_CBC_SHA,TLS_ECDHE_ECDSA_WITH_AES_128_CBC_SHA,TLS_SRP_SHA_DSS_WITH_AES_128_CBC_SHA,TLS_SRP_SHA_RSA_WITH_AES_128_CBC_SHA,TLS_SRP_SHA_WITH_AES_128_CBC_SHA,TLS_DH_DSS_WITH_AES_128_GCM_SHA256,TLS_DHE_DSS_WITH_AES_128_GCM_SHA256,TLS_DH_RSA_WITH_AES_128_GCM_SHA256,TLS_DHE_RSA_WITH_AES_128_GCM_SHA256,TLS_DHE_RSA_WITH_AES_128_CBC_SHA256,TLS_DHE_DSS_WITH_AES_128_CBC_SHA256,TLS_DH_RSA_WITH_AES_128_CBC_SHA256,TLS_DH_DSS_WITH_AES_128_CBC_SHA256,TLS_DHE_RSA_WITH_AES_128_CBC_SHA,TLS_DHE_DSS_WITH_AES_128_CBC_SHA,TLS_DH_RSA_WITH_AES_128_CBC_SHA,TLS_DH_DSS_WITH_AES_128_CBC_SHA,TLS_DHE_RSA_WITH_SEED_CBC_SHA,TLS_DHE_DSS_WITH_SEED_CBC_SHA,TLS_DH_RSA_WITH_SEED_CBC_SHA,TLS_DH_DSS_WITH_SEED_CBC_SHA,TLS_DHE_RSA_WITH_CAMELLIA_128_CBC_SHA,TLS_DHE_DSS_WITH_CAMELLIA_128_CBC_SHA,TLS_DH_RSA_WITH_CAMELLIA_128_CBC_SHA,TLS_DH_DSS_WITH_CAMELLIA_128_CBC_SHA,TLS_ECDH_anon_WITH_AES_128_CBC_SHA,TLS_DH_anon_WITH_AES_128_GCM_SHA256,TLS_DH_anon_WITH_AES_128_CBC_SHA256,TLS_DH_anon_WITH_AES_128_CBC_SHA,TLS_DH_anon_WITH_SEED_CBC_SHA,TLS_DH_anon_WITH_CAMELLIA_128_CBC_SHA,TLS_ECDH_RSA_WITH_AES_128_GCM_SHA256,TLS_ECDH_ECDSA_WITH_AES_128_GCM_SHA256,TLS_ECDH_RSA_WITH_AES_128_CBC_SHA256,TLS_ECDH_ECDSA_WITH_AES_128_CBC_SHA256,TLS_ECDH_RSA_WITH_AES_128_CBC_SHA,TLS_ECDH_ECDSA_WITH_AES_128_CBC_SHA,TLS_RSA_WITH_AES_128_GCM_SHA256,TLS_RSA_WITH_AES_128_CBC_SHA256,TLS_RSA_WITH_AES_128_CBC_SHA,TLS_RSA_WITH_SEED_CBC_SHA,TLS_RSA_WITH_CAMELLIA_128_CBC_SHA,SSL_RSA_WITH_IDEA_CBC_SHA,TLS_RSA_WITH_IDEA_CBC_SHA,SSL_CK_IDEA_128_CBC_WITH_MD5,SSL2_IDEA_128_CBC_WITH_MD5,SSL2_RC2_CBC_128_CBC_WITH_MD5,TLS_PSK_WITH_AES_128_CBC_SHA,TLS_ECDHE_RSA_WITH_RC4_128_SHA,TLS_ECDHE_ECDSA_WITH_RC4_128_SHA,TLS_ECDH_anon_WITH_RC4_128_SHA,SSL_DH_anon_WITH_RC4_128_MD5,TLS_DH_anon_WITH_RC4_128_MD5,TLS_ECDH_RSA_WITH_RC4_128_SHA,TLS_ECDH_ECDSA_WITH_RC4_128_SHA,TLS_RSA_WITH_RC4_128_SHA,SSL_RSA_WITH_RC4_128_SHA,SSL_RSA_WITH_RC4_128_MD5,TLS_RSA_WITH_RC4_128_MD5,SSL_CK_RC4_128_WITH_MD5,TLS_PSK_WITH_RC4_128_SHA,SSL_DHE_RSA_WITH_DES_CBC_SHA,TLS_DHE_RSA_WITH_DES_CBC_SHA,SSL_DHE_DSS_WITH_DES_CBC_SHA,TLS_DHE_DSS_WITH_DES_CBC_SHA,SSL_DH_RSA_WITH_DES_CBC_SHA,TLS_DH_RSA_WITH_DES_CBC_SHA,SSL_DH_DSS_WITH_DES_CBC_SHA,TLS_DH_DSS_WITH_DES_CBC_SHA,TLS_DH_anon_WITH_DES_CBC_SHA,SSL_DH_anon_WITH_DES_CBC_SHA,SSL_RSA_WITH_DES_CBC_SHA,TLS_RSA_WITH_DES_CBC_SHA,SSL_CK_DES_64_CBC_WITH_MD5,SSL2_DES_64_CBC_WITH_MD5,SSL_DHE_RSA_EXPORT_WITH_DES40_CBC_SHA,TLS_DHE_RSA_EXPORT_WITH_DES40_CBC_SHA,SSL_DHE_DSS_EXPORT_WITH_DES40_CBC_SHA,TLS_DHE_DSS_EXPORT_WITH_DES40_CBC_SHA,SSL_DH_RSA_EXPORT_WITH_DES40_CBC_SHA,TLS_DH_RSA_EXPORT_WITH_DES40_CBC_SHA,SSL_DH_DSS_EXPORT_WITH_DES40_CBC_SHA,TLS_DH]_DSS_EXPORT_WITH_DES...&gt;" type="org.junit.ComparisonFailure">org.junit.ComparisonFailure: Tested &apos;ALL&apos;:  expected:&lt;TLS_[DHE_RSA_WITH_AES_256_CBC_SHA,TLS_DHE_DSS_WITH_AES_256_CBC_SHA,TLS_DH_anon_WITH_AES_256_CBC_SHA,TLS_RSA_WITH_AES_256_CBC_SHA,SSL_DHE_RSA_WITH_3DES_EDE_CBC_SHA,TLS_DHE_RSA_WITH_3DES_EDE_CBC_SHA,TLS_DHE_DSS_WITH_3DES_EDE_CBC_SHA,SSL_DHE_DSS_WITH_3DES_EDE_CBC_SHA,TLS_DH_anon_WITH_3DES_EDE_CBC_SHA,SSL_DH_anon_WITH_3DES_EDE_CBC_SHA,TLS_RSA_WITH_3DES_EDE_CBC_SHA,SSL_RSA_WITH_3DES_EDE_CBC_SHA,SSL2_DES_192_EDE3_CBC_WITH_MD5,SSL_CK_DES_192_EDE3_CBC_WITH_MD5,TLS_DHE_RSA_WITH_AES_128_CBC_SHA,TLS_DHE_DSS_WITH_AES_128_CBC_SHA,TLS_DHE_RSA_WITH_SEED_CBC_SHA,TLS_DHE_DSS_WITH_SEED_CBC_SHA,TLS_DH_anon_WITH_AES_128_CBC_SHA,TLS_DH_anon_WITH_SEED_CBC_SHA,TLS_RSA_WITH_AES_128_CBC_SHA,TLS_RSA_WITH_SEED_CBC_SHA,SSL2_RC2_CBC_128_CBC_WITH_MD5,SSL_DH_anon_WITH_RC4_128_MD5,TLS_DH_anon_WITH_RC4_128_MD5,TLS_RSA_WITH_RC4_128_SHA,SSL_RSA_WITH_RC4_128_SHA,SSL_RSA_WITH_RC4_128_MD5,TLS_RSA_WITH_RC4_128_MD5,SSL_CK_RC4_128_WITH_MD5,SSL_DHE_RSA_WITH_DES_CBC_SHA,TLS_DHE_RSA_WITH_DES_CBC_SHA,SSL_DHE_DSS_WITH_DES_CBC_SHA,TLS_DHE_DSS_WITH_DES_CBC_SHA,TLS_DH_anon_WITH_DES_CBC_SHA,SSL_DH_anon_WITH_DES_CBC_SHA,SSL_RSA_WITH_DES_CBC_SHA,TLS_RSA_WITH_DES_CBC_SHA,SSL_CK_DES_64_CBC_WITH_MD5,SSL2_DES_64_CBC_WITH_MD5,SSL_DHE_RSA_EXPORT_WITH_DES40_CBC_SHA,TLS_DHE_RSA_EXPORT_WITH_DES40_CBC_SHA,SSL_DHE_DSS_EXPORT_WITH_DES40_CBC_SHA,TLS_DHE]_DSS_EXPORT_WITH_DES...&gt; but was:&lt;TLS_[ECDHE_RSA_WITH_AES_256_GCM_SHA384,TLS_ECDHE_ECDSA_WITH_AES_256_GCM_SHA384,TLS_ECDHE_RSA_WITH_AES_256_CBC_SHA384,TLS_ECDHE_ECDSA_WITH_AES_256_CBC_SHA384,TLS_ECDHE_RSA_WITH_AES_256_CBC_SHA,TLS_ECDHE_ECDSA_WITH_AES_256_CBC_SHA,TLS_SRP_SHA_DSS_WITH_AES_256_CBC_SHA,TLS_SRP_SHA_RSA_WITH_AES_256_CBC_SHA,TLS_SRP_SHA_WITH_AES_256_CBC_SHA,TLS_DH_DSS_WITH_AES_256_GCM_SHA384,TLS_DHE_DSS_WITH_AES_256_GCM_SHA384,TLS_DH_RSA_WITH_AES_256_GCM_SHA384,TLS_DHE_RSA_WITH_AES_256_GCM_SHA384,TLS_DHE_RSA_WITH_AES_256_CBC_SHA256,TLS_DHE_DSS_WITH_AES_256_CBC_SHA256,TLS_DH_RSA_WITH_AES_256_CBC_SHA256,TLS_DH_DSS_WITH_AES_256_CBC_SHA256,TLS_DHE_RSA_WITH_AES_256_CBC_SHA,TLS_DHE_DSS_WITH_AES_256_CBC_SHA,TLS_DH_RSA_WITH_AES_256_CBC_SHA,TLS_DH_DSS_WITH_AES_256_CBC_SHA,TLS_DHE_RSA_WITH_CAMELLIA_256_CBC_SHA,TLS_DHE_DSS_WITH_CAMELLIA_256_CBC_SHA,TLS_DH_RSA_WITH_CAMELLIA_256_CBC_SHA,TLS_DH_DSS_WITH_CAMELLIA_256_CBC_SHA,TLS_ECDH_anon_WITH_AES_256_CBC_SHA,TLS_DH_anon_WITH_AES_256_GCM_SHA384,TLS_DH_anon_WITH_AES_256_CBC_SHA256,TLS_DH_anon_WITH_AES_256_CBC_SHA,TLS_DH_anon_WITH_CAMELLIA_256_CBC_SHA,TLS_ECDH_RSA_WITH_AES_256_GCM_SHA384,TLS_ECDH_ECDSA_WITH_AES_256_GCM_SHA384,TLS_ECDH_RSA_WITH_AES_256_CBC_SHA384,TLS_ECDH_ECDSA_WITH_AES_256_CBC_SHA384,TLS_ECDH_RSA_WITH_AES_256_CBC_SHA,TLS_ECDH_ECDSA_WITH_AES_256_CBC_SHA,TLS_RSA_WITH_AES_256_GCM_SHA384,TLS_RSA_WITH_AES_256_CBC_SHA256,TLS_RSA_WITH_AES_256_CBC_SHA,TLS_RSA_WITH_CAMELLIA_256_CBC_SHA,TLS_PSK_WITH_AES_256_CBC_SHA,TLS_ECDHE_RSA_WITH_3DES_EDE_CBC_SHA,TLS_ECDHE_ECDSA_WITH_3DES_EDE_CBC_SHA,TLS_SRP_SHA_DSS_WITH_3DES_EDE_CBC_SHA,TLS_SRP_SHA_RSA_WITH_3DES_EDE_CBC_SHA,TLS_SRP_SHA_WITH_3DES_EDE_CBC_SHA,SSL_DHE_RSA_WITH_3DES_EDE_CBC_SHA,TLS_DHE_RSA_WITH_3DES_EDE_CBC_SHA,TLS_DHE_DSS_WITH_3DES_EDE_CBC_SHA,SSL_DHE_DSS_WITH_3DES_EDE_CBC_SHA,TLS_DH_RSA_WITH_3DES_EDE_CBC_SHA,SSL_DH_RSA_WITH_3DES_EDE_CBC_SHA,TLS_DH_DSS_WITH_3DES_EDE_CBC_SHA,SSL_DH_DSS_WITH_3DES_EDE_CBC_SHA,TLS_ECDH_anon_WITH_3DES_EDE_CBC_SHA,TLS_DH_anon_WITH_3DES_EDE_CBC_SHA,SSL_DH_anon_WITH_3DES_EDE_CBC_SHA,TLS_ECDH_RSA_WITH_3DES_EDE_CBC_SHA,TLS_ECDH_ECDSA_WITH_3DES_EDE_CBC_SHA,TLS_RSA_WITH_3DES_EDE_CBC_SHA,SSL_RSA_WITH_3DES_EDE_CBC_SHA,SSL2_DES_192_EDE3_CBC_WITH_MD5,SSL_CK_DES_192_EDE3_CBC_WITH_MD5,TLS_PSK_WITH_3DES_EDE_CBC_SHA,TLS_ECDHE_RSA_WITH_AES_128_GCM_SHA256,TLS_ECDHE_ECDSA_WITH_AES_128_GCM_SHA256,TLS_ECDHE_RSA_WITH_AES_128_CBC_SHA256,TLS_ECDHE_ECDSA_WITH_AES_128_CBC_SHA256,TLS_ECDHE_RSA_WITH_AES_128_CBC_SHA,TLS_ECDHE_ECDSA_WITH_AES_128_CBC_SHA,TLS_SRP_SHA_DSS_WITH_AES_128_CBC_SHA,TLS_SRP_SHA_RSA_WITH_AES_128_CBC_SHA,TLS_SRP_SHA_WITH_AES_128_CBC_SHA,TLS_DH_DSS_WITH_AES_128_GCM_SHA256,TLS_DHE_DSS_WITH_AES_128_GCM_SHA256,TLS_DH_RSA_WITH_AES_128_GCM_SHA256,TLS_DHE_RSA_WITH_AES_128_GCM_SHA256,TLS_DHE_RSA_WITH_AES_128_CBC_SHA256,TLS_DHE_DSS_WITH_AES_128_CBC_SHA256,TLS_DH_RSA_WITH_AES_128_CBC_SHA256,TLS_DH_DSS_WITH_AES_128_CBC_SHA256,TLS_DHE_RSA_WITH_AES_128_CBC_SHA,TLS_DHE_DSS_WITH_AES_128_CBC_SHA,TLS_DH_RSA_WITH_AES_128_CBC_SHA,TLS_DH_DSS_WITH_AES_128_CBC_SHA,TLS_DHE_RSA_WITH_SEED_CBC_SHA,TLS_DHE_DSS_WITH_SEED_CBC_SHA,TLS_DH_RSA_WITH_SEED_CBC_SHA,TLS_DH_DSS_WITH_SEED_CBC_SHA,TLS_DHE_RSA_WITH_CAMELLIA_128_CBC_SHA,TLS_DHE_DSS_WITH_CAMELLIA_128_CBC_SHA,TLS_DH_RSA_WITH_CAMELLIA_128_CBC_SHA,TLS_DH_DSS_WITH_CAMELLIA_128_CBC_SHA,TLS_ECDH_anon_WITH_AES_128_CBC_SHA,TLS_DH_anon_WITH_AES_128_GCM_SHA256,TLS_DH_anon_WITH_AES_128_CBC_SHA256,TLS_DH_anon_WITH_AES_128_CBC_SHA,TLS_DH_anon_WITH_SEED_CBC_SHA,TLS_DH_anon_WITH_CAMELLIA_128_CBC_SHA,TLS_ECDH_RSA_WITH_AES_128_GCM_SHA256,TLS_ECDH_ECDSA_WITH_AES_128_GCM_SHA256,TLS_ECDH_RSA_WITH_AES_128_CBC_SHA256,TLS_ECDH_ECDSA_WITH_AES_128_CBC_SHA256,TLS_ECDH_RSA_WITH_AES_128_CBC_SHA,TLS_ECDH_ECDSA_WITH_AES_128_CBC_SHA,TLS_RSA_WITH_AES_128_GCM_SHA256,TLS_RSA_WITH_AES_128_CBC_SHA256,TLS_RSA_WITH_AES_128_CBC_SHA,TLS_RSA_WITH_SEED_CBC_SHA,TLS_RSA_WITH_CAMELLIA_128_CBC_SHA,SSL_RSA_WITH_IDEA_CBC_SHA,TLS_RSA_WITH_IDEA_CBC_SHA,SSL_CK_IDEA_128_CBC_WITH_MD5,SSL2_IDEA_128_CBC_WITH_MD5,SSL2_RC2_CBC_128_CBC_WITH_MD5,TLS_PSK_WITH_AES_128_CBC_SHA,TLS_ECDHE_RSA_WITH_RC4_128_SHA,TLS_ECDHE_ECDSA_WITH_RC4_128_SHA,TLS_ECDH_anon_WITH_RC4_128_SHA,SSL_DH_anon_WITH_RC4_128_MD5,TLS_DH_anon_WITH_RC4_128_MD5,TLS_ECDH_RSA_WITH_RC4_128_SHA,TLS_ECDH_ECDSA_WITH_RC4_128_SHA,TLS_RSA_WITH_RC4_128_SHA,SSL_RSA_WITH_RC4_128_SHA,SSL_RSA_WITH_RC4_128_MD5,TLS_RSA_WITH_RC4_128_MD5,SSL_CK_RC4_128_WITH_MD5,TLS_PSK_WITH_RC4_128_SHA,SSL_DHE_RSA_WITH_DES_CBC_SHA,TLS_DHE_RSA_WITH_DES_CBC_SHA,SSL_DHE_DSS_WITH_DES_CBC_SHA,TLS_DHE_DSS_WITH_DES_CBC_SHA,SSL_DH_RSA_WITH_DES_CBC_SHA,TLS_DH_RSA_WITH_DES_CBC_SHA,SSL_DH_DSS_WITH_DES_CBC_SHA,TLS_DH_DSS_WITH_DES_CBC_SHA,TLS_DH_anon_WITH_DES_CBC_SHA,SSL_DH_anon_WITH_DES_CBC_SHA,SSL_RSA_WITH_DES_CBC_SHA,TLS_RSA_WITH_DES_CBC_SHA,SSL_CK_DES_64_CBC_WITH_MD5,SSL2_DES_64_CBC_WITH_MD5,SSL_DHE_RSA_EXPORT_WITH_DES40_CBC_SHA,TLS_DHE_RSA_EXPORT_WITH_DES40_CBC_SHA,SSL_DHE_DSS_EXPORT_WITH_DES40_CBC_SHA,TLS_DHE_DSS_EXPORT_WITH_DES40_CBC_SHA,SSL_DH_RSA_EXPORT_WITH_DES40_CBC_SHA,TLS_DH_RSA_EXPORT_WITH_DES40_CBC_SHA,SSL_DH_DSS_EXPORT_WITH_DES40_CBC_SHA,TLS_DH]_DSS_EXPORT_WITH_DES...&gt;
	at org.junit.Assert.assertEquals(Assert.java:115)
	at org.apache.tomcat.util.net.jsse.openssl.TestOpenSSLCipherConfigurationParser.testSpecification(TestOpenSSLCipherConfigurationParser.java:499)
	at org.apache.tomcat.util.net.jsse.openssl.TestOpenSSLCipherConfigurationParser.testALL(TestOpenSSLCipherConfigurationParser.java:49)
	at sun.reflect.NativeMethodAccessorImpl.invoke0(Native Method)
	at sun.reflect.NativeMethodAccessorImpl.invoke(NativeMethodAccessorImpl.java:62)
	at sun.reflect.DelegatingMethodAccessorImpl.invoke(DelegatingMethodAccessorImpl.java:43)
	at java.lang.reflect.Method.invoke(Method.java:483)
	at org.junit.runners.model.FrameworkMethod$1.runReflectiveCall(FrameworkMethod.java:50)
	at org.junit.internal.runners.model.ReflectiveCallable.run(ReflectiveCallable.java:12)
	at org.junit.runners.model.FrameworkMethod.invokeExplosively(FrameworkMethod.java:47)
	at org.junit.internal.runners.statements.InvokeMethod.evaluate(InvokeMethod.java:17)
	at org.junit.internal.runners.statements.RunBefores.evaluate(RunBefores.java:26)
	at org.junit.runners.ParentRunner.runLeaf(ParentRunner.java:325)
	at org.junit.runners.BlockJUnit4ClassRunner.runChild(BlockJUnit4ClassRunner.java:78)
	at org.junit.runners.BlockJUnit4ClassRunner.runChild(BlockJUnit4ClassRunner.java:57)
	at org.junit.runners.ParentRunner$3.run(ParentRunner.java:290)
	at org.junit.runners.ParentRunner$1.schedule(ParentRunner.java:71)
	at org.junit.runners.ParentRunner.runChildren(ParentRunner.java:288)
	at org.junit.runners.ParentRunner.access$000(ParentRunner.java:58)
	at org.junit.runners.ParentRunner$2.evaluate(ParentRunner.java:268)
	at org.junit.runners.ParentRunner.run(ParentRunner.java:363)
	at org.apache.maven.surefire.junit4.JUnit4TestSet.execute(JUnit4TestSet.java:53)
	at org.apache.maven.surefire.junit4.JUnit4Provider.executeTestSet(JUnit4Provider.java:123)
	at org.apache.maven.surefire.junit4.JUnit4Provider.invoke(JUnit4Provider.java:104)
	at sun.reflect.NativeMethodAccessorImpl.invoke0(Native Method)
	at sun.reflect.NativeMethodAccessorImpl.invoke(NativeMethodAccessorImpl.java:62)
	at sun.reflect.DelegatingMethodAccessorImpl.invoke(DelegatingMethodAccessorImpl.java:43)
	at java.lang.reflect.Method.invoke(Method.java:483)
	at org.apache.maven.surefire.util.ReflectionUtils.invokeMethodWithArray(ReflectionUtils.java:164)
	at org.apache.maven.surefire.booter.ProviderFactory$ProviderProxy.invoke(ProviderFactory.java:110)
	at org.apache.maven.surefire.booter.SurefireStarter.invokeProvider(SurefireStarter.java:175)
	at org.apache.maven.surefire.booter.SurefireStarter.runSuitesInProcessWhenForked(SurefireStarter.java:107)
	at org.apache.maven.surefire.booter.ForkedBooter.main(ForkedBooter.java:68)
</failure>
  </testcase>
  <testcase classname="org.apache.tomcat.util.net.jsse.openssl.TestOpenSSLCipherConfigurationParser" name="testDES" time="0.006">
    <failure message="Tested &apos;DES&apos;:  expected:&lt;...SS_WITH_DES_CBC_SHA,[TLS_DH_anon_WITH_DES_CBC_SHA,SSL_DH_anon_WITH_DES_CBC_SHA,SSL_RSA_WITH_DES_CBC_SHA,TLS_RSA_WITH_DES_CBC_SHA,SSL_CK_DES_64_CBC_WITH_MD5,SSL2_DES_64_CBC_WITH_MD5,SSL_DHE_RSA_EXPORT_WITH_DES40_CBC_SHA,TLS_DHE_RSA_EXPORT_WITH_DES40_CBC_SHA,SSL_DHE_DSS_EXPORT_WITH_DES40_CBC_SHA,TLS_DHE]_DSS_EXPORT_WITH_DES...&gt; but was:&lt;...SS_WITH_DES_CBC_SHA,[SSL_DH_RSA_WITH_DES_CBC_SHA,TLS_DH_RSA_WITH_DES_CBC_SHA,SSL_DH_DSS_WITH_DES_CBC_SHA,TLS_DH_DSS_WITH_DES_CBC_SHA,TLS_DH_anon_WITH_DES_CBC_SHA,SSL_DH_anon_WITH_DES_CBC_SHA,SSL_RSA_WITH_DES_CBC_SHA,TLS_RSA_WITH_DES_CBC_SHA,SSL_CK_DES_64_CBC_WITH_MD5,SSL2_DES_64_CBC_WITH_MD5,SSL_DHE_RSA_EXPORT_WITH_DES40_CBC_SHA,TLS_DHE_RSA_EXPORT_WITH_DES40_CBC_SHA,SSL_DHE_DSS_EXPORT_WITH_DES40_CBC_SHA,TLS_DHE_DSS_EXPORT_WITH_DES40_CBC_SHA,SSL_DH_RSA_EXPORT_WITH_DES40_CBC_SHA,TLS_DH_RSA_EXPORT_WITH_DES40_CBC_SHA,SSL_DH_DSS_EXPORT_WITH_DES40_CBC_SHA,TLS_DH]_DSS_EXPORT_WITH_DES...&gt;" type="org.junit.ComparisonFailure">org.junit.ComparisonFailure: Tested &apos;DES&apos;:  expected:&lt;...SS_WITH_DES_CBC_SHA,[TLS_DH_anon_WITH_DES_CBC_SHA,SSL_DH_anon_WITH_DES_CBC_SHA,SSL_RSA_WITH_DES_CBC_SHA,TLS_RSA_WITH_DES_CBC_SHA,SSL_CK_DES_64_CBC_WITH_MD5,SSL2_DES_64_CBC_WITH_MD5,SSL_DHE_RSA_EXPORT_WITH_DES40_CBC_SHA,TLS_DHE_RSA_EXPORT_WITH_DES40_CBC_SHA,SSL_DHE_DSS_EXPORT_WITH_DES40_CBC_SHA,TLS_DHE]_DSS_EXPORT_WITH_DES...&gt; but was:&lt;...SS_WITH_DES_CBC_SHA,[SSL_DH_RSA_WITH_DES_CBC_SHA,TLS_DH_RSA_WITH_DES_CBC_SHA,SSL_DH_DSS_WITH_DES_CBC_SHA,TLS_DH_DSS_WITH_DES_CBC_SHA,TLS_DH_anon_WITH_DES_CBC_SHA,SSL_DH_anon_WITH_DES_CBC_SHA,SSL_RSA_WITH_DES_CBC_SHA,TLS_RSA_WITH_DES_CBC_SHA,SSL_CK_DES_64_CBC_WITH_MD5,SSL2_DES_64_CBC_WITH_MD5,SSL_DHE_RSA_EXPORT_WITH_DES40_CBC_SHA,TLS_DHE_RSA_EXPORT_WITH_DES40_CBC_SHA,SSL_DHE_DSS_EXPORT_WITH_DES40_CBC_SHA,TLS_DHE_DSS_EXPORT_WITH_DES40_CBC_SHA,SSL_DH_RSA_EXPORT_WITH_DES40_CBC_SHA,TLS_DH_RSA_EXPORT_WITH_DES40_CBC_SHA,SSL_DH_DSS_EXPORT_WITH_DES40_CBC_SHA,TLS_DH]_DSS_EXPORT_WITH_DES...&gt;
	at org.junit.Assert.assertEquals(Assert.java:115)
	at org.apache.tomcat.util.net.jsse.openssl.TestOpenSSLCipherConfigurationParser.testSpecification(TestOpenSSLCipherConfigurationParser.java:499)
	at org.apache.tomcat.util.net.jsse.openssl.TestOpenSSLCipherConfigurationParser.testDES(TestOpenSSLCipherConfigurationParser.java:358)
	at sun.reflect.NativeMethodAccessorImpl.invoke0(Native Method)
	at sun.reflect.NativeMethodAccessorImpl.invoke(NativeMethodAccessorImpl.java:62)
	at sun.reflect.DelegatingMethodAccessorImpl.invoke(DelegatingMethodAccessorImpl.java:43)
	at java.lang.reflect.Method.invoke(Method.java:483)
	at org.junit.runners.model.FrameworkMethod$1.runReflectiveCall(FrameworkMethod.java:50)
	at org.junit.internal.runners.model.ReflectiveCallable.run(ReflectiveCallable.java:12)
	at org.junit.runners.model.FrameworkMethod.invokeExplosively(FrameworkMethod.java:47)
	at org.junit.internal.runners.statements.InvokeMethod.evaluate(InvokeMethod.java:17)
	at org.junit.internal.runners.statements.RunBefores.evaluate(RunBefores.java:26)
	at org.junit.runners.ParentRunner.runLeaf(ParentRunner.java:325)
	at org.junit.runners.BlockJUnit4ClassRunner.runChild(BlockJUnit4ClassRunner.java:78)
	at org.junit.runners.BlockJUnit4ClassRunner.runChild(BlockJUnit4ClassRunner.java:57)
	at org.junit.runners.ParentRunner$3.run(ParentRunner.java:290)
	at org.junit.runners.ParentRunner$1.schedule(ParentRunner.java:71)
	at org.junit.runners.ParentRunner.runChildren(ParentRunner.java:288)
	at org.junit.runners.ParentRunner.access$000(ParentRunner.java:58)
	at org.junit.runners.ParentRunner$2.evaluate(ParentRunner.java:268)
	at org.junit.runners.ParentRunner.run(ParentRunner.java:363)
	at org.apache.maven.surefire.junit4.JUnit4TestSet.execute(JUnit4TestSet.java:53)
	at org.apache.maven.surefire.junit4.JUnit4Provider.executeTestSet(JUnit4Provider.java:123)
	at org.apache.maven.surefire.junit4.JUnit4Provider.invoke(JUnit4Provider.java:104)
	at sun.reflect.NativeMethodAccessorImpl.invoke0(Native Method)
	at sun.reflect.NativeMethodAccessorImpl.invoke(NativeMethodAccessorImpl.java:62)
	at sun.reflect.DelegatingMethodAccessorImpl.invoke(DelegatingMethodAccessorImpl.java:43)
	at java.lang.reflect.Method.invoke(Method.java:483)
	at org.apache.maven.surefire.util.ReflectionUtils.invokeMethodWithArray(ReflectionUtils.java:164)
	at org.apache.maven.surefire.booter.ProviderFactory$ProviderProxy.invoke(ProviderFactory.java:110)
	at org.apache.maven.surefire.booter.SurefireStarter.invokeProvider(SurefireStarter.java:175)
	at org.apache.maven.surefire.booter.SurefireStarter.runSuitesInProcessWhenForked(SurefireStarter.java:107)
	at org.apache.maven.surefire.booter.ForkedBooter.main(ForkedBooter.java:68)
</failure>
  </testcase>
  <testcase classname="org.apache.tomcat.util.net.jsse.openssl.TestOpenSSLCipherConfigurationParser" name="testDHE" time="0.005">
    <failure message="Tested &apos;DHE&apos;:  expected:&lt;[]&gt; but was:&lt;[TLS_DHE_DSS_WITH_AES_256_GCM_SHA384,TLS_DHE_RSA_WITH_AES_256_GCM_SHA384,TLS_DHE_RSA_WITH_AES_256_CBC_SHA256,TLS_DHE_DSS_WITH_AES_256_CBC_SHA256,TLS_DHE_RSA_WITH_AES_256_CBC_SHA,TLS_DHE_DSS_WITH_AES_256_CBC_SHA,TLS_DHE_RSA_WITH_CAMELLIA_256_CBC_SHA,TLS_DHE_DSS_WITH_CAMELLIA_256_CBC_SHA,SSL_DHE_RSA_WITH_3DES_EDE_CBC_SHA,TLS_DHE_RSA_WITH_3DES_EDE_CBC_SHA,TLS_DHE_DSS_WITH_3DES_EDE_CBC_SHA,SSL_DHE_DSS_WITH_3DES_EDE_CBC_SHA,TLS_DHE_DSS_WITH_AES_128_GCM_SHA256,TLS_DHE_RSA_WITH_AES_128_GCM_SHA256,TLS_DHE_RSA_WITH_AES_128_CBC_SHA256,TLS_DHE_DSS_WITH_AES_128_CBC_SHA256,TLS_DHE_RSA_WITH_AES_128_CBC_SHA,TLS_DHE_DSS_WITH_AES_128_CBC_SHA,TLS_DHE_RSA_WITH_SEED_CBC_SHA,TLS_DHE_DSS_WITH_SEED_CBC_SHA,TLS_DHE_RSA_WITH_CAMELLIA_128_CBC_SHA,TLS_DHE_DSS_WITH_CAMELLIA_128_CBC_SHA,SSL_DHE_RSA_WITH_DES_CBC_SHA,TLS_DHE_RSA_WITH_DES_CBC_SHA,SSL_DHE_DSS_WITH_DES_CBC_SHA,TLS_DHE_DSS_WITH_DES_CBC_SHA,SSL_DHE_RSA_EXPORT_WITH_DES40_CBC_SHA,TLS_DHE_RSA_EXPORT_WITH_DES40_CBC_SHA,SSL_DHE_DSS_EXPORT_WITH_DES40_CBC_SHA,TLS_DHE_DSS_EXPORT_WITH_DES40_CBC_SHA,]&gt;" type="org.junit.ComparisonFailure">org.junit.ComparisonFailure: Tested &apos;DHE&apos;:  expected:&lt;[]&gt; but was:&lt;[TLS_DHE_DSS_WITH_AES_256_GCM_SHA384,TLS_DHE_RSA_WITH_AES_256_GCM_SHA384,TLS_DHE_RSA_WITH_AES_256_CBC_SHA256,TLS_DHE_DSS_WITH_AES_256_CBC_SHA256,TLS_DHE_RSA_WITH_AES_256_CBC_SHA,TLS_DHE_DSS_WITH_AES_256_CBC_SHA,TLS_DHE_RSA_WITH_CAMELLIA_256_CBC_SHA,TLS_DHE_DSS_WITH_CAMELLIA_256_CBC_SHA,SSL_DHE_RSA_WITH_3DES_EDE_CBC_SHA,TLS_DHE_RSA_WITH_3DES_EDE_CBC_SHA,TLS_DHE_DSS_WITH_3DES_EDE_CBC_SHA,SSL_DHE_DSS_WITH_3DES_EDE_CBC_SHA,TLS_DHE_DSS_WITH_AES_128_GCM_SHA256,TLS_DHE_RSA_WITH_AES_128_GCM_SHA256,TLS_DHE_RSA_WITH_AES_128_CBC_SHA256,TLS_DHE_DSS_WITH_AES_128_CBC_SHA256,TLS_DHE_RSA_WITH_AES_128_CBC_SHA,TLS_DHE_DSS_WITH_AES_128_CBC_SHA,TLS_DHE_RSA_WITH_SEED_CBC_SHA,TLS_DHE_DSS_WITH_SEED_CBC_SHA,TLS_DHE_RSA_WITH_CAMELLIA_128_CBC_SHA,TLS_DHE_DSS_WITH_CAMELLIA_128_CBC_SHA,SSL_DHE_RSA_WITH_DES_CBC_SHA,TLS_DHE_RSA_WITH_DES_CBC_SHA,SSL_DHE_DSS_WITH_DES_CBC_SHA,TLS_DHE_DSS_WITH_DES_CBC_SHA,SSL_DHE_RSA_EXPORT_WITH_DES40_CBC_SHA,TLS_DHE_RSA_EXPORT_WITH_DES40_CBC_SHA,SSL_DHE_DSS_EXPORT_WITH_DES40_CBC_SHA,TLS_DHE_DSS_EXPORT_WITH_DES40_CBC_SHA,]&gt;
	at org.junit.Assert.assertEquals(Assert.java:115)
	at org.apache.tomcat.util.net.jsse.openssl.TestOpenSSLCipherConfigurationParser.testSpecification(TestOpenSSLCipherConfigurationParser.java:499)
	at org.apache.tomcat.util.net.jsse.openssl.TestOpenSSLCipherConfigurationParser.testDHE(TestOpenSSLCipherConfigurationParser.java:139)
	at sun.reflect.NativeMethodAccessorImpl.invoke0(Native Method)
	at sun.reflect.NativeMethodAccessorImpl.invoke(NativeMethodAccessorImpl.java:62)
	at sun.reflect.DelegatingMethodAccessorImpl.invoke(DelegatingMethodAccessorImpl.java:43)
	at java.lang.reflect.Method.invoke(Method.java:483)
	at org.junit.runners.model.FrameworkMethod$1.runReflectiveCall(FrameworkMethod.java:50)
	at org.junit.internal.runners.model.ReflectiveCallable.run(ReflectiveCallable.java:12)
	at org.junit.runners.model.FrameworkMethod.invokeExplosively(FrameworkMethod.java:47)
	at org.junit.internal.runners.statements.InvokeMethod.evaluate(InvokeMethod.java:17)
	at org.junit.internal.runners.statements.RunBefores.evaluate(RunBefores.java:26)
	at org.junit.runners.ParentRunner.runLeaf(ParentRunner.java:325)
	at org.junit.runners.BlockJUnit4ClassRunner.runChild(BlockJUnit4ClassRunner.java:78)
	at org.junit.runners.BlockJUnit4ClassRunner.runChild(BlockJUnit4ClassRunner.java:57)
	at org.junit.runners.ParentRunner$3.run(ParentRunner.java:290)
	at org.junit.runners.ParentRunner$1.schedule(ParentRunner.java:71)
	at org.junit.runners.ParentRunner.runChildren(ParentRunner.java:288)
	at org.junit.runners.ParentRunner.access$000(ParentRunner.java:58)
	at org.junit.runners.ParentRunner$2.evaluate(ParentRunner.java:268)
	at org.junit.runners.ParentRunner.run(ParentRunner.java:363)
	at org.apache.maven.surefire.junit4.JUnit4TestSet.execute(JUnit4TestSet.java:53)
	at org.apache.maven.surefire.junit4.JUnit4Provider.executeTestSet(JUnit4Provider.java:123)
	at org.apache.maven.surefire.junit4.JUnit4Provider.invoke(JUnit4Provider.java:104)
	at sun.reflect.NativeMethodAccessorImpl.invoke0(Native Method)
	at sun.reflect.NativeMethodAccessorImpl.invoke(NativeMethodAccessorImpl.java:62)
	at sun.reflect.DelegatingMethodAccessorImpl.invoke(DelegatingMethodAccessorImpl.java:43)
	at java.lang.reflect.Method.invoke(Method.java:483)
	at org.apache.maven.surefire.util.ReflectionUtils.invokeMethodWithArray(ReflectionUtils.java:164)
	at org.apache.maven.surefire.booter.ProviderFactory$ProviderProxy.invoke(ProviderFactory.java:110)
	at org.apache.maven.surefire.booter.SurefireStarter.invokeProvider(SurefireStarter.java:175)
	at org.apache.maven.surefire.booter.SurefireStarter.runSuitesInProcessWhenForked(SurefireStarter.java:107)
	at org.apache.maven.surefire.booter.ForkedBooter.main(ForkedBooter.java:68)
</failure>
    <system-err>Error in cipher list
5282:error:1410D0B9:SSL routines:SSL_CTX_set_cipher_list:no cipher match:/SourceCache/OpenSSL098/OpenSSL098-52.10.1/src/ssl/ssl_lib.c:1223:

</system-err>
  </testcase>
  <testcase classname="org.apache.tomcat.util.net.jsse.openssl.TestOpenSSLCipherConfigurationParser" name="testEDH" time="0.006">
    <failure message="Tested &apos;EDH&apos;:  expected:&lt;[]&gt; but was:&lt;[TLS_DHE_DSS_WITH_AES_256_GCM_SHA384,TLS_DHE_RSA_WITH_AES_256_GCM_SHA384,TLS_DHE_RSA_WITH_AES_256_CBC_SHA256,TLS_DHE_DSS_WITH_AES_256_CBC_SHA256,TLS_DHE_RSA_WITH_AES_256_CBC_SHA,TLS_DHE_DSS_WITH_AES_256_CBC_SHA,TLS_DHE_RSA_WITH_CAMELLIA_256_CBC_SHA,TLS_DHE_DSS_WITH_CAMELLIA_256_CBC_SHA,SSL_DHE_RSA_WITH_3DES_EDE_CBC_SHA,TLS_DHE_RSA_WITH_3DES_EDE_CBC_SHA,TLS_DHE_DSS_WITH_3DES_EDE_CBC_SHA,SSL_DHE_DSS_WITH_3DES_EDE_CBC_SHA,TLS_DHE_DSS_WITH_AES_128_GCM_SHA256,TLS_DHE_RSA_WITH_AES_128_GCM_SHA256,TLS_DHE_RSA_WITH_AES_128_CBC_SHA256,TLS_DHE_DSS_WITH_AES_128_CBC_SHA256,TLS_DHE_RSA_WITH_AES_128_CBC_SHA,TLS_DHE_DSS_WITH_AES_128_CBC_SHA,TLS_DHE_RSA_WITH_SEED_CBC_SHA,TLS_DHE_DSS_WITH_SEED_CBC_SHA,TLS_DHE_RSA_WITH_CAMELLIA_128_CBC_SHA,TLS_DHE_DSS_WITH_CAMELLIA_128_CBC_SHA,SSL_DHE_RSA_WITH_DES_CBC_SHA,TLS_DHE_RSA_WITH_DES_CBC_SHA,SSL_DHE_DSS_WITH_DES_CBC_SHA,TLS_DHE_DSS_WITH_DES_CBC_SHA,SSL_DHE_RSA_EXPORT_WITH_DES40_CBC_SHA,TLS_DHE_RSA_EXPORT_WITH_DES40_CBC_SHA,SSL_DHE_DSS_EXPORT_WITH_DES40_CBC_SHA,TLS_DHE_DSS_EXPORT_WITH_DES40_CBC_SHA,]&gt;" type="org.junit.ComparisonFailure">org.junit.ComparisonFailure: Tested &apos;EDH&apos;:  expected:&lt;[]&gt; but was:&lt;[TLS_DHE_DSS_WITH_AES_256_GCM_SHA384,TLS_DHE_RSA_WITH_AES_256_GCM_SHA384,TLS_DHE_RSA_WITH_AES_256_CBC_SHA256,TLS_DHE_DSS_WITH_AES_256_CBC_SHA256,TLS_DHE_RSA_WITH_AES_256_CBC_SHA,TLS_DHE_DSS_WITH_AES_256_CBC_SHA,TLS_DHE_RSA_WITH_CAMELLIA_256_CBC_SHA,TLS_DHE_DSS_WITH_CAMELLIA_256_CBC_SHA,SSL_DHE_RSA_WITH_3DES_EDE_CBC_SHA,TLS_DHE_RSA_WITH_3DES_EDE_CBC_SHA,TLS_DHE_DSS_WITH_3DES_EDE_CBC_SHA,SSL_DHE_DSS_WITH_3DES_EDE_CBC_SHA,TLS_DHE_DSS_WITH_AES_128_GCM_SHA256,TLS_DHE_RSA_WITH_AES_128_GCM_SHA256,TLS_DHE_RSA_WITH_AES_128_CBC_SHA256,TLS_DHE_DSS_WITH_AES_128_CBC_SHA256,TLS_DHE_RSA_WITH_AES_128_CBC_SHA,TLS_DHE_DSS_WITH_AES_128_CBC_SHA,TLS_DHE_RSA_WITH_SEED_CBC_SHA,TLS_DHE_DSS_WITH_SEED_CBC_SHA,TLS_DHE_RSA_WITH_CAMELLIA_128_CBC_SHA,TLS_DHE_DSS_WITH_CAMELLIA_128_CBC_SHA,SSL_DHE_RSA_WITH_DES_CBC_SHA,TLS_DHE_RSA_WITH_DES_CBC_SHA,SSL_DHE_DSS_WITH_DES_CBC_SHA,TLS_DHE_DSS_WITH_DES_CBC_SHA,SSL_DHE_RSA_EXPORT_WITH_DES40_CBC_SHA,TLS_DHE_RSA_EXPORT_WITH_DES40_CBC_SHA,SSL_DHE_DSS_EXPORT_WITH_DES40_CBC_SHA,TLS_DHE_DSS_EXPORT_WITH_DES40_CBC_SHA,]&gt;
	at org.junit.Assert.assertEquals(Assert.java:115)
	at org.apache.tomcat.util.net.jsse.openssl.TestOpenSSLCipherConfigurationParser.testSpecification(TestOpenSSLCipherConfigurationParser.java:499)
	at org.apache.tomcat.util.net.jsse.openssl.TestOpenSSLCipherConfigurationParser.testEDH(TestOpenSSLCipherConfigurationParser.java:133)
	at sun.reflect.NativeMethodAccessorImpl.invoke0(Native Method)
	at sun.reflect.NativeMethodAccessorImpl.invoke(NativeMethodAccessorImpl.java:62)
	at sun.reflect.DelegatingMethodAccessorImpl.invoke(DelegatingMethodAccessorImpl.java:43)
	at java.lang.reflect.Method.invoke(Method.java:483)
	at org.junit.runners.model.FrameworkMethod$1.runReflectiveCall(FrameworkMethod.java:50)
	at org.junit.internal.runners.model.ReflectiveCallable.run(ReflectiveCallable.java:12)
	at org.junit.runners.model.FrameworkMethod.invokeExplosively(FrameworkMethod.java:47)
	at org.junit.internal.runners.statements.InvokeMethod.evaluate(InvokeMethod.java:17)
	at org.junit.internal.runners.statements.RunBefores.evaluate(RunBefores.java:26)
	at org.junit.runners.ParentRunner.runLeaf(ParentRunner.java:325)
	at org.junit.runners.BlockJUnit4ClassRunner.runChild(BlockJUnit4ClassRunner.java:78)
	at org.junit.runners.BlockJUnit4ClassRunner.runChild(BlockJUnit4ClassRunner.java:57)
	at org.junit.runners.ParentRunner$3.run(ParentRunner.java:290)
	at org.junit.runners.ParentRunner$1.schedule(ParentRunner.java:71)
	at org.junit.runners.ParentRunner.runChildren(ParentRunner.java:288)
	at org.junit.runners.ParentRunner.access$000(ParentRunner.java:58)
	at org.junit.runners.ParentRunner$2.evaluate(ParentRunner.java:268)
	at org.junit.runners.ParentRunner.run(ParentRunner.java:363)
	at org.apache.maven.surefire.junit4.JUnit4TestSet.execute(JUnit4TestSet.java:53)
	at org.apache.maven.surefire.junit4.JUnit4Provider.executeTestSet(JUnit4Provider.java:123)
	at org.apache.maven.surefire.junit4.JUnit4Provider.invoke(JUnit4Provider.java:104)
	at sun.reflect.NativeMethodAccessorImpl.invoke0(Native Method)
	at sun.reflect.NativeMethodAccessorImpl.invoke(NativeMethodAccessorImpl.java:62)
	at sun.reflect.DelegatingMethodAccessorImpl.invoke(DelegatingMethodAccessorImpl.java:43)
	at java.lang.reflect.Method.invoke(Method.java:483)
	at org.apache.maven.surefire.util.ReflectionUtils.invokeMethodWithArray(ReflectionUtils.java:164)
	at org.apache.maven.surefire.booter.ProviderFactory$ProviderProxy.invoke(ProviderFactory.java:110)
	at org.apache.maven.surefire.booter.SurefireStarter.invokeProvider(SurefireStarter.java:175)
	at org.apache.maven.surefire.booter.SurefireStarter.runSuitesInProcessWhenForked(SurefireStarter.java:107)
	at org.apache.maven.surefire.booter.ForkedBooter.main(ForkedBooter.java:68)
</failure>
    <system-err>Error in cipher list
5283:error:1410D0B9:SSL routines:SSL_CTX_set_cipher_list:no cipher match:/SourceCache/OpenSSL098/OpenSSL098-52.10.1/src/ssl/ssl_lib.c:1223:

</system-err>
  </testcase>
  <testcase classname="org.apache.tomcat.util.net.jsse.openssl.TestOpenSSLCipherConfigurationParser" name="testFZA" time="0.006"/>
  <testcase classname="org.apache.tomcat.util.net.jsse.openssl.TestOpenSSLCipherConfigurationParser" name="testLOW" time="0.005">
    <failure message="Tested &apos;LOW&apos;:  expected:&lt;...SS_WITH_DES_CBC_SHA,[]TLS_DH_anon_WITH_DES...&gt; but was:&lt;...SS_WITH_DES_CBC_SHA,[SSL_DH_RSA_WITH_DES_CBC_SHA,TLS_DH_RSA_WITH_DES_CBC_SHA,SSL_DH_DSS_WITH_DES_CBC_SHA,TLS_DH_DSS_WITH_DES_CBC_SHA,]TLS_DH_anon_WITH_DES...&gt;" type="org.junit.ComparisonFailure">org.junit.ComparisonFailure: Tested &apos;LOW&apos;:  expected:&lt;...SS_WITH_DES_CBC_SHA,[]TLS_DH_anon_WITH_DES...&gt; but was:&lt;...SS_WITH_DES_CBC_SHA,[SSL_DH_RSA_WITH_DES_CBC_SHA,TLS_DH_RSA_WITH_DES_CBC_SHA,SSL_DH_DSS_WITH_DES_CBC_SHA,TLS_DH_DSS_WITH_DES_CBC_SHA,]TLS_DH_anon_WITH_DES...&gt;
	at org.junit.Assert.assertEquals(Assert.java:115)
	at org.apache.tomcat.util.net.jsse.openssl.TestOpenSSLCipherConfigurationParser.testSpecification(TestOpenSSLCipherConfigurationParser.java:499)
	at org.apache.tomcat.util.net.jsse.openssl.TestOpenSSLCipherConfigurationParser.testLOW(TestOpenSSLCipherConfigurationParser.java:85)
	at sun.reflect.NativeMethodAccessorImpl.invoke0(Native Method)
	at sun.reflect.NativeMethodAccessorImpl.invoke(NativeMethodAccessorImpl.java:62)
	at sun.reflect.DelegatingMethodAccessorImpl.invoke(DelegatingMethodAccessorImpl.java:43)
	at java.lang.reflect.Method.invoke(Method.java:483)
	at org.junit.runners.model.FrameworkMethod$1.runReflectiveCall(FrameworkMethod.java:50)
	at org.junit.internal.runners.model.ReflectiveCallable.run(ReflectiveCallable.java:12)
	at org.junit.runners.model.FrameworkMethod.invokeExplosively(FrameworkMethod.java:47)
	at org.junit.internal.runners.statements.InvokeMethod.evaluate(InvokeMethod.java:17)
	at org.junit.internal.runners.statements.RunBefores.evaluate(RunBefores.java:26)
	at org.junit.runners.ParentRunner.runLeaf(ParentRunner.java:325)
	at org.junit.runners.BlockJUnit4ClassRunner.runChild(BlockJUnit4ClassRunner.java:78)
	at org.junit.runners.BlockJUnit4ClassRunner.runChild(BlockJUnit4ClassRunner.java:57)
	at org.junit.runners.ParentRunner$3.run(ParentRunner.java:290)
	at org.junit.runners.ParentRunner$1.schedule(ParentRunner.java:71)
	at org.junit.runners.ParentRunner.runChildren(ParentRunner.java:288)
	at org.junit.runners.ParentRunner.access$000(ParentRunner.java:58)
	at org.junit.runners.ParentRunner$2.evaluate(ParentRunner.java:268)
	at org.junit.runners.ParentRunner.run(ParentRunner.java:363)
	at org.apache.maven.surefire.junit4.JUnit4TestSet.execute(JUnit4TestSet.java:53)
	at org.apache.maven.surefire.junit4.JUnit4Provider.executeTestSet(JUnit4Provider.java:123)
	at org.apache.maven.surefire.junit4.JUnit4Provider.invoke(JUnit4Provider.java:104)
	at sun.reflect.NativeMethodAccessorImpl.invoke0(Native Method)
	at sun.reflect.NativeMethodAccessorImpl.invoke(NativeMethodAccessorImpl.java:62)
	at sun.reflect.DelegatingMethodAccessorImpl.invoke(DelegatingMethodAccessorImpl.java:43)
	at java.lang.reflect.Method.invoke(Method.java:483)
	at org.apache.maven.surefire.util.ReflectionUtils.invokeMethodWithArray(ReflectionUtils.java:164)
	at org.apache.maven.surefire.booter.ProviderFactory$ProviderProxy.invoke(ProviderFactory.java:110)
	at org.apache.maven.surefire.booter.SurefireStarter.invokeProvider(SurefireStarter.java:175)
	at org.apache.maven.surefire.booter.SurefireStarter.runSuitesInProcessWhenForked(SurefireStarter.java:107)
	at org.apache.maven.surefire.booter.ForkedBooter.main(ForkedBooter.java:68)
</failure>
  </testcase>
  <testcase classname="org.apache.tomcat.util.net.jsse.openssl.TestOpenSSLCipherConfigurationParser" name="testMD5" time="0.015">
    <failure message="Tested &apos;MD5&apos;:  expected:&lt;...DE3_CBC_WITH_MD5,SSL[]2_RC2_CBC_128_CBC_WI...&gt; but was:&lt;...DE3_CBC_WITH_MD5,SSL[_CK_IDEA_128_CBC_WITH_MD5,SSL2_IDEA_128_CBC_WITH_MD5,SSL]2_RC2_CBC_128_CBC_WI...&gt;" type="org.junit.ComparisonFailure">org.junit.ComparisonFailure: Tested &apos;MD5&apos;:  expected:&lt;...DE3_CBC_WITH_MD5,SSL[]2_RC2_CBC_128_CBC_WI...&gt; but was:&lt;...DE3_CBC_WITH_MD5,SSL[_CK_IDEA_128_CBC_WITH_MD5,SSL2_IDEA_128_CBC_WITH_MD5,SSL]2_RC2_CBC_128_CBC_WI...&gt;
	at org.junit.Assert.assertEquals(Assert.java:115)
	at org.apache.tomcat.util.net.jsse.openssl.TestOpenSSLCipherConfigurationParser.testSpecification(TestOpenSSLCipherConfigurationParser.java:499)
	at org.apache.tomcat.util.net.jsse.openssl.TestOpenSSLCipherConfigurationParser.testMD5(TestOpenSSLCipherConfigurationParser.java:388)
	at sun.reflect.NativeMethodAccessorImpl.invoke0(Native Method)
	at sun.reflect.NativeMethodAccessorImpl.invoke(NativeMethodAccessorImpl.java:62)
	at sun.reflect.DelegatingMethodAccessorImpl.invoke(DelegatingMethodAccessorImpl.java:43)
	at java.lang.reflect.Method.invoke(Method.java:483)
	at org.junit.runners.model.FrameworkMethod$1.runReflectiveCall(FrameworkMethod.java:50)
	at org.junit.internal.runners.model.ReflectiveCallable.run(ReflectiveCallable.java:12)
	at org.junit.runners.model.FrameworkMethod.invokeExplosively(FrameworkMethod.java:47)
	at org.junit.internal.runners.statements.InvokeMethod.evaluate(InvokeMethod.java:17)
	at org.junit.internal.runners.statements.RunBefores.evaluate(RunBefores.java:26)
	at org.junit.runners.ParentRunner.runLeaf(ParentRunner.java:325)
	at org.junit.runners.BlockJUnit4ClassRunner.runChild(BlockJUnit4ClassRunner.java:78)
	at org.junit.runners.BlockJUnit4ClassRunner.runChild(BlockJUnit4ClassRunner.java:57)
	at org.junit.runners.ParentRunner$3.run(ParentRunner.java:290)
	at org.junit.runners.ParentRunner$1.schedule(ParentRunner.java:71)
	at org.junit.runners.ParentRunner.runChildren(ParentRunner.java:288)
	at org.junit.runners.ParentRunner.access$000(ParentRunner.java:58)
	at org.junit.runners.ParentRunner$2.evaluate(ParentRunner.java:268)
	at org.junit.runners.ParentRunner.run(ParentRunner.java:363)
	at org.apache.maven.surefire.junit4.JUnit4TestSet.execute(JUnit4TestSet.java:53)
	at org.apache.maven.surefire.junit4.JUnit4Provider.executeTestSet(JUnit4Provider.java:123)
	at org.apache.maven.surefire.junit4.JUnit4Provider.invoke(JUnit4Provider.java:104)
	at sun.reflect.NativeMethodAccessorImpl.invoke0(Native Method)
	at sun.reflect.NativeMethodAccessorImpl.invoke(NativeMethodAccessorImpl.java:62)
	at sun.reflect.DelegatingMethodAccessorImpl.invoke(DelegatingMethodAccessorImpl.java:43)
	at java.lang.reflect.Method.invoke(Method.java:483)
	at org.apache.maven.surefire.util.ReflectionUtils.invokeMethodWithArray(ReflectionUtils.java:164)
	at org.apache.maven.surefire.booter.ProviderFactory$ProviderProxy.invoke(ProviderFactory.java:110)
	at org.apache.maven.surefire.booter.SurefireStarter.invokeProvider(SurefireStarter.java:175)
	at org.apache.maven.surefire.booter.SurefireStarter.runSuitesInProcessWhenForked(SurefireStarter.java:107)
	at org.apache.maven.surefire.booter.ForkedBooter.main(ForkedBooter.java:68)
</failure>
  </testcase>
  <testcase classname="org.apache.tomcat.util.net.jsse.openssl.TestOpenSSLCipherConfigurationParser" name="testPSK" time="0.005">
    <failure message="Tested &apos;PSK&apos;:  expected:&lt;[]&gt; but was:&lt;[TLS_PSK_WITH_AES_256_CBC_SHA,TLS_PSK_WITH_3DES_EDE_CBC_SHA,TLS_PSK_WITH_AES_128_CBC_SHA,TLS_PSK_WITH_RC4_128_SHA,]&gt;" type="org.junit.ComparisonFailure">org.junit.ComparisonFailure: Tested &apos;PSK&apos;:  expected:&lt;[]&gt; but was:&lt;[TLS_PSK_WITH_AES_256_CBC_SHA,TLS_PSK_WITH_3DES_EDE_CBC_SHA,TLS_PSK_WITH_AES_128_CBC_SHA,TLS_PSK_WITH_RC4_128_SHA,]&gt;
	at org.junit.Assert.assertEquals(Assert.java:115)
	at org.apache.tomcat.util.net.jsse.openssl.TestOpenSSLCipherConfigurationParser.testSpecification(TestOpenSSLCipherConfigurationParser.java:499)
	at org.apache.tomcat.util.net.jsse.openssl.TestOpenSSLCipherConfigurationParser.testPSK(TestOpenSSLCipherConfigurationParser.java:460)
	at sun.reflect.NativeMethodAccessorImpl.invoke0(Native Method)
	at sun.reflect.NativeMethodAccessorImpl.invoke(NativeMethodAccessorImpl.java:62)
	at sun.reflect.DelegatingMethodAccessorImpl.invoke(DelegatingMethodAccessorImpl.java:43)
	at java.lang.reflect.Method.invoke(Method.java:483)
	at org.junit.runners.model.FrameworkMethod$1.runReflectiveCall(FrameworkMethod.java:50)
	at org.junit.internal.runners.model.ReflectiveCallable.run(ReflectiveCallable.java:12)
	at org.junit.runners.model.FrameworkMethod.invokeExplosively(FrameworkMethod.java:47)
	at org.junit.internal.runners.statements.InvokeMethod.evaluate(InvokeMethod.java:17)
	at org.junit.internal.runners.statements.RunBefores.evaluate(RunBefores.java:26)
	at org.junit.runners.ParentRunner.runLeaf(ParentRunner.java:325)
	at org.junit.runners.BlockJUnit4ClassRunner.runChild(BlockJUnit4ClassRunner.java:78)
	at org.junit.runners.BlockJUnit4ClassRunner.runChild(BlockJUnit4ClassRunner.java:57)
	at org.junit.runners.ParentRunner$3.run(ParentRunner.java:290)
	at org.junit.runners.ParentRunner$1.schedule(ParentRunner.java:71)
	at org.junit.runners.ParentRunner.runChildren(ParentRunner.java:288)
	at org.junit.runners.ParentRunner.access$000(ParentRunner.java:58)
	at org.junit.runners.ParentRunner$2.evaluate(ParentRunner.java:268)
	at org.junit.runners.ParentRunner.run(ParentRunner.java:363)
	at org.apache.maven.surefire.junit4.JUnit4TestSet.execute(JUnit4TestSet.java:53)
	at org.apache.maven.surefire.junit4.JUnit4Provider.executeTestSet(JUnit4Provider.java:123)
	at org.apache.maven.surefire.junit4.JUnit4Provider.invoke(JUnit4Provider.java:104)
	at sun.reflect.NativeMethodAccessorImpl.invoke0(Native Method)
	at sun.reflect.NativeMethodAccessorImpl.invoke(NativeMethodAccessorImpl.java:62)
	at sun.reflect.DelegatingMethodAccessorImpl.invoke(DelegatingMethodAccessorImpl.java:43)
	at java.lang.reflect.Method.invoke(Method.java:483)
	at org.apache.maven.surefire.util.ReflectionUtils.invokeMethodWithArray(ReflectionUtils.java:164)
	at org.apache.maven.surefire.booter.ProviderFactory$ProviderProxy.invoke(ProviderFactory.java:110)
	at org.apache.maven.surefire.booter.SurefireStarter.invokeProvider(SurefireStarter.java:175)
	at org.apache.maven.surefire.booter.SurefireStarter.runSuitesInProcessWhenForked(SurefireStarter.java:107)
	at org.apache.maven.surefire.booter.ForkedBooter.main(ForkedBooter.java:68)
</failure>
    <system-err>Error in cipher list
5287:error:1410D0B9:SSL routines:SSL_CTX_set_cipher_list:no cipher match:/SourceCache/OpenSSL098/OpenSSL098-52.10.1/src/ssl/ssl_lib.c:1223:

</system-err>
  </testcase>
  <testcase classname="org.apache.tomcat.util.net.jsse.openssl.TestOpenSSLCipherConfigurationParser" name="testRC2" time="0.005"/>
  <testcase classname="org.apache.tomcat.util.net.jsse.openssl.TestOpenSSLCipherConfigurationParser" name="testRC4" time="0.006">
    <failure message="Tested &apos;RC4&apos;:  expected:&lt;[SSL_DH_anon_WITH_RC4_128_MD5,TLS_DH_anon_WITH_RC4_128_MD5,TLS_RSA_WITH_RC4_128_SHA,SSL_RSA_WITH_RC4_128_SHA,SSL_RSA_WITH_RC4_128_MD5,TLS_RSA_WITH_RC4_128_MD5,SSL_CK_RC4_128_WITH_MD5],SSL_DH_anon_EXPORT_...&gt; but was:&lt;[TLS_ECDHE_RSA_WITH_RC4_128_SHA,TLS_ECDHE_ECDSA_WITH_RC4_128_SHA,TLS_ECDH_anon_WITH_RC4_128_SHA,SSL_DH_anon_WITH_RC4_128_MD5,TLS_DH_anon_WITH_RC4_128_MD5,TLS_ECDH_RSA_WITH_RC4_128_SHA,TLS_ECDH_ECDSA_WITH_RC4_128_SHA,TLS_RSA_WITH_RC4_128_SHA,SSL_RSA_WITH_RC4_128_SHA,SSL_RSA_WITH_RC4_128_MD5,TLS_RSA_WITH_RC4_128_MD5,SSL_CK_RC4_128_WITH_MD5,TLS_PSK_WITH_RC4_128_SHA],SSL_DH_anon_EXPORT_...&gt;" type="org.junit.ComparisonFailure">org.junit.ComparisonFailure: Tested &apos;RC4&apos;:  expected:&lt;[SSL_DH_anon_WITH_RC4_128_MD5,TLS_DH_anon_WITH_RC4_128_MD5,TLS_RSA_WITH_RC4_128_SHA,SSL_RSA_WITH_RC4_128_SHA,SSL_RSA_WITH_RC4_128_MD5,TLS_RSA_WITH_RC4_128_MD5,SSL_CK_RC4_128_WITH_MD5],SSL_DH_anon_EXPORT_...&gt; but was:&lt;[TLS_ECDHE_RSA_WITH_RC4_128_SHA,TLS_ECDHE_ECDSA_WITH_RC4_128_SHA,TLS_ECDH_anon_WITH_RC4_128_SHA,SSL_DH_anon_WITH_RC4_128_MD5,TLS_DH_anon_WITH_RC4_128_MD5,TLS_ECDH_RSA_WITH_RC4_128_SHA,TLS_ECDH_ECDSA_WITH_RC4_128_SHA,TLS_RSA_WITH_RC4_128_SHA,SSL_RSA_WITH_RC4_128_SHA,SSL_RSA_WITH_RC4_128_MD5,TLS_RSA_WITH_RC4_128_MD5,SSL_CK_RC4_128_WITH_MD5,TLS_PSK_WITH_RC4_128_SHA],SSL_DH_anon_EXPORT_...&gt;
	at org.junit.Assert.assertEquals(Assert.java:115)
	at org.apache.tomcat.util.net.jsse.openssl.TestOpenSSLCipherConfigurationParser.testSpecification(TestOpenSSLCipherConfigurationParser.java:499)
	at org.apache.tomcat.util.net.jsse.openssl.TestOpenSSLCipherConfigurationParser.testRC4(TestOpenSSLCipherConfigurationParser.java:364)
	at sun.reflect.NativeMethodAccessorImpl.invoke0(Native Method)
	at sun.reflect.NativeMethodAccessorImpl.invoke(NativeMethodAccessorImpl.java:62)
	at sun.reflect.DelegatingMethodAccessorImpl.invoke(DelegatingMethodAccessorImpl.java:43)
	at java.lang.reflect.Method.invoke(Method.java:483)
	at org.junit.runners.model.FrameworkMethod$1.runReflectiveCall(FrameworkMethod.java:50)
	at org.junit.internal.runners.model.ReflectiveCallable.run(ReflectiveCallable.java:12)
	at org.junit.runners.model.FrameworkMethod.invokeExplosively(FrameworkMethod.java:47)
	at org.junit.internal.runners.statements.InvokeMethod.evaluate(InvokeMethod.java:17)
	at org.junit.internal.runners.statements.RunBefores.evaluate(RunBefores.java:26)
	at org.junit.runners.ParentRunner.runLeaf(ParentRunner.java:325)
	at org.junit.runners.BlockJUnit4ClassRunner.runChild(BlockJUnit4ClassRunner.java:78)
	at org.junit.runners.BlockJUnit4ClassRunner.runChild(BlockJUnit4ClassRunner.java:57)
	at org.junit.runners.ParentRunner$3.run(ParentRunner.java:290)
	at org.junit.runners.ParentRunner$1.schedule(ParentRunner.java:71)
	at org.junit.runners.ParentRunner.runChildren(ParentRunner.java:288)
	at org.junit.runners.ParentRunner.access$000(ParentRunner.java:58)
	at org.junit.runners.ParentRunner$2.evaluate(ParentRunner.java:268)
	at org.junit.runners.ParentRunner.run(ParentRunner.java:363)
	at org.apache.maven.surefire.junit4.JUnit4TestSet.execute(JUnit4TestSet.java:53)
	at org.apache.maven.surefire.junit4.JUnit4Provider.executeTestSet(JUnit4Provider.java:123)
	at org.apache.maven.surefire.junit4.JUnit4Provider.invoke(JUnit4Provider.java:104)
	at sun.reflect.NativeMethodAccessorImpl.invoke0(Native Method)
	at sun.reflect.NativeMethodAccessorImpl.invoke(NativeMethodAccessorImpl.java:62)
	at sun.reflect.DelegatingMethodAccessorImpl.invoke(DelegatingMethodAccessorImpl.java:43)
	at java.lang.reflect.Method.invoke(Method.java:483)
	at org.apache.maven.surefire.util.ReflectionUtils.invokeMethodWithArray(ReflectionUtils.java:164)
	at org.apache.maven.surefire.booter.ProviderFactory$ProviderProxy.invoke(ProviderFactory.java:110)
	at org.apache.maven.surefire.booter.SurefireStarter.invokeProvider(SurefireStarter.java:175)
	at org.apache.maven.surefire.booter.SurefireStarter.runSuitesInProcessWhenForked(SurefireStarter.java:107)
	at org.apache.maven.surefire.booter.ForkedBooter.main(ForkedBooter.java:68)
</failure>
  </testcase>
  <testcase classname="org.apache.tomcat.util.net.jsse.openssl.TestOpenSSLCipherConfigurationParser" name="testRSA" time="0.006">
    <failure message="Tested &apos;RSA&apos;:  expected:&lt;...LS_RSA_WITH_AES_256_[CBC_SHA,TLS_RSA_WITH_3DES_EDE_CBC_SHA,SSL_RSA_WITH_3DES_EDE_CBC_SHA,SSL2_DES_192_EDE3_CBC_WITH_MD5,SSL_CK_DES_192_EDE3_CBC_WITH_MD5,TLS_RSA_WITH_AES_128_CBC_SHA,TLS_RSA_WITH_SEED_CBC_SHA,SSL2_RC2_CBC_128_CBC_WITH_MD5,TLS_RSA_WITH_RC4_128_SHA,SSL_RSA_WITH_RC4_128_SHA,SSL_RSA_WITH_RC4_128_MD5,TLS_RSA_WITH_RC4_128_MD5,SSL_CK_RC4_128_WITH_MD5,SSL_RSA_WITH_DES_CBC_SHA,TLS_RSA_WITH_DES_CBC_SHA,SSL_CK_DES_64_CBC_WITH_MD5,SSL2_DES_64_CBC_WITH_MD5,TLS_RSA_EXPORT_WITH_DES40_CBC_SHA,SSL_RSA_EXPORT_WITH_DES40_CBC_SHA,SSL_RSA_EXPORT_WITH_RC2_CBC_40_MD5,TLS_RSA_EXPORT_WITH_RC2_CBC_40_MD5,SSL_CK_RC2_128_CBC_EXPORT40_WITH_MD5,TLS_RSA_EXPORT_WITH_RC4_40_MD5,SSL_RSA_EXPORT_WITH_RC4_40_MD5,SSL2_RC4_128_EXPORT40_WITH_MD5,SSL_RC4_128_EXPORT40_WITH_MD5],SSL_RSA_WITH_NULL_S...&gt; but was:&lt;...LS_RSA_WITH_AES_256_[GCM_SHA384,TLS_RSA_WITH_AES_256_CBC_SHA256,TLS_RSA_WITH_AES_256_CBC_SHA,TLS_RSA_WITH_CAMELLIA_256_CBC_SHA,TLS_RSA_WITH_3DES_EDE_CBC_SHA,SSL_RSA_WITH_3DES_EDE_CBC_SHA,SSL2_DES_192_EDE3_CBC_WITH_MD5,SSL_CK_DES_192_EDE3_CBC_WITH_MD5,TLS_RSA_WITH_AES_128_GCM_SHA256,TLS_RSA_WITH_AES_128_CBC_SHA256,TLS_RSA_WITH_AES_128_CBC_SHA,TLS_RSA_WITH_SEED_CBC_SHA,TLS_RSA_WITH_CAMELLIA_128_CBC_SHA,SSL_RSA_WITH_IDEA_CBC_SHA,TLS_RSA_WITH_IDEA_CBC_SHA,SSL_CK_IDEA_128_CBC_WITH_MD5,SSL2_IDEA_128_CBC_WITH_MD5,SSL2_RC2_CBC_128_CBC_WITH_MD5,TLS_RSA_WITH_RC4_128_SHA,SSL_RSA_WITH_RC4_128_SHA,SSL_RSA_WITH_RC4_128_MD5,TLS_RSA_WITH_RC4_128_MD5,SSL_CK_RC4_128_WITH_MD5,SSL_RSA_WITH_DES_CBC_SHA,TLS_RSA_WITH_DES_CBC_SHA,SSL_CK_DES_64_CBC_WITH_MD5,SSL2_DES_64_CBC_WITH_MD5,TLS_RSA_EXPORT_WITH_DES40_CBC_SHA,SSL_RSA_EXPORT_WITH_DES40_CBC_SHA,SSL_RSA_EXPORT_WITH_RC2_CBC_40_MD5,TLS_RSA_EXPORT_WITH_RC2_CBC_40_MD5,SSL_CK_RC2_128_CBC_EXPORT40_WITH_MD5,TLS_RSA_EXPORT_WITH_RC4_40_MD5,SSL_RSA_EXPORT_WITH_RC4_40_MD5,SSL2_RC4_128_EXPORT40_WITH_MD5,SSL_RC4_128_EXPORT40_WITH_MD5,TLS_RSA_WITH_NULL_SHA256],SSL_RSA_WITH_NULL_S...&gt;" type="org.junit.ComparisonFailure">org.junit.ComparisonFailure: Tested &apos;RSA&apos;:  expected:&lt;...LS_RSA_WITH_AES_256_[CBC_SHA,TLS_RSA_WITH_3DES_EDE_CBC_SHA,SSL_RSA_WITH_3DES_EDE_CBC_SHA,SSL2_DES_192_EDE3_CBC_WITH_MD5,SSL_CK_DES_192_EDE3_CBC_WITH_MD5,TLS_RSA_WITH_AES_128_CBC_SHA,TLS_RSA_WITH_SEED_CBC_SHA,SSL2_RC2_CBC_128_CBC_WITH_MD5,TLS_RSA_WITH_RC4_128_SHA,SSL_RSA_WITH_RC4_128_SHA,SSL_RSA_WITH_RC4_128_MD5,TLS_RSA_WITH_RC4_128_MD5,SSL_CK_RC4_128_WITH_MD5,SSL_RSA_WITH_DES_CBC_SHA,TLS_RSA_WITH_DES_CBC_SHA,SSL_CK_DES_64_CBC_WITH_MD5,SSL2_DES_64_CBC_WITH_MD5,TLS_RSA_EXPORT_WITH_DES40_CBC_SHA,SSL_RSA_EXPORT_WITH_DES40_CBC_SHA,SSL_RSA_EXPORT_WITH_RC2_CBC_40_MD5,TLS_RSA_EXPORT_WITH_RC2_CBC_40_MD5,SSL_CK_RC2_128_CBC_EXPORT40_WITH_MD5,TLS_RSA_EXPORT_WITH_RC4_40_MD5,SSL_RSA_EXPORT_WITH_RC4_40_MD5,SSL2_RC4_128_EXPORT40_WITH_MD5,SSL_RC4_128_EXPORT40_WITH_MD5],SSL_RSA_WITH_NULL_S...&gt; but was:&lt;...LS_RSA_WITH_AES_256_[GCM_SHA384,TLS_RSA_WITH_AES_256_CBC_SHA256,TLS_RSA_WITH_AES_256_CBC_SHA,TLS_RSA_WITH_CAMELLIA_256_CBC_SHA,TLS_RSA_WITH_3DES_EDE_CBC_SHA,SSL_RSA_WITH_3DES_EDE_CBC_SHA,SSL2_DES_192_EDE3_CBC_WITH_MD5,SSL_CK_DES_192_EDE3_CBC_WITH_MD5,TLS_RSA_WITH_AES_128_GCM_SHA256,TLS_RSA_WITH_AES_128_CBC_SHA256,TLS_RSA_WITH_AES_128_CBC_SHA,TLS_RSA_WITH_SEED_CBC_SHA,TLS_RSA_WITH_CAMELLIA_128_CBC_SHA,SSL_RSA_WITH_IDEA_CBC_SHA,TLS_RSA_WITH_IDEA_CBC_SHA,SSL_CK_IDEA_128_CBC_WITH_MD5,SSL2_IDEA_128_CBC_WITH_MD5,SSL2_RC2_CBC_128_CBC_WITH_MD5,TLS_RSA_WITH_RC4_128_SHA,SSL_RSA_WITH_RC4_128_SHA,SSL_RSA_WITH_RC4_128_MD5,TLS_RSA_WITH_RC4_128_MD5,SSL_CK_RC4_128_WITH_MD5,SSL_RSA_WITH_DES_CBC_SHA,TLS_RSA_WITH_DES_CBC_SHA,SSL_CK_DES_64_CBC_WITH_MD5,SSL2_DES_64_CBC_WITH_MD5,TLS_RSA_EXPORT_WITH_DES40_CBC_SHA,SSL_RSA_EXPORT_WITH_DES40_CBC_SHA,SSL_RSA_EXPORT_WITH_RC2_CBC_40_MD5,TLS_RSA_EXPORT_WITH_RC2_CBC_40_MD5,SSL_CK_RC2_128_CBC_EXPORT40_WITH_MD5,TLS_RSA_EXPORT_WITH_RC4_40_MD5,SSL_RSA_EXPORT_WITH_RC4_40_MD5,SSL2_RC4_128_EXPORT40_WITH_MD5,SSL_RC4_128_EXPORT40_WITH_MD5,TLS_RSA_WITH_NULL_SHA256],SSL_RSA_WITH_NULL_S...&gt;
	at org.junit.Assert.assertEquals(Assert.java:115)
	at org.apache.tomcat.util.net.jsse.openssl.TestOpenSSLCipherConfigurationParser.testSpecification(TestOpenSSLCipherConfigurationParser.java:499)
	at org.apache.tomcat.util.net.jsse.openssl.TestOpenSSLCipherConfigurationParser.testRSA(TestOpenSSLCipherConfigurationParser.java:103)
	at sun.reflect.NativeMethodAccessorImpl.invoke0(Native Method)
	at sun.reflect.NativeMethodAccessorImpl.invoke(NativeMethodAccessorImpl.java:62)
	at sun.reflect.DelegatingMethodAccessorImpl.invoke(DelegatingMethodAccessorImpl.java:43)
	at java.lang.reflect.Method.invoke(Method.java:483)
	at org.junit.runners.model.FrameworkMethod$1.runReflectiveCall(FrameworkMethod.java:50)
	at org.junit.internal.runners.model.ReflectiveCallable.run(ReflectiveCallable.java:12)
	at org.junit.runners.model.FrameworkMethod.invokeExplosively(FrameworkMethod.java:47)
	at org.junit.internal.runners.statements.InvokeMethod.evaluate(InvokeMethod.java:17)
	at org.junit.internal.runners.statements.RunBefores.evaluate(RunBefores.java:26)
	at org.junit.runners.ParentRunner.runLeaf(ParentRunner.java:325)
	at org.junit.runners.BlockJUnit4ClassRunner.runChild(BlockJUnit4ClassRunner.java:78)
	at org.junit.runners.BlockJUnit4ClassRunner.runChild(BlockJUnit4ClassRunner.java:57)
	at org.junit.runners.ParentRunner$3.run(ParentRunner.java:290)
	at org.junit.runners.ParentRunner$1.schedule(ParentRunner.java:71)
	at org.junit.runners.ParentRunner.runChildren(ParentRunner.java:288)
	at org.junit.runners.ParentRunner.access$000(ParentRunner.java:58)
	at org.junit.runners.ParentRunner$2.evaluate(ParentRunner.java:268)
	at org.junit.runners.ParentRunner.run(ParentRunner.java:363)
	at org.apache.maven.surefire.junit4.JUnit4TestSet.execute(JUnit4TestSet.java:53)
	at org.apache.maven.surefire.junit4.JUnit4Provider.executeTestSet(JUnit4Provider.java:123)
	at org.apache.maven.surefire.junit4.JUnit4Provider.invoke(JUnit4Provider.java:104)
	at sun.reflect.NativeMethodAccessorImpl.invoke0(Native Method)
	at sun.reflect.NativeMethodAccessorImpl.invoke(NativeMethodAccessorImpl.java:62)
	at sun.reflect.DelegatingMethodAccessorImpl.invoke(DelegatingMethodAccessorImpl.java:43)
	at java.lang.reflect.Method.invoke(Method.java:483)
	at org.apache.maven.surefire.util.ReflectionUtils.invokeMethodWithArray(ReflectionUtils.java:164)
	at org.apache.maven.surefire.booter.ProviderFactory$ProviderProxy.invoke(ProviderFactory.java:110)
	at org.apache.maven.surefire.booter.SurefireStarter.invokeProvider(SurefireStarter.java:175)
	at org.apache.maven.surefire.booter.SurefireStarter.runSuitesInProcessWhenForked(SurefireStarter.java:107)
	at org.apache.maven.surefire.booter.ForkedBooter.main(ForkedBooter.java:68)
</failure>
  </testcase>
  <testcase classname="org.apache.tomcat.util.net.jsse.openssl.TestOpenSSLCipherConfigurationParser" name="testSHA" time="0.013">
    <failure message="Tested &apos;SHA&apos;:  expected:&lt;TLS_[DHE_RSA_WITH_AES_256_CBC_SHA,TLS_DHE_DSS_WITH_AES_256_CBC_SHA,TLS_DH_anon_WITH_AES_256_CBC_SHA,TLS_RSA_WITH_AES_256_CBC_SHA,SSL_DHE_RSA_WITH_3DES_EDE_CBC_SHA,TLS_DHE_RSA_WITH_3DES_EDE_CBC_SHA,TLS_DHE_DSS_WITH_3DES_EDE_CBC_SHA,SSL_DHE_DSS_WITH_3DES_EDE_CBC_SHA,TLS_DH_anon_WITH_3DES_EDE_CBC_SHA,SSL_DH_anon_WITH_3DES_EDE_CBC_SHA,TLS_RSA_WITH_3DES_EDE_CBC_SHA,SSL_RSA_WITH_3DES_EDE_CBC_SHA,TLS_DHE_RSA_WITH_AES_128_CBC_SHA,TLS_DHE_DSS_WITH_AES_128_CBC_SHA,TLS_DHE_RSA_WITH_SEED_CBC_SHA,TLS_DHE_DSS_WITH_SEED_CBC_SHA,TLS_DH_anon_WITH_AES_128_CBC_SHA,TLS_DH_anon_WITH_SEED_CBC_SHA,TLS_RSA_WITH_AES_128_CBC_SHA,TLS_RSA_WITH_SEED_CBC_SHA,TLS_RSA_WITH_RC4_128_SHA,SSL_RSA_WITH_RC4_128_SHA,SSL_DHE_RSA_WITH_DES_CBC_SHA,TLS_DHE_RSA_WITH_DES_CBC_SHA,SSL_DHE_DSS_WITH_DES_CBC_SHA,TLS_DHE_DSS_WITH_DES_CBC_SHA,TLS_DH_anon_WITH_DES_CBC_SHA,SSL_DH_anon_WITH_DES_CBC_SHA,SSL_RSA_WITH_DES_CBC_SHA,TLS_RSA_WITH_DES_CBC_SHA,SSL_DHE_RSA_EXPORT_WITH_DES40_CBC_SHA,TLS_DHE_RSA_EXPORT_WITH_DES40_CBC_SHA,SSL_DHE_DSS_EXPORT_WITH_DES40_CBC_SHA,TLS_DHE_DSS_EXPORT_WITH_DES40_CBC_SHA,TLS_DH_anon_EXPORT_WITH_DES40_CBC_SHA,SSL_DH_anon_EXPORT_WITH_DES40_CBC_SHA,TLS_RSA_EXPORT_WITH_DES40_CBC_SHA,SSL_RSA_EXPORT_WITH_DES40_CBC]_SHA,SSL_RSA_WITH_NU...&gt; but was:&lt;TLS_[ECDHE_RSA_WITH_AES_256_CBC_SHA,TLS_ECDHE_ECDSA_WITH_AES_256_CBC_SHA,TLS_SRP_SHA_DSS_WITH_AES_256_CBC_SHA,TLS_SRP_SHA_RSA_WITH_AES_256_CBC_SHA,TLS_SRP_SHA_WITH_AES_256_CBC_SHA,TLS_DHE_RSA_WITH_AES_256_CBC_SHA,TLS_DHE_DSS_WITH_AES_256_CBC_SHA,TLS_DH_RSA_WITH_AES_256_CBC_SHA,TLS_DH_DSS_WITH_AES_256_CBC_SHA,TLS_DHE_RSA_WITH_CAMELLIA_256_CBC_SHA,TLS_DHE_DSS_WITH_CAMELLIA_256_CBC_SHA,TLS_DH_RSA_WITH_CAMELLIA_256_CBC_SHA,TLS_DH_DSS_WITH_CAMELLIA_256_CBC_SHA,TLS_ECDH_anon_WITH_AES_256_CBC_SHA,TLS_DH_anon_WITH_AES_256_CBC_SHA,TLS_DH_anon_WITH_CAMELLIA_256_CBC_SHA,TLS_ECDH_RSA_WITH_AES_256_CBC_SHA,TLS_ECDH_ECDSA_WITH_AES_256_CBC_SHA,TLS_RSA_WITH_AES_256_CBC_SHA,TLS_RSA_WITH_CAMELLIA_256_CBC_SHA,TLS_PSK_WITH_AES_256_CBC_SHA,TLS_ECDHE_RSA_WITH_3DES_EDE_CBC_SHA,TLS_ECDHE_ECDSA_WITH_3DES_EDE_CBC_SHA,TLS_SRP_SHA_DSS_WITH_3DES_EDE_CBC_SHA,TLS_SRP_SHA_RSA_WITH_3DES_EDE_CBC_SHA,TLS_SRP_SHA_WITH_3DES_EDE_CBC_SHA,SSL_DHE_RSA_WITH_3DES_EDE_CBC_SHA,TLS_DHE_RSA_WITH_3DES_EDE_CBC_SHA,TLS_DHE_DSS_WITH_3DES_EDE_CBC_SHA,SSL_DHE_DSS_WITH_3DES_EDE_CBC_SHA,TLS_DH_RSA_WITH_3DES_EDE_CBC_SHA,SSL_DH_RSA_WITH_3DES_EDE_CBC_SHA,TLS_DH_DSS_WITH_3DES_EDE_CBC_SHA,SSL_DH_DSS_WITH_3DES_EDE_CBC_SHA,TLS_ECDH_anon_WITH_3DES_EDE_CBC_SHA,TLS_DH_anon_WITH_3DES_EDE_CBC_SHA,SSL_DH_anon_WITH_3DES_EDE_CBC_SHA,TLS_ECDH_RSA_WITH_3DES_EDE_CBC_SHA,TLS_ECDH_ECDSA_WITH_3DES_EDE_CBC_SHA,TLS_RSA_WITH_3DES_EDE_CBC_SHA,SSL_RSA_WITH_3DES_EDE_CBC_SHA,TLS_PSK_WITH_3DES_EDE_CBC_SHA,TLS_ECDHE_RSA_WITH_AES_128_CBC_SHA,TLS_ECDHE_ECDSA_WITH_AES_128_CBC_SHA,TLS_SRP_SHA_DSS_WITH_AES_128_CBC_SHA,TLS_SRP_SHA_RSA_WITH_AES_128_CBC_SHA,TLS_SRP_SHA_WITH_AES_128_CBC_SHA,TLS_DHE_RSA_WITH_AES_128_CBC_SHA,TLS_DHE_DSS_WITH_AES_128_CBC_SHA,TLS_DH_RSA_WITH_AES_128_CBC_SHA,TLS_DH_DSS_WITH_AES_128_CBC_SHA,TLS_DHE_RSA_WITH_SEED_CBC_SHA,TLS_DHE_DSS_WITH_SEED_CBC_SHA,TLS_DH_RSA_WITH_SEED_CBC_SHA,TLS_DH_DSS_WITH_SEED_CBC_SHA,TLS_DHE_RSA_WITH_CAMELLIA_128_CBC_SHA,TLS_DHE_DSS_WITH_CAMELLIA_128_CBC_SHA,TLS_DH_RSA_WITH_CAMELLIA_128_CBC_SHA,TLS_DH_DSS_WITH_CAMELLIA_128_CBC_SHA,TLS_ECDH_anon_WITH_AES_128_CBC_SHA,TLS_DH_anon_WITH_AES_128_CBC_SHA,TLS_DH_anon_WITH_SEED_CBC_SHA,TLS_DH_anon_WITH_CAMELLIA_128_CBC_SHA,TLS_ECDH_RSA_WITH_AES_128_CBC_SHA,TLS_ECDH_ECDSA_WITH_AES_128_CBC_SHA,TLS_RSA_WITH_AES_128_CBC_SHA,TLS_RSA_WITH_SEED_CBC_SHA,TLS_RSA_WITH_CAMELLIA_128_CBC_SHA,SSL_RSA_WITH_IDEA_CBC_SHA,TLS_RSA_WITH_IDEA_CBC_SHA,TLS_PSK_WITH_AES_128_CBC_SHA,TLS_ECDHE_RSA_WITH_RC4_128_SHA,TLS_ECDHE_ECDSA_WITH_RC4_128_SHA,TLS_ECDH_anon_WITH_RC4_128_SHA,TLS_ECDH_RSA_WITH_RC4_128_SHA,TLS_ECDH_ECDSA_WITH_RC4_128_SHA,TLS_RSA_WITH_RC4_128_SHA,SSL_RSA_WITH_RC4_128_SHA,TLS_PSK_WITH_RC4_128_SHA,SSL_DHE_RSA_WITH_DES_CBC_SHA,TLS_DHE_RSA_WITH_DES_CBC_SHA,SSL_DHE_DSS_WITH_DES_CBC_SHA,TLS_DHE_DSS_WITH_DES_CBC_SHA,SSL_DH_RSA_WITH_DES_CBC_SHA,TLS_DH_RSA_WITH_DES_CBC_SHA,SSL_DH_DSS_WITH_DES_CBC_SHA,TLS_DH_DSS_WITH_DES_CBC_SHA,TLS_DH_anon_WITH_DES_CBC_SHA,SSL_DH_anon_WITH_DES_CBC_SHA,SSL_RSA_WITH_DES_CBC_SHA,TLS_RSA_WITH_DES_CBC_SHA,SSL_DHE_RSA_EXPORT_WITH_DES40_CBC_SHA,TLS_DHE_RSA_EXPORT_WITH_DES40_CBC_SHA,SSL_DHE_DSS_EXPORT_WITH_DES40_CBC_SHA,TLS_DHE_DSS_EXPORT_WITH_DES40_CBC_SHA,SSL_DH_RSA_EXPORT_WITH_DES40_CBC_SHA,TLS_DH_RSA_EXPORT_WITH_DES40_CBC_SHA,SSL_DH_DSS_EXPORT_WITH_DES40_CBC_SHA,TLS_DH_DSS_EXPORT_WITH_DES40_CBC_SHA,TLS_DH_anon_EXPORT_WITH_DES40_CBC_SHA,SSL_DH_anon_EXPORT_WITH_DES40_CBC_SHA,TLS_RSA_EXPORT_WITH_DES40_CBC_SHA,SSL_RSA_EXPORT_WITH_DES40_CBC_SHA,TLS_ECDHE_RSA_WITH_NULL_SHA,TLS_ECDHE_ECDSA_WITH_NULL_SHA,TLS_ECDH_anon_WITH_NULL_SHA,TLS_ECDH_RSA_WITH_NULL_SHA,TLS_ECDH_ECDSA_WITH_NULL]_SHA,SSL_RSA_WITH_NU...&gt;" type="org.junit.ComparisonFailure">org.junit.ComparisonFailure: Tested &apos;SHA&apos;:  expected:&lt;TLS_[DHE_RSA_WITH_AES_256_CBC_SHA,TLS_DHE_DSS_WITH_AES_256_CBC_SHA,TLS_DH_anon_WITH_AES_256_CBC_SHA,TLS_RSA_WITH_AES_256_CBC_SHA,SSL_DHE_RSA_WITH_3DES_EDE_CBC_SHA,TLS_DHE_RSA_WITH_3DES_EDE_CBC_SHA,TLS_DHE_DSS_WITH_3DES_EDE_CBC_SHA,SSL_DHE_DSS_WITH_3DES_EDE_CBC_SHA,TLS_DH_anon_WITH_3DES_EDE_CBC_SHA,SSL_DH_anon_WITH_3DES_EDE_CBC_SHA,TLS_RSA_WITH_3DES_EDE_CBC_SHA,SSL_RSA_WITH_3DES_EDE_CBC_SHA,TLS_DHE_RSA_WITH_AES_128_CBC_SHA,TLS_DHE_DSS_WITH_AES_128_CBC_SHA,TLS_DHE_RSA_WITH_SEED_CBC_SHA,TLS_DHE_DSS_WITH_SEED_CBC_SHA,TLS_DH_anon_WITH_AES_128_CBC_SHA,TLS_DH_anon_WITH_SEED_CBC_SHA,TLS_RSA_WITH_AES_128_CBC_SHA,TLS_RSA_WITH_SEED_CBC_SHA,TLS_RSA_WITH_RC4_128_SHA,SSL_RSA_WITH_RC4_128_SHA,SSL_DHE_RSA_WITH_DES_CBC_SHA,TLS_DHE_RSA_WITH_DES_CBC_SHA,SSL_DHE_DSS_WITH_DES_CBC_SHA,TLS_DHE_DSS_WITH_DES_CBC_SHA,TLS_DH_anon_WITH_DES_CBC_SHA,SSL_DH_anon_WITH_DES_CBC_SHA,SSL_RSA_WITH_DES_CBC_SHA,TLS_RSA_WITH_DES_CBC_SHA,SSL_DHE_RSA_EXPORT_WITH_DES40_CBC_SHA,TLS_DHE_RSA_EXPORT_WITH_DES40_CBC_SHA,SSL_DHE_DSS_EXPORT_WITH_DES40_CBC_SHA,TLS_DHE_DSS_EXPORT_WITH_DES40_CBC_SHA,TLS_DH_anon_EXPORT_WITH_DES40_CBC_SHA,SSL_DH_anon_EXPORT_WITH_DES40_CBC_SHA,TLS_RSA_EXPORT_WITH_DES40_CBC_SHA,SSL_RSA_EXPORT_WITH_DES40_CBC]_SHA,SSL_RSA_WITH_NU...&gt; but was:&lt;TLS_[ECDHE_RSA_WITH_AES_256_CBC_SHA,TLS_ECDHE_ECDSA_WITH_AES_256_CBC_SHA,TLS_SRP_SHA_DSS_WITH_AES_256_CBC_SHA,TLS_SRP_SHA_RSA_WITH_AES_256_CBC_SHA,TLS_SRP_SHA_WITH_AES_256_CBC_SHA,TLS_DHE_RSA_WITH_AES_256_CBC_SHA,TLS_DHE_DSS_WITH_AES_256_CBC_SHA,TLS_DH_RSA_WITH_AES_256_CBC_SHA,TLS_DH_DSS_WITH_AES_256_CBC_SHA,TLS_DHE_RSA_WITH_CAMELLIA_256_CBC_SHA,TLS_DHE_DSS_WITH_CAMELLIA_256_CBC_SHA,TLS_DH_RSA_WITH_CAMELLIA_256_CBC_SHA,TLS_DH_DSS_WITH_CAMELLIA_256_CBC_SHA,TLS_ECDH_anon_WITH_AES_256_CBC_SHA,TLS_DH_anon_WITH_AES_256_CBC_SHA,TLS_DH_anon_WITH_CAMELLIA_256_CBC_SHA,TLS_ECDH_RSA_WITH_AES_256_CBC_SHA,TLS_ECDH_ECDSA_WITH_AES_256_CBC_SHA,TLS_RSA_WITH_AES_256_CBC_SHA,TLS_RSA_WITH_CAMELLIA_256_CBC_SHA,TLS_PSK_WITH_AES_256_CBC_SHA,TLS_ECDHE_RSA_WITH_3DES_EDE_CBC_SHA,TLS_ECDHE_ECDSA_WITH_3DES_EDE_CBC_SHA,TLS_SRP_SHA_DSS_WITH_3DES_EDE_CBC_SHA,TLS_SRP_SHA_RSA_WITH_3DES_EDE_CBC_SHA,TLS_SRP_SHA_WITH_3DES_EDE_CBC_SHA,SSL_DHE_RSA_WITH_3DES_EDE_CBC_SHA,TLS_DHE_RSA_WITH_3DES_EDE_CBC_SHA,TLS_DHE_DSS_WITH_3DES_EDE_CBC_SHA,SSL_DHE_DSS_WITH_3DES_EDE_CBC_SHA,TLS_DH_RSA_WITH_3DES_EDE_CBC_SHA,SSL_DH_RSA_WITH_3DES_EDE_CBC_SHA,TLS_DH_DSS_WITH_3DES_EDE_CBC_SHA,SSL_DH_DSS_WITH_3DES_EDE_CBC_SHA,TLS_ECDH_anon_WITH_3DES_EDE_CBC_SHA,TLS_DH_anon_WITH_3DES_EDE_CBC_SHA,SSL_DH_anon_WITH_3DES_EDE_CBC_SHA,TLS_ECDH_RSA_WITH_3DES_EDE_CBC_SHA,TLS_ECDH_ECDSA_WITH_3DES_EDE_CBC_SHA,TLS_RSA_WITH_3DES_EDE_CBC_SHA,SSL_RSA_WITH_3DES_EDE_CBC_SHA,TLS_PSK_WITH_3DES_EDE_CBC_SHA,TLS_ECDHE_RSA_WITH_AES_128_CBC_SHA,TLS_ECDHE_ECDSA_WITH_AES_128_CBC_SHA,TLS_SRP_SHA_DSS_WITH_AES_128_CBC_SHA,TLS_SRP_SHA_RSA_WITH_AES_128_CBC_SHA,TLS_SRP_SHA_WITH_AES_128_CBC_SHA,TLS_DHE_RSA_WITH_AES_128_CBC_SHA,TLS_DHE_DSS_WITH_AES_128_CBC_SHA,TLS_DH_RSA_WITH_AES_128_CBC_SHA,TLS_DH_DSS_WITH_AES_128_CBC_SHA,TLS_DHE_RSA_WITH_SEED_CBC_SHA,TLS_DHE_DSS_WITH_SEED_CBC_SHA,TLS_DH_RSA_WITH_SEED_CBC_SHA,TLS_DH_DSS_WITH_SEED_CBC_SHA,TLS_DHE_RSA_WITH_CAMELLIA_128_CBC_SHA,TLS_DHE_DSS_WITH_CAMELLIA_128_CBC_SHA,TLS_DH_RSA_WITH_CAMELLIA_128_CBC_SHA,TLS_DH_DSS_WITH_CAMELLIA_128_CBC_SHA,TLS_ECDH_anon_WITH_AES_128_CBC_SHA,TLS_DH_anon_WITH_AES_128_CBC_SHA,TLS_DH_anon_WITH_SEED_CBC_SHA,TLS_DH_anon_WITH_CAMELLIA_128_CBC_SHA,TLS_ECDH_RSA_WITH_AES_128_CBC_SHA,TLS_ECDH_ECDSA_WITH_AES_128_CBC_SHA,TLS_RSA_WITH_AES_128_CBC_SHA,TLS_RSA_WITH_SEED_CBC_SHA,TLS_RSA_WITH_CAMELLIA_128_CBC_SHA,SSL_RSA_WITH_IDEA_CBC_SHA,TLS_RSA_WITH_IDEA_CBC_SHA,TLS_PSK_WITH_AES_128_CBC_SHA,TLS_ECDHE_RSA_WITH_RC4_128_SHA,TLS_ECDHE_ECDSA_WITH_RC4_128_SHA,TLS_ECDH_anon_WITH_RC4_128_SHA,TLS_ECDH_RSA_WITH_RC4_128_SHA,TLS_ECDH_ECDSA_WITH_RC4_128_SHA,TLS_RSA_WITH_RC4_128_SHA,SSL_RSA_WITH_RC4_128_SHA,TLS_PSK_WITH_RC4_128_SHA,SSL_DHE_RSA_WITH_DES_CBC_SHA,TLS_DHE_RSA_WITH_DES_CBC_SHA,SSL_DHE_DSS_WITH_DES_CBC_SHA,TLS_DHE_DSS_WITH_DES_CBC_SHA,SSL_DH_RSA_WITH_DES_CBC_SHA,TLS_DH_RSA_WITH_DES_CBC_SHA,SSL_DH_DSS_WITH_DES_CBC_SHA,TLS_DH_DSS_WITH_DES_CBC_SHA,TLS_DH_anon_WITH_DES_CBC_SHA,SSL_DH_anon_WITH_DES_CBC_SHA,SSL_RSA_WITH_DES_CBC_SHA,TLS_RSA_WITH_DES_CBC_SHA,SSL_DHE_RSA_EXPORT_WITH_DES40_CBC_SHA,TLS_DHE_RSA_EXPORT_WITH_DES40_CBC_SHA,SSL_DHE_DSS_EXPORT_WITH_DES40_CBC_SHA,TLS_DHE_DSS_EXPORT_WITH_DES40_CBC_SHA,SSL_DH_RSA_EXPORT_WITH_DES40_CBC_SHA,TLS_DH_RSA_EXPORT_WITH_DES40_CBC_SHA,SSL_DH_DSS_EXPORT_WITH_DES40_CBC_SHA,TLS_DH_DSS_EXPORT_WITH_DES40_CBC_SHA,TLS_DH_anon_EXPORT_WITH_DES40_CBC_SHA,SSL_DH_anon_EXPORT_WITH_DES40_CBC_SHA,TLS_RSA_EXPORT_WITH_DES40_CBC_SHA,SSL_RSA_EXPORT_WITH_DES40_CBC_SHA,TLS_ECDHE_RSA_WITH_NULL_SHA,TLS_ECDHE_ECDSA_WITH_NULL_SHA,TLS_ECDH_anon_WITH_NULL_SHA,TLS_ECDH_RSA_WITH_NULL_SHA,TLS_ECDH_ECDSA_WITH_NULL]_SHA,SSL_RSA_WITH_NU...&gt;
	at org.junit.Assert.assertEquals(Assert.java:115)
	at org.apache.tomcat.util.net.jsse.openssl.TestOpenSSLCipherConfigurationParser.testSpecification(TestOpenSSLCipherConfigurationParser.java:499)
	at org.apache.tomcat.util.net.jsse.openssl.TestOpenSSLCipherConfigurationParser.testSHA(TestOpenSSLCipherConfigurationParser.java:400)
	at sun.reflect.NativeMethodAccessorImpl.invoke0(Native Method)
	at sun.reflect.NativeMethodAccessorImpl.invoke(NativeMethodAccessorImpl.java:62)
	at sun.reflect.DelegatingMethodAccessorImpl.invoke(DelegatingMethodAccessorImpl.java:43)
	at java.lang.reflect.Method.invoke(Method.java:483)
	at org.junit.runners.model.FrameworkMethod$1.runReflectiveCall(FrameworkMethod.java:50)
	at org.junit.internal.runners.model.ReflectiveCallable.run(ReflectiveCallable.java:12)
	at org.junit.runners.model.FrameworkMethod.invokeExplosively(FrameworkMethod.java:47)
	at org.junit.internal.runners.statements.InvokeMethod.evaluate(InvokeMethod.java:17)
	at org.junit.internal.runners.statements.RunBefores.evaluate(RunBefores.java:26)
	at org.junit.runners.ParentRunner.runLeaf(ParentRunner.java:325)
	at org.junit.runners.BlockJUnit4ClassRunner.runChild(BlockJUnit4ClassRunner.java:78)
	at org.junit.runners.BlockJUnit4ClassRunner.runChild(BlockJUnit4ClassRunner.java:57)
	at org.junit.runners.ParentRunner$3.run(ParentRunner.java:290)
	at org.junit.runners.ParentRunner$1.schedule(ParentRunner.java:71)
	at org.junit.runners.ParentRunner.runChildren(ParentRunner.java:288)
	at org.junit.runners.ParentRunner.access$000(ParentRunner.java:58)
	at org.junit.runners.ParentRunner$2.evaluate(ParentRunner.java:268)
	at org.junit.runners.ParentRunner.run(ParentRunner.java:363)
	at org.apache.maven.surefire.junit4.JUnit4TestSet.execute(JUnit4TestSet.java:53)
	at org.apache.maven.surefire.junit4.JUnit4Provider.executeTestSet(JUnit4Provider.java:123)
	at org.apache.maven.surefire.junit4.JUnit4Provider.invoke(JUnit4Provider.java:104)
	at sun.reflect.NativeMethodAccessorImpl.invoke0(Native Method)
	at sun.reflect.NativeMethodAccessorImpl.invoke(NativeMethodAccessorImpl.java:62)
	at sun.reflect.DelegatingMethodAccessorImpl.invoke(DelegatingMethodAccessorImpl.java:43)
	at java.lang.reflect.Method.invoke(Method.java:483)
	at org.apache.maven.surefire.util.ReflectionUtils.invokeMethodWithArray(ReflectionUtils.java:164)
	at org.apache.maven.surefire.booter.ProviderFactory$ProviderProxy.invoke(ProviderFactory.java:110)
	at org.apache.maven.surefire.booter.SurefireStarter.invokeProvider(SurefireStarter.java:175)
	at org.apache.maven.surefire.booter.SurefireStarter.runSuitesInProcessWhenForked(SurefireStarter.java:107)
	at org.apache.maven.surefire.booter.ForkedBooter.main(ForkedBooter.java:68)
</failure>
  </testcase>
  <testcase classname="org.apache.tomcat.util.net.jsse.openssl.TestOpenSSLCipherConfigurationParser" name="testaDH" time="0.005">
    <failure message="Tested &apos;aDH&apos;:  expected:&lt;[]&gt; but was:&lt;[TLS_DH_DSS_WITH_AES_256_GCM_SHA384,TLS_DH_RSA_WITH_AES_256_GCM_SHA384,TLS_DH_RSA_WITH_AES_256_CBC_SHA256,TLS_DH_DSS_WITH_AES_256_CBC_SHA256,TLS_DH_RSA_WITH_AES_256_CBC_SHA,TLS_DH_DSS_WITH_AES_256_CBC_SHA,TLS_DH_RSA_WITH_CAMELLIA_256_CBC_SHA,TLS_DH_DSS_WITH_CAMELLIA_256_CBC_SHA,TLS_DH_RSA_WITH_3DES_EDE_CBC_SHA,SSL_DH_RSA_WITH_3DES_EDE_CBC_SHA,TLS_DH_DSS_WITH_3DES_EDE_CBC_SHA,SSL_DH_DSS_WITH_3DES_EDE_CBC_SHA,TLS_DH_DSS_WITH_AES_128_GCM_SHA256,TLS_DH_RSA_WITH_AES_128_GCM_SHA256,TLS_DH_RSA_WITH_AES_128_CBC_SHA256,TLS_DH_DSS_WITH_AES_128_CBC_SHA256,TLS_DH_RSA_WITH_AES_128_CBC_SHA,TLS_DH_DSS_WITH_AES_128_CBC_SHA,TLS_DH_RSA_WITH_SEED_CBC_SHA,TLS_DH_DSS_WITH_SEED_CBC_SHA,TLS_DH_RSA_WITH_CAMELLIA_128_CBC_SHA,TLS_DH_DSS_WITH_CAMELLIA_128_CBC_SHA,SSL_DH_RSA_WITH_DES_CBC_SHA,TLS_DH_RSA_WITH_DES_CBC_SHA,SSL_DH_DSS_WITH_DES_CBC_SHA,TLS_DH_DSS_WITH_DES_CBC_SHA,SSL_DH_RSA_EXPORT_WITH_DES40_CBC_SHA,TLS_DH_RSA_EXPORT_WITH_DES40_CBC_SHA,SSL_DH_DSS_EXPORT_WITH_DES40_CBC_SHA,TLS_DH_DSS_EXPORT_WITH_DES40_CBC_SHA,]&gt;" type="org.junit.ComparisonFailure">org.junit.ComparisonFailure: Tested &apos;aDH&apos;:  expected:&lt;[]&gt; but was:&lt;[TLS_DH_DSS_WITH_AES_256_GCM_SHA384,TLS_DH_RSA_WITH_AES_256_GCM_SHA384,TLS_DH_RSA_WITH_AES_256_CBC_SHA256,TLS_DH_DSS_WITH_AES_256_CBC_SHA256,TLS_DH_RSA_WITH_AES_256_CBC_SHA,TLS_DH_DSS_WITH_AES_256_CBC_SHA,TLS_DH_RSA_WITH_CAMELLIA_256_CBC_SHA,TLS_DH_DSS_WITH_CAMELLIA_256_CBC_SHA,TLS_DH_RSA_WITH_3DES_EDE_CBC_SHA,SSL_DH_RSA_WITH_3DES_EDE_CBC_SHA,TLS_DH_DSS_WITH_3DES_EDE_CBC_SHA,SSL_DH_DSS_WITH_3DES_EDE_CBC_SHA,TLS_DH_DSS_WITH_AES_128_GCM_SHA256,TLS_DH_RSA_WITH_AES_128_GCM_SHA256,TLS_DH_RSA_WITH_AES_128_CBC_SHA256,TLS_DH_DSS_WITH_AES_128_CBC_SHA256,TLS_DH_RSA_WITH_AES_128_CBC_SHA,TLS_DH_DSS_WITH_AES_128_CBC_SHA,TLS_DH_RSA_WITH_SEED_CBC_SHA,TLS_DH_DSS_WITH_SEED_CBC_SHA,TLS_DH_RSA_WITH_CAMELLIA_128_CBC_SHA,TLS_DH_DSS_WITH_CAMELLIA_128_CBC_SHA,SSL_DH_RSA_WITH_DES_CBC_SHA,TLS_DH_RSA_WITH_DES_CBC_SHA,SSL_DH_DSS_WITH_DES_CBC_SHA,TLS_DH_DSS_WITH_DES_CBC_SHA,SSL_DH_RSA_EXPORT_WITH_DES40_CBC_SHA,TLS_DH_RSA_EXPORT_WITH_DES40_CBC_SHA,SSL_DH_DSS_EXPORT_WITH_DES40_CBC_SHA,TLS_DH_DSS_EXPORT_WITH_DES40_CBC_SHA,]&gt;
	at org.junit.Assert.assertEquals(Assert.java:115)
	at org.apache.tomcat.util.net.jsse.openssl.TestOpenSSLCipherConfigurationParser.testSpecification(TestOpenSSLCipherConfigurationParser.java:499)
	at org.apache.tomcat.util.net.jsse.openssl.TestOpenSSLCipherConfigurationParser.testaDH(TestOpenSSLCipherConfigurationParser.java:226)
	at sun.reflect.NativeMethodAccessorImpl.invoke0(Native Method)
	at sun.reflect.NativeMethodAccessorImpl.invoke(NativeMethodAccessorImpl.java:62)
	at sun.reflect.DelegatingMethodAccessorImpl.invoke(DelegatingMethodAccessorImpl.java:43)
	at java.lang.reflect.Method.invoke(Method.java:483)
	at org.junit.runners.model.FrameworkMethod$1.runReflectiveCall(FrameworkMethod.java:50)
	at org.junit.internal.runners.model.ReflectiveCallable.run(ReflectiveCallable.java:12)
	at org.junit.runners.model.FrameworkMethod.invokeExplosively(FrameworkMethod.java:47)
	at org.junit.internal.runners.statements.InvokeMethod.evaluate(InvokeMethod.java:17)
	at org.junit.internal.runners.statements.RunBefores.evaluate(RunBefores.java:26)
	at org.junit.runners.ParentRunner.runLeaf(ParentRunner.java:325)
	at org.junit.runners.BlockJUnit4ClassRunner.runChild(BlockJUnit4ClassRunner.java:78)
	at org.junit.runners.BlockJUnit4ClassRunner.runChild(BlockJUnit4ClassRunner.java:57)
	at org.junit.runners.ParentRunner$3.run(ParentRunner.java:290)
	at org.junit.runners.ParentRunner$1.schedule(ParentRunner.java:71)
	at org.junit.runners.ParentRunner.runChildren(ParentRunner.java:288)
	at org.junit.runners.ParentRunner.access$000(ParentRunner.java:58)
	at org.junit.runners.ParentRunner$2.evaluate(ParentRunner.java:268)
	at org.junit.runners.ParentRunner.run(ParentRunner.java:363)
	at org.apache.maven.surefire.junit4.JUnit4TestSet.execute(JUnit4TestSet.java:53)
	at org.apache.maven.surefire.junit4.JUnit4Provider.executeTestSet(JUnit4Provider.java:123)
	at org.apache.maven.surefire.junit4.JUnit4Provider.invoke(JUnit4Provider.java:104)
	at sun.reflect.NativeMethodAccessorImpl.invoke0(Native Method)
	at sun.reflect.NativeMethodAccessorImpl.invoke(NativeMethodAccessorImpl.java:62)
	at sun.reflect.DelegatingMethodAccessorImpl.invoke(DelegatingMethodAccessorImpl.java:43)
	at java.lang.reflect.Method.invoke(Method.java:483)
	at org.apache.maven.surefire.util.ReflectionUtils.invokeMethodWithArray(ReflectionUtils.java:164)
	at org.apache.maven.surefire.booter.ProviderFactory$ProviderProxy.invoke(ProviderFactory.java:110)
	at org.apache.maven.surefire.booter.SurefireStarter.invokeProvider(SurefireStarter.java:175)
	at org.apache.maven.surefire.booter.SurefireStarter.runSuitesInProcessWhenForked(SurefireStarter.java:107)
	at org.apache.maven.surefire.booter.ForkedBooter.main(ForkedBooter.java:68)
</failure>
    <system-err>Error in cipher list
5292:error:1410D0B9:SSL routines:SSL_CTX_set_cipher_list:no cipher match:/SourceCache/OpenSSL098/OpenSSL098-52.10.1/src/ssl/ssl_lib.c:1223:

</system-err>
  </testcase>
  <testcase classname="org.apache.tomcat.util.net.jsse.openssl.TestOpenSSLCipherConfigurationParser" name="testkDH" time="0.006">
    <failure message="Tested &apos;kDH&apos;:  expected:&lt;[]&gt; but was:&lt;[TLS_DH_DSS_WITH_AES_256_GCM_SHA384,TLS_DH_RSA_WITH_AES_256_GCM_SHA384,TLS_DH_RSA_WITH_AES_256_CBC_SHA256,TLS_DH_DSS_WITH_AES_256_CBC_SHA256,TLS_DH_RSA_WITH_AES_256_CBC_SHA,TLS_DH_DSS_WITH_AES_256_CBC_SHA,TLS_DH_RSA_WITH_CAMELLIA_256_CBC_SHA,TLS_DH_DSS_WITH_CAMELLIA_256_CBC_SHA,TLS_DH_RSA_WITH_3DES_EDE_CBC_SHA,SSL_DH_RSA_WITH_3DES_EDE_CBC_SHA,TLS_DH_DSS_WITH_3DES_EDE_CBC_SHA,SSL_DH_DSS_WITH_3DES_EDE_CBC_SHA,TLS_DH_DSS_WITH_AES_128_GCM_SHA256,TLS_DH_RSA_WITH_AES_128_GCM_SHA256,TLS_DH_RSA_WITH_AES_128_CBC_SHA256,TLS_DH_DSS_WITH_AES_128_CBC_SHA256,TLS_DH_RSA_WITH_AES_128_CBC_SHA,TLS_DH_DSS_WITH_AES_128_CBC_SHA,TLS_DH_RSA_WITH_SEED_CBC_SHA,TLS_DH_DSS_WITH_SEED_CBC_SHA,TLS_DH_RSA_WITH_CAMELLIA_128_CBC_SHA,TLS_DH_DSS_WITH_CAMELLIA_128_CBC_SHA,SSL_DH_RSA_WITH_DES_CBC_SHA,TLS_DH_RSA_WITH_DES_CBC_SHA,SSL_DH_DSS_WITH_DES_CBC_SHA,TLS_DH_DSS_WITH_DES_CBC_SHA,SSL_DH_RSA_EXPORT_WITH_DES40_CBC_SHA,TLS_DH_RSA_EXPORT_WITH_DES40_CBC_SHA,SSL_DH_DSS_EXPORT_WITH_DES40_CBC_SHA,TLS_DH_DSS_EXPORT_WITH_DES40_CBC_SHA,]&gt;" type="org.junit.ComparisonFailure">org.junit.ComparisonFailure: Tested &apos;kDH&apos;:  expected:&lt;[]&gt; but was:&lt;[TLS_DH_DSS_WITH_AES_256_GCM_SHA384,TLS_DH_RSA_WITH_AES_256_GCM_SHA384,TLS_DH_RSA_WITH_AES_256_CBC_SHA256,TLS_DH_DSS_WITH_AES_256_CBC_SHA256,TLS_DH_RSA_WITH_AES_256_CBC_SHA,TLS_DH_DSS_WITH_AES_256_CBC_SHA,TLS_DH_RSA_WITH_CAMELLIA_256_CBC_SHA,TLS_DH_DSS_WITH_CAMELLIA_256_CBC_SHA,TLS_DH_RSA_WITH_3DES_EDE_CBC_SHA,SSL_DH_RSA_WITH_3DES_EDE_CBC_SHA,TLS_DH_DSS_WITH_3DES_EDE_CBC_SHA,SSL_DH_DSS_WITH_3DES_EDE_CBC_SHA,TLS_DH_DSS_WITH_AES_128_GCM_SHA256,TLS_DH_RSA_WITH_AES_128_GCM_SHA256,TLS_DH_RSA_WITH_AES_128_CBC_SHA256,TLS_DH_DSS_WITH_AES_128_CBC_SHA256,TLS_DH_RSA_WITH_AES_128_CBC_SHA,TLS_DH_DSS_WITH_AES_128_CBC_SHA,TLS_DH_RSA_WITH_SEED_CBC_SHA,TLS_DH_DSS_WITH_SEED_CBC_SHA,TLS_DH_RSA_WITH_CAMELLIA_128_CBC_SHA,TLS_DH_DSS_WITH_CAMELLIA_128_CBC_SHA,SSL_DH_RSA_WITH_DES_CBC_SHA,TLS_DH_RSA_WITH_DES_CBC_SHA,SSL_DH_DSS_WITH_DES_CBC_SHA,TLS_DH_DSS_WITH_DES_CBC_SHA,SSL_DH_RSA_EXPORT_WITH_DES40_CBC_SHA,TLS_DH_RSA_EXPORT_WITH_DES40_CBC_SHA,SSL_DH_DSS_EXPORT_WITH_DES40_CBC_SHA,TLS_DH_DSS_EXPORT_WITH_DES40_CBC_SHA,]&gt;
	at org.junit.Assert.assertEquals(Assert.java:115)
	at org.apache.tomcat.util.net.jsse.openssl.TestOpenSSLCipherConfigurationParser.testSpecification(TestOpenSSLCipherConfigurationParser.java:499)
	at org.apache.tomcat.util.net.jsse.openssl.TestOpenSSLCipherConfigurationParser.testkDH(TestOpenSSLCipherConfigurationParser.java:157)
	at sun.reflect.NativeMethodAccessorImpl.invoke0(Native Method)
	at sun.reflect.NativeMethodAccessorImpl.invoke(NativeMethodAccessorImpl.java:62)
	at sun.reflect.DelegatingMethodAccessorImpl.invoke(DelegatingMethodAccessorImpl.java:43)
	at java.lang.reflect.Method.invoke(Method.java:483)
	at org.junit.runners.model.FrameworkMethod$1.runReflectiveCall(FrameworkMethod.java:50)
	at org.junit.internal.runners.model.ReflectiveCallable.run(ReflectiveCallable.java:12)
	at org.junit.runners.model.FrameworkMethod.invokeExplosively(FrameworkMethod.java:47)
	at org.junit.internal.runners.statements.InvokeMethod.evaluate(InvokeMethod.java:17)
	at org.junit.internal.runners.statements.RunBefores.evaluate(RunBefores.java:26)
	at org.junit.runners.ParentRunner.runLeaf(ParentRunner.java:325)
	at org.junit.runners.BlockJUnit4ClassRunner.runChild(BlockJUnit4ClassRunner.java:78)
	at org.junit.runners.BlockJUnit4ClassRunner.runChild(BlockJUnit4ClassRunner.java:57)
	at org.junit.runners.ParentRunner$3.run(ParentRunner.java:290)
	at org.junit.runners.ParentRunner$1.schedule(ParentRunner.java:71)
	at org.junit.runners.ParentRunner.runChildren(ParentRunner.java:288)
	at org.junit.runners.ParentRunner.access$000(ParentRunner.java:58)
	at org.junit.runners.ParentRunner$2.evaluate(ParentRunner.java:268)
	at org.junit.runners.ParentRunner.run(ParentRunner.java:363)
	at org.apache.maven.surefire.junit4.JUnit4TestSet.execute(JUnit4TestSet.java:53)
	at org.apache.maven.surefire.junit4.JUnit4Provider.executeTestSet(JUnit4Provider.java:123)
	at org.apache.maven.surefire.junit4.JUnit4Provider.invoke(JUnit4Provider.java:104)
	at sun.reflect.NativeMethodAccessorImpl.invoke0(Native Method)
	at sun.reflect.NativeMethodAccessorImpl.invoke(NativeMethodAccessorImpl.java:62)
	at sun.reflect.DelegatingMethodAccessorImpl.invoke(DelegatingMethodAccessorImpl.java:43)
	at java.lang.reflect.Method.invoke(Method.java:483)
	at org.apache.maven.surefire.util.ReflectionUtils.invokeMethodWithArray(ReflectionUtils.java:164)
	at org.apache.maven.surefire.booter.ProviderFactory$ProviderProxy.invoke(ProviderFactory.java:110)
	at org.apache.maven.surefire.booter.SurefireStarter.invokeProvider(SurefireStarter.java:175)
	at org.apache.maven.surefire.booter.SurefireStarter.runSuitesInProcessWhenForked(SurefireStarter.java:107)
	at org.apache.maven.surefire.booter.ForkedBooter.main(ForkedBooter.java:68)
</failure>
    <system-err>Error in cipher list
5293:error:1410D0B9:SSL routines:SSL_CTX_set_cipher_list:no cipher match:/SourceCache/OpenSSL098/OpenSSL098-52.10.1/src/ssl/ssl_lib.c:1223:

</system-err>
  </testcase>
  <testcase classname="org.apache.tomcat.util.net.jsse.openssl.TestOpenSSLCipherConfigurationParser" name="testAECDH" time="0.005">
    <failure message="Tested &apos;AECDH&apos;:  expected:&lt;[]&gt; but was:&lt;[TLS_ECDH_anon_WITH_AES_256_CBC_SHA,TLS_ECDH_anon_WITH_3DES_EDE_CBC_SHA,TLS_ECDH_anon_WITH_AES_128_CBC_SHA,TLS_ECDH_anon_WITH_RC4_128_SHA,TLS_ECDH_anon_WITH_NULL_SHA,]&gt;" type="org.junit.ComparisonFailure">org.junit.ComparisonFailure: Tested &apos;AECDH&apos;:  expected:&lt;[]&gt; but was:&lt;[TLS_ECDH_anon_WITH_AES_256_CBC_SHA,TLS_ECDH_anon_WITH_3DES_EDE_CBC_SHA,TLS_ECDH_anon_WITH_AES_128_CBC_SHA,TLS_ECDH_anon_WITH_RC4_128_SHA,TLS_ECDH_anon_WITH_NULL_SHA,]&gt;
	at org.junit.Assert.assertEquals(Assert.java:115)
	at org.apache.tomcat.util.net.jsse.openssl.TestOpenSSLCipherConfigurationParser.testSpecification(TestOpenSSLCipherConfigurationParser.java:499)
	at org.apache.tomcat.util.net.jsse.openssl.TestOpenSSLCipherConfigurationParser.testAECDH(TestOpenSSLCipherConfigurationParser.java:214)
	at sun.reflect.NativeMethodAccessorImpl.invoke0(Native Method)
	at sun.reflect.NativeMethodAccessorImpl.invoke(NativeMethodAccessorImpl.java:62)
	at sun.reflect.DelegatingMethodAccessorImpl.invoke(DelegatingMethodAccessorImpl.java:43)
	at java.lang.reflect.Method.invoke(Method.java:483)
	at org.junit.runners.model.FrameworkMethod$1.runReflectiveCall(FrameworkMethod.java:50)
	at org.junit.internal.runners.model.ReflectiveCallable.run(ReflectiveCallable.java:12)
	at org.junit.runners.model.FrameworkMethod.invokeExplosively(FrameworkMethod.java:47)
	at org.junit.internal.runners.statements.InvokeMethod.evaluate(InvokeMethod.java:17)
	at org.junit.internal.runners.statements.RunBefores.evaluate(RunBefores.java:26)
	at org.junit.runners.ParentRunner.runLeaf(ParentRunner.java:325)
	at org.junit.runners.BlockJUnit4ClassRunner.runChild(BlockJUnit4ClassRunner.java:78)
	at org.junit.runners.BlockJUnit4ClassRunner.runChild(BlockJUnit4ClassRunner.java:57)
	at org.junit.runners.ParentRunner$3.run(ParentRunner.java:290)
	at org.junit.runners.ParentRunner$1.schedule(ParentRunner.java:71)
	at org.junit.runners.ParentRunner.runChildren(ParentRunner.java:288)
	at org.junit.runners.ParentRunner.access$000(ParentRunner.java:58)
	at org.junit.runners.ParentRunner$2.evaluate(ParentRunner.java:268)
	at org.junit.runners.ParentRunner.run(ParentRunner.java:363)
	at org.apache.maven.surefire.junit4.JUnit4TestSet.execute(JUnit4TestSet.java:53)
	at org.apache.maven.surefire.junit4.JUnit4Provider.executeTestSet(JUnit4Provider.java:123)
	at org.apache.maven.surefire.junit4.JUnit4Provider.invoke(JUnit4Provider.java:104)
	at sun.reflect.NativeMethodAccessorImpl.invoke0(Native Method)
	at sun.reflect.NativeMethodAccessorImpl.invoke(NativeMethodAccessorImpl.java:62)
	at sun.reflect.DelegatingMethodAccessorImpl.invoke(DelegatingMethodAccessorImpl.java:43)
	at java.lang.reflect.Method.invoke(Method.java:483)
	at org.apache.maven.surefire.util.ReflectionUtils.invokeMethodWithArray(ReflectionUtils.java:164)
	at org.apache.maven.surefire.booter.ProviderFactory$ProviderProxy.invoke(ProviderFactory.java:110)
	at org.apache.maven.surefire.booter.SurefireStarter.invokeProvider(SurefireStarter.java:175)
	at org.apache.maven.surefire.booter.SurefireStarter.runSuitesInProcessWhenForked(SurefireStarter.java:107)
	at org.apache.maven.surefire.booter.ForkedBooter.main(ForkedBooter.java:68)
</failure>
    <system-err>Error in cipher list
5294:error:1410D0B9:SSL routines:SSL_CTX_set_cipher_list:no cipher match:/SourceCache/OpenSSL098/OpenSSL098-52.10.1/src/ssl/ssl_lib.c:1223:

</system-err>
  </testcase>
  <testcase classname="org.apache.tomcat.util.net.jsse.openssl.TestOpenSSLCipherConfigurationParser" name="testECDHE" time="0.005">
    <skipped/>
  </testcase>
  <testcase classname="org.apache.tomcat.util.net.jsse.openssl.TestOpenSSLCipherConfigurationParser" name="testECDSA" time="0.006">
    <failure message="Tested &apos;ECDSA&apos;:  expected:&lt;[]&gt; but was:&lt;[TLS_ECDHE_ECDSA_WITH_AES_256_GCM_SHA384,TLS_ECDHE_ECDSA_WITH_AES_256_CBC_SHA384,TLS_ECDHE_ECDSA_WITH_AES_256_CBC_SHA,TLS_ECDHE_ECDSA_WITH_3DES_EDE_CBC_SHA,TLS_ECDHE_ECDSA_WITH_AES_128_GCM_SHA256,TLS_ECDHE_ECDSA_WITH_AES_128_CBC_SHA256,TLS_ECDHE_ECDSA_WITH_AES_128_CBC_SHA,TLS_ECDHE_ECDSA_WITH_RC4_128_SHA,TLS_ECDHE_ECDSA_WITH_NULL_SHA,]&gt;" type="org.junit.ComparisonFailure">org.junit.ComparisonFailure: Tested &apos;ECDSA&apos;:  expected:&lt;[]&gt; but was:&lt;[TLS_ECDHE_ECDSA_WITH_AES_256_GCM_SHA384,TLS_ECDHE_ECDSA_WITH_AES_256_CBC_SHA384,TLS_ECDHE_ECDSA_WITH_AES_256_CBC_SHA,TLS_ECDHE_ECDSA_WITH_3DES_EDE_CBC_SHA,TLS_ECDHE_ECDSA_WITH_AES_128_GCM_SHA256,TLS_ECDHE_ECDSA_WITH_AES_128_CBC_SHA256,TLS_ECDHE_ECDSA_WITH_AES_128_CBC_SHA,TLS_ECDHE_ECDSA_WITH_RC4_128_SHA,TLS_ECDHE_ECDSA_WITH_NULL_SHA,]&gt;
	at org.junit.Assert.assertEquals(Assert.java:115)
	at org.apache.tomcat.util.net.jsse.openssl.TestOpenSSLCipherConfigurationParser.testSpecification(TestOpenSSLCipherConfigurationParser.java:499)
	at org.apache.tomcat.util.net.jsse.openssl.TestOpenSSLCipherConfigurationParser.testECDSA(TestOpenSSLCipherConfigurationParser.java:244)
	at sun.reflect.NativeMethodAccessorImpl.invoke0(Native Method)
	at sun.reflect.NativeMethodAccessorImpl.invoke(NativeMethodAccessorImpl.java:62)
	at sun.reflect.DelegatingMethodAccessorImpl.invoke(DelegatingMethodAccessorImpl.java:43)
	at java.lang.reflect.Method.invoke(Method.java:483)
	at org.junit.runners.model.FrameworkMethod$1.runReflectiveCall(FrameworkMethod.java:50)
	at org.junit.internal.runners.model.ReflectiveCallable.run(ReflectiveCallable.java:12)
	at org.junit.runners.model.FrameworkMethod.invokeExplosively(FrameworkMethod.java:47)
	at org.junit.internal.runners.statements.InvokeMethod.evaluate(InvokeMethod.java:17)
	at org.junit.internal.runners.statements.RunBefores.evaluate(RunBefores.java:26)
	at org.junit.runners.ParentRunner.runLeaf(ParentRunner.java:325)
	at org.junit.runners.BlockJUnit4ClassRunner.runChild(BlockJUnit4ClassRunner.java:78)
	at org.junit.runners.BlockJUnit4ClassRunner.runChild(BlockJUnit4ClassRunner.java:57)
	at org.junit.runners.ParentRunner$3.run(ParentRunner.java:290)
	at org.junit.runners.ParentRunner$1.schedule(ParentRunner.java:71)
	at org.junit.runners.ParentRunner.runChildren(ParentRunner.java:288)
	at org.junit.runners.ParentRunner.access$000(ParentRunner.java:58)
	at org.junit.runners.ParentRunner$2.evaluate(ParentRunner.java:268)
	at org.junit.runners.ParentRunner.run(ParentRunner.java:363)
	at org.apache.maven.surefire.junit4.JUnit4TestSet.execute(JUnit4TestSet.java:53)
	at org.apache.maven.surefire.junit4.JUnit4Provider.executeTestSet(JUnit4Provider.java:123)
	at org.apache.maven.surefire.junit4.JUnit4Provider.invoke(JUnit4Provider.java:104)
	at sun.reflect.NativeMethodAccessorImpl.invoke0(Native Method)
	at sun.reflect.NativeMethodAccessorImpl.invoke(NativeMethodAccessorImpl.java:62)
	at sun.reflect.DelegatingMethodAccessorImpl.invoke(DelegatingMethodAccessorImpl.java:43)
	at java.lang.reflect.Method.invoke(Method.java:483)
	at org.apache.maven.surefire.util.ReflectionUtils.invokeMethodWithArray(ReflectionUtils.java:164)
	at org.apache.maven.surefire.booter.ProviderFactory$ProviderProxy.invoke(ProviderFactory.java:110)
	at org.apache.maven.surefire.booter.SurefireStarter.invokeProvider(SurefireStarter.java:175)
	at org.apache.maven.surefire.booter.SurefireStarter.runSuitesInProcessWhenForked(SurefireStarter.java:107)
	at org.apache.maven.surefire.booter.ForkedBooter.main(ForkedBooter.java:68)
</failure>
    <system-err>Error in cipher list
5295:error:1410D0B9:SSL routines:SSL_CTX_set_cipher_list:no cipher match:/SourceCache/OpenSSL098/OpenSSL098-52.10.1/src/ssl/ssl_lib.c:1223:

</system-err>
  </testcase>
  <testcase classname="org.apache.tomcat.util.net.jsse.openssl.TestOpenSSLCipherConfigurationParser" name="testSSLv2" time="0.005">
    <failure message="Tested &apos;SSLv2&apos;:  expected:&lt;...DE3_CBC_WITH_MD5,SSL[]2_RC2_CBC_128_CBC_WI...&gt; but was:&lt;...DE3_CBC_WITH_MD5,SSL[_CK_IDEA_128_CBC_WITH_MD5,SSL2_IDEA_128_CBC_WITH_MD5,SSL]2_RC2_CBC_128_CBC_WI...&gt;" type="org.junit.ComparisonFailure">org.junit.ComparisonFailure: Tested &apos;SSLv2&apos;:  expected:&lt;...DE3_CBC_WITH_MD5,SSL[]2_RC2_CBC_128_CBC_WI...&gt; but was:&lt;...DE3_CBC_WITH_MD5,SSL[_CK_IDEA_128_CBC_WITH_MD5,SSL2_IDEA_128_CBC_WITH_MD5,SSL]2_RC2_CBC_128_CBC_WI...&gt;
	at org.junit.Assert.assertEquals(Assert.java:115)
	at org.apache.tomcat.util.net.jsse.openssl.TestOpenSSLCipherConfigurationParser.testSpecification(TestOpenSSLCipherConfigurationParser.java:499)
	at org.apache.tomcat.util.net.jsse.openssl.TestOpenSSLCipherConfigurationParser.testSSLv2(TestOpenSSLCipherConfigurationParser.java:286)
	at sun.reflect.NativeMethodAccessorImpl.invoke0(Native Method)
	at sun.reflect.NativeMethodAccessorImpl.invoke(NativeMethodAccessorImpl.java:62)
	at sun.reflect.DelegatingMethodAccessorImpl.invoke(DelegatingMethodAccessorImpl.java:43)
	at java.lang.reflect.Method.invoke(Method.java:483)
	at org.junit.runners.model.FrameworkMethod$1.runReflectiveCall(FrameworkMethod.java:50)
	at org.junit.internal.runners.model.ReflectiveCallable.run(ReflectiveCallable.java:12)
	at org.junit.runners.model.FrameworkMethod.invokeExplosively(FrameworkMethod.java:47)
	at org.junit.internal.runners.statements.InvokeMethod.evaluate(InvokeMethod.java:17)
	at org.junit.internal.runners.statements.RunBefores.evaluate(RunBefores.java:26)
	at org.junit.runners.ParentRunner.runLeaf(ParentRunner.java:325)
	at org.junit.runners.BlockJUnit4ClassRunner.runChild(BlockJUnit4ClassRunner.java:78)
	at org.junit.runners.BlockJUnit4ClassRunner.runChild(BlockJUnit4ClassRunner.java:57)
	at org.junit.runners.ParentRunner$3.run(ParentRunner.java:290)
	at org.junit.runners.ParentRunner$1.schedule(ParentRunner.java:71)
	at org.junit.runners.ParentRunner.runChildren(ParentRunner.java:288)
	at org.junit.runners.ParentRunner.access$000(ParentRunner.java:58)
	at org.junit.runners.ParentRunner$2.evaluate(ParentRunner.java:268)
	at org.junit.runners.ParentRunner.run(ParentRunner.java:363)
	at org.apache.maven.surefire.junit4.JUnit4TestSet.execute(JUnit4TestSet.java:53)
	at org.apache.maven.surefire.junit4.JUnit4Provider.executeTestSet(JUnit4Provider.java:123)
	at org.apache.maven.surefire.junit4.JUnit4Provider.invoke(JUnit4Provider.java:104)
	at sun.reflect.NativeMethodAccessorImpl.invoke0(Native Method)
	at sun.reflect.NativeMethodAccessorImpl.invoke(NativeMethodAccessorImpl.java:62)
	at sun.reflect.DelegatingMethodAccessorImpl.invoke(DelegatingMethodAccessorImpl.java:43)
	at java.lang.reflect.Method.invoke(Method.java:483)
	at org.apache.maven.surefire.util.ReflectionUtils.invokeMethodWithArray(ReflectionUtils.java:164)
	at org.apache.maven.surefire.booter.ProviderFactory$ProviderProxy.invoke(ProviderFactory.java:110)
	at org.apache.maven.surefire.booter.SurefireStarter.invokeProvider(SurefireStarter.java:175)
	at org.apache.maven.surefire.booter.SurefireStarter.runSuitesInProcessWhenForked(SurefireStarter.java:107)
	at org.apache.maven.surefire.booter.ForkedBooter.main(ForkedBooter.java:68)
</failure>
  </testcase>
  <testcase classname="org.apache.tomcat.util.net.jsse.openssl.TestOpenSSLCipherConfigurationParser" name="testSSLv3" time="0.006">
    <failure message="Tested &apos;SSLv3&apos;:  expected:&lt;TLS_[DHE_RSA_WITH_AES_256_CBC_SHA,TLS_DHE_DSS_WITH_AES_256_CBC_SHA,TLS_DH_anon_WITH_AES_256_CBC_SHA,TLS_RSA_WITH_AES_256_CBC_SHA,SSL_DHE_RSA_WITH_3DES_EDE_CBC_SHA,TLS_DHE_RSA_WITH_3DES_EDE_CBC_SHA,TLS_DHE_DSS_WITH_3DES_EDE_CBC_SHA,SSL_DHE_DSS_WITH_3DES_EDE_CBC_SHA,TLS_DH_anon_WITH_3DES_EDE_CBC_SHA,SSL_DH_anon_WITH_3DES_EDE_CBC_SHA,TLS_RSA_WITH_3DES_EDE_CBC_SHA,SSL_RSA_WITH_3DES_EDE_CBC_SHA,TLS_DHE_RSA_WITH_AES_128_CBC_SHA,TLS_DHE_DSS_WITH_AES_128_CBC_SHA,TLS_DHE_RSA_WITH_SEED_CBC_SHA,TLS_DHE_DSS_WITH_SEED_CBC_SHA,TLS_DH_anon_WITH_AES_128_CBC_SHA,TLS_DH_anon_WITH_SEED_CBC_SHA,TLS_RSA_WITH_AES_128_CBC_SHA,TLS_RSA_WITH_SEED_CBC_SHA,SSL_DH_anon_WITH_RC4_128_MD5,TLS_DH_anon_WITH_RC4_128_MD5,TLS_RSA_WITH_RC4_128_SHA,SSL_RSA_WITH_RC4_128_SHA,SSL_RSA_WITH_RC4_128_MD5,TLS_RSA_WITH_RC4_128_MD5,SSL_DHE_RSA_WITH_DES_CBC_SHA,TLS_DHE_RSA_WITH_DES_CBC_SHA,SSL_DHE_DSS_WITH_DES_CBC_SHA,TLS_DHE_DSS_WITH_DES_CBC_SHA,TLS_DH_anon_WITH_DES_CBC_SHA,SSL_DH_anon_WITH_DES_CBC_SHA,SSL_RSA_WITH_DES_CBC_SHA,TLS_RSA_WITH_DES_CBC_SHA,SSL_DHE_RSA_EXPORT_WITH_DES40_CBC_SHA,TLS_DHE_RSA_EXPORT_WITH_DES40_CBC_SHA,SSL_DHE_DSS_EXPORT_WITH_DES40_CBC_SHA,TLS_DHE_DSS_EXPORT_WITH_DES40_CBC_SHA,TLS_DH_anon_EXPORT_WITH_DES40_CBC_SHA,SSL_DH_anon_EXPORT_WITH_DES40_CBC_SHA,TLS_RSA_EXPORT_WITH_DES40_CBC_SHA,SSL_RSA_EXPORT_WITH_DES40_CBC_SHA,SSL_RSA_EXPORT_WITH_RC2_CBC_40_MD5,TLS_RSA_EXPORT_WITH_RC2_CBC_40_MD5,SSL_DH_anon_EXPORT_WITH_RC4_40_MD5,TLS_DH_anon_EXPORT_WITH_RC4_40_MD5,TLS_RSA_EXPORT_WITH_RC4_40_MD5,SSL_RSA_EXPORT_WITH_RC4_40_MD5],SSL_RSA_WITH_NULL_S...&gt; but was:&lt;TLS_[ECDHE_RSA_WITH_AES_256_CBC_SHA,TLS_ECDHE_ECDSA_WITH_AES_256_CBC_SHA,TLS_SRP_SHA_DSS_WITH_AES_256_CBC_SHA,TLS_SRP_SHA_RSA_WITH_AES_256_CBC_SHA,TLS_SRP_SHA_WITH_AES_256_CBC_SHA,TLS_DHE_RSA_WITH_AES_256_CBC_SHA,TLS_DHE_DSS_WITH_AES_256_CBC_SHA,TLS_DH_RSA_WITH_AES_256_CBC_SHA,TLS_DH_DSS_WITH_AES_256_CBC_SHA,TLS_DHE_RSA_WITH_CAMELLIA_256_CBC_SHA,TLS_DHE_DSS_WITH_CAMELLIA_256_CBC_SHA,TLS_DH_RSA_WITH_CAMELLIA_256_CBC_SHA,TLS_DH_DSS_WITH_CAMELLIA_256_CBC_SHA,TLS_ECDH_anon_WITH_AES_256_CBC_SHA,TLS_DH_anon_WITH_AES_256_CBC_SHA,TLS_DH_anon_WITH_CAMELLIA_256_CBC_SHA,TLS_ECDH_RSA_WITH_AES_256_CBC_SHA,TLS_ECDH_ECDSA_WITH_AES_256_CBC_SHA,TLS_RSA_WITH_AES_256_CBC_SHA,TLS_RSA_WITH_CAMELLIA_256_CBC_SHA,TLS_PSK_WITH_AES_256_CBC_SHA,TLS_ECDHE_RSA_WITH_3DES_EDE_CBC_SHA,TLS_ECDHE_ECDSA_WITH_3DES_EDE_CBC_SHA,TLS_SRP_SHA_DSS_WITH_3DES_EDE_CBC_SHA,TLS_SRP_SHA_RSA_WITH_3DES_EDE_CBC_SHA,TLS_SRP_SHA_WITH_3DES_EDE_CBC_SHA,SSL_DHE_RSA_WITH_3DES_EDE_CBC_SHA,TLS_DHE_RSA_WITH_3DES_EDE_CBC_SHA,TLS_DHE_DSS_WITH_3DES_EDE_CBC_SHA,SSL_DHE_DSS_WITH_3DES_EDE_CBC_SHA,TLS_DH_RSA_WITH_3DES_EDE_CBC_SHA,SSL_DH_RSA_WITH_3DES_EDE_CBC_SHA,TLS_DH_DSS_WITH_3DES_EDE_CBC_SHA,SSL_DH_DSS_WITH_3DES_EDE_CBC_SHA,TLS_ECDH_anon_WITH_3DES_EDE_CBC_SHA,TLS_DH_anon_WITH_3DES_EDE_CBC_SHA,SSL_DH_anon_WITH_3DES_EDE_CBC_SHA,TLS_ECDH_RSA_WITH_3DES_EDE_CBC_SHA,TLS_ECDH_ECDSA_WITH_3DES_EDE_CBC_SHA,TLS_RSA_WITH_3DES_EDE_CBC_SHA,SSL_RSA_WITH_3DES_EDE_CBC_SHA,TLS_PSK_WITH_3DES_EDE_CBC_SHA,TLS_ECDHE_RSA_WITH_AES_128_CBC_SHA,TLS_ECDHE_ECDSA_WITH_AES_128_CBC_SHA,TLS_SRP_SHA_DSS_WITH_AES_128_CBC_SHA,TLS_SRP_SHA_RSA_WITH_AES_128_CBC_SHA,TLS_SRP_SHA_WITH_AES_128_CBC_SHA,TLS_DHE_RSA_WITH_AES_128_CBC_SHA,TLS_DHE_DSS_WITH_AES_128_CBC_SHA,TLS_DH_RSA_WITH_AES_128_CBC_SHA,TLS_DH_DSS_WITH_AES_128_CBC_SHA,TLS_DHE_RSA_WITH_SEED_CBC_SHA,TLS_DHE_DSS_WITH_SEED_CBC_SHA,TLS_DH_RSA_WITH_SEED_CBC_SHA,TLS_DH_DSS_WITH_SEED_CBC_SHA,TLS_DHE_RSA_WITH_CAMELLIA_128_CBC_SHA,TLS_DHE_DSS_WITH_CAMELLIA_128_CBC_SHA,TLS_DH_RSA_WITH_CAMELLIA_128_CBC_SHA,TLS_DH_DSS_WITH_CAMELLIA_128_CBC_SHA,TLS_ECDH_anon_WITH_AES_128_CBC_SHA,TLS_DH_anon_WITH_AES_128_CBC_SHA,TLS_DH_anon_WITH_SEED_CBC_SHA,TLS_DH_anon_WITH_CAMELLIA_128_CBC_SHA,TLS_ECDH_RSA_WITH_AES_128_CBC_SHA,TLS_ECDH_ECDSA_WITH_AES_128_CBC_SHA,TLS_RSA_WITH_AES_128_CBC_SHA,TLS_RSA_WITH_SEED_CBC_SHA,TLS_RSA_WITH_CAMELLIA_128_CBC_SHA,SSL_RSA_WITH_IDEA_CBC_SHA,TLS_RSA_WITH_IDEA_CBC_SHA,TLS_PSK_WITH_AES_128_CBC_SHA,TLS_ECDHE_RSA_WITH_RC4_128_SHA,TLS_ECDHE_ECDSA_WITH_RC4_128_SHA,TLS_ECDH_anon_WITH_RC4_128_SHA,SSL_DH_anon_WITH_RC4_128_MD5,TLS_DH_anon_WITH_RC4_128_MD5,TLS_ECDH_RSA_WITH_RC4_128_SHA,TLS_ECDH_ECDSA_WITH_RC4_128_SHA,TLS_RSA_WITH_RC4_128_SHA,SSL_RSA_WITH_RC4_128_SHA,SSL_RSA_WITH_RC4_128_MD5,TLS_RSA_WITH_RC4_128_MD5,TLS_PSK_WITH_RC4_128_SHA,SSL_DHE_RSA_WITH_DES_CBC_SHA,TLS_DHE_RSA_WITH_DES_CBC_SHA,SSL_DHE_DSS_WITH_DES_CBC_SHA,TLS_DHE_DSS_WITH_DES_CBC_SHA,SSL_DH_RSA_WITH_DES_CBC_SHA,TLS_DH_RSA_WITH_DES_CBC_SHA,SSL_DH_DSS_WITH_DES_CBC_SHA,TLS_DH_DSS_WITH_DES_CBC_SHA,TLS_DH_anon_WITH_DES_CBC_SHA,SSL_DH_anon_WITH_DES_CBC_SHA,SSL_RSA_WITH_DES_CBC_SHA,TLS_RSA_WITH_DES_CBC_SHA,SSL_DHE_RSA_EXPORT_WITH_DES40_CBC_SHA,TLS_DHE_RSA_EXPORT_WITH_DES40_CBC_SHA,SSL_DHE_DSS_EXPORT_WITH_DES40_CBC_SHA,TLS_DHE_DSS_EXPORT_WITH_DES40_CBC_SHA,SSL_DH_RSA_EXPORT_WITH_DES40_CBC_SHA,TLS_DH_RSA_EXPORT_WITH_DES40_CBC_SHA,SSL_DH_DSS_EXPORT_WITH_DES40_CBC_SHA,TLS_DH_DSS_EXPORT_WITH_DES40_CBC_SHA,TLS_DH_anon_EXPORT_WITH_DES40_CBC_SHA,SSL_DH_anon_EXPORT_WITH_DES40_CBC_SHA,TLS_RSA_EXPORT_WITH_DES40_CBC_SHA,SSL_RSA_EXPORT_WITH_DES40_CBC_SHA,SSL_RSA_EXPORT_WITH_RC2_CBC_40_MD5,TLS_RSA_EXPORT_WITH_RC2_CBC_40_MD5,SSL_DH_anon_EXPORT_WITH_RC4_40_MD5,TLS_DH_anon_EXPORT_WITH_RC4_40_MD5,TLS_RSA_EXPORT_WITH_RC4_40_MD5,SSL_RSA_EXPORT_WITH_RC4_40_MD5,TLS_ECDHE_RSA_WITH_NULL_SHA,TLS_ECDHE_ECDSA_WITH_NULL_SHA,TLS_ECDH_anon_WITH_NULL_SHA,TLS_ECDH_RSA_WITH_NULL_SHA,TLS_ECDH_ECDSA_WITH_NULL_SHA],SSL_RSA_WITH_NULL_S...&gt;" type="org.junit.ComparisonFailure">org.junit.ComparisonFailure: Tested &apos;SSLv3&apos;:  expected:&lt;TLS_[DHE_RSA_WITH_AES_256_CBC_SHA,TLS_DHE_DSS_WITH_AES_256_CBC_SHA,TLS_DH_anon_WITH_AES_256_CBC_SHA,TLS_RSA_WITH_AES_256_CBC_SHA,SSL_DHE_RSA_WITH_3DES_EDE_CBC_SHA,TLS_DHE_RSA_WITH_3DES_EDE_CBC_SHA,TLS_DHE_DSS_WITH_3DES_EDE_CBC_SHA,SSL_DHE_DSS_WITH_3DES_EDE_CBC_SHA,TLS_DH_anon_WITH_3DES_EDE_CBC_SHA,SSL_DH_anon_WITH_3DES_EDE_CBC_SHA,TLS_RSA_WITH_3DES_EDE_CBC_SHA,SSL_RSA_WITH_3DES_EDE_CBC_SHA,TLS_DHE_RSA_WITH_AES_128_CBC_SHA,TLS_DHE_DSS_WITH_AES_128_CBC_SHA,TLS_DHE_RSA_WITH_SEED_CBC_SHA,TLS_DHE_DSS_WITH_SEED_CBC_SHA,TLS_DH_anon_WITH_AES_128_CBC_SHA,TLS_DH_anon_WITH_SEED_CBC_SHA,TLS_RSA_WITH_AES_128_CBC_SHA,TLS_RSA_WITH_SEED_CBC_SHA,SSL_DH_anon_WITH_RC4_128_MD5,TLS_DH_anon_WITH_RC4_128_MD5,TLS_RSA_WITH_RC4_128_SHA,SSL_RSA_WITH_RC4_128_SHA,SSL_RSA_WITH_RC4_128_MD5,TLS_RSA_WITH_RC4_128_MD5,SSL_DHE_RSA_WITH_DES_CBC_SHA,TLS_DHE_RSA_WITH_DES_CBC_SHA,SSL_DHE_DSS_WITH_DES_CBC_SHA,TLS_DHE_DSS_WITH_DES_CBC_SHA,TLS_DH_anon_WITH_DES_CBC_SHA,SSL_DH_anon_WITH_DES_CBC_SHA,SSL_RSA_WITH_DES_CBC_SHA,TLS_RSA_WITH_DES_CBC_SHA,SSL_DHE_RSA_EXPORT_WITH_DES40_CBC_SHA,TLS_DHE_RSA_EXPORT_WITH_DES40_CBC_SHA,SSL_DHE_DSS_EXPORT_WITH_DES40_CBC_SHA,TLS_DHE_DSS_EXPORT_WITH_DES40_CBC_SHA,TLS_DH_anon_EXPORT_WITH_DES40_CBC_SHA,SSL_DH_anon_EXPORT_WITH_DES40_CBC_SHA,TLS_RSA_EXPORT_WITH_DES40_CBC_SHA,SSL_RSA_EXPORT_WITH_DES40_CBC_SHA,SSL_RSA_EXPORT_WITH_RC2_CBC_40_MD5,TLS_RSA_EXPORT_WITH_RC2_CBC_40_MD5,SSL_DH_anon_EXPORT_WITH_RC4_40_MD5,TLS_DH_anon_EXPORT_WITH_RC4_40_MD5,TLS_RSA_EXPORT_WITH_RC4_40_MD5,SSL_RSA_EXPORT_WITH_RC4_40_MD5],SSL_RSA_WITH_NULL_S...&gt; but was:&lt;TLS_[ECDHE_RSA_WITH_AES_256_CBC_SHA,TLS_ECDHE_ECDSA_WITH_AES_256_CBC_SHA,TLS_SRP_SHA_DSS_WITH_AES_256_CBC_SHA,TLS_SRP_SHA_RSA_WITH_AES_256_CBC_SHA,TLS_SRP_SHA_WITH_AES_256_CBC_SHA,TLS_DHE_RSA_WITH_AES_256_CBC_SHA,TLS_DHE_DSS_WITH_AES_256_CBC_SHA,TLS_DH_RSA_WITH_AES_256_CBC_SHA,TLS_DH_DSS_WITH_AES_256_CBC_SHA,TLS_DHE_RSA_WITH_CAMELLIA_256_CBC_SHA,TLS_DHE_DSS_WITH_CAMELLIA_256_CBC_SHA,TLS_DH_RSA_WITH_CAMELLIA_256_CBC_SHA,TLS_DH_DSS_WITH_CAMELLIA_256_CBC_SHA,TLS_ECDH_anon_WITH_AES_256_CBC_SHA,TLS_DH_anon_WITH_AES_256_CBC_SHA,TLS_DH_anon_WITH_CAMELLIA_256_CBC_SHA,TLS_ECDH_RSA_WITH_AES_256_CBC_SHA,TLS_ECDH_ECDSA_WITH_AES_256_CBC_SHA,TLS_RSA_WITH_AES_256_CBC_SHA,TLS_RSA_WITH_CAMELLIA_256_CBC_SHA,TLS_PSK_WITH_AES_256_CBC_SHA,TLS_ECDHE_RSA_WITH_3DES_EDE_CBC_SHA,TLS_ECDHE_ECDSA_WITH_3DES_EDE_CBC_SHA,TLS_SRP_SHA_DSS_WITH_3DES_EDE_CBC_SHA,TLS_SRP_SHA_RSA_WITH_3DES_EDE_CBC_SHA,TLS_SRP_SHA_WITH_3DES_EDE_CBC_SHA,SSL_DHE_RSA_WITH_3DES_EDE_CBC_SHA,TLS_DHE_RSA_WITH_3DES_EDE_CBC_SHA,TLS_DHE_DSS_WITH_3DES_EDE_CBC_SHA,SSL_DHE_DSS_WITH_3DES_EDE_CBC_SHA,TLS_DH_RSA_WITH_3DES_EDE_CBC_SHA,SSL_DH_RSA_WITH_3DES_EDE_CBC_SHA,TLS_DH_DSS_WITH_3DES_EDE_CBC_SHA,SSL_DH_DSS_WITH_3DES_EDE_CBC_SHA,TLS_ECDH_anon_WITH_3DES_EDE_CBC_SHA,TLS_DH_anon_WITH_3DES_EDE_CBC_SHA,SSL_DH_anon_WITH_3DES_EDE_CBC_SHA,TLS_ECDH_RSA_WITH_3DES_EDE_CBC_SHA,TLS_ECDH_ECDSA_WITH_3DES_EDE_CBC_SHA,TLS_RSA_WITH_3DES_EDE_CBC_SHA,SSL_RSA_WITH_3DES_EDE_CBC_SHA,TLS_PSK_WITH_3DES_EDE_CBC_SHA,TLS_ECDHE_RSA_WITH_AES_128_CBC_SHA,TLS_ECDHE_ECDSA_WITH_AES_128_CBC_SHA,TLS_SRP_SHA_DSS_WITH_AES_128_CBC_SHA,TLS_SRP_SHA_RSA_WITH_AES_128_CBC_SHA,TLS_SRP_SHA_WITH_AES_128_CBC_SHA,TLS_DHE_RSA_WITH_AES_128_CBC_SHA,TLS_DHE_DSS_WITH_AES_128_CBC_SHA,TLS_DH_RSA_WITH_AES_128_CBC_SHA,TLS_DH_DSS_WITH_AES_128_CBC_SHA,TLS_DHE_RSA_WITH_SEED_CBC_SHA,TLS_DHE_DSS_WITH_SEED_CBC_SHA,TLS_DH_RSA_WITH_SEED_CBC_SHA,TLS_DH_DSS_WITH_SEED_CBC_SHA,TLS_DHE_RSA_WITH_CAMELLIA_128_CBC_SHA,TLS_DHE_DSS_WITH_CAMELLIA_128_CBC_SHA,TLS_DH_RSA_WITH_CAMELLIA_128_CBC_SHA,TLS_DH_DSS_WITH_CAMELLIA_128_CBC_SHA,TLS_ECDH_anon_WITH_AES_128_CBC_SHA,TLS_DH_anon_WITH_AES_128_CBC_SHA,TLS_DH_anon_WITH_SEED_CBC_SHA,TLS_DH_anon_WITH_CAMELLIA_128_CBC_SHA,TLS_ECDH_RSA_WITH_AES_128_CBC_SHA,TLS_ECDH_ECDSA_WITH_AES_128_CBC_SHA,TLS_RSA_WITH_AES_128_CBC_SHA,TLS_RSA_WITH_SEED_CBC_SHA,TLS_RSA_WITH_CAMELLIA_128_CBC_SHA,SSL_RSA_WITH_IDEA_CBC_SHA,TLS_RSA_WITH_IDEA_CBC_SHA,TLS_PSK_WITH_AES_128_CBC_SHA,TLS_ECDHE_RSA_WITH_RC4_128_SHA,TLS_ECDHE_ECDSA_WITH_RC4_128_SHA,TLS_ECDH_anon_WITH_RC4_128_SHA,SSL_DH_anon_WITH_RC4_128_MD5,TLS_DH_anon_WITH_RC4_128_MD5,TLS_ECDH_RSA_WITH_RC4_128_SHA,TLS_ECDH_ECDSA_WITH_RC4_128_SHA,TLS_RSA_WITH_RC4_128_SHA,SSL_RSA_WITH_RC4_128_SHA,SSL_RSA_WITH_RC4_128_MD5,TLS_RSA_WITH_RC4_128_MD5,TLS_PSK_WITH_RC4_128_SHA,SSL_DHE_RSA_WITH_DES_CBC_SHA,TLS_DHE_RSA_WITH_DES_CBC_SHA,SSL_DHE_DSS_WITH_DES_CBC_SHA,TLS_DHE_DSS_WITH_DES_CBC_SHA,SSL_DH_RSA_WITH_DES_CBC_SHA,TLS_DH_RSA_WITH_DES_CBC_SHA,SSL_DH_DSS_WITH_DES_CBC_SHA,TLS_DH_DSS_WITH_DES_CBC_SHA,TLS_DH_anon_WITH_DES_CBC_SHA,SSL_DH_anon_WITH_DES_CBC_SHA,SSL_RSA_WITH_DES_CBC_SHA,TLS_RSA_WITH_DES_CBC_SHA,SSL_DHE_RSA_EXPORT_WITH_DES40_CBC_SHA,TLS_DHE_RSA_EXPORT_WITH_DES40_CBC_SHA,SSL_DHE_DSS_EXPORT_WITH_DES40_CBC_SHA,TLS_DHE_DSS_EXPORT_WITH_DES40_CBC_SHA,SSL_DH_RSA_EXPORT_WITH_DES40_CBC_SHA,TLS_DH_RSA_EXPORT_WITH_DES40_CBC_SHA,SSL_DH_DSS_EXPORT_WITH_DES40_CBC_SHA,TLS_DH_DSS_EXPORT_WITH_DES40_CBC_SHA,TLS_DH_anon_EXPORT_WITH_DES40_CBC_SHA,SSL_DH_anon_EXPORT_WITH_DES40_CBC_SHA,TLS_RSA_EXPORT_WITH_DES40_CBC_SHA,SSL_RSA_EXPORT_WITH_DES40_CBC_SHA,SSL_RSA_EXPORT_WITH_RC2_CBC_40_MD5,TLS_RSA_EXPORT_WITH_RC2_CBC_40_MD5,SSL_DH_anon_EXPORT_WITH_RC4_40_MD5,TLS_DH_anon_EXPORT_WITH_RC4_40_MD5,TLS_RSA_EXPORT_WITH_RC4_40_MD5,SSL_RSA_EXPORT_WITH_RC4_40_MD5,TLS_ECDHE_RSA_WITH_NULL_SHA,TLS_ECDHE_ECDSA_WITH_NULL_SHA,TLS_ECDH_anon_WITH_NULL_SHA,TLS_ECDH_RSA_WITH_NULL_SHA,TLS_ECDH_ECDSA_WITH_NULL_SHA],SSL_RSA_WITH_NULL_S...&gt;
	at org.junit.Assert.assertEquals(Assert.java:115)
	at org.apache.tomcat.util.net.jsse.openssl.TestOpenSSLCipherConfigurationParser.testSpecification(TestOpenSSLCipherConfigurationParser.java:499)
	at org.apache.tomcat.util.net.jsse.openssl.TestOpenSSLCipherConfigurationParser.testSSLv3(TestOpenSSLCipherConfigurationParser.java:292)
	at sun.reflect.NativeMethodAccessorImpl.invoke0(Native Method)
	at sun.reflect.NativeMethodAccessorImpl.invoke(NativeMethodAccessorImpl.java:62)
	at sun.reflect.DelegatingMethodAccessorImpl.invoke(DelegatingMethodAccessorImpl.java:43)
	at java.lang.reflect.Method.invoke(Method.java:483)
	at org.junit.runners.model.FrameworkMethod$1.runReflectiveCall(FrameworkMethod.java:50)
	at org.junit.internal.runners.model.ReflectiveCallable.run(ReflectiveCallable.java:12)
	at org.junit.runners.model.FrameworkMethod.invokeExplosively(FrameworkMethod.java:47)
	at org.junit.internal.runners.statements.InvokeMethod.evaluate(InvokeMethod.java:17)
	at org.junit.internal.runners.statements.RunBefores.evaluate(RunBefores.java:26)
	at org.junit.runners.ParentRunner.runLeaf(ParentRunner.java:325)
	at org.junit.runners.BlockJUnit4ClassRunner.runChild(BlockJUnit4ClassRunner.java:78)
	at org.junit.runners.BlockJUnit4ClassRunner.runChild(BlockJUnit4ClassRunner.java:57)
	at org.junit.runners.ParentRunner$3.run(ParentRunner.java:290)
	at org.junit.runners.ParentRunner$1.schedule(ParentRunner.java:71)
	at org.junit.runners.ParentRunner.runChildren(ParentRunner.java:288)
	at org.junit.runners.ParentRunner.access$000(ParentRunner.java:58)
	at org.junit.runners.ParentRunner$2.evaluate(ParentRunner.java:268)
	at org.junit.runners.ParentRunner.run(ParentRunner.java:363)
	at org.apache.maven.surefire.junit4.JUnit4TestSet.execute(JUnit4TestSet.java:53)
	at org.apache.maven.surefire.junit4.JUnit4Provider.executeTestSet(JUnit4Provider.java:123)
	at org.apache.maven.surefire.junit4.JUnit4Provider.invoke(JUnit4Provider.java:104)
	at sun.reflect.NativeMethodAccessorImpl.invoke0(Native Method)
	at sun.reflect.NativeMethodAccessorImpl.invoke(NativeMethodAccessorImpl.java:62)
	at sun.reflect.DelegatingMethodAccessorImpl.invoke(DelegatingMethodAccessorImpl.java:43)
	at java.lang.reflect.Method.invoke(Method.java:483)
	at org.apache.maven.surefire.util.ReflectionUtils.invokeMethodWithArray(ReflectionUtils.java:164)
	at org.apache.maven.surefire.booter.ProviderFactory$ProviderProxy.invoke(ProviderFactory.java:110)
	at org.apache.maven.surefire.booter.SurefireStarter.invokeProvider(SurefireStarter.java:175)
	at org.apache.maven.surefire.booter.SurefireStarter.runSuitesInProcessWhenForked(SurefireStarter.java:107)
	at org.apache.maven.surefire.booter.ForkedBooter.main(ForkedBooter.java:68)
</failure>
  </testcase>
  <testcase classname="org.apache.tomcat.util.net.jsse.openssl.TestOpenSSLCipherConfigurationParser" name="testTLSv1" time="0.006">
    <failure message="Tested &apos;TLSv1&apos;:  expected:&lt;TLS_[DHE_RSA_WITH_AES_256_CBC_SHA,TLS_DHE_DSS_WITH_AES_256_CBC_SHA,TLS_DH_anon_WITH_AES_256_CBC_SHA,TLS_RSA_WITH_AES_256_CBC_SHA,SSL_DHE_RSA_WITH_3DES_EDE_CBC_SHA,TLS_DHE_RSA_WITH_3DES_EDE_CBC_SHA,TLS_DHE_DSS_WITH_3DES_EDE_CBC_SHA,SSL_DHE_DSS_WITH_3DES_EDE_CBC_SHA,TLS_DH_anon_WITH_3DES_EDE_CBC_SHA,SSL_DH_anon_WITH_3DES_EDE_CBC_SHA,TLS_RSA_WITH_3DES_EDE_CBC_SHA,SSL_RSA_WITH_3DES_EDE_CBC_SHA,TLS_DHE_RSA_WITH_AES_128_CBC_SHA,TLS_DHE_DSS_WITH_AES_128_CBC_SHA,TLS_DHE_RSA_WITH_SEED_CBC_SHA,TLS_DHE_DSS_WITH_SEED_CBC_SHA,TLS_DH_anon_WITH_AES_128_CBC_SHA,TLS_DH_anon_WITH_SEED_CBC_SHA,TLS_RSA_WITH_AES_128_CBC_SHA,TLS_RSA_WITH_SEED_CBC_SHA,SSL_DH_anon_WITH_RC4_128_MD5,TLS_DH_anon_WITH_RC4_128_MD5,TLS_RSA_WITH_RC4_128_SHA,SSL_RSA_WITH_RC4_128_SHA,SSL_RSA_WITH_RC4_128_MD5,TLS_RSA_WITH_RC4_128_MD5,SSL_DHE_RSA_WITH_DES_CBC_SHA,TLS_DHE_RSA_WITH_DES_CBC_SHA,SSL_DHE_DSS_WITH_DES_CBC_SHA,TLS_DHE_DSS_WITH_DES_CBC_SHA,TLS_DH_anon_WITH_DES_CBC_SHA,SSL_DH_anon_WITH_DES_CBC_SHA,SSL_RSA_WITH_DES_CBC_SHA,TLS_RSA_WITH_DES_CBC_SHA,SSL_DHE_RSA_EXPORT_WITH_DES40_CBC_SHA,TLS_DHE_RSA_EXPORT_WITH_DES40_CBC_SHA,SSL_DHE_DSS_EXPORT_WITH_DES40_CBC_SHA,TLS_DHE_DSS_EXPORT_WITH_DES40_CBC_SHA,TLS_DH_anon_EXPORT_WITH_DES40_CBC_SHA,SSL_DH_anon_EXPORT_WITH_DES40_CBC_SHA,TLS_RSA_EXPORT_WITH_DES40_CBC_SHA,SSL_RSA_EXPORT_WITH_DES40_CBC_SHA,SSL_RSA_EXPORT_WITH_RC2_CBC_40_MD5,TLS_RSA_EXPORT_WITH_RC2_CBC_40_MD5,SSL_DH_anon_EXPORT_WITH_RC4_40_MD5,TLS_DH_anon_EXPORT_WITH_RC4_40_MD5,TLS_RSA_EXPORT_WITH_RC4_40_MD5,SSL_RSA_EXPORT_WITH_RC4_40_MD5],SSL_RSA_WITH_NULL_S...&gt; but was:&lt;TLS_[ECDHE_RSA_WITH_AES_256_CBC_SHA,TLS_ECDHE_ECDSA_WITH_AES_256_CBC_SHA,TLS_SRP_SHA_DSS_WITH_AES_256_CBC_SHA,TLS_SRP_SHA_RSA_WITH_AES_256_CBC_SHA,TLS_SRP_SHA_WITH_AES_256_CBC_SHA,TLS_DHE_RSA_WITH_AES_256_CBC_SHA,TLS_DHE_DSS_WITH_AES_256_CBC_SHA,TLS_DH_RSA_WITH_AES_256_CBC_SHA,TLS_DH_DSS_WITH_AES_256_CBC_SHA,TLS_DHE_RSA_WITH_CAMELLIA_256_CBC_SHA,TLS_DHE_DSS_WITH_CAMELLIA_256_CBC_SHA,TLS_DH_RSA_WITH_CAMELLIA_256_CBC_SHA,TLS_DH_DSS_WITH_CAMELLIA_256_CBC_SHA,TLS_ECDH_anon_WITH_AES_256_CBC_SHA,TLS_DH_anon_WITH_AES_256_CBC_SHA,TLS_DH_anon_WITH_CAMELLIA_256_CBC_SHA,TLS_ECDH_RSA_WITH_AES_256_CBC_SHA,TLS_ECDH_ECDSA_WITH_AES_256_CBC_SHA,TLS_RSA_WITH_AES_256_CBC_SHA,TLS_RSA_WITH_CAMELLIA_256_CBC_SHA,TLS_PSK_WITH_AES_256_CBC_SHA,TLS_ECDHE_RSA_WITH_3DES_EDE_CBC_SHA,TLS_ECDHE_ECDSA_WITH_3DES_EDE_CBC_SHA,TLS_SRP_SHA_DSS_WITH_3DES_EDE_CBC_SHA,TLS_SRP_SHA_RSA_WITH_3DES_EDE_CBC_SHA,TLS_SRP_SHA_WITH_3DES_EDE_CBC_SHA,SSL_DHE_RSA_WITH_3DES_EDE_CBC_SHA,TLS_DHE_RSA_WITH_3DES_EDE_CBC_SHA,TLS_DHE_DSS_WITH_3DES_EDE_CBC_SHA,SSL_DHE_DSS_WITH_3DES_EDE_CBC_SHA,TLS_DH_RSA_WITH_3DES_EDE_CBC_SHA,SSL_DH_RSA_WITH_3DES_EDE_CBC_SHA,TLS_DH_DSS_WITH_3DES_EDE_CBC_SHA,SSL_DH_DSS_WITH_3DES_EDE_CBC_SHA,TLS_ECDH_anon_WITH_3DES_EDE_CBC_SHA,TLS_DH_anon_WITH_3DES_EDE_CBC_SHA,SSL_DH_anon_WITH_3DES_EDE_CBC_SHA,TLS_ECDH_RSA_WITH_3DES_EDE_CBC_SHA,TLS_ECDH_ECDSA_WITH_3DES_EDE_CBC_SHA,TLS_RSA_WITH_3DES_EDE_CBC_SHA,SSL_RSA_WITH_3DES_EDE_CBC_SHA,TLS_PSK_WITH_3DES_EDE_CBC_SHA,TLS_ECDHE_RSA_WITH_AES_128_CBC_SHA,TLS_ECDHE_ECDSA_WITH_AES_128_CBC_SHA,TLS_SRP_SHA_DSS_WITH_AES_128_CBC_SHA,TLS_SRP_SHA_RSA_WITH_AES_128_CBC_SHA,TLS_SRP_SHA_WITH_AES_128_CBC_SHA,TLS_DHE_RSA_WITH_AES_128_CBC_SHA,TLS_DHE_DSS_WITH_AES_128_CBC_SHA,TLS_DH_RSA_WITH_AES_128_CBC_SHA,TLS_DH_DSS_WITH_AES_128_CBC_SHA,TLS_DHE_RSA_WITH_SEED_CBC_SHA,TLS_DHE_DSS_WITH_SEED_CBC_SHA,TLS_DH_RSA_WITH_SEED_CBC_SHA,TLS_DH_DSS_WITH_SEED_CBC_SHA,TLS_DHE_RSA_WITH_CAMELLIA_128_CBC_SHA,TLS_DHE_DSS_WITH_CAMELLIA_128_CBC_SHA,TLS_DH_RSA_WITH_CAMELLIA_128_CBC_SHA,TLS_DH_DSS_WITH_CAMELLIA_128_CBC_SHA,TLS_ECDH_anon_WITH_AES_128_CBC_SHA,TLS_DH_anon_WITH_AES_128_CBC_SHA,TLS_DH_anon_WITH_SEED_CBC_SHA,TLS_DH_anon_WITH_CAMELLIA_128_CBC_SHA,TLS_ECDH_RSA_WITH_AES_128_CBC_SHA,TLS_ECDH_ECDSA_WITH_AES_128_CBC_SHA,TLS_RSA_WITH_AES_128_CBC_SHA,TLS_RSA_WITH_SEED_CBC_SHA,TLS_RSA_WITH_CAMELLIA_128_CBC_SHA,SSL_RSA_WITH_IDEA_CBC_SHA,TLS_RSA_WITH_IDEA_CBC_SHA,TLS_PSK_WITH_AES_128_CBC_SHA,TLS_ECDHE_RSA_WITH_RC4_128_SHA,TLS_ECDHE_ECDSA_WITH_RC4_128_SHA,TLS_ECDH_anon_WITH_RC4_128_SHA,SSL_DH_anon_WITH_RC4_128_MD5,TLS_DH_anon_WITH_RC4_128_MD5,TLS_ECDH_RSA_WITH_RC4_128_SHA,TLS_ECDH_ECDSA_WITH_RC4_128_SHA,TLS_RSA_WITH_RC4_128_SHA,SSL_RSA_WITH_RC4_128_SHA,SSL_RSA_WITH_RC4_128_MD5,TLS_RSA_WITH_RC4_128_MD5,TLS_PSK_WITH_RC4_128_SHA,SSL_DHE_RSA_WITH_DES_CBC_SHA,TLS_DHE_RSA_WITH_DES_CBC_SHA,SSL_DHE_DSS_WITH_DES_CBC_SHA,TLS_DHE_DSS_WITH_DES_CBC_SHA,SSL_DH_RSA_WITH_DES_CBC_SHA,TLS_DH_RSA_WITH_DES_CBC_SHA,SSL_DH_DSS_WITH_DES_CBC_SHA,TLS_DH_DSS_WITH_DES_CBC_SHA,TLS_DH_anon_WITH_DES_CBC_SHA,SSL_DH_anon_WITH_DES_CBC_SHA,SSL_RSA_WITH_DES_CBC_SHA,TLS_RSA_WITH_DES_CBC_SHA,SSL_DHE_RSA_EXPORT_WITH_DES40_CBC_SHA,TLS_DHE_RSA_EXPORT_WITH_DES40_CBC_SHA,SSL_DHE_DSS_EXPORT_WITH_DES40_CBC_SHA,TLS_DHE_DSS_EXPORT_WITH_DES40_CBC_SHA,SSL_DH_RSA_EXPORT_WITH_DES40_CBC_SHA,TLS_DH_RSA_EXPORT_WITH_DES40_CBC_SHA,SSL_DH_DSS_EXPORT_WITH_DES40_CBC_SHA,TLS_DH_DSS_EXPORT_WITH_DES40_CBC_SHA,TLS_DH_anon_EXPORT_WITH_DES40_CBC_SHA,SSL_DH_anon_EXPORT_WITH_DES40_CBC_SHA,TLS_RSA_EXPORT_WITH_DES40_CBC_SHA,SSL_RSA_EXPORT_WITH_DES40_CBC_SHA,SSL_RSA_EXPORT_WITH_RC2_CBC_40_MD5,TLS_RSA_EXPORT_WITH_RC2_CBC_40_MD5,SSL_DH_anon_EXPORT_WITH_RC4_40_MD5,TLS_DH_anon_EXPORT_WITH_RC4_40_MD5,TLS_RSA_EXPORT_WITH_RC4_40_MD5,SSL_RSA_EXPORT_WITH_RC4_40_MD5,TLS_ECDHE_RSA_WITH_NULL_SHA,TLS_ECDHE_ECDSA_WITH_NULL_SHA,TLS_ECDH_anon_WITH_NULL_SHA,TLS_ECDH_RSA_WITH_NULL_SHA,TLS_ECDH_ECDSA_WITH_NULL_SHA],SSL_RSA_WITH_NULL_S...&gt;" type="org.junit.ComparisonFailure">org.junit.ComparisonFailure: Tested &apos;TLSv1&apos;:  expected:&lt;TLS_[DHE_RSA_WITH_AES_256_CBC_SHA,TLS_DHE_DSS_WITH_AES_256_CBC_SHA,TLS_DH_anon_WITH_AES_256_CBC_SHA,TLS_RSA_WITH_AES_256_CBC_SHA,SSL_DHE_RSA_WITH_3DES_EDE_CBC_SHA,TLS_DHE_RSA_WITH_3DES_EDE_CBC_SHA,TLS_DHE_DSS_WITH_3DES_EDE_CBC_SHA,SSL_DHE_DSS_WITH_3DES_EDE_CBC_SHA,TLS_DH_anon_WITH_3DES_EDE_CBC_SHA,SSL_DH_anon_WITH_3DES_EDE_CBC_SHA,TLS_RSA_WITH_3DES_EDE_CBC_SHA,SSL_RSA_WITH_3DES_EDE_CBC_SHA,TLS_DHE_RSA_WITH_AES_128_CBC_SHA,TLS_DHE_DSS_WITH_AES_128_CBC_SHA,TLS_DHE_RSA_WITH_SEED_CBC_SHA,TLS_DHE_DSS_WITH_SEED_CBC_SHA,TLS_DH_anon_WITH_AES_128_CBC_SHA,TLS_DH_anon_WITH_SEED_CBC_SHA,TLS_RSA_WITH_AES_128_CBC_SHA,TLS_RSA_WITH_SEED_CBC_SHA,SSL_DH_anon_WITH_RC4_128_MD5,TLS_DH_anon_WITH_RC4_128_MD5,TLS_RSA_WITH_RC4_128_SHA,SSL_RSA_WITH_RC4_128_SHA,SSL_RSA_WITH_RC4_128_MD5,TLS_RSA_WITH_RC4_128_MD5,SSL_DHE_RSA_WITH_DES_CBC_SHA,TLS_DHE_RSA_WITH_DES_CBC_SHA,SSL_DHE_DSS_WITH_DES_CBC_SHA,TLS_DHE_DSS_WITH_DES_CBC_SHA,TLS_DH_anon_WITH_DES_CBC_SHA,SSL_DH_anon_WITH_DES_CBC_SHA,SSL_RSA_WITH_DES_CBC_SHA,TLS_RSA_WITH_DES_CBC_SHA,SSL_DHE_RSA_EXPORT_WITH_DES40_CBC_SHA,TLS_DHE_RSA_EXPORT_WITH_DES40_CBC_SHA,SSL_DHE_DSS_EXPORT_WITH_DES40_CBC_SHA,TLS_DHE_DSS_EXPORT_WITH_DES40_CBC_SHA,TLS_DH_anon_EXPORT_WITH_DES40_CBC_SHA,SSL_DH_anon_EXPORT_WITH_DES40_CBC_SHA,TLS_RSA_EXPORT_WITH_DES40_CBC_SHA,SSL_RSA_EXPORT_WITH_DES40_CBC_SHA,SSL_RSA_EXPORT_WITH_RC2_CBC_40_MD5,TLS_RSA_EXPORT_WITH_RC2_CBC_40_MD5,SSL_DH_anon_EXPORT_WITH_RC4_40_MD5,TLS_DH_anon_EXPORT_WITH_RC4_40_MD5,TLS_RSA_EXPORT_WITH_RC4_40_MD5,SSL_RSA_EXPORT_WITH_RC4_40_MD5],SSL_RSA_WITH_NULL_S...&gt; but was:&lt;TLS_[ECDHE_RSA_WITH_AES_256_CBC_SHA,TLS_ECDHE_ECDSA_WITH_AES_256_CBC_SHA,TLS_SRP_SHA_DSS_WITH_AES_256_CBC_SHA,TLS_SRP_SHA_RSA_WITH_AES_256_CBC_SHA,TLS_SRP_SHA_WITH_AES_256_CBC_SHA,TLS_DHE_RSA_WITH_AES_256_CBC_SHA,TLS_DHE_DSS_WITH_AES_256_CBC_SHA,TLS_DH_RSA_WITH_AES_256_CBC_SHA,TLS_DH_DSS_WITH_AES_256_CBC_SHA,TLS_DHE_RSA_WITH_CAMELLIA_256_CBC_SHA,TLS_DHE_DSS_WITH_CAMELLIA_256_CBC_SHA,TLS_DH_RSA_WITH_CAMELLIA_256_CBC_SHA,TLS_DH_DSS_WITH_CAMELLIA_256_CBC_SHA,TLS_ECDH_anon_WITH_AES_256_CBC_SHA,TLS_DH_anon_WITH_AES_256_CBC_SHA,TLS_DH_anon_WITH_CAMELLIA_256_CBC_SHA,TLS_ECDH_RSA_WITH_AES_256_CBC_SHA,TLS_ECDH_ECDSA_WITH_AES_256_CBC_SHA,TLS_RSA_WITH_AES_256_CBC_SHA,TLS_RSA_WITH_CAMELLIA_256_CBC_SHA,TLS_PSK_WITH_AES_256_CBC_SHA,TLS_ECDHE_RSA_WITH_3DES_EDE_CBC_SHA,TLS_ECDHE_ECDSA_WITH_3DES_EDE_CBC_SHA,TLS_SRP_SHA_DSS_WITH_3DES_EDE_CBC_SHA,TLS_SRP_SHA_RSA_WITH_3DES_EDE_CBC_SHA,TLS_SRP_SHA_WITH_3DES_EDE_CBC_SHA,SSL_DHE_RSA_WITH_3DES_EDE_CBC_SHA,TLS_DHE_RSA_WITH_3DES_EDE_CBC_SHA,TLS_DHE_DSS_WITH_3DES_EDE_CBC_SHA,SSL_DHE_DSS_WITH_3DES_EDE_CBC_SHA,TLS_DH_RSA_WITH_3DES_EDE_CBC_SHA,SSL_DH_RSA_WITH_3DES_EDE_CBC_SHA,TLS_DH_DSS_WITH_3DES_EDE_CBC_SHA,SSL_DH_DSS_WITH_3DES_EDE_CBC_SHA,TLS_ECDH_anon_WITH_3DES_EDE_CBC_SHA,TLS_DH_anon_WITH_3DES_EDE_CBC_SHA,SSL_DH_anon_WITH_3DES_EDE_CBC_SHA,TLS_ECDH_RSA_WITH_3DES_EDE_CBC_SHA,TLS_ECDH_ECDSA_WITH_3DES_EDE_CBC_SHA,TLS_RSA_WITH_3DES_EDE_CBC_SHA,SSL_RSA_WITH_3DES_EDE_CBC_SHA,TLS_PSK_WITH_3DES_EDE_CBC_SHA,TLS_ECDHE_RSA_WITH_AES_128_CBC_SHA,TLS_ECDHE_ECDSA_WITH_AES_128_CBC_SHA,TLS_SRP_SHA_DSS_WITH_AES_128_CBC_SHA,TLS_SRP_SHA_RSA_WITH_AES_128_CBC_SHA,TLS_SRP_SHA_WITH_AES_128_CBC_SHA,TLS_DHE_RSA_WITH_AES_128_CBC_SHA,TLS_DHE_DSS_WITH_AES_128_CBC_SHA,TLS_DH_RSA_WITH_AES_128_CBC_SHA,TLS_DH_DSS_WITH_AES_128_CBC_SHA,TLS_DHE_RSA_WITH_SEED_CBC_SHA,TLS_DHE_DSS_WITH_SEED_CBC_SHA,TLS_DH_RSA_WITH_SEED_CBC_SHA,TLS_DH_DSS_WITH_SEED_CBC_SHA,TLS_DHE_RSA_WITH_CAMELLIA_128_CBC_SHA,TLS_DHE_DSS_WITH_CAMELLIA_128_CBC_SHA,TLS_DH_RSA_WITH_CAMELLIA_128_CBC_SHA,TLS_DH_DSS_WITH_CAMELLIA_128_CBC_SHA,TLS_ECDH_anon_WITH_AES_128_CBC_SHA,TLS_DH_anon_WITH_AES_128_CBC_SHA,TLS_DH_anon_WITH_SEED_CBC_SHA,TLS_DH_anon_WITH_CAMELLIA_128_CBC_SHA,TLS_ECDH_RSA_WITH_AES_128_CBC_SHA,TLS_ECDH_ECDSA_WITH_AES_128_CBC_SHA,TLS_RSA_WITH_AES_128_CBC_SHA,TLS_RSA_WITH_SEED_CBC_SHA,TLS_RSA_WITH_CAMELLIA_128_CBC_SHA,SSL_RSA_WITH_IDEA_CBC_SHA,TLS_RSA_WITH_IDEA_CBC_SHA,TLS_PSK_WITH_AES_128_CBC_SHA,TLS_ECDHE_RSA_WITH_RC4_128_SHA,TLS_ECDHE_ECDSA_WITH_RC4_128_SHA,TLS_ECDH_anon_WITH_RC4_128_SHA,SSL_DH_anon_WITH_RC4_128_MD5,TLS_DH_anon_WITH_RC4_128_MD5,TLS_ECDH_RSA_WITH_RC4_128_SHA,TLS_ECDH_ECDSA_WITH_RC4_128_SHA,TLS_RSA_WITH_RC4_128_SHA,SSL_RSA_WITH_RC4_128_SHA,SSL_RSA_WITH_RC4_128_MD5,TLS_RSA_WITH_RC4_128_MD5,TLS_PSK_WITH_RC4_128_SHA,SSL_DHE_RSA_WITH_DES_CBC_SHA,TLS_DHE_RSA_WITH_DES_CBC_SHA,SSL_DHE_DSS_WITH_DES_CBC_SHA,TLS_DHE_DSS_WITH_DES_CBC_SHA,SSL_DH_RSA_WITH_DES_CBC_SHA,TLS_DH_RSA_WITH_DES_CBC_SHA,SSL_DH_DSS_WITH_DES_CBC_SHA,TLS_DH_DSS_WITH_DES_CBC_SHA,TLS_DH_anon_WITH_DES_CBC_SHA,SSL_DH_anon_WITH_DES_CBC_SHA,SSL_RSA_WITH_DES_CBC_SHA,TLS_RSA_WITH_DES_CBC_SHA,SSL_DHE_RSA_EXPORT_WITH_DES40_CBC_SHA,TLS_DHE_RSA_EXPORT_WITH_DES40_CBC_SHA,SSL_DHE_DSS_EXPORT_WITH_DES40_CBC_SHA,TLS_DHE_DSS_EXPORT_WITH_DES40_CBC_SHA,SSL_DH_RSA_EXPORT_WITH_DES40_CBC_SHA,TLS_DH_RSA_EXPORT_WITH_DES40_CBC_SHA,SSL_DH_DSS_EXPORT_WITH_DES40_CBC_SHA,TLS_DH_DSS_EXPORT_WITH_DES40_CBC_SHA,TLS_DH_anon_EXPORT_WITH_DES40_CBC_SHA,SSL_DH_anon_EXPORT_WITH_DES40_CBC_SHA,TLS_RSA_EXPORT_WITH_DES40_CBC_SHA,SSL_RSA_EXPORT_WITH_DES40_CBC_SHA,SSL_RSA_EXPORT_WITH_RC2_CBC_40_MD5,TLS_RSA_EXPORT_WITH_RC2_CBC_40_MD5,SSL_DH_anon_EXPORT_WITH_RC4_40_MD5,TLS_DH_anon_EXPORT_WITH_RC4_40_MD5,TLS_RSA_EXPORT_WITH_RC4_40_MD5,SSL_RSA_EXPORT_WITH_RC4_40_MD5,TLS_ECDHE_RSA_WITH_NULL_SHA,TLS_ECDHE_ECDSA_WITH_NULL_SHA,TLS_ECDH_anon_WITH_NULL_SHA,TLS_ECDH_RSA_WITH_NULL_SHA,TLS_ECDH_ECDSA_WITH_NULL_SHA],SSL_RSA_WITH_NULL_S...&gt;
	at org.junit.Assert.assertEquals(Assert.java:115)
	at org.apache.tomcat.util.net.jsse.openssl.TestOpenSSLCipherConfigurationParser.testSpecification(TestOpenSSLCipherConfigurationParser.java:499)
	at org.apache.tomcat.util.net.jsse.openssl.TestOpenSSLCipherConfigurationParser.testTLSv1(TestOpenSSLCipherConfigurationParser.java:280)
	at sun.reflect.NativeMethodAccessorImpl.invoke0(Native Method)
	at sun.reflect.NativeMethodAccessorImpl.invoke(NativeMethodAccessorImpl.java:62)
	at sun.reflect.DelegatingMethodAccessorImpl.invoke(DelegatingMethodAccessorImpl.java:43)
	at java.lang.reflect.Method.invoke(Method.java:483)
	at org.junit.runners.model.FrameworkMethod$1.runReflectiveCall(FrameworkMethod.java:50)
	at org.junit.internal.runners.model.ReflectiveCallable.run(ReflectiveCallable.java:12)
	at org.junit.runners.model.FrameworkMethod.invokeExplosively(FrameworkMethod.java:47)
	at org.junit.internal.runners.statements.InvokeMethod.evaluate(InvokeMethod.java:17)
	at org.junit.internal.runners.statements.RunBefores.evaluate(RunBefores.java:26)
	at org.junit.runners.ParentRunner.runLeaf(ParentRunner.java:325)
	at org.junit.runners.BlockJUnit4ClassRunner.runChild(BlockJUnit4ClassRunner.java:78)
	at org.junit.runners.BlockJUnit4ClassRunner.runChild(BlockJUnit4ClassRunner.java:57)
	at org.junit.runners.ParentRunner$3.run(ParentRunner.java:290)
	at org.junit.runners.ParentRunner$1.schedule(ParentRunner.java:71)
	at org.junit.runners.ParentRunner.runChildren(ParentRunner.java:288)
	at org.junit.runners.ParentRunner.access$000(ParentRunner.java:58)
	at org.junit.runners.ParentRunner$2.evaluate(ParentRunner.java:268)
	at org.junit.runners.ParentRunner.run(ParentRunner.java:363)
	at org.apache.maven.surefire.junit4.JUnit4TestSet.execute(JUnit4TestSet.java:53)
	at org.apache.maven.surefire.junit4.JUnit4Provider.executeTestSet(JUnit4Provider.java:123)
	at org.apache.maven.surefire.junit4.JUnit4Provider.invoke(JUnit4Provider.java:104)
	at sun.reflect.NativeMethodAccessorImpl.invoke0(Native Method)
	at sun.reflect.NativeMethodAccessorImpl.invoke(NativeMethodAccessorImpl.java:62)
	at sun.reflect.DelegatingMethodAccessorImpl.invoke(DelegatingMethodAccessorImpl.java:43)
	at java.lang.reflect.Method.invoke(Method.java:483)
	at org.apache.maven.surefire.util.ReflectionUtils.invokeMethodWithArray(ReflectionUtils.java:164)
	at org.apache.maven.surefire.booter.ProviderFactory$ProviderProxy.invoke(ProviderFactory.java:110)
	at org.apache.maven.surefire.booter.SurefireStarter.invokeProvider(SurefireStarter.java:175)
	at org.apache.maven.surefire.booter.SurefireStarter.runSuitesInProcessWhenForked(SurefireStarter.java:107)
	at org.apache.maven.surefire.booter.ForkedBooter.main(ForkedBooter.java:68)
</failure>
  </testcase>
  <testcase classname="org.apache.tomcat.util.net.jsse.openssl.TestOpenSSLCipherConfigurationParser" name="testaECDH" time="0.005">
    <failure message="Tested &apos;aECDH&apos;:  expected:&lt;[]&gt; but was:&lt;[TLS_ECDH_RSA_WITH_AES_256_GCM_SHA384,TLS_ECDH_ECDSA_WITH_AES_256_GCM_SHA384,TLS_ECDH_RSA_WITH_AES_256_CBC_SHA384,TLS_ECDH_ECDSA_WITH_AES_256_CBC_SHA384,TLS_ECDH_RSA_WITH_AES_256_CBC_SHA,TLS_ECDH_ECDSA_WITH_AES_256_CBC_SHA,TLS_ECDH_RSA_WITH_3DES_EDE_CBC_SHA,TLS_ECDH_ECDSA_WITH_3DES_EDE_CBC_SHA,TLS_ECDH_RSA_WITH_AES_128_GCM_SHA256,TLS_ECDH_ECDSA_WITH_AES_128_GCM_SHA256,TLS_ECDH_RSA_WITH_AES_128_CBC_SHA256,TLS_ECDH_ECDSA_WITH_AES_128_CBC_SHA256,TLS_ECDH_RSA_WITH_AES_128_CBC_SHA,TLS_ECDH_ECDSA_WITH_AES_128_CBC_SHA,TLS_ECDH_RSA_WITH_RC4_128_SHA,TLS_ECDH_ECDSA_WITH_RC4_128_SHA,TLS_ECDH_RSA_WITH_NULL_SHA,TLS_ECDH_ECDSA_WITH_NULL_SHA,]&gt;" type="org.junit.ComparisonFailure">org.junit.ComparisonFailure: Tested &apos;aECDH&apos;:  expected:&lt;[]&gt; but was:&lt;[TLS_ECDH_RSA_WITH_AES_256_GCM_SHA384,TLS_ECDH_ECDSA_WITH_AES_256_GCM_SHA384,TLS_ECDH_RSA_WITH_AES_256_CBC_SHA384,TLS_ECDH_ECDSA_WITH_AES_256_CBC_SHA384,TLS_ECDH_RSA_WITH_AES_256_CBC_SHA,TLS_ECDH_ECDSA_WITH_AES_256_CBC_SHA,TLS_ECDH_RSA_WITH_3DES_EDE_CBC_SHA,TLS_ECDH_ECDSA_WITH_3DES_EDE_CBC_SHA,TLS_ECDH_RSA_WITH_AES_128_GCM_SHA256,TLS_ECDH_ECDSA_WITH_AES_128_GCM_SHA256,TLS_ECDH_RSA_WITH_AES_128_CBC_SHA256,TLS_ECDH_ECDSA_WITH_AES_128_CBC_SHA256,TLS_ECDH_RSA_WITH_AES_128_CBC_SHA,TLS_ECDH_ECDSA_WITH_AES_128_CBC_SHA,TLS_ECDH_RSA_WITH_RC4_128_SHA,TLS_ECDH_ECDSA_WITH_RC4_128_SHA,TLS_ECDH_RSA_WITH_NULL_SHA,TLS_ECDH_ECDSA_WITH_NULL_SHA,]&gt;
	at org.junit.Assert.assertEquals(Assert.java:115)
	at org.apache.tomcat.util.net.jsse.openssl.TestOpenSSLCipherConfigurationParser.testSpecification(TestOpenSSLCipherConfigurationParser.java:499)
	at org.apache.tomcat.util.net.jsse.openssl.TestOpenSSLCipherConfigurationParser.testaECDH(TestOpenSSLCipherConfigurationParser.java:232)
	at sun.reflect.NativeMethodAccessorImpl.invoke0(Native Method)
	at sun.reflect.NativeMethodAccessorImpl.invoke(NativeMethodAccessorImpl.java:62)
	at sun.reflect.DelegatingMethodAccessorImpl.invoke(DelegatingMethodAccessorImpl.java:43)
	at java.lang.reflect.Method.invoke(Method.java:483)
	at org.junit.runners.model.FrameworkMethod$1.runReflectiveCall(FrameworkMethod.java:50)
	at org.junit.internal.runners.model.ReflectiveCallable.run(ReflectiveCallable.java:12)
	at org.junit.runners.model.FrameworkMethod.invokeExplosively(FrameworkMethod.java:47)
	at org.junit.internal.runners.statements.InvokeMethod.evaluate(InvokeMethod.java:17)
	at org.junit.internal.runners.statements.RunBefores.evaluate(RunBefores.java:26)
	at org.junit.runners.ParentRunner.runLeaf(ParentRunner.java:325)
	at org.junit.runners.BlockJUnit4ClassRunner.runChild(BlockJUnit4ClassRunner.java:78)
	at org.junit.runners.BlockJUnit4ClassRunner.runChild(BlockJUnit4ClassRunner.java:57)
	at org.junit.runners.ParentRunner$3.run(ParentRunner.java:290)
	at org.junit.runners.ParentRunner$1.schedule(ParentRunner.java:71)
	at org.junit.runners.ParentRunner.runChildren(ParentRunner.java:288)
	at org.junit.runners.ParentRunner.access$000(ParentRunner.java:58)
	at org.junit.runners.ParentRunner$2.evaluate(ParentRunner.java:268)
	at org.junit.runners.ParentRunner.run(ParentRunner.java:363)
	at org.apache.maven.surefire.junit4.JUnit4TestSet.execute(JUnit4TestSet.java:53)
	at org.apache.maven.surefire.junit4.JUnit4Provider.executeTestSet(JUnit4Provider.java:123)
	at org.apache.maven.surefire.junit4.JUnit4Provider.invoke(JUnit4Provider.java:104)
	at sun.reflect.NativeMethodAccessorImpl.invoke0(Native Method)
	at sun.reflect.NativeMethodAccessorImpl.invoke(NativeMethodAccessorImpl.java:62)
	at sun.reflect.DelegatingMethodAccessorImpl.invoke(DelegatingMethodAccessorImpl.java:43)
	at java.lang.reflect.Method.invoke(Method.java:483)
	at org.apache.maven.surefire.util.ReflectionUtils.invokeMethodWithArray(ReflectionUtils.java:164)
	at org.apache.maven.surefire.booter.ProviderFactory$ProviderProxy.invoke(ProviderFactory.java:110)
	at org.apache.maven.surefire.booter.SurefireStarter.invokeProvider(SurefireStarter.java:175)
	at org.apache.maven.surefire.booter.SurefireStarter.runSuitesInProcessWhenForked(SurefireStarter.java:107)
	at org.apache.maven.surefire.booter.ForkedBooter.main(ForkedBooter.java:68)
</failure>
    <system-err>Error in cipher list
5299:error:1410D0B9:SSL routines:SSL_CTX_set_cipher_list:no cipher match:/SourceCache/OpenSSL098/OpenSSL098-52.10.1/src/ssl/ssl_lib.c:1223:

</system-err>
  </testcase>
  <testcase classname="org.apache.tomcat.util.net.jsse.openssl.TestOpenSSLCipherConfigurationParser" name="testaGOST" time="0.005"/>
  <testcase classname="org.apache.tomcat.util.net.jsse.openssl.TestOpenSSLCipherConfigurationParser" name="testaNULL" time="0.005">
    <failure message="Tested &apos;aNULL&apos;:  expected:&lt;...H_anon_WITH_AES_256_[CBC_SHA,TLS_ECDH_anon_WITH_3DES_EDE_CBC_SHA,TLS_DH_anon_WITH_3DES_EDE_CBC_SHA,SSL_DH_anon_WITH_3DES_EDE_CBC_SHA,TLS_ECDH_anon_WITH_AES_128_CBC_SHA,TLS_DH_anon_WITH_AES_128_CBC_SHA,TLS_DH_anon_WITH_SEED]_CBC_SHA,TLS_ECDH_an...&gt; but was:&lt;...H_anon_WITH_AES_256_[GCM_SHA384,TLS_DH_anon_WITH_AES_256_CBC_SHA256,TLS_DH_anon_WITH_AES_256_CBC_SHA,TLS_DH_anon_WITH_CAMELLIA_256_CBC_SHA,TLS_ECDH_anon_WITH_3DES_EDE_CBC_SHA,TLS_DH_anon_WITH_3DES_EDE_CBC_SHA,SSL_DH_anon_WITH_3DES_EDE_CBC_SHA,TLS_ECDH_anon_WITH_AES_128_CBC_SHA,TLS_DH_anon_WITH_AES_128_GCM_SHA256,TLS_DH_anon_WITH_AES_128_CBC_SHA256,TLS_DH_anon_WITH_AES_128_CBC_SHA,TLS_DH_anon_WITH_SEED_CBC_SHA,TLS_DH_anon_WITH_CAMELLIA_128]_CBC_SHA,TLS_ECDH_an...&gt;" type="org.junit.ComparisonFailure">org.junit.ComparisonFailure: Tested &apos;aNULL&apos;:  expected:&lt;...H_anon_WITH_AES_256_[CBC_SHA,TLS_ECDH_anon_WITH_3DES_EDE_CBC_SHA,TLS_DH_anon_WITH_3DES_EDE_CBC_SHA,SSL_DH_anon_WITH_3DES_EDE_CBC_SHA,TLS_ECDH_anon_WITH_AES_128_CBC_SHA,TLS_DH_anon_WITH_AES_128_CBC_SHA,TLS_DH_anon_WITH_SEED]_CBC_SHA,TLS_ECDH_an...&gt; but was:&lt;...H_anon_WITH_AES_256_[GCM_SHA384,TLS_DH_anon_WITH_AES_256_CBC_SHA256,TLS_DH_anon_WITH_AES_256_CBC_SHA,TLS_DH_anon_WITH_CAMELLIA_256_CBC_SHA,TLS_ECDH_anon_WITH_3DES_EDE_CBC_SHA,TLS_DH_anon_WITH_3DES_EDE_CBC_SHA,SSL_DH_anon_WITH_3DES_EDE_CBC_SHA,TLS_ECDH_anon_WITH_AES_128_CBC_SHA,TLS_DH_anon_WITH_AES_128_GCM_SHA256,TLS_DH_anon_WITH_AES_128_CBC_SHA256,TLS_DH_anon_WITH_AES_128_CBC_SHA,TLS_DH_anon_WITH_SEED_CBC_SHA,TLS_DH_anon_WITH_CAMELLIA_128]_CBC_SHA,TLS_ECDH_an...&gt;
	at org.junit.Assert.assertEquals(Assert.java:115)
	at org.apache.tomcat.util.net.jsse.openssl.TestOpenSSLCipherConfigurationParser.testSpecification(TestOpenSSLCipherConfigurationParser.java:499)
	at org.apache.tomcat.util.net.jsse.openssl.TestOpenSSLCipherConfigurationParser.testaNULL(TestOpenSSLCipherConfigurationParser.java:61)
	at sun.reflect.NativeMethodAccessorImpl.invoke0(Native Method)
	at sun.reflect.NativeMethodAccessorImpl.invoke(NativeMethodAccessorImpl.java:62)
	at sun.reflect.DelegatingMethodAccessorImpl.invoke(DelegatingMethodAccessorImpl.java:43)
	at java.lang.reflect.Method.invoke(Method.java:483)
	at org.junit.runners.model.FrameworkMethod$1.runReflectiveCall(FrameworkMethod.java:50)
	at org.junit.internal.runners.model.ReflectiveCallable.run(ReflectiveCallable.java:12)
	at org.junit.runners.model.FrameworkMethod.invokeExplosively(FrameworkMethod.java:47)
	at org.junit.internal.runners.statements.InvokeMethod.evaluate(InvokeMethod.java:17)
	at org.junit.internal.runners.statements.RunBefores.evaluate(RunBefores.java:26)
	at org.junit.runners.ParentRunner.runLeaf(ParentRunner.java:325)
	at org.junit.runners.BlockJUnit4ClassRunner.runChild(BlockJUnit4ClassRunner.java:78)
	at org.junit.runners.BlockJUnit4ClassRunner.runChild(BlockJUnit4ClassRunner.java:57)
	at org.junit.runners.ParentRunner$3.run(ParentRunner.java:290)
	at org.junit.runners.ParentRunner$1.schedule(ParentRunner.java:71)
	at org.junit.runners.ParentRunner.runChildren(ParentRunner.java:288)
	at org.junit.runners.ParentRunner.access$000(ParentRunner.java:58)
	at org.junit.runners.ParentRunner$2.evaluate(ParentRunner.java:268)
	at org.junit.runners.ParentRunner.run(ParentRunner.java:363)
	at org.apache.maven.surefire.junit4.JUnit4TestSet.execute(JUnit4TestSet.java:53)
	at org.apache.maven.surefire.junit4.JUnit4Provider.executeTestSet(JUnit4Provider.java:123)
	at org.apache.maven.surefire.junit4.JUnit4Provider.invoke(JUnit4Provider.java:104)
	at sun.reflect.NativeMethodAccessorImpl.invoke0(Native Method)
	at sun.reflect.NativeMethodAccessorImpl.invoke(NativeMethodAccessorImpl.java:62)
	at sun.reflect.DelegatingMethodAccessorImpl.invoke(DelegatingMethodAccessorImpl.java:43)
	at java.lang.reflect.Method.invoke(Method.java:483)
	at org.apache.maven.surefire.util.ReflectionUtils.invokeMethodWithArray(ReflectionUtils.java:164)
	at org.apache.maven.surefire.booter.ProviderFactory$ProviderProxy.invoke(ProviderFactory.java:110)
	at org.apache.maven.surefire.booter.SurefireStarter.invokeProvider(SurefireStarter.java:175)
	at org.apache.maven.surefire.booter.SurefireStarter.runSuitesInProcessWhenForked(SurefireStarter.java:107)
	at org.apache.maven.surefire.booter.ForkedBooter.main(ForkedBooter.java:68)
</failure>
  </testcase>
  <testcase classname="org.apache.tomcat.util.net.jsse.openssl.TestOpenSSLCipherConfigurationParser" name="testeNULL" time="0.006">
    <failure message="Tested &apos;eNULL&apos;:  expected:&lt;[]SSL_RSA_WITH_NULL_SH...&gt; but was:&lt;[TLS_ECDHE_RSA_WITH_NULL_SHA,TLS_ECDHE_ECDSA_WITH_NULL_SHA,TLS_ECDH_anon_WITH_NULL_SHA,TLS_ECDH_RSA_WITH_NULL_SHA,TLS_ECDH_ECDSA_WITH_NULL_SHA,TLS_RSA_WITH_NULL_SHA256,]SSL_RSA_WITH_NULL_SH...&gt;" type="org.junit.ComparisonFailure">org.junit.ComparisonFailure: Tested &apos;eNULL&apos;:  expected:&lt;[]SSL_RSA_WITH_NULL_SH...&gt; but was:&lt;[TLS_ECDHE_RSA_WITH_NULL_SHA,TLS_ECDHE_ECDSA_WITH_NULL_SHA,TLS_ECDH_anon_WITH_NULL_SHA,TLS_ECDH_RSA_WITH_NULL_SHA,TLS_ECDH_ECDSA_WITH_NULL_SHA,TLS_RSA_WITH_NULL_SHA256,]SSL_RSA_WITH_NULL_SH...&gt;
	at org.junit.Assert.assertEquals(Assert.java:115)
	at org.apache.tomcat.util.net.jsse.openssl.TestOpenSSLCipherConfigurationParser.testSpecification(TestOpenSSLCipherConfigurationParser.java:499)
	at org.apache.tomcat.util.net.jsse.openssl.TestOpenSSLCipherConfigurationParser.testeNULL(TestOpenSSLCipherConfigurationParser.java:67)
	at sun.reflect.NativeMethodAccessorImpl.invoke0(Native Method)
	at sun.reflect.NativeMethodAccessorImpl.invoke(NativeMethodAccessorImpl.java:62)
	at sun.reflect.DelegatingMethodAccessorImpl.invoke(DelegatingMethodAccessorImpl.java:43)
	at java.lang.reflect.Method.invoke(Method.java:483)
	at org.junit.runners.model.FrameworkMethod$1.runReflectiveCall(FrameworkMethod.java:50)
	at org.junit.internal.runners.model.ReflectiveCallable.run(ReflectiveCallable.java:12)
	at org.junit.runners.model.FrameworkMethod.invokeExplosively(FrameworkMethod.java:47)
	at org.junit.internal.runners.statements.InvokeMethod.evaluate(InvokeMethod.java:17)
	at org.junit.internal.runners.statements.RunBefores.evaluate(RunBefores.java:26)
	at org.junit.runners.ParentRunner.runLeaf(ParentRunner.java:325)
	at org.junit.runners.BlockJUnit4ClassRunner.runChild(BlockJUnit4ClassRunner.java:78)
	at org.junit.runners.BlockJUnit4ClassRunner.runChild(BlockJUnit4ClassRunner.java:57)
	at org.junit.runners.ParentRunner$3.run(ParentRunner.java:290)
	at org.junit.runners.ParentRunner$1.schedule(ParentRunner.java:71)
	at org.junit.runners.ParentRunner.runChildren(ParentRunner.java:288)
	at org.junit.runners.ParentRunner.access$000(ParentRunner.java:58)
	at org.junit.runners.ParentRunner$2.evaluate(ParentRunner.java:268)
	at org.junit.runners.ParentRunner.run(ParentRunner.java:363)
	at org.apache.maven.surefire.junit4.JUnit4TestSet.execute(JUnit4TestSet.java:53)
	at org.apache.maven.surefire.junit4.JUnit4Provider.executeTestSet(JUnit4Provider.java:123)
	at org.apache.maven.surefire.junit4.JUnit4Provider.invoke(JUnit4Provider.java:104)
	at sun.reflect.NativeMethodAccessorImpl.invoke0(Native Method)
	at sun.reflect.NativeMethodAccessorImpl.invoke(NativeMethodAccessorImpl.java:62)
	at sun.reflect.DelegatingMethodAccessorImpl.invoke(DelegatingMethodAccessorImpl.java:43)
	at java.lang.reflect.Method.invoke(Method.java:483)
	at org.apache.maven.surefire.util.ReflectionUtils.invokeMethodWithArray(ReflectionUtils.java:164)
	at org.apache.maven.surefire.booter.ProviderFactory$ProviderProxy.invoke(ProviderFactory.java:110)
	at org.apache.maven.surefire.booter.SurefireStarter.invokeProvider(SurefireStarter.java:175)
	at org.apache.maven.surefire.booter.SurefireStarter.runSuitesInProcessWhenForked(SurefireStarter.java:107)
	at org.apache.maven.surefire.booter.ForkedBooter.main(ForkedBooter.java:68)
</failure>
  </testcase>
  <testcase classname="org.apache.tomcat.util.net.jsse.openssl.TestOpenSSLCipherConfigurationParser" name="testkECDH" time="0.005">
    <failure message="Tested &apos;kECDH&apos;:  expected:&lt;[]&gt; but was:&lt;[TLS_ECDH_RSA_WITH_AES_256_GCM_SHA384,TLS_ECDH_ECDSA_WITH_AES_256_GCM_SHA384,TLS_ECDH_RSA_WITH_AES_256_CBC_SHA384,TLS_ECDH_ECDSA_WITH_AES_256_CBC_SHA384,TLS_ECDH_RSA_WITH_AES_256_CBC_SHA,TLS_ECDH_ECDSA_WITH_AES_256_CBC_SHA,TLS_ECDH_RSA_WITH_3DES_EDE_CBC_SHA,TLS_ECDH_ECDSA_WITH_3DES_EDE_CBC_SHA,TLS_ECDH_RSA_WITH_AES_128_GCM_SHA256,TLS_ECDH_ECDSA_WITH_AES_128_GCM_SHA256,TLS_ECDH_RSA_WITH_AES_128_CBC_SHA256,TLS_ECDH_ECDSA_WITH_AES_128_CBC_SHA256,TLS_ECDH_RSA_WITH_AES_128_CBC_SHA,TLS_ECDH_ECDSA_WITH_AES_128_CBC_SHA,TLS_ECDH_RSA_WITH_RC4_128_SHA,TLS_ECDH_ECDSA_WITH_RC4_128_SHA,TLS_ECDH_RSA_WITH_NULL_SHA,TLS_ECDH_ECDSA_WITH_NULL_SHA,]&gt;" type="org.junit.ComparisonFailure">org.junit.ComparisonFailure: Tested &apos;kECDH&apos;:  expected:&lt;[]&gt; but was:&lt;[TLS_ECDH_RSA_WITH_AES_256_GCM_SHA384,TLS_ECDH_ECDSA_WITH_AES_256_GCM_SHA384,TLS_ECDH_RSA_WITH_AES_256_CBC_SHA384,TLS_ECDH_ECDSA_WITH_AES_256_CBC_SHA384,TLS_ECDH_RSA_WITH_AES_256_CBC_SHA,TLS_ECDH_ECDSA_WITH_AES_256_CBC_SHA,TLS_ECDH_RSA_WITH_3DES_EDE_CBC_SHA,TLS_ECDH_ECDSA_WITH_3DES_EDE_CBC_SHA,TLS_ECDH_RSA_WITH_AES_128_GCM_SHA256,TLS_ECDH_ECDSA_WITH_AES_128_GCM_SHA256,TLS_ECDH_RSA_WITH_AES_128_CBC_SHA256,TLS_ECDH_ECDSA_WITH_AES_128_CBC_SHA256,TLS_ECDH_RSA_WITH_AES_128_CBC_SHA,TLS_ECDH_ECDSA_WITH_AES_128_CBC_SHA,TLS_ECDH_RSA_WITH_RC4_128_SHA,TLS_ECDH_ECDSA_WITH_RC4_128_SHA,TLS_ECDH_RSA_WITH_NULL_SHA,TLS_ECDH_ECDSA_WITH_NULL_SHA,]&gt;
	at org.junit.Assert.assertEquals(Assert.java:115)
	at org.apache.tomcat.util.net.jsse.openssl.TestOpenSSLCipherConfigurationParser.testSpecification(TestOpenSSLCipherConfigurationParser.java:499)
	at org.apache.tomcat.util.net.jsse.openssl.TestOpenSSLCipherConfigurationParser.testkECDH(TestOpenSSLCipherConfigurationParser.java:175)
	at sun.reflect.NativeMethodAccessorImpl.invoke0(Native Method)
	at sun.reflect.NativeMethodAccessorImpl.invoke(NativeMethodAccessorImpl.java:62)
	at sun.reflect.DelegatingMethodAccessorImpl.invoke(DelegatingMethodAccessorImpl.java:43)
	at java.lang.reflect.Method.invoke(Method.java:483)
	at org.junit.runners.model.FrameworkMethod$1.runReflectiveCall(FrameworkMethod.java:50)
	at org.junit.internal.runners.model.ReflectiveCallable.run(ReflectiveCallable.java:12)
	at org.junit.runners.model.FrameworkMethod.invokeExplosively(FrameworkMethod.java:47)
	at org.junit.internal.runners.statements.InvokeMethod.evaluate(InvokeMethod.java:17)
	at org.junit.internal.runners.statements.RunBefores.evaluate(RunBefores.java:26)
	at org.junit.runners.ParentRunner.runLeaf(ParentRunner.java:325)
	at org.junit.runners.BlockJUnit4ClassRunner.runChild(BlockJUnit4ClassRunner.java:78)
	at org.junit.runners.BlockJUnit4ClassRunner.runChild(BlockJUnit4ClassRunner.java:57)
	at org.junit.runners.ParentRunner$3.run(ParentRunner.java:290)
	at org.junit.runners.ParentRunner$1.schedule(ParentRunner.java:71)
	at org.junit.runners.ParentRunner.runChildren(ParentRunner.java:288)
	at org.junit.runners.ParentRunner.access$000(ParentRunner.java:58)
	at org.junit.runners.ParentRunner$2.evaluate(ParentRunner.java:268)
	at org.junit.runners.ParentRunner.run(ParentRunner.java:363)
	at org.apache.maven.surefire.junit4.JUnit4TestSet.execute(JUnit4TestSet.java:53)
	at org.apache.maven.surefire.junit4.JUnit4Provider.executeTestSet(JUnit4Provider.java:123)
	at org.apache.maven.surefire.junit4.JUnit4Provider.invoke(JUnit4Provider.java:104)
	at sun.reflect.NativeMethodAccessorImpl.invoke0(Native Method)
	at sun.reflect.NativeMethodAccessorImpl.invoke(NativeMethodAccessorImpl.java:62)
	at sun.reflect.DelegatingMethodAccessorImpl.invoke(DelegatingMethodAccessorImpl.java:43)
	at java.lang.reflect.Method.invoke(Method.java:483)
	at org.apache.maven.surefire.util.ReflectionUtils.invokeMethodWithArray(ReflectionUtils.java:164)
	at org.apache.maven.surefire.booter.ProviderFactory$ProviderProxy.invoke(ProviderFactory.java:110)
	at org.apache.maven.surefire.booter.SurefireStarter.invokeProvider(SurefireStarter.java:175)
	at org.apache.maven.surefire.booter.SurefireStarter.runSuitesInProcessWhenForked(SurefireStarter.java:107)
	at org.apache.maven.surefire.booter.ForkedBooter.main(ForkedBooter.java:68)
</failure>
    <system-err>Error in cipher list
5303:error:1410D0B9:SSL routines:SSL_CTX_set_cipher_list:no cipher match:/SourceCache/OpenSSL098/OpenSSL098-52.10.1/src/ssl/ssl_lib.c:1223:

</system-err>
  </testcase>
  <testcase classname="org.apache.tomcat.util.net.jsse.openssl.TestOpenSSLCipherConfigurationParser" name="testkGOST" time="0.006"/>
  <testcase classname="org.apache.tomcat.util.net.jsse.openssl.TestOpenSSLCipherConfigurationParser" name="test3DES" time="0.005">
    <failure message="Tested &apos;3DES&apos;:  expected:&lt;[SSL_DHE_RSA_WITH_3DES_EDE_CBC_SHA,TLS_DHE_RSA_WITH_3DES_EDE_CBC_SHA,TLS_DHE_DSS_WITH_3DES_EDE_CBC_SHA,SSL_DHE_DSS_WITH_3DES_EDE_CBC_SHA,TLS_DH_anon_WITH_3DES_EDE_CBC_SHA,SSL_DH_anon_WITH_3DES_EDE_CBC_SHA,TLS_RSA_WITH_3DES_EDE_CBC_SHA,SSL_RSA_WITH_3DES_EDE_CBC_SHA,SSL2_DES_192_EDE3_CBC_WITH_MD5,SSL_CK_DES_192_EDE3_CBC_WITH_MD5],&gt; but was:&lt;[TLS_ECDHE_RSA_WITH_3DES_EDE_CBC_SHA,TLS_ECDHE_ECDSA_WITH_3DES_EDE_CBC_SHA,TLS_SRP_SHA_DSS_WITH_3DES_EDE_CBC_SHA,TLS_SRP_SHA_RSA_WITH_3DES_EDE_CBC_SHA,TLS_SRP_SHA_WITH_3DES_EDE_CBC_SHA,SSL_DHE_RSA_WITH_3DES_EDE_CBC_SHA,TLS_DHE_RSA_WITH_3DES_EDE_CBC_SHA,TLS_DHE_DSS_WITH_3DES_EDE_CBC_SHA,SSL_DHE_DSS_WITH_3DES_EDE_CBC_SHA,TLS_DH_RSA_WITH_3DES_EDE_CBC_SHA,SSL_DH_RSA_WITH_3DES_EDE_CBC_SHA,TLS_DH_DSS_WITH_3DES_EDE_CBC_SHA,SSL_DH_DSS_WITH_3DES_EDE_CBC_SHA,TLS_ECDH_anon_WITH_3DES_EDE_CBC_SHA,TLS_DH_anon_WITH_3DES_EDE_CBC_SHA,SSL_DH_anon_WITH_3DES_EDE_CBC_SHA,TLS_ECDH_RSA_WITH_3DES_EDE_CBC_SHA,TLS_ECDH_ECDSA_WITH_3DES_EDE_CBC_SHA,TLS_RSA_WITH_3DES_EDE_CBC_SHA,SSL_RSA_WITH_3DES_EDE_CBC_SHA,SSL2_DES_192_EDE3_CBC_WITH_MD5,SSL_CK_DES_192_EDE3_CBC_WITH_MD5,TLS_PSK_WITH_3DES_EDE_CBC_SHA],&gt;" type="org.junit.ComparisonFailure">org.junit.ComparisonFailure: Tested &apos;3DES&apos;:  expected:&lt;[SSL_DHE_RSA_WITH_3DES_EDE_CBC_SHA,TLS_DHE_RSA_WITH_3DES_EDE_CBC_SHA,TLS_DHE_DSS_WITH_3DES_EDE_CBC_SHA,SSL_DHE_DSS_WITH_3DES_EDE_CBC_SHA,TLS_DH_anon_WITH_3DES_EDE_CBC_SHA,SSL_DH_anon_WITH_3DES_EDE_CBC_SHA,TLS_RSA_WITH_3DES_EDE_CBC_SHA,SSL_RSA_WITH_3DES_EDE_CBC_SHA,SSL2_DES_192_EDE3_CBC_WITH_MD5,SSL_CK_DES_192_EDE3_CBC_WITH_MD5],&gt; but was:&lt;[TLS_ECDHE_RSA_WITH_3DES_EDE_CBC_SHA,TLS_ECDHE_ECDSA_WITH_3DES_EDE_CBC_SHA,TLS_SRP_SHA_DSS_WITH_3DES_EDE_CBC_SHA,TLS_SRP_SHA_RSA_WITH_3DES_EDE_CBC_SHA,TLS_SRP_SHA_WITH_3DES_EDE_CBC_SHA,SSL_DHE_RSA_WITH_3DES_EDE_CBC_SHA,TLS_DHE_RSA_WITH_3DES_EDE_CBC_SHA,TLS_DHE_DSS_WITH_3DES_EDE_CBC_SHA,SSL_DHE_DSS_WITH_3DES_EDE_CBC_SHA,TLS_DH_RSA_WITH_3DES_EDE_CBC_SHA,SSL_DH_RSA_WITH_3DES_EDE_CBC_SHA,TLS_DH_DSS_WITH_3DES_EDE_CBC_SHA,SSL_DH_DSS_WITH_3DES_EDE_CBC_SHA,TLS_ECDH_anon_WITH_3DES_EDE_CBC_SHA,TLS_DH_anon_WITH_3DES_EDE_CBC_SHA,SSL_DH_anon_WITH_3DES_EDE_CBC_SHA,TLS_ECDH_RSA_WITH_3DES_EDE_CBC_SHA,TLS_ECDH_ECDSA_WITH_3DES_EDE_CBC_SHA,TLS_RSA_WITH_3DES_EDE_CBC_SHA,SSL_RSA_WITH_3DES_EDE_CBC_SHA,SSL2_DES_192_EDE3_CBC_WITH_MD5,SSL_CK_DES_192_EDE3_CBC_WITH_MD5,TLS_PSK_WITH_3DES_EDE_CBC_SHA],&gt;
	at org.junit.Assert.assertEquals(Assert.java:115)
	at org.apache.tomcat.util.net.jsse.openssl.TestOpenSSLCipherConfigurationParser.testSpecification(TestOpenSSLCipherConfigurationParser.java:499)
	at org.apache.tomcat.util.net.jsse.openssl.TestOpenSSLCipherConfigurationParser.test3DES(TestOpenSSLCipherConfigurationParser.java:352)
	at sun.reflect.NativeMethodAccessorImpl.invoke0(Native Method)
	at sun.reflect.NativeMethodAccessorImpl.invoke(NativeMethodAccessorImpl.java:62)
	at sun.reflect.DelegatingMethodAccessorImpl.invoke(DelegatingMethodAccessorImpl.java:43)
	at java.lang.reflect.Method.invoke(Method.java:483)
	at org.junit.runners.model.FrameworkMethod$1.runReflectiveCall(FrameworkMethod.java:50)
	at org.junit.internal.runners.model.ReflectiveCallable.run(ReflectiveCallable.java:12)
	at org.junit.runners.model.FrameworkMethod.invokeExplosively(FrameworkMethod.java:47)
	at org.junit.internal.runners.statements.InvokeMethod.evaluate(InvokeMethod.java:17)
	at org.junit.internal.runners.statements.RunBefores.evaluate(RunBefores.java:26)
	at org.junit.runners.ParentRunner.runLeaf(ParentRunner.java:325)
	at org.junit.runners.BlockJUnit4ClassRunner.runChild(BlockJUnit4ClassRunner.java:78)
	at org.junit.runners.BlockJUnit4ClassRunner.runChild(BlockJUnit4ClassRunner.java:57)
	at org.junit.runners.ParentRunner$3.run(ParentRunner.java:290)
	at org.junit.runners.ParentRunner$1.schedule(ParentRunner.java:71)
	at org.junit.runners.ParentRunner.runChildren(ParentRunner.java:288)
	at org.junit.runners.ParentRunner.access$000(ParentRunner.java:58)
	at org.junit.runners.ParentRunner$2.evaluate(ParentRunner.java:268)
	at org.junit.runners.ParentRunner.run(ParentRunner.java:363)
	at org.apache.maven.surefire.junit4.JUnit4TestSet.execute(JUnit4TestSet.java:53)
	at org.apache.maven.surefire.junit4.JUnit4Provider.executeTestSet(JUnit4Provider.java:123)
	at org.apache.maven.surefire.junit4.JUnit4Provider.invoke(JUnit4Provider.java:104)
	at sun.reflect.NativeMethodAccessorImpl.invoke0(Native Method)
	at sun.reflect.NativeMethodAccessorImpl.invoke(NativeMethodAccessorImpl.java:62)
	at sun.reflect.DelegatingMethodAccessorImpl.invoke(DelegatingMethodAccessorImpl.java:43)
	at java.lang.reflect.Method.invoke(Method.java:483)
	at org.apache.maven.surefire.util.ReflectionUtils.invokeMethodWithArray(ReflectionUtils.java:164)
	at org.apache.maven.surefire.booter.ProviderFactory$ProviderProxy.invoke(ProviderFactory.java:110)
	at org.apache.maven.surefire.booter.SurefireStarter.invokeProvider(SurefireStarter.java:175)
	at org.apache.maven.surefire.booter.SurefireStarter.runSuitesInProcessWhenForked(SurefireStarter.java:107)
	at org.apache.maven.surefire.booter.ForkedBooter.main(ForkedBooter.java:68)
</failure>
  </testcase>
  <testcase classname="org.apache.tomcat.util.net.jsse.openssl.TestOpenSSLCipherConfigurationParser" name="testECDH" time="0.005">
    <failure message="Tested &apos;ECDH&apos;:  expected:&lt;[]&gt; but was:&lt;[TLS_ECDHE_RSA_WITH_AES_256_GCM_SHA384,TLS_ECDHE_ECDSA_WITH_AES_256_GCM_SHA384,TLS_ECDHE_RSA_WITH_AES_256_CBC_SHA384,TLS_ECDHE_ECDSA_WITH_AES_256_CBC_SHA384,TLS_ECDHE_RSA_WITH_AES_256_CBC_SHA,TLS_ECDHE_ECDSA_WITH_AES_256_CBC_SHA,TLS_ECDH_anon_WITH_AES_256_CBC_SHA,TLS_ECDH_RSA_WITH_AES_256_GCM_SHA384,TLS_ECDH_ECDSA_WITH_AES_256_GCM_SHA384,TLS_ECDH_RSA_WITH_AES_256_CBC_SHA384,TLS_ECDH_ECDSA_WITH_AES_256_CBC_SHA384,TLS_ECDH_RSA_WITH_AES_256_CBC_SHA,TLS_ECDH_ECDSA_WITH_AES_256_CBC_SHA,TLS_ECDHE_RSA_WITH_3DES_EDE_CBC_SHA,TLS_ECDHE_ECDSA_WITH_3DES_EDE_CBC_SHA,TLS_ECDH_anon_WITH_3DES_EDE_CBC_SHA,TLS_ECDH_RSA_WITH_3DES_EDE_CBC_SHA,TLS_ECDH_ECDSA_WITH_3DES_EDE_CBC_SHA,TLS_ECDHE_RSA_WITH_AES_128_GCM_SHA256,TLS_ECDHE_ECDSA_WITH_AES_128_GCM_SHA256,TLS_ECDHE_RSA_WITH_AES_128_CBC_SHA256,TLS_ECDHE_ECDSA_WITH_AES_128_CBC_SHA256,TLS_ECDHE_RSA_WITH_AES_128_CBC_SHA,TLS_ECDHE_ECDSA_WITH_AES_128_CBC_SHA,TLS_ECDH_anon_WITH_AES_128_CBC_SHA,TLS_ECDH_RSA_WITH_AES_128_GCM_SHA256,TLS_ECDH_ECDSA_WITH_AES_128_GCM_SHA256,TLS_ECDH_RSA_WITH_AES_128_CBC_SHA256,TLS_ECDH_ECDSA_WITH_AES_128_CBC_SHA256,TLS_ECDH_RSA_WITH_AES_128_CBC_SHA,TLS_ECDH_ECDSA_WITH_AES_128_CBC_SHA,TLS_ECDHE_RSA_WITH_RC4_128_SHA,TLS_ECDHE_ECDSA_WITH_RC4_128_SHA,TLS_ECDH_anon_WITH_RC4_128_SHA,TLS_ECDH_RSA_WITH_RC4_128_SHA,TLS_ECDH_ECDSA_WITH_RC4_128_SHA,TLS_ECDHE_RSA_WITH_NULL_SHA,TLS_ECDHE_ECDSA_WITH_NULL_SHA,TLS_ECDH_anon_WITH_NULL_SHA,TLS_ECDH_RSA_WITH_NULL_SHA,TLS_ECDH_ECDSA_WITH_NULL_SHA,]&gt;" type="org.junit.ComparisonFailure">org.junit.ComparisonFailure: Tested &apos;ECDH&apos;:  expected:&lt;[]&gt; but was:&lt;[TLS_ECDHE_RSA_WITH_AES_256_GCM_SHA384,TLS_ECDHE_ECDSA_WITH_AES_256_GCM_SHA384,TLS_ECDHE_RSA_WITH_AES_256_CBC_SHA384,TLS_ECDHE_ECDSA_WITH_AES_256_CBC_SHA384,TLS_ECDHE_RSA_WITH_AES_256_CBC_SHA,TLS_ECDHE_ECDSA_WITH_AES_256_CBC_SHA,TLS_ECDH_anon_WITH_AES_256_CBC_SHA,TLS_ECDH_RSA_WITH_AES_256_GCM_SHA384,TLS_ECDH_ECDSA_WITH_AES_256_GCM_SHA384,TLS_ECDH_RSA_WITH_AES_256_CBC_SHA384,TLS_ECDH_ECDSA_WITH_AES_256_CBC_SHA384,TLS_ECDH_RSA_WITH_AES_256_CBC_SHA,TLS_ECDH_ECDSA_WITH_AES_256_CBC_SHA,TLS_ECDHE_RSA_WITH_3DES_EDE_CBC_SHA,TLS_ECDHE_ECDSA_WITH_3DES_EDE_CBC_SHA,TLS_ECDH_anon_WITH_3DES_EDE_CBC_SHA,TLS_ECDH_RSA_WITH_3DES_EDE_CBC_SHA,TLS_ECDH_ECDSA_WITH_3DES_EDE_CBC_SHA,TLS_ECDHE_RSA_WITH_AES_128_GCM_SHA256,TLS_ECDHE_ECDSA_WITH_AES_128_GCM_SHA256,TLS_ECDHE_RSA_WITH_AES_128_CBC_SHA256,TLS_ECDHE_ECDSA_WITH_AES_128_CBC_SHA256,TLS_ECDHE_RSA_WITH_AES_128_CBC_SHA,TLS_ECDHE_ECDSA_WITH_AES_128_CBC_SHA,TLS_ECDH_anon_WITH_AES_128_CBC_SHA,TLS_ECDH_RSA_WITH_AES_128_GCM_SHA256,TLS_ECDH_ECDSA_WITH_AES_128_GCM_SHA256,TLS_ECDH_RSA_WITH_AES_128_CBC_SHA256,TLS_ECDH_ECDSA_WITH_AES_128_CBC_SHA256,TLS_ECDH_RSA_WITH_AES_128_CBC_SHA,TLS_ECDH_ECDSA_WITH_AES_128_CBC_SHA,TLS_ECDHE_RSA_WITH_RC4_128_SHA,TLS_ECDHE_ECDSA_WITH_RC4_128_SHA,TLS_ECDH_anon_WITH_RC4_128_SHA,TLS_ECDH_RSA_WITH_RC4_128_SHA,TLS_ECDH_ECDSA_WITH_RC4_128_SHA,TLS_ECDHE_RSA_WITH_NULL_SHA,TLS_ECDHE_ECDSA_WITH_NULL_SHA,TLS_ECDH_anon_WITH_NULL_SHA,TLS_ECDH_RSA_WITH_NULL_SHA,TLS_ECDH_ECDSA_WITH_NULL_SHA,]&gt;
	at org.junit.Assert.assertEquals(Assert.java:115)
	at org.apache.tomcat.util.net.jsse.openssl.TestOpenSSLCipherConfigurationParser.testSpecification(TestOpenSSLCipherConfigurationParser.java:499)
	at org.apache.tomcat.util.net.jsse.openssl.TestOpenSSLCipherConfigurationParser.testECDH(TestOpenSSLCipherConfigurationParser.java:187)
	at sun.reflect.NativeMethodAccessorImpl.invoke0(Native Method)
	at sun.reflect.NativeMethodAccessorImpl.invoke(NativeMethodAccessorImpl.java:62)
	at sun.reflect.DelegatingMethodAccessorImpl.invoke(DelegatingMethodAccessorImpl.java:43)
	at java.lang.reflect.Method.invoke(Method.java:483)
	at org.junit.runners.model.FrameworkMethod$1.runReflectiveCall(FrameworkMethod.java:50)
	at org.junit.internal.runners.model.ReflectiveCallable.run(ReflectiveCallable.java:12)
	at org.junit.runners.model.FrameworkMethod.invokeExplosively(FrameworkMethod.java:47)
	at org.junit.internal.runners.statements.InvokeMethod.evaluate(InvokeMethod.java:17)
	at org.junit.internal.runners.statements.RunBefores.evaluate(RunBefores.java:26)
	at org.junit.runners.ParentRunner.runLeaf(ParentRunner.java:325)
	at org.junit.runners.BlockJUnit4ClassRunner.runChild(BlockJUnit4ClassRunner.java:78)
	at org.junit.runners.BlockJUnit4ClassRunner.runChild(BlockJUnit4ClassRunner.java:57)
	at org.junit.runners.ParentRunner$3.run(ParentRunner.java:290)
	at org.junit.runners.ParentRunner$1.schedule(ParentRunner.java:71)
	at org.junit.runners.ParentRunner.runChildren(ParentRunner.java:288)
	at org.junit.runners.ParentRunner.access$000(ParentRunner.java:58)
	at org.junit.runners.ParentRunner$2.evaluate(ParentRunner.java:268)
	at org.junit.runners.ParentRunner.run(ParentRunner.java:363)
	at org.apache.maven.surefire.junit4.JUnit4TestSet.execute(JUnit4TestSet.java:53)
	at org.apache.maven.surefire.junit4.JUnit4Provider.executeTestSet(JUnit4Provider.java:123)
	at org.apache.maven.surefire.junit4.JUnit4Provider.invoke(JUnit4Provider.java:104)
	at sun.reflect.NativeMethodAccessorImpl.invoke0(Native Method)
	at sun.reflect.NativeMethodAccessorImpl.invoke(NativeMethodAccessorImpl.java:62)
	at sun.reflect.DelegatingMethodAccessorImpl.invoke(DelegatingMethodAccessorImpl.java:43)
	at java.lang.reflect.Method.invoke(Method.java:483)
	at org.apache.maven.surefire.util.ReflectionUtils.invokeMethodWithArray(ReflectionUtils.java:164)
	at org.apache.maven.surefire.booter.ProviderFactory$ProviderProxy.invoke(ProviderFactory.java:110)
	at org.apache.maven.surefire.booter.SurefireStarter.invokeProvider(SurefireStarter.java:175)
	at org.apache.maven.surefire.booter.SurefireStarter.runSuitesInProcessWhenForked(SurefireStarter.java:107)
	at org.apache.maven.surefire.booter.ForkedBooter.main(ForkedBooter.java:68)
</failure>
    <system-err>Error in cipher list
5306:error:1410D0B9:SSL routines:SSL_CTX_set_cipher_list:no cipher match:/SourceCache/OpenSSL098/OpenSSL098-52.10.1/src/ssl/ssl_lib.c:1223:

</system-err>
  </testcase>
  <testcase classname="org.apache.tomcat.util.net.jsse.openssl.TestOpenSSLCipherConfigurationParser" name="testHIGH" time="0.013">
    <failure message="Tested &apos;HIGH&apos;:  expected:&lt;TLS_[DHE_RSA_WITH_AES_256_CBC_SHA,TLS_DHE_DSS_WITH_AES_256_CBC_SHA,TLS_DH_anon_WITH_AES_256_CBC_SHA,TLS_RSA_WITH_AES_256_CBC_SHA,SSL_DHE_RSA_WITH_3DES_EDE_CBC_SHA,TLS_DHE_RSA_WITH_3DES_EDE_CBC_SHA,TLS_DHE_DSS_WITH_3DES_EDE_CBC_SHA,SSL_DHE_DSS_WITH_3DES_EDE_CBC_SHA,TLS_DH_anon_WITH_3DES_EDE_CBC_SHA,SSL_DH_anon_WITH_3DES_EDE_CBC_SHA,TLS_RSA_WITH_3DES_EDE_CBC_SHA,SSL_RSA_WITH_3DES_EDE_CBC_SHA,SSL2_DES_192_EDE3_CBC_WITH_MD5,SSL_CK_DES_192_EDE3_CBC_WITH_MD5,TLS_DHE_RSA_WITH_AES_128_CBC_SHA,TLS_DHE_DSS_WITH_AES_128_CBC_SHA,TLS_DH_anon_WITH_AES_128_CBC_SHA,TLS_RSA]_WITH_AES_128_CBC_SH...&gt; but was:&lt;TLS_[ECDHE_RSA_WITH_AES_256_GCM_SHA384,TLS_ECDHE_ECDSA_WITH_AES_256_GCM_SHA384,TLS_ECDHE_RSA_WITH_AES_256_CBC_SHA384,TLS_ECDHE_ECDSA_WITH_AES_256_CBC_SHA384,TLS_ECDHE_RSA_WITH_AES_256_CBC_SHA,TLS_ECDHE_ECDSA_WITH_AES_256_CBC_SHA,TLS_SRP_SHA_DSS_WITH_AES_256_CBC_SHA,TLS_SRP_SHA_RSA_WITH_AES_256_CBC_SHA,TLS_SRP_SHA_WITH_AES_256_CBC_SHA,TLS_DH_DSS_WITH_AES_256_GCM_SHA384,TLS_DHE_DSS_WITH_AES_256_GCM_SHA384,TLS_DH_RSA_WITH_AES_256_GCM_SHA384,TLS_DHE_RSA_WITH_AES_256_GCM_SHA384,TLS_DHE_RSA_WITH_AES_256_CBC_SHA256,TLS_DHE_DSS_WITH_AES_256_CBC_SHA256,TLS_DH_RSA_WITH_AES_256_CBC_SHA256,TLS_DH_DSS_WITH_AES_256_CBC_SHA256,TLS_DHE_RSA_WITH_AES_256_CBC_SHA,TLS_DHE_DSS_WITH_AES_256_CBC_SHA,TLS_DH_RSA_WITH_AES_256_CBC_SHA,TLS_DH_DSS_WITH_AES_256_CBC_SHA,TLS_DHE_RSA_WITH_CAMELLIA_256_CBC_SHA,TLS_DHE_DSS_WITH_CAMELLIA_256_CBC_SHA,TLS_DH_RSA_WITH_CAMELLIA_256_CBC_SHA,TLS_DH_DSS_WITH_CAMELLIA_256_CBC_SHA,TLS_ECDH_anon_WITH_AES_256_CBC_SHA,TLS_DH_anon_WITH_AES_256_GCM_SHA384,TLS_DH_anon_WITH_AES_256_CBC_SHA256,TLS_DH_anon_WITH_AES_256_CBC_SHA,TLS_DH_anon_WITH_CAMELLIA_256_CBC_SHA,TLS_ECDH_RSA_WITH_AES_256_GCM_SHA384,TLS_ECDH_ECDSA_WITH_AES_256_GCM_SHA384,TLS_ECDH_RSA_WITH_AES_256_CBC_SHA384,TLS_ECDH_ECDSA_WITH_AES_256_CBC_SHA384,TLS_ECDH_RSA_WITH_AES_256_CBC_SHA,TLS_ECDH_ECDSA_WITH_AES_256_CBC_SHA,TLS_RSA_WITH_AES_256_GCM_SHA384,TLS_RSA_WITH_AES_256_CBC_SHA256,TLS_RSA_WITH_AES_256_CBC_SHA,TLS_RSA_WITH_CAMELLIA_256_CBC_SHA,TLS_PSK_WITH_AES_256_CBC_SHA,TLS_ECDHE_RSA_WITH_3DES_EDE_CBC_SHA,TLS_ECDHE_ECDSA_WITH_3DES_EDE_CBC_SHA,TLS_SRP_SHA_DSS_WITH_3DES_EDE_CBC_SHA,TLS_SRP_SHA_RSA_WITH_3DES_EDE_CBC_SHA,TLS_SRP_SHA_WITH_3DES_EDE_CBC_SHA,SSL_DHE_RSA_WITH_3DES_EDE_CBC_SHA,TLS_DHE_RSA_WITH_3DES_EDE_CBC_SHA,TLS_DHE_DSS_WITH_3DES_EDE_CBC_SHA,SSL_DHE_DSS_WITH_3DES_EDE_CBC_SHA,TLS_DH_RSA_WITH_3DES_EDE_CBC_SHA,SSL_DH_RSA_WITH_3DES_EDE_CBC_SHA,TLS_DH_DSS_WITH_3DES_EDE_CBC_SHA,SSL_DH_DSS_WITH_3DES_EDE_CBC_SHA,TLS_ECDH_anon_WITH_3DES_EDE_CBC_SHA,TLS_DH_anon_WITH_3DES_EDE_CBC_SHA,SSL_DH_anon_WITH_3DES_EDE_CBC_SHA,TLS_ECDH_RSA_WITH_3DES_EDE_CBC_SHA,TLS_ECDH_ECDSA_WITH_3DES_EDE_CBC_SHA,TLS_RSA_WITH_3DES_EDE_CBC_SHA,SSL_RSA_WITH_3DES_EDE_CBC_SHA,SSL2_DES_192_EDE3_CBC_WITH_MD5,SSL_CK_DES_192_EDE3_CBC_WITH_MD5,TLS_PSK_WITH_3DES_EDE_CBC_SHA,TLS_ECDHE_RSA_WITH_AES_128_GCM_SHA256,TLS_ECDHE_ECDSA_WITH_AES_128_GCM_SHA256,TLS_ECDHE_RSA_WITH_AES_128_CBC_SHA256,TLS_ECDHE_ECDSA_WITH_AES_128_CBC_SHA256,TLS_ECDHE_RSA_WITH_AES_128_CBC_SHA,TLS_ECDHE_ECDSA_WITH_AES_128_CBC_SHA,TLS_SRP_SHA_DSS_WITH_AES_128_CBC_SHA,TLS_SRP_SHA_RSA_WITH_AES_128_CBC_SHA,TLS_SRP_SHA_WITH_AES_128_CBC_SHA,TLS_DH_DSS_WITH_AES_128_GCM_SHA256,TLS_DHE_DSS_WITH_AES_128_GCM_SHA256,TLS_DH_RSA_WITH_AES_128_GCM_SHA256,TLS_DHE_RSA_WITH_AES_128_GCM_SHA256,TLS_DHE_RSA_WITH_AES_128_CBC_SHA256,TLS_DHE_DSS_WITH_AES_128_CBC_SHA256,TLS_DH_RSA_WITH_AES_128_CBC_SHA256,TLS_DH_DSS_WITH_AES_128_CBC_SHA256,TLS_DHE_RSA_WITH_AES_128_CBC_SHA,TLS_DHE_DSS_WITH_AES_128_CBC_SHA,TLS_DH_RSA_WITH_AES_128_CBC_SHA,TLS_DH_DSS_WITH_AES_128_CBC_SHA,TLS_DHE_RSA_WITH_CAMELLIA_128_CBC_SHA,TLS_DHE_DSS_WITH_CAMELLIA_128_CBC_SHA,TLS_DH_RSA_WITH_CAMELLIA_128_CBC_SHA,TLS_DH_DSS_WITH_CAMELLIA_128_CBC_SHA,TLS_ECDH_anon_WITH_AES_128_CBC_SHA,TLS_DH_anon_WITH_AES_128_GCM_SHA256,TLS_DH_anon_WITH_AES_128_CBC_SHA256,TLS_DH_anon_WITH_AES_128_CBC_SHA,TLS_DH_anon_WITH_CAMELLIA_128_CBC_SHA,TLS_ECDH_RSA_WITH_AES_128_GCM_SHA256,TLS_ECDH_ECDSA_WITH_AES_128_GCM_SHA256,TLS_ECDH_RSA_WITH_AES_128_CBC_SHA256,TLS_ECDH_ECDSA_WITH_AES_128_CBC_SHA256,TLS_ECDH_RSA_WITH_AES_128_CBC_SHA,TLS_ECDH_ECDSA_WITH_AES_128_CBC_SHA,TLS_RSA_WITH_AES_128_GCM_SHA256,TLS_RSA_WITH_AES_128_CBC_SHA256,TLS_RSA_WITH_AES_128_CBC_SHA,TLS_RSA_WITH_CAMELLIA_128_CBC_SHA,TLS_PSK]_WITH_AES_128_CBC_SH...&gt;" type="org.junit.ComparisonFailure">org.junit.ComparisonFailure: Tested &apos;HIGH&apos;:  expected:&lt;TLS_[DHE_RSA_WITH_AES_256_CBC_SHA,TLS_DHE_DSS_WITH_AES_256_CBC_SHA,TLS_DH_anon_WITH_AES_256_CBC_SHA,TLS_RSA_WITH_AES_256_CBC_SHA,SSL_DHE_RSA_WITH_3DES_EDE_CBC_SHA,TLS_DHE_RSA_WITH_3DES_EDE_CBC_SHA,TLS_DHE_DSS_WITH_3DES_EDE_CBC_SHA,SSL_DHE_DSS_WITH_3DES_EDE_CBC_SHA,TLS_DH_anon_WITH_3DES_EDE_CBC_SHA,SSL_DH_anon_WITH_3DES_EDE_CBC_SHA,TLS_RSA_WITH_3DES_EDE_CBC_SHA,SSL_RSA_WITH_3DES_EDE_CBC_SHA,SSL2_DES_192_EDE3_CBC_WITH_MD5,SSL_CK_DES_192_EDE3_CBC_WITH_MD5,TLS_DHE_RSA_WITH_AES_128_CBC_SHA,TLS_DHE_DSS_WITH_AES_128_CBC_SHA,TLS_DH_anon_WITH_AES_128_CBC_SHA,TLS_RSA]_WITH_AES_128_CBC_SH...&gt; but was:&lt;TLS_[ECDHE_RSA_WITH_AES_256_GCM_SHA384,TLS_ECDHE_ECDSA_WITH_AES_256_GCM_SHA384,TLS_ECDHE_RSA_WITH_AES_256_CBC_SHA384,TLS_ECDHE_ECDSA_WITH_AES_256_CBC_SHA384,TLS_ECDHE_RSA_WITH_AES_256_CBC_SHA,TLS_ECDHE_ECDSA_WITH_AES_256_CBC_SHA,TLS_SRP_SHA_DSS_WITH_AES_256_CBC_SHA,TLS_SRP_SHA_RSA_WITH_AES_256_CBC_SHA,TLS_SRP_SHA_WITH_AES_256_CBC_SHA,TLS_DH_DSS_WITH_AES_256_GCM_SHA384,TLS_DHE_DSS_WITH_AES_256_GCM_SHA384,TLS_DH_RSA_WITH_AES_256_GCM_SHA384,TLS_DHE_RSA_WITH_AES_256_GCM_SHA384,TLS_DHE_RSA_WITH_AES_256_CBC_SHA256,TLS_DHE_DSS_WITH_AES_256_CBC_SHA256,TLS_DH_RSA_WITH_AES_256_CBC_SHA256,TLS_DH_DSS_WITH_AES_256_CBC_SHA256,TLS_DHE_RSA_WITH_AES_256_CBC_SHA,TLS_DHE_DSS_WITH_AES_256_CBC_SHA,TLS_DH_RSA_WITH_AES_256_CBC_SHA,TLS_DH_DSS_WITH_AES_256_CBC_SHA,TLS_DHE_RSA_WITH_CAMELLIA_256_CBC_SHA,TLS_DHE_DSS_WITH_CAMELLIA_256_CBC_SHA,TLS_DH_RSA_WITH_CAMELLIA_256_CBC_SHA,TLS_DH_DSS_WITH_CAMELLIA_256_CBC_SHA,TLS_ECDH_anon_WITH_AES_256_CBC_SHA,TLS_DH_anon_WITH_AES_256_GCM_SHA384,TLS_DH_anon_WITH_AES_256_CBC_SHA256,TLS_DH_anon_WITH_AES_256_CBC_SHA,TLS_DH_anon_WITH_CAMELLIA_256_CBC_SHA,TLS_ECDH_RSA_WITH_AES_256_GCM_SHA384,TLS_ECDH_ECDSA_WITH_AES_256_GCM_SHA384,TLS_ECDH_RSA_WITH_AES_256_CBC_SHA384,TLS_ECDH_ECDSA_WITH_AES_256_CBC_SHA384,TLS_ECDH_RSA_WITH_AES_256_CBC_SHA,TLS_ECDH_ECDSA_WITH_AES_256_CBC_SHA,TLS_RSA_WITH_AES_256_GCM_SHA384,TLS_RSA_WITH_AES_256_CBC_SHA256,TLS_RSA_WITH_AES_256_CBC_SHA,TLS_RSA_WITH_CAMELLIA_256_CBC_SHA,TLS_PSK_WITH_AES_256_CBC_SHA,TLS_ECDHE_RSA_WITH_3DES_EDE_CBC_SHA,TLS_ECDHE_ECDSA_WITH_3DES_EDE_CBC_SHA,TLS_SRP_SHA_DSS_WITH_3DES_EDE_CBC_SHA,TLS_SRP_SHA_RSA_WITH_3DES_EDE_CBC_SHA,TLS_SRP_SHA_WITH_3DES_EDE_CBC_SHA,SSL_DHE_RSA_WITH_3DES_EDE_CBC_SHA,TLS_DHE_RSA_WITH_3DES_EDE_CBC_SHA,TLS_DHE_DSS_WITH_3DES_EDE_CBC_SHA,SSL_DHE_DSS_WITH_3DES_EDE_CBC_SHA,TLS_DH_RSA_WITH_3DES_EDE_CBC_SHA,SSL_DH_RSA_WITH_3DES_EDE_CBC_SHA,TLS_DH_DSS_WITH_3DES_EDE_CBC_SHA,SSL_DH_DSS_WITH_3DES_EDE_CBC_SHA,TLS_ECDH_anon_WITH_3DES_EDE_CBC_SHA,TLS_DH_anon_WITH_3DES_EDE_CBC_SHA,SSL_DH_anon_WITH_3DES_EDE_CBC_SHA,TLS_ECDH_RSA_WITH_3DES_EDE_CBC_SHA,TLS_ECDH_ECDSA_WITH_3DES_EDE_CBC_SHA,TLS_RSA_WITH_3DES_EDE_CBC_SHA,SSL_RSA_WITH_3DES_EDE_CBC_SHA,SSL2_DES_192_EDE3_CBC_WITH_MD5,SSL_CK_DES_192_EDE3_CBC_WITH_MD5,TLS_PSK_WITH_3DES_EDE_CBC_SHA,TLS_ECDHE_RSA_WITH_AES_128_GCM_SHA256,TLS_ECDHE_ECDSA_WITH_AES_128_GCM_SHA256,TLS_ECDHE_RSA_WITH_AES_128_CBC_SHA256,TLS_ECDHE_ECDSA_WITH_AES_128_CBC_SHA256,TLS_ECDHE_RSA_WITH_AES_128_CBC_SHA,TLS_ECDHE_ECDSA_WITH_AES_128_CBC_SHA,TLS_SRP_SHA_DSS_WITH_AES_128_CBC_SHA,TLS_SRP_SHA_RSA_WITH_AES_128_CBC_SHA,TLS_SRP_SHA_WITH_AES_128_CBC_SHA,TLS_DH_DSS_WITH_AES_128_GCM_SHA256,TLS_DHE_DSS_WITH_AES_128_GCM_SHA256,TLS_DH_RSA_WITH_AES_128_GCM_SHA256,TLS_DHE_RSA_WITH_AES_128_GCM_SHA256,TLS_DHE_RSA_WITH_AES_128_CBC_SHA256,TLS_DHE_DSS_WITH_AES_128_CBC_SHA256,TLS_DH_RSA_WITH_AES_128_CBC_SHA256,TLS_DH_DSS_WITH_AES_128_CBC_SHA256,TLS_DHE_RSA_WITH_AES_128_CBC_SHA,TLS_DHE_DSS_WITH_AES_128_CBC_SHA,TLS_DH_RSA_WITH_AES_128_CBC_SHA,TLS_DH_DSS_WITH_AES_128_CBC_SHA,TLS_DHE_RSA_WITH_CAMELLIA_128_CBC_SHA,TLS_DHE_DSS_WITH_CAMELLIA_128_CBC_SHA,TLS_DH_RSA_WITH_CAMELLIA_128_CBC_SHA,TLS_DH_DSS_WITH_CAMELLIA_128_CBC_SHA,TLS_ECDH_anon_WITH_AES_128_CBC_SHA,TLS_DH_anon_WITH_AES_128_GCM_SHA256,TLS_DH_anon_WITH_AES_128_CBC_SHA256,TLS_DH_anon_WITH_AES_128_CBC_SHA,TLS_DH_anon_WITH_CAMELLIA_128_CBC_SHA,TLS_ECDH_RSA_WITH_AES_128_GCM_SHA256,TLS_ECDH_ECDSA_WITH_AES_128_GCM_SHA256,TLS_ECDH_RSA_WITH_AES_128_CBC_SHA256,TLS_ECDH_ECDSA_WITH_AES_128_CBC_SHA256,TLS_ECDH_RSA_WITH_AES_128_CBC_SHA,TLS_ECDH_ECDSA_WITH_AES_128_CBC_SHA,TLS_RSA_WITH_AES_128_GCM_SHA256,TLS_RSA_WITH_AES_128_CBC_SHA256,TLS_RSA_WITH_AES_128_CBC_SHA,TLS_RSA_WITH_CAMELLIA_128_CBC_SHA,TLS_PSK]_WITH_AES_128_CBC_SH...&gt;
	at org.junit.Assert.assertEquals(Assert.java:115)
	at org.apache.tomcat.util.net.jsse.openssl.TestOpenSSLCipherConfigurationParser.testSpecification(TestOpenSSLCipherConfigurationParser.java:499)
	at org.apache.tomcat.util.net.jsse.openssl.TestOpenSSLCipherConfigurationParser.testHIGH(TestOpenSSLCipherConfigurationParser.java:73)
	at sun.reflect.NativeMethodAccessorImpl.invoke0(Native Method)
	at sun.reflect.NativeMethodAccessorImpl.invoke(NativeMethodAccessorImpl.java:62)
	at sun.reflect.DelegatingMethodAccessorImpl.invoke(DelegatingMethodAccessorImpl.java:43)
	at java.lang.reflect.Method.invoke(Method.java:483)
	at org.junit.runners.model.FrameworkMethod$1.runReflectiveCall(FrameworkMethod.java:50)
	at org.junit.internal.runners.model.ReflectiveCallable.run(ReflectiveCallable.java:12)
	at org.junit.runners.model.FrameworkMethod.invokeExplosively(FrameworkMethod.java:47)
	at org.junit.internal.runners.statements.InvokeMethod.evaluate(InvokeMethod.java:17)
	at org.junit.internal.runners.statements.RunBefores.evaluate(RunBefores.java:26)
	at org.junit.runners.ParentRunner.runLeaf(ParentRunner.java:325)
	at org.junit.runners.BlockJUnit4ClassRunner.runChild(BlockJUnit4ClassRunner.java:78)
	at org.junit.runners.BlockJUnit4ClassRunner.runChild(BlockJUnit4ClassRunner.java:57)
	at org.junit.runners.ParentRunner$3.run(ParentRunner.java:290)
	at org.junit.runners.ParentRunner$1.schedule(ParentRunner.java:71)
	at org.junit.runners.ParentRunner.runChildren(ParentRunner.java:288)
	at org.junit.runners.ParentRunner.access$000(ParentRunner.java:58)
	at org.junit.runners.ParentRunner$2.evaluate(ParentRunner.java:268)
	at org.junit.runners.ParentRunner.run(ParentRunner.java:363)
	at org.apache.maven.surefire.junit4.JUnit4TestSet.execute(JUnit4TestSet.java:53)
	at org.apache.maven.surefire.junit4.JUnit4Provider.executeTestSet(JUnit4Provider.java:123)
	at org.apache.maven.surefire.junit4.JUnit4Provider.invoke(JUnit4Provider.java:104)
	at sun.reflect.NativeMethodAccessorImpl.invoke0(Native Method)
	at sun.reflect.NativeMethodAccessorImpl.invoke(NativeMethodAccessorImpl.java:62)
	at sun.reflect.DelegatingMethodAccessorImpl.invoke(DelegatingMethodAccessorImpl.java:43)
	at java.lang.reflect.Method.invoke(Method.java:483)
	at org.apache.maven.surefire.util.ReflectionUtils.invokeMethodWithArray(ReflectionUtils.java:164)
	at org.apache.maven.surefire.booter.ProviderFactory$ProviderProxy.invoke(ProviderFactory.java:110)
	at org.apache.maven.surefire.booter.SurefireStarter.invokeProvider(SurefireStarter.java:175)
	at org.apache.maven.surefire.booter.SurefireStarter.runSuitesInProcessWhenForked(SurefireStarter.java:107)
	at org.apache.maven.surefire.booter.ForkedBooter.main(ForkedBooter.java:68)
</failure>
  </testcase>
  <testcase classname="org.apache.tomcat.util.net.jsse.openssl.TestOpenSSLCipherConfigurationParser" name="testIDEA" time="0.007">
    <failure message="Tested &apos;IDEA&apos;:  expected:&lt;[]&gt; but was:&lt;[SSL_RSA_WITH_IDEA_CBC_SHA,TLS_RSA_WITH_IDEA_CBC_SHA,SSL_CK_IDEA_128_CBC_WITH_MD5,SSL2_IDEA_128_CBC_WITH_MD5,]&gt;" type="org.junit.ComparisonFailure">org.junit.ComparisonFailure: Tested &apos;IDEA&apos;:  expected:&lt;[]&gt; but was:&lt;[SSL_RSA_WITH_IDEA_CBC_SHA,TLS_RSA_WITH_IDEA_CBC_SHA,SSL_CK_IDEA_128_CBC_WITH_MD5,SSL2_IDEA_128_CBC_WITH_MD5,]&gt;
	at org.junit.Assert.assertEquals(Assert.java:115)
	at org.apache.tomcat.util.net.jsse.openssl.TestOpenSSLCipherConfigurationParser.testSpecification(TestOpenSSLCipherConfigurationParser.java:499)
	at org.apache.tomcat.util.net.jsse.openssl.TestOpenSSLCipherConfigurationParser.testIDEA(TestOpenSSLCipherConfigurationParser.java:376)
	at sun.reflect.NativeMethodAccessorImpl.invoke0(Native Method)
	at sun.reflect.NativeMethodAccessorImpl.invoke(NativeMethodAccessorImpl.java:62)
	at sun.reflect.DelegatingMethodAccessorImpl.invoke(DelegatingMethodAccessorImpl.java:43)
	at java.lang.reflect.Method.invoke(Method.java:483)
	at org.junit.runners.model.FrameworkMethod$1.runReflectiveCall(FrameworkMethod.java:50)
	at org.junit.internal.runners.model.ReflectiveCallable.run(ReflectiveCallable.java:12)
	at org.junit.runners.model.FrameworkMethod.invokeExplosively(FrameworkMethod.java:47)
	at org.junit.internal.runners.statements.InvokeMethod.evaluate(InvokeMethod.java:17)
	at org.junit.internal.runners.statements.RunBefores.evaluate(RunBefores.java:26)
	at org.junit.runners.ParentRunner.runLeaf(ParentRunner.java:325)
	at org.junit.runners.BlockJUnit4ClassRunner.runChild(BlockJUnit4ClassRunner.java:78)
	at org.junit.runners.BlockJUnit4ClassRunner.runChild(BlockJUnit4ClassRunner.java:57)
	at org.junit.runners.ParentRunner$3.run(ParentRunner.java:290)
	at org.junit.runners.ParentRunner$1.schedule(ParentRunner.java:71)
	at org.junit.runners.ParentRunner.runChildren(ParentRunner.java:288)
	at org.junit.runners.ParentRunner.access$000(ParentRunner.java:58)
	at org.junit.runners.ParentRunner$2.evaluate(ParentRunner.java:268)
	at org.junit.runners.ParentRunner.run(ParentRunner.java:363)
	at org.apache.maven.surefire.junit4.JUnit4TestSet.execute(JUnit4TestSet.java:53)
	at org.apache.maven.surefire.junit4.JUnit4Provider.executeTestSet(JUnit4Provider.java:123)
	at org.apache.maven.surefire.junit4.JUnit4Provider.invoke(JUnit4Provider.java:104)
	at sun.reflect.NativeMethodAccessorImpl.invoke0(Native Method)
	at sun.reflect.NativeMethodAccessorImpl.invoke(NativeMethodAccessorImpl.java:62)
	at sun.reflect.DelegatingMethodAccessorImpl.invoke(DelegatingMethodAccessorImpl.java:43)
	at java.lang.reflect.Method.invoke(Method.java:483)
	at org.apache.maven.surefire.util.ReflectionUtils.invokeMethodWithArray(ReflectionUtils.java:164)
	at org.apache.maven.surefire.booter.ProviderFactory$ProviderProxy.invoke(ProviderFactory.java:110)
	at org.apache.maven.surefire.booter.SurefireStarter.invokeProvider(SurefireStarter.java:175)
	at org.apache.maven.surefire.booter.SurefireStarter.runSuitesInProcessWhenForked(SurefireStarter.java:107)
	at org.apache.maven.surefire.booter.ForkedBooter.main(ForkedBooter.java:68)
</failure>
    <system-err>Error in cipher list
5308:error:1410D0B9:SSL routines:SSL_CTX_set_cipher_list:no cipher match:/SourceCache/OpenSSL098/OpenSSL098-52.10.1/src/ssl/ssl_lib.c:1223:

</system-err>
  </testcase>
  <testcase classname="org.apache.tomcat.util.net.jsse.openssl.TestOpenSSLCipherConfigurationParser" name="testKRB5" time="0.005"/>
  <testcase classname="org.apache.tomcat.util.net.jsse.openssl.TestOpenSSLCipherConfigurationParser" name="testSEED" time="0.005">
    <failure message="Tested &apos;SEED&apos;:  expected:&lt;...SEED_CBC_SHA,TLS_DH_[]anon_WITH_SEED_CBC_S...&gt; but was:&lt;...SEED_CBC_SHA,TLS_DH_[RSA_WITH_SEED_CBC_SHA,TLS_DH_DSS_WITH_SEED_CBC_SHA,TLS_DH_]anon_WITH_SEED_CBC_S...&gt;" type="org.junit.ComparisonFailure">org.junit.ComparisonFailure: Tested &apos;SEED&apos;:  expected:&lt;...SEED_CBC_SHA,TLS_DH_[]anon_WITH_SEED_CBC_S...&gt; but was:&lt;...SEED_CBC_SHA,TLS_DH_[RSA_WITH_SEED_CBC_SHA,TLS_DH_DSS_WITH_SEED_CBC_SHA,TLS_DH_]anon_WITH_SEED_CBC_S...&gt;
	at org.junit.Assert.assertEquals(Assert.java:115)
	at org.apache.tomcat.util.net.jsse.openssl.TestOpenSSLCipherConfigurationParser.testSpecification(TestOpenSSLCipherConfigurationParser.java:499)
	at org.apache.tomcat.util.net.jsse.openssl.TestOpenSSLCipherConfigurationParser.testSEED(TestOpenSSLCipherConfigurationParser.java:382)
	at sun.reflect.NativeMethodAccessorImpl.invoke0(Native Method)
	at sun.reflect.NativeMethodAccessorImpl.invoke(NativeMethodAccessorImpl.java:62)
	at sun.reflect.DelegatingMethodAccessorImpl.invoke(DelegatingMethodAccessorImpl.java:43)
	at java.lang.reflect.Method.invoke(Method.java:483)
	at org.junit.runners.model.FrameworkMethod$1.runReflectiveCall(FrameworkMethod.java:50)
	at org.junit.internal.runners.model.ReflectiveCallable.run(ReflectiveCallable.java:12)
	at org.junit.runners.model.FrameworkMethod.invokeExplosively(FrameworkMethod.java:47)
	at org.junit.internal.runners.statements.InvokeMethod.evaluate(InvokeMethod.java:17)
	at org.junit.internal.runners.statements.RunBefores.evaluate(RunBefores.java:26)
	at org.junit.runners.ParentRunner.runLeaf(ParentRunner.java:325)
	at org.junit.runners.BlockJUnit4ClassRunner.runChild(BlockJUnit4ClassRunner.java:78)
	at org.junit.runners.BlockJUnit4ClassRunner.runChild(BlockJUnit4ClassRunner.java:57)
	at org.junit.runners.ParentRunner$3.run(ParentRunner.java:290)
	at org.junit.runners.ParentRunner$1.schedule(ParentRunner.java:71)
	at org.junit.runners.ParentRunner.runChildren(ParentRunner.java:288)
	at org.junit.runners.ParentRunner.access$000(ParentRunner.java:58)
	at org.junit.runners.ParentRunner$2.evaluate(ParentRunner.java:268)
	at org.junit.runners.ParentRunner.run(ParentRunner.java:363)
	at org.apache.maven.surefire.junit4.JUnit4TestSet.execute(JUnit4TestSet.java:53)
	at org.apache.maven.surefire.junit4.JUnit4Provider.executeTestSet(JUnit4Provider.java:123)
	at org.apache.maven.surefire.junit4.JUnit4Provider.invoke(JUnit4Provider.java:104)
	at sun.reflect.NativeMethodAccessorImpl.invoke0(Native Method)
	at sun.reflect.NativeMethodAccessorImpl.invoke(NativeMethodAccessorImpl.java:62)
	at sun.reflect.DelegatingMethodAccessorImpl.invoke(DelegatingMethodAccessorImpl.java:43)
	at java.lang.reflect.Method.invoke(Method.java:483)
	at org.apache.maven.surefire.util.ReflectionUtils.invokeMethodWithArray(ReflectionUtils.java:164)
	at org.apache.maven.surefire.booter.ProviderFactory$ProviderProxy.invoke(ProviderFactory.java:110)
	at org.apache.maven.surefire.booter.SurefireStarter.invokeProvider(SurefireStarter.java:175)
	at org.apache.maven.surefire.booter.SurefireStarter.runSuitesInProcessWhenForked(SurefireStarter.java:107)
	at org.apache.maven.surefire.booter.ForkedBooter.main(ForkedBooter.java:68)
</failure>
  </testcase>
  <testcase classname="org.apache.tomcat.util.net.jsse.openssl.TestOpenSSLCipherConfigurationParser" name="testSHA1" time="0.006">
    <failure message="Tested &apos;SHA1&apos;:  expected:&lt;TLS_[DHE_RSA_WITH_AES_256_CBC_SHA,TLS_DHE_DSS_WITH_AES_256_CBC_SHA,TLS_DH_anon_WITH_AES_256_CBC_SHA,TLS_RSA_WITH_AES_256_CBC_SHA,SSL_DHE_RSA_WITH_3DES_EDE_CBC_SHA,TLS_DHE_RSA_WITH_3DES_EDE_CBC_SHA,TLS_DHE_DSS_WITH_3DES_EDE_CBC_SHA,SSL_DHE_DSS_WITH_3DES_EDE_CBC_SHA,TLS_DH_anon_WITH_3DES_EDE_CBC_SHA,SSL_DH_anon_WITH_3DES_EDE_CBC_SHA,TLS_RSA_WITH_3DES_EDE_CBC_SHA,SSL_RSA_WITH_3DES_EDE_CBC_SHA,TLS_DHE_RSA_WITH_AES_128_CBC_SHA,TLS_DHE_DSS_WITH_AES_128_CBC_SHA,TLS_DHE_RSA_WITH_SEED_CBC_SHA,TLS_DHE_DSS_WITH_SEED_CBC_SHA,TLS_DH_anon_WITH_AES_128_CBC_SHA,TLS_DH_anon_WITH_SEED_CBC_SHA,TLS_RSA_WITH_AES_128_CBC_SHA,TLS_RSA_WITH_SEED_CBC_SHA,TLS_RSA_WITH_RC4_128_SHA,SSL_RSA_WITH_RC4_128_SHA,SSL_DHE_RSA_WITH_DES_CBC_SHA,TLS_DHE_RSA_WITH_DES_CBC_SHA,SSL_DHE_DSS_WITH_DES_CBC_SHA,TLS_DHE_DSS_WITH_DES_CBC_SHA,TLS_DH_anon_WITH_DES_CBC_SHA,SSL_DH_anon_WITH_DES_CBC_SHA,SSL_RSA_WITH_DES_CBC_SHA,TLS_RSA_WITH_DES_CBC_SHA,SSL_DHE_RSA_EXPORT_WITH_DES40_CBC_SHA,TLS_DHE_RSA_EXPORT_WITH_DES40_CBC_SHA,SSL_DHE_DSS_EXPORT_WITH_DES40_CBC_SHA,TLS_DHE_DSS_EXPORT_WITH_DES40_CBC_SHA,TLS_DH_anon_EXPORT_WITH_DES40_CBC_SHA,SSL_DH_anon_EXPORT_WITH_DES40_CBC_SHA,TLS_RSA_EXPORT_WITH_DES40_CBC_SHA,SSL_RSA_EXPORT_WITH_DES40_CBC]_SHA,SSL_RSA_WITH_NU...&gt; but was:&lt;TLS_[ECDHE_RSA_WITH_AES_256_CBC_SHA,TLS_ECDHE_ECDSA_WITH_AES_256_CBC_SHA,TLS_SRP_SHA_DSS_WITH_AES_256_CBC_SHA,TLS_SRP_SHA_RSA_WITH_AES_256_CBC_SHA,TLS_SRP_SHA_WITH_AES_256_CBC_SHA,TLS_DHE_RSA_WITH_AES_256_CBC_SHA,TLS_DHE_DSS_WITH_AES_256_CBC_SHA,TLS_DH_RSA_WITH_AES_256_CBC_SHA,TLS_DH_DSS_WITH_AES_256_CBC_SHA,TLS_DHE_RSA_WITH_CAMELLIA_256_CBC_SHA,TLS_DHE_DSS_WITH_CAMELLIA_256_CBC_SHA,TLS_DH_RSA_WITH_CAMELLIA_256_CBC_SHA,TLS_DH_DSS_WITH_CAMELLIA_256_CBC_SHA,TLS_ECDH_anon_WITH_AES_256_CBC_SHA,TLS_DH_anon_WITH_AES_256_CBC_SHA,TLS_DH_anon_WITH_CAMELLIA_256_CBC_SHA,TLS_ECDH_RSA_WITH_AES_256_CBC_SHA,TLS_ECDH_ECDSA_WITH_AES_256_CBC_SHA,TLS_RSA_WITH_AES_256_CBC_SHA,TLS_RSA_WITH_CAMELLIA_256_CBC_SHA,TLS_PSK_WITH_AES_256_CBC_SHA,TLS_ECDHE_RSA_WITH_3DES_EDE_CBC_SHA,TLS_ECDHE_ECDSA_WITH_3DES_EDE_CBC_SHA,TLS_SRP_SHA_DSS_WITH_3DES_EDE_CBC_SHA,TLS_SRP_SHA_RSA_WITH_3DES_EDE_CBC_SHA,TLS_SRP_SHA_WITH_3DES_EDE_CBC_SHA,SSL_DHE_RSA_WITH_3DES_EDE_CBC_SHA,TLS_DHE_RSA_WITH_3DES_EDE_CBC_SHA,TLS_DHE_DSS_WITH_3DES_EDE_CBC_SHA,SSL_DHE_DSS_WITH_3DES_EDE_CBC_SHA,TLS_DH_RSA_WITH_3DES_EDE_CBC_SHA,SSL_DH_RSA_WITH_3DES_EDE_CBC_SHA,TLS_DH_DSS_WITH_3DES_EDE_CBC_SHA,SSL_DH_DSS_WITH_3DES_EDE_CBC_SHA,TLS_ECDH_anon_WITH_3DES_EDE_CBC_SHA,TLS_DH_anon_WITH_3DES_EDE_CBC_SHA,SSL_DH_anon_WITH_3DES_EDE_CBC_SHA,TLS_ECDH_RSA_WITH_3DES_EDE_CBC_SHA,TLS_ECDH_ECDSA_WITH_3DES_EDE_CBC_SHA,TLS_RSA_WITH_3DES_EDE_CBC_SHA,SSL_RSA_WITH_3DES_EDE_CBC_SHA,TLS_PSK_WITH_3DES_EDE_CBC_SHA,TLS_ECDHE_RSA_WITH_AES_128_CBC_SHA,TLS_ECDHE_ECDSA_WITH_AES_128_CBC_SHA,TLS_SRP_SHA_DSS_WITH_AES_128_CBC_SHA,TLS_SRP_SHA_RSA_WITH_AES_128_CBC_SHA,TLS_SRP_SHA_WITH_AES_128_CBC_SHA,TLS_DHE_RSA_WITH_AES_128_CBC_SHA,TLS_DHE_DSS_WITH_AES_128_CBC_SHA,TLS_DH_RSA_WITH_AES_128_CBC_SHA,TLS_DH_DSS_WITH_AES_128_CBC_SHA,TLS_DHE_RSA_WITH_SEED_CBC_SHA,TLS_DHE_DSS_WITH_SEED_CBC_SHA,TLS_DH_RSA_WITH_SEED_CBC_SHA,TLS_DH_DSS_WITH_SEED_CBC_SHA,TLS_DHE_RSA_WITH_CAMELLIA_128_CBC_SHA,TLS_DHE_DSS_WITH_CAMELLIA_128_CBC_SHA,TLS_DH_RSA_WITH_CAMELLIA_128_CBC_SHA,TLS_DH_DSS_WITH_CAMELLIA_128_CBC_SHA,TLS_ECDH_anon_WITH_AES_128_CBC_SHA,TLS_DH_anon_WITH_AES_128_CBC_SHA,TLS_DH_anon_WITH_SEED_CBC_SHA,TLS_DH_anon_WITH_CAMELLIA_128_CBC_SHA,TLS_ECDH_RSA_WITH_AES_128_CBC_SHA,TLS_ECDH_ECDSA_WITH_AES_128_CBC_SHA,TLS_RSA_WITH_AES_128_CBC_SHA,TLS_RSA_WITH_SEED_CBC_SHA,TLS_RSA_WITH_CAMELLIA_128_CBC_SHA,SSL_RSA_WITH_IDEA_CBC_SHA,TLS_RSA_WITH_IDEA_CBC_SHA,TLS_PSK_WITH_AES_128_CBC_SHA,TLS_ECDHE_RSA_WITH_RC4_128_SHA,TLS_ECDHE_ECDSA_WITH_RC4_128_SHA,TLS_ECDH_anon_WITH_RC4_128_SHA,TLS_ECDH_RSA_WITH_RC4_128_SHA,TLS_ECDH_ECDSA_WITH_RC4_128_SHA,TLS_RSA_WITH_RC4_128_SHA,SSL_RSA_WITH_RC4_128_SHA,TLS_PSK_WITH_RC4_128_SHA,SSL_DHE_RSA_WITH_DES_CBC_SHA,TLS_DHE_RSA_WITH_DES_CBC_SHA,SSL_DHE_DSS_WITH_DES_CBC_SHA,TLS_DHE_DSS_WITH_DES_CBC_SHA,SSL_DH_RSA_WITH_DES_CBC_SHA,TLS_DH_RSA_WITH_DES_CBC_SHA,SSL_DH_DSS_WITH_DES_CBC_SHA,TLS_DH_DSS_WITH_DES_CBC_SHA,TLS_DH_anon_WITH_DES_CBC_SHA,SSL_DH_anon_WITH_DES_CBC_SHA,SSL_RSA_WITH_DES_CBC_SHA,TLS_RSA_WITH_DES_CBC_SHA,SSL_DHE_RSA_EXPORT_WITH_DES40_CBC_SHA,TLS_DHE_RSA_EXPORT_WITH_DES40_CBC_SHA,SSL_DHE_DSS_EXPORT_WITH_DES40_CBC_SHA,TLS_DHE_DSS_EXPORT_WITH_DES40_CBC_SHA,SSL_DH_RSA_EXPORT_WITH_DES40_CBC_SHA,TLS_DH_RSA_EXPORT_WITH_DES40_CBC_SHA,SSL_DH_DSS_EXPORT_WITH_DES40_CBC_SHA,TLS_DH_DSS_EXPORT_WITH_DES40_CBC_SHA,TLS_DH_anon_EXPORT_WITH_DES40_CBC_SHA,SSL_DH_anon_EXPORT_WITH_DES40_CBC_SHA,TLS_RSA_EXPORT_WITH_DES40_CBC_SHA,SSL_RSA_EXPORT_WITH_DES40_CBC_SHA,TLS_ECDHE_RSA_WITH_NULL_SHA,TLS_ECDHE_ECDSA_WITH_NULL_SHA,TLS_ECDH_anon_WITH_NULL_SHA,TLS_ECDH_RSA_WITH_NULL_SHA,TLS_ECDH_ECDSA_WITH_NULL]_SHA,SSL_RSA_WITH_NU...&gt;" type="org.junit.ComparisonFailure">org.junit.ComparisonFailure: Tested &apos;SHA1&apos;:  expected:&lt;TLS_[DHE_RSA_WITH_AES_256_CBC_SHA,TLS_DHE_DSS_WITH_AES_256_CBC_SHA,TLS_DH_anon_WITH_AES_256_CBC_SHA,TLS_RSA_WITH_AES_256_CBC_SHA,SSL_DHE_RSA_WITH_3DES_EDE_CBC_SHA,TLS_DHE_RSA_WITH_3DES_EDE_CBC_SHA,TLS_DHE_DSS_WITH_3DES_EDE_CBC_SHA,SSL_DHE_DSS_WITH_3DES_EDE_CBC_SHA,TLS_DH_anon_WITH_3DES_EDE_CBC_SHA,SSL_DH_anon_WITH_3DES_EDE_CBC_SHA,TLS_RSA_WITH_3DES_EDE_CBC_SHA,SSL_RSA_WITH_3DES_EDE_CBC_SHA,TLS_DHE_RSA_WITH_AES_128_CBC_SHA,TLS_DHE_DSS_WITH_AES_128_CBC_SHA,TLS_DHE_RSA_WITH_SEED_CBC_SHA,TLS_DHE_DSS_WITH_SEED_CBC_SHA,TLS_DH_anon_WITH_AES_128_CBC_SHA,TLS_DH_anon_WITH_SEED_CBC_SHA,TLS_RSA_WITH_AES_128_CBC_SHA,TLS_RSA_WITH_SEED_CBC_SHA,TLS_RSA_WITH_RC4_128_SHA,SSL_RSA_WITH_RC4_128_SHA,SSL_DHE_RSA_WITH_DES_CBC_SHA,TLS_DHE_RSA_WITH_DES_CBC_SHA,SSL_DHE_DSS_WITH_DES_CBC_SHA,TLS_DHE_DSS_WITH_DES_CBC_SHA,TLS_DH_anon_WITH_DES_CBC_SHA,SSL_DH_anon_WITH_DES_CBC_SHA,SSL_RSA_WITH_DES_CBC_SHA,TLS_RSA_WITH_DES_CBC_SHA,SSL_DHE_RSA_EXPORT_WITH_DES40_CBC_SHA,TLS_DHE_RSA_EXPORT_WITH_DES40_CBC_SHA,SSL_DHE_DSS_EXPORT_WITH_DES40_CBC_SHA,TLS_DHE_DSS_EXPORT_WITH_DES40_CBC_SHA,TLS_DH_anon_EXPORT_WITH_DES40_CBC_SHA,SSL_DH_anon_EXPORT_WITH_DES40_CBC_SHA,TLS_RSA_EXPORT_WITH_DES40_CBC_SHA,SSL_RSA_EXPORT_WITH_DES40_CBC]_SHA,SSL_RSA_WITH_NU...&gt; but was:&lt;TLS_[ECDHE_RSA_WITH_AES_256_CBC_SHA,TLS_ECDHE_ECDSA_WITH_AES_256_CBC_SHA,TLS_SRP_SHA_DSS_WITH_AES_256_CBC_SHA,TLS_SRP_SHA_RSA_WITH_AES_256_CBC_SHA,TLS_SRP_SHA_WITH_AES_256_CBC_SHA,TLS_DHE_RSA_WITH_AES_256_CBC_SHA,TLS_DHE_DSS_WITH_AES_256_CBC_SHA,TLS_DH_RSA_WITH_AES_256_CBC_SHA,TLS_DH_DSS_WITH_AES_256_CBC_SHA,TLS_DHE_RSA_WITH_CAMELLIA_256_CBC_SHA,TLS_DHE_DSS_WITH_CAMELLIA_256_CBC_SHA,TLS_DH_RSA_WITH_CAMELLIA_256_CBC_SHA,TLS_DH_DSS_WITH_CAMELLIA_256_CBC_SHA,TLS_ECDH_anon_WITH_AES_256_CBC_SHA,TLS_DH_anon_WITH_AES_256_CBC_SHA,TLS_DH_anon_WITH_CAMELLIA_256_CBC_SHA,TLS_ECDH_RSA_WITH_AES_256_CBC_SHA,TLS_ECDH_ECDSA_WITH_AES_256_CBC_SHA,TLS_RSA_WITH_AES_256_CBC_SHA,TLS_RSA_WITH_CAMELLIA_256_CBC_SHA,TLS_PSK_WITH_AES_256_CBC_SHA,TLS_ECDHE_RSA_WITH_3DES_EDE_CBC_SHA,TLS_ECDHE_ECDSA_WITH_3DES_EDE_CBC_SHA,TLS_SRP_SHA_DSS_WITH_3DES_EDE_CBC_SHA,TLS_SRP_SHA_RSA_WITH_3DES_EDE_CBC_SHA,TLS_SRP_SHA_WITH_3DES_EDE_CBC_SHA,SSL_DHE_RSA_WITH_3DES_EDE_CBC_SHA,TLS_DHE_RSA_WITH_3DES_EDE_CBC_SHA,TLS_DHE_DSS_WITH_3DES_EDE_CBC_SHA,SSL_DHE_DSS_WITH_3DES_EDE_CBC_SHA,TLS_DH_RSA_WITH_3DES_EDE_CBC_SHA,SSL_DH_RSA_WITH_3DES_EDE_CBC_SHA,TLS_DH_DSS_WITH_3DES_EDE_CBC_SHA,SSL_DH_DSS_WITH_3DES_EDE_CBC_SHA,TLS_ECDH_anon_WITH_3DES_EDE_CBC_SHA,TLS_DH_anon_WITH_3DES_EDE_CBC_SHA,SSL_DH_anon_WITH_3DES_EDE_CBC_SHA,TLS_ECDH_RSA_WITH_3DES_EDE_CBC_SHA,TLS_ECDH_ECDSA_WITH_3DES_EDE_CBC_SHA,TLS_RSA_WITH_3DES_EDE_CBC_SHA,SSL_RSA_WITH_3DES_EDE_CBC_SHA,TLS_PSK_WITH_3DES_EDE_CBC_SHA,TLS_ECDHE_RSA_WITH_AES_128_CBC_SHA,TLS_ECDHE_ECDSA_WITH_AES_128_CBC_SHA,TLS_SRP_SHA_DSS_WITH_AES_128_CBC_SHA,TLS_SRP_SHA_RSA_WITH_AES_128_CBC_SHA,TLS_SRP_SHA_WITH_AES_128_CBC_SHA,TLS_DHE_RSA_WITH_AES_128_CBC_SHA,TLS_DHE_DSS_WITH_AES_128_CBC_SHA,TLS_DH_RSA_WITH_AES_128_CBC_SHA,TLS_DH_DSS_WITH_AES_128_CBC_SHA,TLS_DHE_RSA_WITH_SEED_CBC_SHA,TLS_DHE_DSS_WITH_SEED_CBC_SHA,TLS_DH_RSA_WITH_SEED_CBC_SHA,TLS_DH_DSS_WITH_SEED_CBC_SHA,TLS_DHE_RSA_WITH_CAMELLIA_128_CBC_SHA,TLS_DHE_DSS_WITH_CAMELLIA_128_CBC_SHA,TLS_DH_RSA_WITH_CAMELLIA_128_CBC_SHA,TLS_DH_DSS_WITH_CAMELLIA_128_CBC_SHA,TLS_ECDH_anon_WITH_AES_128_CBC_SHA,TLS_DH_anon_WITH_AES_128_CBC_SHA,TLS_DH_anon_WITH_SEED_CBC_SHA,TLS_DH_anon_WITH_CAMELLIA_128_CBC_SHA,TLS_ECDH_RSA_WITH_AES_128_CBC_SHA,TLS_ECDH_ECDSA_WITH_AES_128_CBC_SHA,TLS_RSA_WITH_AES_128_CBC_SHA,TLS_RSA_WITH_SEED_CBC_SHA,TLS_RSA_WITH_CAMELLIA_128_CBC_SHA,SSL_RSA_WITH_IDEA_CBC_SHA,TLS_RSA_WITH_IDEA_CBC_SHA,TLS_PSK_WITH_AES_128_CBC_SHA,TLS_ECDHE_RSA_WITH_RC4_128_SHA,TLS_ECDHE_ECDSA_WITH_RC4_128_SHA,TLS_ECDH_anon_WITH_RC4_128_SHA,TLS_ECDH_RSA_WITH_RC4_128_SHA,TLS_ECDH_ECDSA_WITH_RC4_128_SHA,TLS_RSA_WITH_RC4_128_SHA,SSL_RSA_WITH_RC4_128_SHA,TLS_PSK_WITH_RC4_128_SHA,SSL_DHE_RSA_WITH_DES_CBC_SHA,TLS_DHE_RSA_WITH_DES_CBC_SHA,SSL_DHE_DSS_WITH_DES_CBC_SHA,TLS_DHE_DSS_WITH_DES_CBC_SHA,SSL_DH_RSA_WITH_DES_CBC_SHA,TLS_DH_RSA_WITH_DES_CBC_SHA,SSL_DH_DSS_WITH_DES_CBC_SHA,TLS_DH_DSS_WITH_DES_CBC_SHA,TLS_DH_anon_WITH_DES_CBC_SHA,SSL_DH_anon_WITH_DES_CBC_SHA,SSL_RSA_WITH_DES_CBC_SHA,TLS_RSA_WITH_DES_CBC_SHA,SSL_DHE_RSA_EXPORT_WITH_DES40_CBC_SHA,TLS_DHE_RSA_EXPORT_WITH_DES40_CBC_SHA,SSL_DHE_DSS_EXPORT_WITH_DES40_CBC_SHA,TLS_DHE_DSS_EXPORT_WITH_DES40_CBC_SHA,SSL_DH_RSA_EXPORT_WITH_DES40_CBC_SHA,TLS_DH_RSA_EXPORT_WITH_DES40_CBC_SHA,SSL_DH_DSS_EXPORT_WITH_DES40_CBC_SHA,TLS_DH_DSS_EXPORT_WITH_DES40_CBC_SHA,TLS_DH_anon_EXPORT_WITH_DES40_CBC_SHA,SSL_DH_anon_EXPORT_WITH_DES40_CBC_SHA,TLS_RSA_EXPORT_WITH_DES40_CBC_SHA,SSL_RSA_EXPORT_WITH_DES40_CBC_SHA,TLS_ECDHE_RSA_WITH_NULL_SHA,TLS_ECDHE_ECDSA_WITH_NULL_SHA,TLS_ECDH_anon_WITH_NULL_SHA,TLS_ECDH_RSA_WITH_NULL_SHA,TLS_ECDH_ECDSA_WITH_NULL]_SHA,SSL_RSA_WITH_NU...&gt;
	at org.junit.Assert.assertEquals(Assert.java:115)
	at org.apache.tomcat.util.net.jsse.openssl.TestOpenSSLCipherConfigurationParser.testSpecification(TestOpenSSLCipherConfigurationParser.java:499)
	at org.apache.tomcat.util.net.jsse.openssl.TestOpenSSLCipherConfigurationParser.testSHA1(TestOpenSSLCipherConfigurationParser.java:394)
	at sun.reflect.NativeMethodAccessorImpl.invoke0(Native Method)
	at sun.reflect.NativeMethodAccessorImpl.invoke(NativeMethodAccessorImpl.java:62)
	at sun.reflect.DelegatingMethodAccessorImpl.invoke(DelegatingMethodAccessorImpl.java:43)
	at java.lang.reflect.Method.invoke(Method.java:483)
	at org.junit.runners.model.FrameworkMethod$1.runReflectiveCall(FrameworkMethod.java:50)
	at org.junit.internal.runners.model.ReflectiveCallable.run(ReflectiveCallable.java:12)
	at org.junit.runners.model.FrameworkMethod.invokeExplosively(FrameworkMethod.java:47)
	at org.junit.internal.runners.statements.InvokeMethod.evaluate(InvokeMethod.java:17)
	at org.junit.internal.runners.statements.RunBefores.evaluate(RunBefores.java:26)
	at org.junit.runners.ParentRunner.runLeaf(ParentRunner.java:325)
	at org.junit.runners.BlockJUnit4ClassRunner.runChild(BlockJUnit4ClassRunner.java:78)
	at org.junit.runners.BlockJUnit4ClassRunner.runChild(BlockJUnit4ClassRunner.java:57)
	at org.junit.runners.ParentRunner$3.run(ParentRunner.java:290)
	at org.junit.runners.ParentRunner$1.schedule(ParentRunner.java:71)
	at org.junit.runners.ParentRunner.runChildren(ParentRunner.java:288)
	at org.junit.runners.ParentRunner.access$000(ParentRunner.java:58)
	at org.junit.runners.ParentRunner$2.evaluate(ParentRunner.java:268)
	at org.junit.runners.ParentRunner.run(ParentRunner.java:363)
	at org.apache.maven.surefire.junit4.JUnit4TestSet.execute(JUnit4TestSet.java:53)
	at org.apache.maven.surefire.junit4.JUnit4Provider.executeTestSet(JUnit4Provider.java:123)
	at org.apache.maven.surefire.junit4.JUnit4Provider.invoke(JUnit4Provider.java:104)
	at sun.reflect.NativeMethodAccessorImpl.invoke0(Native Method)
	at sun.reflect.NativeMethodAccessorImpl.invoke(NativeMethodAccessorImpl.java:62)
	at sun.reflect.DelegatingMethodAccessorImpl.invoke(DelegatingMethodAccessorImpl.java:43)
	at java.lang.reflect.Method.invoke(Method.java:483)
	at org.apache.maven.surefire.util.ReflectionUtils.invokeMethodWithArray(ReflectionUtils.java:164)
	at org.apache.maven.surefire.booter.ProviderFactory$ProviderProxy.invoke(ProviderFactory.java:110)
	at org.apache.maven.surefire.booter.SurefireStarter.invokeProvider(SurefireStarter.java:175)
	at org.apache.maven.surefire.booter.SurefireStarter.runSuitesInProcessWhenForked(SurefireStarter.java:107)
	at org.apache.maven.surefire.booter.ForkedBooter.main(ForkedBooter.java:68)
</failure>
  </testcase>
  <testcase classname="org.apache.tomcat.util.net.jsse.openssl.TestOpenSSLCipherConfigurationParser" name="testaDSS" time="0.006">
    <failure message="Tested &apos;aDSS&apos;:  expected:&lt;TLS_[DHE_DSS_WITH_AES_256_CBC_SHA,TLS_DHE_DSS_WITH_3DES_EDE_CBC_SHA,SSL_DHE_DSS_WITH_3DES_EDE_CBC_SHA,TLS_DHE_DSS_WITH_AES_128_CBC_SHA,TLS_DHE_DSS_WITH_SEED]_CBC_SHA,SSL_DHE_DSS...&gt; but was:&lt;TLS_[SRP_SHA_DSS_WITH_AES_256_CBC_SHA,TLS_DHE_DSS_WITH_AES_256_GCM_SHA384,TLS_DHE_DSS_WITH_AES_256_CBC_SHA256,TLS_DHE_DSS_WITH_AES_256_CBC_SHA,TLS_DHE_DSS_WITH_CAMELLIA_256_CBC_SHA,TLS_SRP_SHA_DSS_WITH_3DES_EDE_CBC_SHA,TLS_DHE_DSS_WITH_3DES_EDE_CBC_SHA,SSL_DHE_DSS_WITH_3DES_EDE_CBC_SHA,TLS_SRP_SHA_DSS_WITH_AES_128_CBC_SHA,TLS_DHE_DSS_WITH_AES_128_GCM_SHA256,TLS_DHE_DSS_WITH_AES_128_CBC_SHA256,TLS_DHE_DSS_WITH_AES_128_CBC_SHA,TLS_DHE_DSS_WITH_SEED_CBC_SHA,TLS_DHE_DSS_WITH_CAMELLIA_128]_CBC_SHA,SSL_DHE_DSS...&gt;" type="org.junit.ComparisonFailure">org.junit.ComparisonFailure: Tested &apos;aDSS&apos;:  expected:&lt;TLS_[DHE_DSS_WITH_AES_256_CBC_SHA,TLS_DHE_DSS_WITH_3DES_EDE_CBC_SHA,SSL_DHE_DSS_WITH_3DES_EDE_CBC_SHA,TLS_DHE_DSS_WITH_AES_128_CBC_SHA,TLS_DHE_DSS_WITH_SEED]_CBC_SHA,SSL_DHE_DSS...&gt; but was:&lt;TLS_[SRP_SHA_DSS_WITH_AES_256_CBC_SHA,TLS_DHE_DSS_WITH_AES_256_GCM_SHA384,TLS_DHE_DSS_WITH_AES_256_CBC_SHA256,TLS_DHE_DSS_WITH_AES_256_CBC_SHA,TLS_DHE_DSS_WITH_CAMELLIA_256_CBC_SHA,TLS_SRP_SHA_DSS_WITH_3DES_EDE_CBC_SHA,TLS_DHE_DSS_WITH_3DES_EDE_CBC_SHA,SSL_DHE_DSS_WITH_3DES_EDE_CBC_SHA,TLS_SRP_SHA_DSS_WITH_AES_128_CBC_SHA,TLS_DHE_DSS_WITH_AES_128_GCM_SHA256,TLS_DHE_DSS_WITH_AES_128_CBC_SHA256,TLS_DHE_DSS_WITH_AES_128_CBC_SHA,TLS_DHE_DSS_WITH_SEED_CBC_SHA,TLS_DHE_DSS_WITH_CAMELLIA_128]_CBC_SHA,SSL_DHE_DSS...&gt;
	at org.junit.Assert.assertEquals(Assert.java:115)
	at org.apache.tomcat.util.net.jsse.openssl.TestOpenSSLCipherConfigurationParser.testSpecification(TestOpenSSLCipherConfigurationParser.java:499)
	at org.apache.tomcat.util.net.jsse.openssl.TestOpenSSLCipherConfigurationParser.testaDSS(TestOpenSSLCipherConfigurationParser.java:220)
	at sun.reflect.NativeMethodAccessorImpl.invoke0(Native Method)
	at sun.reflect.NativeMethodAccessorImpl.invoke(NativeMethodAccessorImpl.java:62)
	at sun.reflect.DelegatingMethodAccessorImpl.invoke(DelegatingMethodAccessorImpl.java:43)
	at java.lang.reflect.Method.invoke(Method.java:483)
	at org.junit.runners.model.FrameworkMethod$1.runReflectiveCall(FrameworkMethod.java:50)
	at org.junit.internal.runners.model.ReflectiveCallable.run(ReflectiveCallable.java:12)
	at org.junit.runners.model.FrameworkMethod.invokeExplosively(FrameworkMethod.java:47)
	at org.junit.internal.runners.statements.InvokeMethod.evaluate(InvokeMethod.java:17)
	at org.junit.internal.runners.statements.RunBefores.evaluate(RunBefores.java:26)
	at org.junit.runners.ParentRunner.runLeaf(ParentRunner.java:325)
	at org.junit.runners.BlockJUnit4ClassRunner.runChild(BlockJUnit4ClassRunner.java:78)
	at org.junit.runners.BlockJUnit4ClassRunner.runChild(BlockJUnit4ClassRunner.java:57)
	at org.junit.runners.ParentRunner$3.run(ParentRunner.java:290)
	at org.junit.runners.ParentRunner$1.schedule(ParentRunner.java:71)
	at org.junit.runners.ParentRunner.runChildren(ParentRunner.java:288)
	at org.junit.runners.ParentRunner.access$000(ParentRunner.java:58)
	at org.junit.runners.ParentRunner$2.evaluate(ParentRunner.java:268)
	at org.junit.runners.ParentRunner.run(ParentRunner.java:363)
	at org.apache.maven.surefire.junit4.JUnit4TestSet.execute(JUnit4TestSet.java:53)
	at org.apache.maven.surefire.junit4.JUnit4Provider.executeTestSet(JUnit4Provider.java:123)
	at org.apache.maven.surefire.junit4.JUnit4Provider.invoke(JUnit4Provider.java:104)
	at sun.reflect.NativeMethodAccessorImpl.invoke0(Native Method)
	at sun.reflect.NativeMethodAccessorImpl.invoke(NativeMethodAccessorImpl.java:62)
	at sun.reflect.DelegatingMethodAccessorImpl.invoke(DelegatingMethodAccessorImpl.java:43)
	at java.lang.reflect.Method.invoke(Method.java:483)
	at org.apache.maven.surefire.util.ReflectionUtils.invokeMethodWithArray(ReflectionUtils.java:164)
	at org.apache.maven.surefire.booter.ProviderFactory$ProviderProxy.invoke(ProviderFactory.java:110)
	at org.apache.maven.surefire.booter.SurefireStarter.invokeProvider(SurefireStarter.java:175)
	at org.apache.maven.surefire.booter.SurefireStarter.runSuitesInProcessWhenForked(SurefireStarter.java:107)
	at org.apache.maven.surefire.booter.ForkedBooter.main(ForkedBooter.java:68)
</failure>
  </testcase>
  <testcase classname="org.apache.tomcat.util.net.jsse.openssl.TestOpenSSLCipherConfigurationParser" name="testaFZA" time="0.005"/>
  <testcase classname="org.apache.tomcat.util.net.jsse.openssl.TestOpenSSLCipherConfigurationParser" name="testaRSA" time="0.006">
    <failure message="Tested &apos;aRSA&apos;:  expected:&lt;...HE_RSA_WITH_AES_256_[CBC_SHA,TLS_DHE_RSA_WITH_AES_256_CBC_SHA,TLS_ECDH_RSA_WITH_AES_256_CBC_SHA,TLS_RSA_WITH_AES_256_CBC_SHA,TLS_ECDHE_RSA_WITH_3DES_EDE_CBC_SHA,SSL_DHE_RSA_WITH_3DES_EDE_CBC_SHA,TLS_DHE_RSA_WITH_3DES_EDE_CBC_SHA,TLS_ECDH_RSA_WITH_3DES_EDE_CBC_SHA,TLS_RSA_WITH_3DES_EDE_CBC_SHA,SSL_RSA_WITH_3DES_EDE_CBC_SHA,SSL2_DES_192_EDE3_CBC_WITH_MD5,SSL_CK_DES_192_EDE3_CBC_WITH_MD5,TLS_ECDHE_RSA_WITH_AES_128_CBC_SHA,TLS_DHE_RSA_WITH_AES_128_CBC_SHA,TLS_DHE_RSA_WITH_SEED_CBC_SHA,TLS_ECDH_RSA_WITH_AES_128_CBC_SHA,TLS_RSA_WITH_AES_128_CBC_SHA,TLS_RSA_WITH_SEED_CBC_SHA,SSL2_RC2_CBC_128_CBC_WITH_MD5,TLS_ECDHE_RSA_WITH_RC4_128_SHA,TLS_ECDH_RSA_WITH_RC4_128_SHA,TLS_RSA_WITH_RC4_128_SHA,SSL_RSA_WITH_RC4_128_SHA,SSL_RSA_WITH_RC4_128_MD5,TLS_RSA_WITH_RC4_128_MD5,SSL_CK_RC4_128_WITH_MD5,SSL_DHE_RSA_WITH_DES_CBC_SHA,TLS_DHE_RSA_WITH_DES_CBC_SHA,SSL_RSA_WITH_DES_CBC_SHA,TLS_RSA_WITH_DES_CBC_SHA,SSL_CK_DES_64_CBC_WITH_MD5,SSL2_DES_64_CBC_WITH_MD5,SSL_DHE_RSA_EXPORT_WITH_DES40_CBC_SHA,TLS_DHE_RSA_EXPORT_WITH_DES40_CBC_SHA,TLS_RSA_EXPORT_WITH_DES40_CBC_SHA,SSL_RSA_EXPORT_WITH_DES40_CBC_SHA,SSL_RSA_EXPORT_WITH_RC2_CBC_40_MD5,TLS_RSA_EXPORT_WITH_RC2_CBC_40_MD5,SSL_CK_RC2_128_CBC_EXPORT40_WITH_MD5,TLS_RSA_EXPORT_WITH_RC4_40_MD5,SSL_RSA_EXPORT_WITH_RC4_40_MD5,SSL2_RC4_128_EXPORT40_WITH_MD5,SSL_RC4_128_EXPORT40_WITH_MD5,TLS_ECDHE_RSA_WITH_NULL_SHA,TLS_ECDH_RSA_WITH_NULL_SHA],SSL_RSA_WITH_NULL_S...&gt; but was:&lt;...HE_RSA_WITH_AES_256_[GCM_SHA384,TLS_ECDHE_RSA_WITH_AES_256_CBC_SHA384,TLS_ECDHE_RSA_WITH_AES_256_CBC_SHA,TLS_SRP_SHA_RSA_WITH_AES_256_CBC_SHA,TLS_DHE_RSA_WITH_AES_256_GCM_SHA384,TLS_DHE_RSA_WITH_AES_256_CBC_SHA256,TLS_DHE_RSA_WITH_AES_256_CBC_SHA,TLS_DHE_RSA_WITH_CAMELLIA_256_CBC_SHA,TLS_RSA_WITH_AES_256_GCM_SHA384,TLS_RSA_WITH_AES_256_CBC_SHA256,TLS_RSA_WITH_AES_256_CBC_SHA,TLS_RSA_WITH_CAMELLIA_256_CBC_SHA,TLS_ECDHE_RSA_WITH_3DES_EDE_CBC_SHA,TLS_SRP_SHA_RSA_WITH_3DES_EDE_CBC_SHA,SSL_DHE_RSA_WITH_3DES_EDE_CBC_SHA,TLS_DHE_RSA_WITH_3DES_EDE_CBC_SHA,TLS_RSA_WITH_3DES_EDE_CBC_SHA,SSL_RSA_WITH_3DES_EDE_CBC_SHA,SSL2_DES_192_EDE3_CBC_WITH_MD5,SSL_CK_DES_192_EDE3_CBC_WITH_MD5,TLS_ECDHE_RSA_WITH_AES_128_GCM_SHA256,TLS_ECDHE_RSA_WITH_AES_128_CBC_SHA256,TLS_ECDHE_RSA_WITH_AES_128_CBC_SHA,TLS_SRP_SHA_RSA_WITH_AES_128_CBC_SHA,TLS_DHE_RSA_WITH_AES_128_GCM_SHA256,TLS_DHE_RSA_WITH_AES_128_CBC_SHA256,TLS_DHE_RSA_WITH_AES_128_CBC_SHA,TLS_DHE_RSA_WITH_SEED_CBC_SHA,TLS_DHE_RSA_WITH_CAMELLIA_128_CBC_SHA,TLS_RSA_WITH_AES_128_GCM_SHA256,TLS_RSA_WITH_AES_128_CBC_SHA256,TLS_RSA_WITH_AES_128_CBC_SHA,TLS_RSA_WITH_SEED_CBC_SHA,TLS_RSA_WITH_CAMELLIA_128_CBC_SHA,SSL_RSA_WITH_IDEA_CBC_SHA,TLS_RSA_WITH_IDEA_CBC_SHA,SSL_CK_IDEA_128_CBC_WITH_MD5,SSL2_IDEA_128_CBC_WITH_MD5,SSL2_RC2_CBC_128_CBC_WITH_MD5,TLS_ECDHE_RSA_WITH_RC4_128_SHA,TLS_RSA_WITH_RC4_128_SHA,SSL_RSA_WITH_RC4_128_SHA,SSL_RSA_WITH_RC4_128_MD5,TLS_RSA_WITH_RC4_128_MD5,SSL_CK_RC4_128_WITH_MD5,SSL_DHE_RSA_WITH_DES_CBC_SHA,TLS_DHE_RSA_WITH_DES_CBC_SHA,SSL_RSA_WITH_DES_CBC_SHA,TLS_RSA_WITH_DES_CBC_SHA,SSL_CK_DES_64_CBC_WITH_MD5,SSL2_DES_64_CBC_WITH_MD5,SSL_DHE_RSA_EXPORT_WITH_DES40_CBC_SHA,TLS_DHE_RSA_EXPORT_WITH_DES40_CBC_SHA,TLS_RSA_EXPORT_WITH_DES40_CBC_SHA,SSL_RSA_EXPORT_WITH_DES40_CBC_SHA,SSL_RSA_EXPORT_WITH_RC2_CBC_40_MD5,TLS_RSA_EXPORT_WITH_RC2_CBC_40_MD5,SSL_CK_RC2_128_CBC_EXPORT40_WITH_MD5,TLS_RSA_EXPORT_WITH_RC4_40_MD5,SSL_RSA_EXPORT_WITH_RC4_40_MD5,SSL2_RC4_128_EXPORT40_WITH_MD5,SSL_RC4_128_EXPORT40_WITH_MD5,TLS_ECDHE_RSA_WITH_NULL_SHA,TLS_RSA_WITH_NULL_SHA256],SSL_RSA_WITH_NULL_S...&gt;" type="org.junit.ComparisonFailure">org.junit.ComparisonFailure: Tested &apos;aRSA&apos;:  expected:&lt;...HE_RSA_WITH_AES_256_[CBC_SHA,TLS_DHE_RSA_WITH_AES_256_CBC_SHA,TLS_ECDH_RSA_WITH_AES_256_CBC_SHA,TLS_RSA_WITH_AES_256_CBC_SHA,TLS_ECDHE_RSA_WITH_3DES_EDE_CBC_SHA,SSL_DHE_RSA_WITH_3DES_EDE_CBC_SHA,TLS_DHE_RSA_WITH_3DES_EDE_CBC_SHA,TLS_ECDH_RSA_WITH_3DES_EDE_CBC_SHA,TLS_RSA_WITH_3DES_EDE_CBC_SHA,SSL_RSA_WITH_3DES_EDE_CBC_SHA,SSL2_DES_192_EDE3_CBC_WITH_MD5,SSL_CK_DES_192_EDE3_CBC_WITH_MD5,TLS_ECDHE_RSA_WITH_AES_128_CBC_SHA,TLS_DHE_RSA_WITH_AES_128_CBC_SHA,TLS_DHE_RSA_WITH_SEED_CBC_SHA,TLS_ECDH_RSA_WITH_AES_128_CBC_SHA,TLS_RSA_WITH_AES_128_CBC_SHA,TLS_RSA_WITH_SEED_CBC_SHA,SSL2_RC2_CBC_128_CBC_WITH_MD5,TLS_ECDHE_RSA_WITH_RC4_128_SHA,TLS_ECDH_RSA_WITH_RC4_128_SHA,TLS_RSA_WITH_RC4_128_SHA,SSL_RSA_WITH_RC4_128_SHA,SSL_RSA_WITH_RC4_128_MD5,TLS_RSA_WITH_RC4_128_MD5,SSL_CK_RC4_128_WITH_MD5,SSL_DHE_RSA_WITH_DES_CBC_SHA,TLS_DHE_RSA_WITH_DES_CBC_SHA,SSL_RSA_WITH_DES_CBC_SHA,TLS_RSA_WITH_DES_CBC_SHA,SSL_CK_DES_64_CBC_WITH_MD5,SSL2_DES_64_CBC_WITH_MD5,SSL_DHE_RSA_EXPORT_WITH_DES40_CBC_SHA,TLS_DHE_RSA_EXPORT_WITH_DES40_CBC_SHA,TLS_RSA_EXPORT_WITH_DES40_CBC_SHA,SSL_RSA_EXPORT_WITH_DES40_CBC_SHA,SSL_RSA_EXPORT_WITH_RC2_CBC_40_MD5,TLS_RSA_EXPORT_WITH_RC2_CBC_40_MD5,SSL_CK_RC2_128_CBC_EXPORT40_WITH_MD5,TLS_RSA_EXPORT_WITH_RC4_40_MD5,SSL_RSA_EXPORT_WITH_RC4_40_MD5,SSL2_RC4_128_EXPORT40_WITH_MD5,SSL_RC4_128_EXPORT40_WITH_MD5,TLS_ECDHE_RSA_WITH_NULL_SHA,TLS_ECDH_RSA_WITH_NULL_SHA],SSL_RSA_WITH_NULL_S...&gt; but was:&lt;...HE_RSA_WITH_AES_256_[GCM_SHA384,TLS_ECDHE_RSA_WITH_AES_256_CBC_SHA384,TLS_ECDHE_RSA_WITH_AES_256_CBC_SHA,TLS_SRP_SHA_RSA_WITH_AES_256_CBC_SHA,TLS_DHE_RSA_WITH_AES_256_GCM_SHA384,TLS_DHE_RSA_WITH_AES_256_CBC_SHA256,TLS_DHE_RSA_WITH_AES_256_CBC_SHA,TLS_DHE_RSA_WITH_CAMELLIA_256_CBC_SHA,TLS_RSA_WITH_AES_256_GCM_SHA384,TLS_RSA_WITH_AES_256_CBC_SHA256,TLS_RSA_WITH_AES_256_CBC_SHA,TLS_RSA_WITH_CAMELLIA_256_CBC_SHA,TLS_ECDHE_RSA_WITH_3DES_EDE_CBC_SHA,TLS_SRP_SHA_RSA_WITH_3DES_EDE_CBC_SHA,SSL_DHE_RSA_WITH_3DES_EDE_CBC_SHA,TLS_DHE_RSA_WITH_3DES_EDE_CBC_SHA,TLS_RSA_WITH_3DES_EDE_CBC_SHA,SSL_RSA_WITH_3DES_EDE_CBC_SHA,SSL2_DES_192_EDE3_CBC_WITH_MD5,SSL_CK_DES_192_EDE3_CBC_WITH_MD5,TLS_ECDHE_RSA_WITH_AES_128_GCM_SHA256,TLS_ECDHE_RSA_WITH_AES_128_CBC_SHA256,TLS_ECDHE_RSA_WITH_AES_128_CBC_SHA,TLS_SRP_SHA_RSA_WITH_AES_128_CBC_SHA,TLS_DHE_RSA_WITH_AES_128_GCM_SHA256,TLS_DHE_RSA_WITH_AES_128_CBC_SHA256,TLS_DHE_RSA_WITH_AES_128_CBC_SHA,TLS_DHE_RSA_WITH_SEED_CBC_SHA,TLS_DHE_RSA_WITH_CAMELLIA_128_CBC_SHA,TLS_RSA_WITH_AES_128_GCM_SHA256,TLS_RSA_WITH_AES_128_CBC_SHA256,TLS_RSA_WITH_AES_128_CBC_SHA,TLS_RSA_WITH_SEED_CBC_SHA,TLS_RSA_WITH_CAMELLIA_128_CBC_SHA,SSL_RSA_WITH_IDEA_CBC_SHA,TLS_RSA_WITH_IDEA_CBC_SHA,SSL_CK_IDEA_128_CBC_WITH_MD5,SSL2_IDEA_128_CBC_WITH_MD5,SSL2_RC2_CBC_128_CBC_WITH_MD5,TLS_ECDHE_RSA_WITH_RC4_128_SHA,TLS_RSA_WITH_RC4_128_SHA,SSL_RSA_WITH_RC4_128_SHA,SSL_RSA_WITH_RC4_128_MD5,TLS_RSA_WITH_RC4_128_MD5,SSL_CK_RC4_128_WITH_MD5,SSL_DHE_RSA_WITH_DES_CBC_SHA,TLS_DHE_RSA_WITH_DES_CBC_SHA,SSL_RSA_WITH_DES_CBC_SHA,TLS_RSA_WITH_DES_CBC_SHA,SSL_CK_DES_64_CBC_WITH_MD5,SSL2_DES_64_CBC_WITH_MD5,SSL_DHE_RSA_EXPORT_WITH_DES40_CBC_SHA,TLS_DHE_RSA_EXPORT_WITH_DES40_CBC_SHA,TLS_RSA_EXPORT_WITH_DES40_CBC_SHA,SSL_RSA_EXPORT_WITH_DES40_CBC_SHA,SSL_RSA_EXPORT_WITH_RC2_CBC_40_MD5,TLS_RSA_EXPORT_WITH_RC2_CBC_40_MD5,SSL_CK_RC2_128_CBC_EXPORT40_WITH_MD5,TLS_RSA_EXPORT_WITH_RC4_40_MD5,SSL_RSA_EXPORT_WITH_RC4_40_MD5,SSL2_RC4_128_EXPORT40_WITH_MD5,SSL_RC4_128_EXPORT40_WITH_MD5,TLS_ECDHE_RSA_WITH_NULL_SHA,TLS_RSA_WITH_NULL_SHA256],SSL_RSA_WITH_NULL_S...&gt;
	at org.junit.Assert.assertEquals(Assert.java:115)
	at org.apache.tomcat.util.net.jsse.openssl.TestOpenSSLCipherConfigurationParser.testSpecification(TestOpenSSLCipherConfigurationParser.java:499)
	at org.apache.tomcat.util.net.jsse.openssl.TestOpenSSLCipherConfigurationParser.testaRSA(TestOpenSSLCipherConfigurationParser.java:109)
	at sun.reflect.NativeMethodAccessorImpl.invoke0(Native Method)
	at sun.reflect.NativeMethodAccessorImpl.invoke(NativeMethodAccessorImpl.java:62)
	at sun.reflect.DelegatingMethodAccessorImpl.invoke(DelegatingMethodAccessorImpl.java:43)
	at java.lang.reflect.Method.invoke(Method.java:483)
	at org.junit.runners.model.FrameworkMethod$1.runReflectiveCall(FrameworkMethod.java:50)
	at org.junit.internal.runners.model.ReflectiveCallable.run(ReflectiveCallable.java:12)
	at org.junit.runners.model.FrameworkMethod.invokeExplosively(FrameworkMethod.java:47)
	at org.junit.internal.runners.statements.InvokeMethod.evaluate(InvokeMethod.java:17)
	at org.junit.internal.runners.statements.RunBefores.evaluate(RunBefores.java:26)
	at org.junit.runners.ParentRunner.runLeaf(ParentRunner.java:325)
	at org.junit.runners.BlockJUnit4ClassRunner.runChild(BlockJUnit4ClassRunner.java:78)
	at org.junit.runners.BlockJUnit4ClassRunner.runChild(BlockJUnit4ClassRunner.java:57)
	at org.junit.runners.ParentRunner$3.run(ParentRunner.java:290)
	at org.junit.runners.ParentRunner$1.schedule(ParentRunner.java:71)
	at org.junit.runners.ParentRunner.runChildren(ParentRunner.java:288)
	at org.junit.runners.ParentRunner.access$000(ParentRunner.java:58)
	at org.junit.runners.ParentRunner$2.evaluate(ParentRunner.java:268)
	at org.junit.runners.ParentRunner.run(ParentRunner.java:363)
	at org.apache.maven.surefire.junit4.JUnit4TestSet.execute(JUnit4TestSet.java:53)
	at org.apache.maven.surefire.junit4.JUnit4Provider.executeTestSet(JUnit4Provider.java:123)
	at org.apache.maven.surefire.junit4.JUnit4Provider.invoke(JUnit4Provider.java:104)
	at sun.reflect.NativeMethodAccessorImpl.invoke0(Native Method)
	at sun.reflect.NativeMethodAccessorImpl.invoke(NativeMethodAccessorImpl.java:62)
	at sun.reflect.DelegatingMethodAccessorImpl.invoke(DelegatingMethodAccessorImpl.java:43)
	at java.lang.reflect.Method.invoke(Method.java:483)
	at org.apache.maven.surefire.util.ReflectionUtils.invokeMethodWithArray(ReflectionUtils.java:164)
	at org.apache.maven.surefire.booter.ProviderFactory$ProviderProxy.invoke(ProviderFactory.java:110)
	at org.apache.maven.surefire.booter.SurefireStarter.invokeProvider(SurefireStarter.java:175)
	at org.apache.maven.surefire.booter.SurefireStarter.runSuitesInProcessWhenForked(SurefireStarter.java:107)
	at org.apache.maven.surefire.booter.ForkedBooter.main(ForkedBooter.java:68)
</failure>
  </testcase>
  <testcase classname="org.apache.tomcat.util.net.jsse.openssl.TestOpenSSLCipherConfigurationParser" name="testeFZA" time="0.005"/>
  <testcase classname="org.apache.tomcat.util.net.jsse.openssl.TestOpenSSLCipherConfigurationParser" name="testkDHE" time="0.006">
    <failure message="Tested &apos;kDHE&apos;:  expected:&lt;[]&gt; but was:&lt;[TLS_DHE_DSS_WITH_AES_256_GCM_SHA384,TLS_DHE_RSA_WITH_AES_256_GCM_SHA384,TLS_DHE_RSA_WITH_AES_256_CBC_SHA256,TLS_DHE_DSS_WITH_AES_256_CBC_SHA256,TLS_DHE_RSA_WITH_AES_256_CBC_SHA,TLS_DHE_DSS_WITH_AES_256_CBC_SHA,TLS_DHE_RSA_WITH_CAMELLIA_256_CBC_SHA,TLS_DHE_DSS_WITH_CAMELLIA_256_CBC_SHA,TLS_DH_anon_WITH_AES_256_GCM_SHA384,TLS_DH_anon_WITH_AES_256_CBC_SHA256,TLS_DH_anon_WITH_AES_256_CBC_SHA,TLS_DH_anon_WITH_CAMELLIA_256_CBC_SHA,SSL_DHE_RSA_WITH_3DES_EDE_CBC_SHA,TLS_DHE_RSA_WITH_3DES_EDE_CBC_SHA,TLS_DHE_DSS_WITH_3DES_EDE_CBC_SHA,SSL_DHE_DSS_WITH_3DES_EDE_CBC_SHA,TLS_DH_anon_WITH_3DES_EDE_CBC_SHA,SSL_DH_anon_WITH_3DES_EDE_CBC_SHA,TLS_DHE_DSS_WITH_AES_128_GCM_SHA256,TLS_DHE_RSA_WITH_AES_128_GCM_SHA256,TLS_DHE_RSA_WITH_AES_128_CBC_SHA256,TLS_DHE_DSS_WITH_AES_128_CBC_SHA256,TLS_DHE_RSA_WITH_AES_128_CBC_SHA,TLS_DHE_DSS_WITH_AES_128_CBC_SHA,TLS_DHE_RSA_WITH_SEED_CBC_SHA,TLS_DHE_DSS_WITH_SEED_CBC_SHA,TLS_DHE_RSA_WITH_CAMELLIA_128_CBC_SHA,TLS_DHE_DSS_WITH_CAMELLIA_128_CBC_SHA,TLS_DH_anon_WITH_AES_128_GCM_SHA256,TLS_DH_anon_WITH_AES_128_CBC_SHA256,TLS_DH_anon_WITH_AES_128_CBC_SHA,TLS_DH_anon_WITH_SEED_CBC_SHA,TLS_DH_anon_WITH_CAMELLIA_128_CBC_SHA,SSL_DH_anon_WITH_RC4_128_MD5,TLS_DH_anon_WITH_RC4_128_MD5,SSL_DHE_RSA_WITH_DES_CBC_SHA,TLS_DHE_RSA_WITH_DES_CBC_SHA,SSL_DHE_DSS_WITH_DES_CBC_SHA,TLS_DHE_DSS_WITH_DES_CBC_SHA,TLS_DH_anon_WITH_DES_CBC_SHA,SSL_DH_anon_WITH_DES_CBC_SHA,SSL_DHE_RSA_EXPORT_WITH_DES40_CBC_SHA,TLS_DHE_RSA_EXPORT_WITH_DES40_CBC_SHA,SSL_DHE_DSS_EXPORT_WITH_DES40_CBC_SHA,TLS_DHE_DSS_EXPORT_WITH_DES40_CBC_SHA,TLS_DH_anon_EXPORT_WITH_DES40_CBC_SHA,SSL_DH_anon_EXPORT_WITH_DES40_CBC_SHA,SSL_DH_anon_EXPORT_WITH_RC4_40_MD5,TLS_DH_anon_EXPORT_WITH_RC4_40_MD5,]&gt;" type="org.junit.ComparisonFailure">org.junit.ComparisonFailure: Tested &apos;kDHE&apos;:  expected:&lt;[]&gt; but was:&lt;[TLS_DHE_DSS_WITH_AES_256_GCM_SHA384,TLS_DHE_RSA_WITH_AES_256_GCM_SHA384,TLS_DHE_RSA_WITH_AES_256_CBC_SHA256,TLS_DHE_DSS_WITH_AES_256_CBC_SHA256,TLS_DHE_RSA_WITH_AES_256_CBC_SHA,TLS_DHE_DSS_WITH_AES_256_CBC_SHA,TLS_DHE_RSA_WITH_CAMELLIA_256_CBC_SHA,TLS_DHE_DSS_WITH_CAMELLIA_256_CBC_SHA,TLS_DH_anon_WITH_AES_256_GCM_SHA384,TLS_DH_anon_WITH_AES_256_CBC_SHA256,TLS_DH_anon_WITH_AES_256_CBC_SHA,TLS_DH_anon_WITH_CAMELLIA_256_CBC_SHA,SSL_DHE_RSA_WITH_3DES_EDE_CBC_SHA,TLS_DHE_RSA_WITH_3DES_EDE_CBC_SHA,TLS_DHE_DSS_WITH_3DES_EDE_CBC_SHA,SSL_DHE_DSS_WITH_3DES_EDE_CBC_SHA,TLS_DH_anon_WITH_3DES_EDE_CBC_SHA,SSL_DH_anon_WITH_3DES_EDE_CBC_SHA,TLS_DHE_DSS_WITH_AES_128_GCM_SHA256,TLS_DHE_RSA_WITH_AES_128_GCM_SHA256,TLS_DHE_RSA_WITH_AES_128_CBC_SHA256,TLS_DHE_DSS_WITH_AES_128_CBC_SHA256,TLS_DHE_RSA_WITH_AES_128_CBC_SHA,TLS_DHE_DSS_WITH_AES_128_CBC_SHA,TLS_DHE_RSA_WITH_SEED_CBC_SHA,TLS_DHE_DSS_WITH_SEED_CBC_SHA,TLS_DHE_RSA_WITH_CAMELLIA_128_CBC_SHA,TLS_DHE_DSS_WITH_CAMELLIA_128_CBC_SHA,TLS_DH_anon_WITH_AES_128_GCM_SHA256,TLS_DH_anon_WITH_AES_128_CBC_SHA256,TLS_DH_anon_WITH_AES_128_CBC_SHA,TLS_DH_anon_WITH_SEED_CBC_SHA,TLS_DH_anon_WITH_CAMELLIA_128_CBC_SHA,SSL_DH_anon_WITH_RC4_128_MD5,TLS_DH_anon_WITH_RC4_128_MD5,SSL_DHE_RSA_WITH_DES_CBC_SHA,TLS_DHE_RSA_WITH_DES_CBC_SHA,SSL_DHE_DSS_WITH_DES_CBC_SHA,TLS_DHE_DSS_WITH_DES_CBC_SHA,TLS_DH_anon_WITH_DES_CBC_SHA,SSL_DH_anon_WITH_DES_CBC_SHA,SSL_DHE_RSA_EXPORT_WITH_DES40_CBC_SHA,TLS_DHE_RSA_EXPORT_WITH_DES40_CBC_SHA,SSL_DHE_DSS_EXPORT_WITH_DES40_CBC_SHA,TLS_DHE_DSS_EXPORT_WITH_DES40_CBC_SHA,TLS_DH_anon_EXPORT_WITH_DES40_CBC_SHA,SSL_DH_anon_EXPORT_WITH_DES40_CBC_SHA,SSL_DH_anon_EXPORT_WITH_RC4_40_MD5,TLS_DH_anon_EXPORT_WITH_RC4_40_MD5,]&gt;
	at org.junit.Assert.assertEquals(Assert.java:115)
	at org.apache.tomcat.util.net.jsse.openssl.TestOpenSSLCipherConfigurationParser.testSpecification(TestOpenSSLCipherConfigurationParser.java:499)
	at org.apache.tomcat.util.net.jsse.openssl.TestOpenSSLCipherConfigurationParser.testkDHE(TestOpenSSLCipherConfigurationParser.java:127)
	at sun.reflect.NativeMethodAccessorImpl.invoke0(Native Method)
	at sun.reflect.NativeMethodAccessorImpl.invoke(NativeMethodAccessorImpl.java:62)
	at sun.reflect.DelegatingMethodAccessorImpl.invoke(DelegatingMethodAccessorImpl.java:43)
	at java.lang.reflect.Method.invoke(Method.java:483)
	at org.junit.runners.model.FrameworkMethod$1.runReflectiveCall(FrameworkMethod.java:50)
	at org.junit.internal.runners.model.ReflectiveCallable.run(ReflectiveCallable.java:12)
	at org.junit.runners.model.FrameworkMethod.invokeExplosively(FrameworkMethod.java:47)
	at org.junit.internal.runners.statements.InvokeMethod.evaluate(InvokeMethod.java:17)
	at org.junit.internal.runners.statements.RunBefores.evaluate(RunBefores.java:26)
	at org.junit.runners.ParentRunner.runLeaf(ParentRunner.java:325)
	at org.junit.runners.BlockJUnit4ClassRunner.runChild(BlockJUnit4ClassRunner.java:78)
	at org.junit.runners.BlockJUnit4ClassRunner.runChild(BlockJUnit4ClassRunner.java:57)
	at org.junit.runners.ParentRunner$3.run(ParentRunner.java:290)
	at org.junit.runners.ParentRunner$1.schedule(ParentRunner.java:71)
	at org.junit.runners.ParentRunner.runChildren(ParentRunner.java:288)
	at org.junit.runners.ParentRunner.access$000(ParentRunner.java:58)
	at org.junit.runners.ParentRunner$2.evaluate(ParentRunner.java:268)
	at org.junit.runners.ParentRunner.run(ParentRunner.java:363)
	at org.apache.maven.surefire.junit4.JUnit4TestSet.execute(JUnit4TestSet.java:53)
	at org.apache.maven.surefire.junit4.JUnit4Provider.executeTestSet(JUnit4Provider.java:123)
	at org.apache.maven.surefire.junit4.JUnit4Provider.invoke(JUnit4Provider.java:104)
	at sun.reflect.NativeMethodAccessorImpl.invoke0(Native Method)
	at sun.reflect.NativeMethodAccessorImpl.invoke(NativeMethodAccessorImpl.java:62)
	at sun.reflect.DelegatingMethodAccessorImpl.invoke(DelegatingMethodAccessorImpl.java:43)
	at java.lang.reflect.Method.invoke(Method.java:483)
	at org.apache.maven.surefire.util.ReflectionUtils.invokeMethodWithArray(ReflectionUtils.java:164)
	at org.apache.maven.surefire.booter.ProviderFactory$ProviderProxy.invoke(ProviderFactory.java:110)
	at org.apache.maven.surefire.booter.SurefireStarter.invokeProvider(SurefireStarter.java:175)
	at org.apache.maven.surefire.booter.SurefireStarter.runSuitesInProcessWhenForked(SurefireStarter.java:107)
	at org.apache.maven.surefire.booter.ForkedBooter.main(ForkedBooter.java:68)
</failure>
    <system-err>Error in cipher list
5316:error:1410D0B9:SSL routines:SSL_CTX_set_cipher_list:no cipher match:/SourceCache/OpenSSL098/OpenSSL098-52.10.1/src/ssl/ssl_lib.c:1223:

</system-err>
  </testcase>
  <testcase classname="org.apache.tomcat.util.net.jsse.openssl.TestOpenSSLCipherConfigurationParser" name="testkDHd" time="0.006">
    <failure message="Tested &apos;kDHd&apos;:  expected:&lt;[]&gt; but was:&lt;[TLS_DH_DSS_WITH_AES_256_GCM_SHA384,TLS_DH_DSS_WITH_AES_256_CBC_SHA256,TLS_DH_DSS_WITH_AES_256_CBC_SHA,TLS_DH_DSS_WITH_CAMELLIA_256_CBC_SHA,TLS_DH_DSS_WITH_3DES_EDE_CBC_SHA,SSL_DH_DSS_WITH_3DES_EDE_CBC_SHA,TLS_DH_DSS_WITH_AES_128_GCM_SHA256,TLS_DH_DSS_WITH_AES_128_CBC_SHA256,TLS_DH_DSS_WITH_AES_128_CBC_SHA,TLS_DH_DSS_WITH_SEED_CBC_SHA,TLS_DH_DSS_WITH_CAMELLIA_128_CBC_SHA,SSL_DH_DSS_WITH_DES_CBC_SHA,TLS_DH_DSS_WITH_DES_CBC_SHA,SSL_DH_DSS_EXPORT_WITH_DES40_CBC_SHA,TLS_DH_DSS_EXPORT_WITH_DES40_CBC_SHA,]&gt;" type="org.junit.ComparisonFailure">org.junit.ComparisonFailure: Tested &apos;kDHd&apos;:  expected:&lt;[]&gt; but was:&lt;[TLS_DH_DSS_WITH_AES_256_GCM_SHA384,TLS_DH_DSS_WITH_AES_256_CBC_SHA256,TLS_DH_DSS_WITH_AES_256_CBC_SHA,TLS_DH_DSS_WITH_CAMELLIA_256_CBC_SHA,TLS_DH_DSS_WITH_3DES_EDE_CBC_SHA,SSL_DH_DSS_WITH_3DES_EDE_CBC_SHA,TLS_DH_DSS_WITH_AES_128_GCM_SHA256,TLS_DH_DSS_WITH_AES_128_CBC_SHA256,TLS_DH_DSS_WITH_AES_128_CBC_SHA,TLS_DH_DSS_WITH_SEED_CBC_SHA,TLS_DH_DSS_WITH_CAMELLIA_128_CBC_SHA,SSL_DH_DSS_WITH_DES_CBC_SHA,TLS_DH_DSS_WITH_DES_CBC_SHA,SSL_DH_DSS_EXPORT_WITH_DES40_CBC_SHA,TLS_DH_DSS_EXPORT_WITH_DES40_CBC_SHA,]&gt;
	at org.junit.Assert.assertEquals(Assert.java:115)
	at org.apache.tomcat.util.net.jsse.openssl.TestOpenSSLCipherConfigurationParser.testSpecification(TestOpenSSLCipherConfigurationParser.java:499)
	at org.apache.tomcat.util.net.jsse.openssl.TestOpenSSLCipherConfigurationParser.testkDHd(TestOpenSSLCipherConfigurationParser.java:151)
	at sun.reflect.NativeMethodAccessorImpl.invoke0(Native Method)
	at sun.reflect.NativeMethodAccessorImpl.invoke(NativeMethodAccessorImpl.java:62)
	at sun.reflect.DelegatingMethodAccessorImpl.invoke(DelegatingMethodAccessorImpl.java:43)
	at java.lang.reflect.Method.invoke(Method.java:483)
	at org.junit.runners.model.FrameworkMethod$1.runReflectiveCall(FrameworkMethod.java:50)
	at org.junit.internal.runners.model.ReflectiveCallable.run(ReflectiveCallable.java:12)
	at org.junit.runners.model.FrameworkMethod.invokeExplosively(FrameworkMethod.java:47)
	at org.junit.internal.runners.statements.InvokeMethod.evaluate(InvokeMethod.java:17)
	at org.junit.internal.runners.statements.RunBefores.evaluate(RunBefores.java:26)
	at org.junit.runners.ParentRunner.runLeaf(ParentRunner.java:325)
	at org.junit.runners.BlockJUnit4ClassRunner.runChild(BlockJUnit4ClassRunner.java:78)
	at org.junit.runners.BlockJUnit4ClassRunner.runChild(BlockJUnit4ClassRunner.java:57)
	at org.junit.runners.ParentRunner$3.run(ParentRunner.java:290)
	at org.junit.runners.ParentRunner$1.schedule(ParentRunner.java:71)
	at org.junit.runners.ParentRunner.runChildren(ParentRunner.java:288)
	at org.junit.runners.ParentRunner.access$000(ParentRunner.java:58)
	at org.junit.runners.ParentRunner$2.evaluate(ParentRunner.java:268)
	at org.junit.runners.ParentRunner.run(ParentRunner.java:363)
	at org.apache.maven.surefire.junit4.JUnit4TestSet.execute(JUnit4TestSet.java:53)
	at org.apache.maven.surefire.junit4.JUnit4Provider.executeTestSet(JUnit4Provider.java:123)
	at org.apache.maven.surefire.junit4.JUnit4Provider.invoke(JUnit4Provider.java:104)
	at sun.reflect.NativeMethodAccessorImpl.invoke0(Native Method)
	at sun.reflect.NativeMethodAccessorImpl.invoke(NativeMethodAccessorImpl.java:62)
	at sun.reflect.DelegatingMethodAccessorImpl.invoke(DelegatingMethodAccessorImpl.java:43)
	at java.lang.reflect.Method.invoke(Method.java:483)
	at org.apache.maven.surefire.util.ReflectionUtils.invokeMethodWithArray(ReflectionUtils.java:164)
	at org.apache.maven.surefire.booter.ProviderFactory$ProviderProxy.invoke(ProviderFactory.java:110)
	at org.apache.maven.surefire.booter.SurefireStarter.invokeProvider(SurefireStarter.java:175)
	at org.apache.maven.surefire.booter.SurefireStarter.runSuitesInProcessWhenForked(SurefireStarter.java:107)
	at org.apache.maven.surefire.booter.ForkedBooter.main(ForkedBooter.java:68)
</failure>
    <system-err>Error in cipher list
5317:error:1410D0B9:SSL routines:SSL_CTX_set_cipher_list:no cipher match:/SourceCache/OpenSSL098/OpenSSL098-52.10.1/src/ssl/ssl_lib.c:1223:

</system-err>
  </testcase>
  <testcase classname="org.apache.tomcat.util.net.jsse.openssl.TestOpenSSLCipherConfigurationParser" name="testkDHr" time="0.005">
    <failure message="Tested &apos;kDHr&apos;:  expected:&lt;[]&gt; but was:&lt;[TLS_DH_RSA_WITH_AES_256_GCM_SHA384,TLS_DH_RSA_WITH_AES_256_CBC_SHA256,TLS_DH_RSA_WITH_AES_256_CBC_SHA,TLS_DH_RSA_WITH_CAMELLIA_256_CBC_SHA,TLS_DH_RSA_WITH_3DES_EDE_CBC_SHA,SSL_DH_RSA_WITH_3DES_EDE_CBC_SHA,TLS_DH_RSA_WITH_AES_128_GCM_SHA256,TLS_DH_RSA_WITH_AES_128_CBC_SHA256,TLS_DH_RSA_WITH_AES_128_CBC_SHA,TLS_DH_RSA_WITH_SEED_CBC_SHA,TLS_DH_RSA_WITH_CAMELLIA_128_CBC_SHA,SSL_DH_RSA_WITH_DES_CBC_SHA,TLS_DH_RSA_WITH_DES_CBC_SHA,SSL_DH_RSA_EXPORT_WITH_DES40_CBC_SHA,TLS_DH_RSA_EXPORT_WITH_DES40_CBC_SHA,]&gt;" type="org.junit.ComparisonFailure">org.junit.ComparisonFailure: Tested &apos;kDHr&apos;:  expected:&lt;[]&gt; but was:&lt;[TLS_DH_RSA_WITH_AES_256_GCM_SHA384,TLS_DH_RSA_WITH_AES_256_CBC_SHA256,TLS_DH_RSA_WITH_AES_256_CBC_SHA,TLS_DH_RSA_WITH_CAMELLIA_256_CBC_SHA,TLS_DH_RSA_WITH_3DES_EDE_CBC_SHA,SSL_DH_RSA_WITH_3DES_EDE_CBC_SHA,TLS_DH_RSA_WITH_AES_128_GCM_SHA256,TLS_DH_RSA_WITH_AES_128_CBC_SHA256,TLS_DH_RSA_WITH_AES_128_CBC_SHA,TLS_DH_RSA_WITH_SEED_CBC_SHA,TLS_DH_RSA_WITH_CAMELLIA_128_CBC_SHA,SSL_DH_RSA_WITH_DES_CBC_SHA,TLS_DH_RSA_WITH_DES_CBC_SHA,SSL_DH_RSA_EXPORT_WITH_DES40_CBC_SHA,TLS_DH_RSA_EXPORT_WITH_DES40_CBC_SHA,]&gt;
	at org.junit.Assert.assertEquals(Assert.java:115)
	at org.apache.tomcat.util.net.jsse.openssl.TestOpenSSLCipherConfigurationParser.testSpecification(TestOpenSSLCipherConfigurationParser.java:499)
	at org.apache.tomcat.util.net.jsse.openssl.TestOpenSSLCipherConfigurationParser.testkDHr(TestOpenSSLCipherConfigurationParser.java:145)
	at sun.reflect.NativeMethodAccessorImpl.invoke0(Native Method)
	at sun.reflect.NativeMethodAccessorImpl.invoke(NativeMethodAccessorImpl.java:62)
	at sun.reflect.DelegatingMethodAccessorImpl.invoke(DelegatingMethodAccessorImpl.java:43)
	at java.lang.reflect.Method.invoke(Method.java:483)
	at org.junit.runners.model.FrameworkMethod$1.runReflectiveCall(FrameworkMethod.java:50)
	at org.junit.internal.runners.model.ReflectiveCallable.run(ReflectiveCallable.java:12)
	at org.junit.runners.model.FrameworkMethod.invokeExplosively(FrameworkMethod.java:47)
	at org.junit.internal.runners.statements.InvokeMethod.evaluate(InvokeMethod.java:17)
	at org.junit.internal.runners.statements.RunBefores.evaluate(RunBefores.java:26)
	at org.junit.runners.ParentRunner.runLeaf(ParentRunner.java:325)
	at org.junit.runners.BlockJUnit4ClassRunner.runChild(BlockJUnit4ClassRunner.java:78)
	at org.junit.runners.BlockJUnit4ClassRunner.runChild(BlockJUnit4ClassRunner.java:57)
	at org.junit.runners.ParentRunner$3.run(ParentRunner.java:290)
	at org.junit.runners.ParentRunner$1.schedule(ParentRunner.java:71)
	at org.junit.runners.ParentRunner.runChildren(ParentRunner.java:288)
	at org.junit.runners.ParentRunner.access$000(ParentRunner.java:58)
	at org.junit.runners.ParentRunner$2.evaluate(ParentRunner.java:268)
	at org.junit.runners.ParentRunner.run(ParentRunner.java:363)
	at org.apache.maven.surefire.junit4.JUnit4TestSet.execute(JUnit4TestSet.java:53)
	at org.apache.maven.surefire.junit4.JUnit4Provider.executeTestSet(JUnit4Provider.java:123)
	at org.apache.maven.surefire.junit4.JUnit4Provider.invoke(JUnit4Provider.java:104)
	at sun.reflect.NativeMethodAccessorImpl.invoke0(Native Method)
	at sun.reflect.NativeMethodAccessorImpl.invoke(NativeMethodAccessorImpl.java:62)
	at sun.reflect.DelegatingMethodAccessorImpl.invoke(DelegatingMethodAccessorImpl.java:43)
	at java.lang.reflect.Method.invoke(Method.java:483)
	at org.apache.maven.surefire.util.ReflectionUtils.invokeMethodWithArray(ReflectionUtils.java:164)
	at org.apache.maven.surefire.booter.ProviderFactory$ProviderProxy.invoke(ProviderFactory.java:110)
	at org.apache.maven.surefire.booter.SurefireStarter.invokeProvider(SurefireStarter.java:175)
	at org.apache.maven.surefire.booter.SurefireStarter.runSuitesInProcessWhenForked(SurefireStarter.java:107)
	at org.apache.maven.surefire.booter.ForkedBooter.main(ForkedBooter.java:68)
</failure>
    <system-err>Error in cipher list
5318:error:1410D0B9:SSL routines:SSL_CTX_set_cipher_list:no cipher match:/SourceCache/OpenSSL098/OpenSSL098-52.10.1/src/ssl/ssl_lib.c:1223:

</system-err>
  </testcase>
  <testcase classname="org.apache.tomcat.util.net.jsse.openssl.TestOpenSSLCipherConfigurationParser" name="testkEDH" time="0.007">
    <failure message="Tested &apos;kEDH&apos;:  expected:&lt;TLS_DHE_[RSA_WITH_AES_256_CBC_SHA,TLS_DHE_DSS_WITH_AES_256_CBC_SHA,TLS_DH_anon_WITH_AES_256_CBC_SHA,SSL_DHE_RSA_WITH_3DES_EDE_CBC_SHA,TLS_DHE_RSA_WITH_3DES_EDE_CBC_SHA,TLS_DHE_DSS_WITH_3DES_EDE_CBC_SHA,SSL_DHE_DSS_WITH_3DES_EDE_CBC_SHA,TLS_DH_anon_WITH_3DES_EDE_CBC_SHA,SSL_DH_anon_WITH_3DES_EDE_CBC_SHA,TLS_DHE_RSA_WITH_AES_128_CBC_SHA,TLS_DHE_DSS_WITH_AES_128_CBC_SHA,TLS_DHE_RSA_WITH_SEED_CBC_SHA,TLS_DHE_DSS_WITH_SEED_CBC_SHA,TLS_DH_anon_WITH_AES_128_CBC_SHA,TLS_DH_anon_WITH_SEED]_CBC_SHA,SSL_DH_anon...&gt; but was:&lt;TLS_DHE_[DSS_WITH_AES_256_GCM_SHA384,TLS_DHE_RSA_WITH_AES_256_GCM_SHA384,TLS_DHE_RSA_WITH_AES_256_CBC_SHA256,TLS_DHE_DSS_WITH_AES_256_CBC_SHA256,TLS_DHE_RSA_WITH_AES_256_CBC_SHA,TLS_DHE_DSS_WITH_AES_256_CBC_SHA,TLS_DHE_RSA_WITH_CAMELLIA_256_CBC_SHA,TLS_DHE_DSS_WITH_CAMELLIA_256_CBC_SHA,TLS_DH_anon_WITH_AES_256_GCM_SHA384,TLS_DH_anon_WITH_AES_256_CBC_SHA256,TLS_DH_anon_WITH_AES_256_CBC_SHA,TLS_DH_anon_WITH_CAMELLIA_256_CBC_SHA,SSL_DHE_RSA_WITH_3DES_EDE_CBC_SHA,TLS_DHE_RSA_WITH_3DES_EDE_CBC_SHA,TLS_DHE_DSS_WITH_3DES_EDE_CBC_SHA,SSL_DHE_DSS_WITH_3DES_EDE_CBC_SHA,TLS_DH_anon_WITH_3DES_EDE_CBC_SHA,SSL_DH_anon_WITH_3DES_EDE_CBC_SHA,TLS_DHE_DSS_WITH_AES_128_GCM_SHA256,TLS_DHE_RSA_WITH_AES_128_GCM_SHA256,TLS_DHE_RSA_WITH_AES_128_CBC_SHA256,TLS_DHE_DSS_WITH_AES_128_CBC_SHA256,TLS_DHE_RSA_WITH_AES_128_CBC_SHA,TLS_DHE_DSS_WITH_AES_128_CBC_SHA,TLS_DHE_RSA_WITH_SEED_CBC_SHA,TLS_DHE_DSS_WITH_SEED_CBC_SHA,TLS_DHE_RSA_WITH_CAMELLIA_128_CBC_SHA,TLS_DHE_DSS_WITH_CAMELLIA_128_CBC_SHA,TLS_DH_anon_WITH_AES_128_GCM_SHA256,TLS_DH_anon_WITH_AES_128_CBC_SHA256,TLS_DH_anon_WITH_AES_128_CBC_SHA,TLS_DH_anon_WITH_SEED_CBC_SHA,TLS_DH_anon_WITH_CAMELLIA_128]_CBC_SHA,SSL_DH_anon...&gt;" type="org.junit.ComparisonFailure">org.junit.ComparisonFailure: Tested &apos;kEDH&apos;:  expected:&lt;TLS_DHE_[RSA_WITH_AES_256_CBC_SHA,TLS_DHE_DSS_WITH_AES_256_CBC_SHA,TLS_DH_anon_WITH_AES_256_CBC_SHA,SSL_DHE_RSA_WITH_3DES_EDE_CBC_SHA,TLS_DHE_RSA_WITH_3DES_EDE_CBC_SHA,TLS_DHE_DSS_WITH_3DES_EDE_CBC_SHA,SSL_DHE_DSS_WITH_3DES_EDE_CBC_SHA,TLS_DH_anon_WITH_3DES_EDE_CBC_SHA,SSL_DH_anon_WITH_3DES_EDE_CBC_SHA,TLS_DHE_RSA_WITH_AES_128_CBC_SHA,TLS_DHE_DSS_WITH_AES_128_CBC_SHA,TLS_DHE_RSA_WITH_SEED_CBC_SHA,TLS_DHE_DSS_WITH_SEED_CBC_SHA,TLS_DH_anon_WITH_AES_128_CBC_SHA,TLS_DH_anon_WITH_SEED]_CBC_SHA,SSL_DH_anon...&gt; but was:&lt;TLS_DHE_[DSS_WITH_AES_256_GCM_SHA384,TLS_DHE_RSA_WITH_AES_256_GCM_SHA384,TLS_DHE_RSA_WITH_AES_256_CBC_SHA256,TLS_DHE_DSS_WITH_AES_256_CBC_SHA256,TLS_DHE_RSA_WITH_AES_256_CBC_SHA,TLS_DHE_DSS_WITH_AES_256_CBC_SHA,TLS_DHE_RSA_WITH_CAMELLIA_256_CBC_SHA,TLS_DHE_DSS_WITH_CAMELLIA_256_CBC_SHA,TLS_DH_anon_WITH_AES_256_GCM_SHA384,TLS_DH_anon_WITH_AES_256_CBC_SHA256,TLS_DH_anon_WITH_AES_256_CBC_SHA,TLS_DH_anon_WITH_CAMELLIA_256_CBC_SHA,SSL_DHE_RSA_WITH_3DES_EDE_CBC_SHA,TLS_DHE_RSA_WITH_3DES_EDE_CBC_SHA,TLS_DHE_DSS_WITH_3DES_EDE_CBC_SHA,SSL_DHE_DSS_WITH_3DES_EDE_CBC_SHA,TLS_DH_anon_WITH_3DES_EDE_CBC_SHA,SSL_DH_anon_WITH_3DES_EDE_CBC_SHA,TLS_DHE_DSS_WITH_AES_128_GCM_SHA256,TLS_DHE_RSA_WITH_AES_128_GCM_SHA256,TLS_DHE_RSA_WITH_AES_128_CBC_SHA256,TLS_DHE_DSS_WITH_AES_128_CBC_SHA256,TLS_DHE_RSA_WITH_AES_128_CBC_SHA,TLS_DHE_DSS_WITH_AES_128_CBC_SHA,TLS_DHE_RSA_WITH_SEED_CBC_SHA,TLS_DHE_DSS_WITH_SEED_CBC_SHA,TLS_DHE_RSA_WITH_CAMELLIA_128_CBC_SHA,TLS_DHE_DSS_WITH_CAMELLIA_128_CBC_SHA,TLS_DH_anon_WITH_AES_128_GCM_SHA256,TLS_DH_anon_WITH_AES_128_CBC_SHA256,TLS_DH_anon_WITH_AES_128_CBC_SHA,TLS_DH_anon_WITH_SEED_CBC_SHA,TLS_DH_anon_WITH_CAMELLIA_128]_CBC_SHA,SSL_DH_anon...&gt;
	at org.junit.Assert.assertEquals(Assert.java:115)
	at org.apache.tomcat.util.net.jsse.openssl.TestOpenSSLCipherConfigurationParser.testSpecification(TestOpenSSLCipherConfigurationParser.java:499)
	at org.apache.tomcat.util.net.jsse.openssl.TestOpenSSLCipherConfigurationParser.testkEDH(TestOpenSSLCipherConfigurationParser.java:121)
	at sun.reflect.NativeMethodAccessorImpl.invoke0(Native Method)
	at sun.reflect.NativeMethodAccessorImpl.invoke(NativeMethodAccessorImpl.java:62)
	at sun.reflect.DelegatingMethodAccessorImpl.invoke(DelegatingMethodAccessorImpl.java:43)
	at java.lang.reflect.Method.invoke(Method.java:483)
	at org.junit.runners.model.FrameworkMethod$1.runReflectiveCall(FrameworkMethod.java:50)
	at org.junit.internal.runners.model.ReflectiveCallable.run(ReflectiveCallable.java:12)
	at org.junit.runners.model.FrameworkMethod.invokeExplosively(FrameworkMethod.java:47)
	at org.junit.internal.runners.statements.InvokeMethod.evaluate(InvokeMethod.java:17)
	at org.junit.internal.runners.statements.RunBefores.evaluate(RunBefores.java:26)
	at org.junit.runners.ParentRunner.runLeaf(ParentRunner.java:325)
	at org.junit.runners.BlockJUnit4ClassRunner.runChild(BlockJUnit4ClassRunner.java:78)
	at org.junit.runners.BlockJUnit4ClassRunner.runChild(BlockJUnit4ClassRunner.java:57)
	at org.junit.runners.ParentRunner$3.run(ParentRunner.java:290)
	at org.junit.runners.ParentRunner$1.schedule(ParentRunner.java:71)
	at org.junit.runners.ParentRunner.runChildren(ParentRunner.java:288)
	at org.junit.runners.ParentRunner.access$000(ParentRunner.java:58)
	at org.junit.runners.ParentRunner$2.evaluate(ParentRunner.java:268)
	at org.junit.runners.ParentRunner.run(ParentRunner.java:363)
	at org.apache.maven.surefire.junit4.JUnit4TestSet.execute(JUnit4TestSet.java:53)
	at org.apache.maven.surefire.junit4.JUnit4Provider.executeTestSet(JUnit4Provider.java:123)
	at org.apache.maven.surefire.junit4.JUnit4Provider.invoke(JUnit4Provider.java:104)
	at sun.reflect.NativeMethodAccessorImpl.invoke0(Native Method)
	at sun.reflect.NativeMethodAccessorImpl.invoke(NativeMethodAccessorImpl.java:62)
	at sun.reflect.DelegatingMethodAccessorImpl.invoke(DelegatingMethodAccessorImpl.java:43)
	at java.lang.reflect.Method.invoke(Method.java:483)
	at org.apache.maven.surefire.util.ReflectionUtils.invokeMethodWithArray(ReflectionUtils.java:164)
	at org.apache.maven.surefire.booter.ProviderFactory$ProviderProxy.invoke(ProviderFactory.java:110)
	at org.apache.maven.surefire.booter.SurefireStarter.invokeProvider(SurefireStarter.java:175)
	at org.apache.maven.surefire.booter.SurefireStarter.runSuitesInProcessWhenForked(SurefireStarter.java:107)
	at org.apache.maven.surefire.booter.ForkedBooter.main(ForkedBooter.java:68)
</failure>
  </testcase>
  <testcase classname="org.apache.tomcat.util.net.jsse.openssl.TestOpenSSLCipherConfigurationParser" name="testkFZA" time="0.005"/>
  <testcase classname="org.apache.tomcat.util.net.jsse.openssl.TestOpenSSLCipherConfigurationParser" name="testkRSA" time="0.006">
    <failure message="Tested &apos;kRSA&apos;:  expected:&lt;...LS_RSA_WITH_AES_256_[CBC_SHA,TLS_RSA_WITH_3DES_EDE_CBC_SHA,SSL_RSA_WITH_3DES_EDE_CBC_SHA,SSL2_DES_192_EDE3_CBC_WITH_MD5,SSL_CK_DES_192_EDE3_CBC_WITH_MD5,TLS_RSA_WITH_AES_128_CBC_SHA,TLS_RSA_WITH_SEED_CBC_SHA,SSL2_RC2_CBC_128_CBC_WITH_MD5,TLS_RSA_WITH_RC4_128_SHA,SSL_RSA_WITH_RC4_128_SHA,SSL_RSA_WITH_RC4_128_MD5,TLS_RSA_WITH_RC4_128_MD5,SSL_CK_RC4_128_WITH_MD5,SSL_RSA_WITH_DES_CBC_SHA,TLS_RSA_WITH_DES_CBC_SHA,SSL_CK_DES_64_CBC_WITH_MD5,SSL2_DES_64_CBC_WITH_MD5,TLS_RSA_EXPORT_WITH_DES40_CBC_SHA,SSL_RSA_EXPORT_WITH_DES40_CBC_SHA,SSL_RSA_EXPORT_WITH_RC2_CBC_40_MD5,TLS_RSA_EXPORT_WITH_RC2_CBC_40_MD5,SSL_CK_RC2_128_CBC_EXPORT40_WITH_MD5,TLS_RSA_EXPORT_WITH_RC4_40_MD5,SSL_RSA_EXPORT_WITH_RC4_40_MD5,SSL2_RC4_128_EXPORT40_WITH_MD5,SSL_RC4_128_EXPORT40_WITH_MD5],SSL_RSA_WITH_NULL_S...&gt; but was:&lt;...LS_RSA_WITH_AES_256_[GCM_SHA384,TLS_RSA_WITH_AES_256_CBC_SHA256,TLS_RSA_WITH_AES_256_CBC_SHA,TLS_RSA_WITH_CAMELLIA_256_CBC_SHA,TLS_RSA_WITH_3DES_EDE_CBC_SHA,SSL_RSA_WITH_3DES_EDE_CBC_SHA,SSL2_DES_192_EDE3_CBC_WITH_MD5,SSL_CK_DES_192_EDE3_CBC_WITH_MD5,TLS_RSA_WITH_AES_128_GCM_SHA256,TLS_RSA_WITH_AES_128_CBC_SHA256,TLS_RSA_WITH_AES_128_CBC_SHA,TLS_RSA_WITH_SEED_CBC_SHA,TLS_RSA_WITH_CAMELLIA_128_CBC_SHA,SSL_RSA_WITH_IDEA_CBC_SHA,TLS_RSA_WITH_IDEA_CBC_SHA,SSL_CK_IDEA_128_CBC_WITH_MD5,SSL2_IDEA_128_CBC_WITH_MD5,SSL2_RC2_CBC_128_CBC_WITH_MD5,TLS_RSA_WITH_RC4_128_SHA,SSL_RSA_WITH_RC4_128_SHA,SSL_RSA_WITH_RC4_128_MD5,TLS_RSA_WITH_RC4_128_MD5,SSL_CK_RC4_128_WITH_MD5,SSL_RSA_WITH_DES_CBC_SHA,TLS_RSA_WITH_DES_CBC_SHA,SSL_CK_DES_64_CBC_WITH_MD5,SSL2_DES_64_CBC_WITH_MD5,TLS_RSA_EXPORT_WITH_DES40_CBC_SHA,SSL_RSA_EXPORT_WITH_DES40_CBC_SHA,SSL_RSA_EXPORT_WITH_RC2_CBC_40_MD5,TLS_RSA_EXPORT_WITH_RC2_CBC_40_MD5,SSL_CK_RC2_128_CBC_EXPORT40_WITH_MD5,TLS_RSA_EXPORT_WITH_RC4_40_MD5,SSL_RSA_EXPORT_WITH_RC4_40_MD5,SSL2_RC4_128_EXPORT40_WITH_MD5,SSL_RC4_128_EXPORT40_WITH_MD5,TLS_RSA_WITH_NULL_SHA256],SSL_RSA_WITH_NULL_S...&gt;" type="org.junit.ComparisonFailure">org.junit.ComparisonFailure: Tested &apos;kRSA&apos;:  expected:&lt;...LS_RSA_WITH_AES_256_[CBC_SHA,TLS_RSA_WITH_3DES_EDE_CBC_SHA,SSL_RSA_WITH_3DES_EDE_CBC_SHA,SSL2_DES_192_EDE3_CBC_WITH_MD5,SSL_CK_DES_192_EDE3_CBC_WITH_MD5,TLS_RSA_WITH_AES_128_CBC_SHA,TLS_RSA_WITH_SEED_CBC_SHA,SSL2_RC2_CBC_128_CBC_WITH_MD5,TLS_RSA_WITH_RC4_128_SHA,SSL_RSA_WITH_RC4_128_SHA,SSL_RSA_WITH_RC4_128_MD5,TLS_RSA_WITH_RC4_128_MD5,SSL_CK_RC4_128_WITH_MD5,SSL_RSA_WITH_DES_CBC_SHA,TLS_RSA_WITH_DES_CBC_SHA,SSL_CK_DES_64_CBC_WITH_MD5,SSL2_DES_64_CBC_WITH_MD5,TLS_RSA_EXPORT_WITH_DES40_CBC_SHA,SSL_RSA_EXPORT_WITH_DES40_CBC_SHA,SSL_RSA_EXPORT_WITH_RC2_CBC_40_MD5,TLS_RSA_EXPORT_WITH_RC2_CBC_40_MD5,SSL_CK_RC2_128_CBC_EXPORT40_WITH_MD5,TLS_RSA_EXPORT_WITH_RC4_40_MD5,SSL_RSA_EXPORT_WITH_RC4_40_MD5,SSL2_RC4_128_EXPORT40_WITH_MD5,SSL_RC4_128_EXPORT40_WITH_MD5],SSL_RSA_WITH_NULL_S...&gt; but was:&lt;...LS_RSA_WITH_AES_256_[GCM_SHA384,TLS_RSA_WITH_AES_256_CBC_SHA256,TLS_RSA_WITH_AES_256_CBC_SHA,TLS_RSA_WITH_CAMELLIA_256_CBC_SHA,TLS_RSA_WITH_3DES_EDE_CBC_SHA,SSL_RSA_WITH_3DES_EDE_CBC_SHA,SSL2_DES_192_EDE3_CBC_WITH_MD5,SSL_CK_DES_192_EDE3_CBC_WITH_MD5,TLS_RSA_WITH_AES_128_GCM_SHA256,TLS_RSA_WITH_AES_128_CBC_SHA256,TLS_RSA_WITH_AES_128_CBC_SHA,TLS_RSA_WITH_SEED_CBC_SHA,TLS_RSA_WITH_CAMELLIA_128_CBC_SHA,SSL_RSA_WITH_IDEA_CBC_SHA,TLS_RSA_WITH_IDEA_CBC_SHA,SSL_CK_IDEA_128_CBC_WITH_MD5,SSL2_IDEA_128_CBC_WITH_MD5,SSL2_RC2_CBC_128_CBC_WITH_MD5,TLS_RSA_WITH_RC4_128_SHA,SSL_RSA_WITH_RC4_128_SHA,SSL_RSA_WITH_RC4_128_MD5,TLS_RSA_WITH_RC4_128_MD5,SSL_CK_RC4_128_WITH_MD5,SSL_RSA_WITH_DES_CBC_SHA,TLS_RSA_WITH_DES_CBC_SHA,SSL_CK_DES_64_CBC_WITH_MD5,SSL2_DES_64_CBC_WITH_MD5,TLS_RSA_EXPORT_WITH_DES40_CBC_SHA,SSL_RSA_EXPORT_WITH_DES40_CBC_SHA,SSL_RSA_EXPORT_WITH_RC2_CBC_40_MD5,TLS_RSA_EXPORT_WITH_RC2_CBC_40_MD5,SSL_CK_RC2_128_CBC_EXPORT40_WITH_MD5,TLS_RSA_EXPORT_WITH_RC4_40_MD5,SSL_RSA_EXPORT_WITH_RC4_40_MD5,SSL2_RC4_128_EXPORT40_WITH_MD5,SSL_RC4_128_EXPORT40_WITH_MD5,TLS_RSA_WITH_NULL_SHA256],SSL_RSA_WITH_NULL_S...&gt;
	at org.junit.Assert.assertEquals(Assert.java:115)
	at org.apache.tomcat.util.net.jsse.openssl.TestOpenSSLCipherConfigurationParser.testSpecification(TestOpenSSLCipherConfigurationParser.java:499)
	at org.apache.tomcat.util.net.jsse.openssl.TestOpenSSLCipherConfigurationParser.testkRSA(TestOpenSSLCipherConfigurationParser.java:115)
	at sun.reflect.NativeMethodAccessorImpl.invoke0(Native Method)
	at sun.reflect.NativeMethodAccessorImpl.invoke(NativeMethodAccessorImpl.java:62)
	at sun.reflect.DelegatingMethodAccessorImpl.invoke(DelegatingMethodAccessorImpl.java:43)
	at java.lang.reflect.Method.invoke(Method.java:483)
	at org.junit.runners.model.FrameworkMethod$1.runReflectiveCall(FrameworkMethod.java:50)
	at org.junit.internal.runners.model.ReflectiveCallable.run(ReflectiveCallable.java:12)
	at org.junit.runners.model.FrameworkMethod.invokeExplosively(FrameworkMethod.java:47)
	at org.junit.internal.runners.statements.InvokeMethod.evaluate(InvokeMethod.java:17)
	at org.junit.internal.runners.statements.RunBefores.evaluate(RunBefores.java:26)
	at org.junit.runners.ParentRunner.runLeaf(ParentRunner.java:325)
	at org.junit.runners.BlockJUnit4ClassRunner.runChild(BlockJUnit4ClassRunner.java:78)
	at org.junit.runners.BlockJUnit4ClassRunner.runChild(BlockJUnit4ClassRunner.java:57)
	at org.junit.runners.ParentRunner$3.run(ParentRunner.java:290)
	at org.junit.runners.ParentRunner$1.schedule(ParentRunner.java:71)
	at org.junit.runners.ParentRunner.runChildren(ParentRunner.java:288)
	at org.junit.runners.ParentRunner.access$000(ParentRunner.java:58)
	at org.junit.runners.ParentRunner$2.evaluate(ParentRunner.java:268)
	at org.junit.runners.ParentRunner.run(ParentRunner.java:363)
	at org.apache.maven.surefire.junit4.JUnit4TestSet.execute(JUnit4TestSet.java:53)
	at org.apache.maven.surefire.junit4.JUnit4Provider.executeTestSet(JUnit4Provider.java:123)
	at org.apache.maven.surefire.junit4.JUnit4Provider.invoke(JUnit4Provider.java:104)
	at sun.reflect.NativeMethodAccessorImpl.invoke0(Native Method)
	at sun.reflect.NativeMethodAccessorImpl.invoke(NativeMethodAccessorImpl.java:62)
	at sun.reflect.DelegatingMethodAccessorImpl.invoke(DelegatingMethodAccessorImpl.java:43)
	at java.lang.reflect.Method.invoke(Method.java:483)
	at org.apache.maven.surefire.util.ReflectionUtils.invokeMethodWithArray(ReflectionUtils.java:164)
	at org.apache.maven.surefire.booter.ProviderFactory$ProviderProxy.invoke(ProviderFactory.java:110)
	at org.apache.maven.surefire.booter.SurefireStarter.invokeProvider(SurefireStarter.java:175)
	at org.apache.maven.surefire.booter.SurefireStarter.runSuitesInProcessWhenForked(SurefireStarter.java:107)
	at org.apache.maven.surefire.booter.ForkedBooter.main(ForkedBooter.java:68)
</failure>
  </testcase>
  <testcase classname="org.apache.tomcat.util.net.jsse.openssl.TestOpenSSLCipherConfigurationParser" name="testDH" time="0.005">
    <failure message="Tested &apos;DH&apos;:  expected:&lt;TLS_DH[E_RSA_WITH_AES_256_CBC_SHA,TLS_DHE_DSS_WITH_AES_256_CBC_SHA,TLS_DH_anon_WITH_AES_256_CBC_SHA,SSL_DHE_RSA_WITH_3DES_EDE_CBC_SHA,TLS_DHE_RSA_WITH_3DES_EDE_CBC_SHA,TLS_DHE_DSS_WITH_3DES_EDE_CBC_SHA,SSL_DHE_DSS_WITH_3DES_EDE_CBC_SHA,TLS_DH_anon_WITH_3DES_EDE_CBC_SHA,SSL_DH_anon_WITH_3DES_EDE_CBC_SHA,TLS_DHE_RSA_WITH_AES_128_CBC_SHA,TLS_DHE_DSS_WITH_AES_128_CBC_SHA,TLS_DHE_RSA_WITH_SEED_CBC_SHA,TLS_DHE_DSS_WITH_SEED_CBC_SHA,TLS_DH_anon_WITH_AES_128_CBC_SHA,TLS_DH_anon_WITH_SEED_CBC_SHA,SSL_DH_anon_WITH_RC4_128_MD5,TLS_DH_anon_WITH_RC4_128_MD5,SSL_DHE_RSA_WITH_DES_CBC_SHA,TLS_DHE_RSA_WITH_DES_CBC_SHA,SSL_DHE_DSS_WITH_DES_CBC_SHA,TLS_DHE_DSS_WITH_DES_CBC_SHA,TLS_DH_anon_WITH_DES_CBC_SHA,SSL_DH_anon_WITH_DES_CBC_SHA,SSL_DHE_RSA_EXPORT_WITH_DES40_CBC_SHA,TLS_DHE_RSA_EXPORT_WITH_DES40_CBC_SHA,SSL_DHE_DSS_EXPORT_WITH_DES40_CBC_SHA,TLS_DHE]_DSS_EXPORT_WITH_DES...&gt; but was:&lt;TLS_DH[_DSS_WITH_AES_256_GCM_SHA384,TLS_DHE_DSS_WITH_AES_256_GCM_SHA384,TLS_DH_RSA_WITH_AES_256_GCM_SHA384,TLS_DHE_RSA_WITH_AES_256_GCM_SHA384,TLS_DHE_RSA_WITH_AES_256_CBC_SHA256,TLS_DHE_DSS_WITH_AES_256_CBC_SHA256,TLS_DH_RSA_WITH_AES_256_CBC_SHA256,TLS_DH_DSS_WITH_AES_256_CBC_SHA256,TLS_DHE_RSA_WITH_AES_256_CBC_SHA,TLS_DHE_DSS_WITH_AES_256_CBC_SHA,TLS_DH_RSA_WITH_AES_256_CBC_SHA,TLS_DH_DSS_WITH_AES_256_CBC_SHA,TLS_DHE_RSA_WITH_CAMELLIA_256_CBC_SHA,TLS_DHE_DSS_WITH_CAMELLIA_256_CBC_SHA,TLS_DH_RSA_WITH_CAMELLIA_256_CBC_SHA,TLS_DH_DSS_WITH_CAMELLIA_256_CBC_SHA,TLS_DH_anon_WITH_AES_256_GCM_SHA384,TLS_DH_anon_WITH_AES_256_CBC_SHA256,TLS_DH_anon_WITH_AES_256_CBC_SHA,TLS_DH_anon_WITH_CAMELLIA_256_CBC_SHA,SSL_DHE_RSA_WITH_3DES_EDE_CBC_SHA,TLS_DHE_RSA_WITH_3DES_EDE_CBC_SHA,TLS_DHE_DSS_WITH_3DES_EDE_CBC_SHA,SSL_DHE_DSS_WITH_3DES_EDE_CBC_SHA,TLS_DH_RSA_WITH_3DES_EDE_CBC_SHA,SSL_DH_RSA_WITH_3DES_EDE_CBC_SHA,TLS_DH_DSS_WITH_3DES_EDE_CBC_SHA,SSL_DH_DSS_WITH_3DES_EDE_CBC_SHA,TLS_DH_anon_WITH_3DES_EDE_CBC_SHA,SSL_DH_anon_WITH_3DES_EDE_CBC_SHA,TLS_DH_DSS_WITH_AES_128_GCM_SHA256,TLS_DHE_DSS_WITH_AES_128_GCM_SHA256,TLS_DH_RSA_WITH_AES_128_GCM_SHA256,TLS_DHE_RSA_WITH_AES_128_GCM_SHA256,TLS_DHE_RSA_WITH_AES_128_CBC_SHA256,TLS_DHE_DSS_WITH_AES_128_CBC_SHA256,TLS_DH_RSA_WITH_AES_128_CBC_SHA256,TLS_DH_DSS_WITH_AES_128_CBC_SHA256,TLS_DHE_RSA_WITH_AES_128_CBC_SHA,TLS_DHE_DSS_WITH_AES_128_CBC_SHA,TLS_DH_RSA_WITH_AES_128_CBC_SHA,TLS_DH_DSS_WITH_AES_128_CBC_SHA,TLS_DHE_RSA_WITH_SEED_CBC_SHA,TLS_DHE_DSS_WITH_SEED_CBC_SHA,TLS_DH_RSA_WITH_SEED_CBC_SHA,TLS_DH_DSS_WITH_SEED_CBC_SHA,TLS_DHE_RSA_WITH_CAMELLIA_128_CBC_SHA,TLS_DHE_DSS_WITH_CAMELLIA_128_CBC_SHA,TLS_DH_RSA_WITH_CAMELLIA_128_CBC_SHA,TLS_DH_DSS_WITH_CAMELLIA_128_CBC_SHA,TLS_DH_anon_WITH_AES_128_GCM_SHA256,TLS_DH_anon_WITH_AES_128_CBC_SHA256,TLS_DH_anon_WITH_AES_128_CBC_SHA,TLS_DH_anon_WITH_SEED_CBC_SHA,TLS_DH_anon_WITH_CAMELLIA_128_CBC_SHA,SSL_DH_anon_WITH_RC4_128_MD5,TLS_DH_anon_WITH_RC4_128_MD5,SSL_DHE_RSA_WITH_DES_CBC_SHA,TLS_DHE_RSA_WITH_DES_CBC_SHA,SSL_DHE_DSS_WITH_DES_CBC_SHA,TLS_DHE_DSS_WITH_DES_CBC_SHA,SSL_DH_RSA_WITH_DES_CBC_SHA,TLS_DH_RSA_WITH_DES_CBC_SHA,SSL_DH_DSS_WITH_DES_CBC_SHA,TLS_DH_DSS_WITH_DES_CBC_SHA,TLS_DH_anon_WITH_DES_CBC_SHA,SSL_DH_anon_WITH_DES_CBC_SHA,SSL_DHE_RSA_EXPORT_WITH_DES40_CBC_SHA,TLS_DHE_RSA_EXPORT_WITH_DES40_CBC_SHA,SSL_DHE_DSS_EXPORT_WITH_DES40_CBC_SHA,TLS_DHE_DSS_EXPORT_WITH_DES40_CBC_SHA,SSL_DH_RSA_EXPORT_WITH_DES40_CBC_SHA,TLS_DH_RSA_EXPORT_WITH_DES40_CBC_SHA,SSL_DH_DSS_EXPORT_WITH_DES40_CBC_SHA,TLS_DH]_DSS_EXPORT_WITH_DES...&gt;" type="org.junit.ComparisonFailure">org.junit.ComparisonFailure: Tested &apos;DH&apos;:  expected:&lt;TLS_DH[E_RSA_WITH_AES_256_CBC_SHA,TLS_DHE_DSS_WITH_AES_256_CBC_SHA,TLS_DH_anon_WITH_AES_256_CBC_SHA,SSL_DHE_RSA_WITH_3DES_EDE_CBC_SHA,TLS_DHE_RSA_WITH_3DES_EDE_CBC_SHA,TLS_DHE_DSS_WITH_3DES_EDE_CBC_SHA,SSL_DHE_DSS_WITH_3DES_EDE_CBC_SHA,TLS_DH_anon_WITH_3DES_EDE_CBC_SHA,SSL_DH_anon_WITH_3DES_EDE_CBC_SHA,TLS_DHE_RSA_WITH_AES_128_CBC_SHA,TLS_DHE_DSS_WITH_AES_128_CBC_SHA,TLS_DHE_RSA_WITH_SEED_CBC_SHA,TLS_DHE_DSS_WITH_SEED_CBC_SHA,TLS_DH_anon_WITH_AES_128_CBC_SHA,TLS_DH_anon_WITH_SEED_CBC_SHA,SSL_DH_anon_WITH_RC4_128_MD5,TLS_DH_anon_WITH_RC4_128_MD5,SSL_DHE_RSA_WITH_DES_CBC_SHA,TLS_DHE_RSA_WITH_DES_CBC_SHA,SSL_DHE_DSS_WITH_DES_CBC_SHA,TLS_DHE_DSS_WITH_DES_CBC_SHA,TLS_DH_anon_WITH_DES_CBC_SHA,SSL_DH_anon_WITH_DES_CBC_SHA,SSL_DHE_RSA_EXPORT_WITH_DES40_CBC_SHA,TLS_DHE_RSA_EXPORT_WITH_DES40_CBC_SHA,SSL_DHE_DSS_EXPORT_WITH_DES40_CBC_SHA,TLS_DHE]_DSS_EXPORT_WITH_DES...&gt; but was:&lt;TLS_DH[_DSS_WITH_AES_256_GCM_SHA384,TLS_DHE_DSS_WITH_AES_256_GCM_SHA384,TLS_DH_RSA_WITH_AES_256_GCM_SHA384,TLS_DHE_RSA_WITH_AES_256_GCM_SHA384,TLS_DHE_RSA_WITH_AES_256_CBC_SHA256,TLS_DHE_DSS_WITH_AES_256_CBC_SHA256,TLS_DH_RSA_WITH_AES_256_CBC_SHA256,TLS_DH_DSS_WITH_AES_256_CBC_SHA256,TLS_DHE_RSA_WITH_AES_256_CBC_SHA,TLS_DHE_DSS_WITH_AES_256_CBC_SHA,TLS_DH_RSA_WITH_AES_256_CBC_SHA,TLS_DH_DSS_WITH_AES_256_CBC_SHA,TLS_DHE_RSA_WITH_CAMELLIA_256_CBC_SHA,TLS_DHE_DSS_WITH_CAMELLIA_256_CBC_SHA,TLS_DH_RSA_WITH_CAMELLIA_256_CBC_SHA,TLS_DH_DSS_WITH_CAMELLIA_256_CBC_SHA,TLS_DH_anon_WITH_AES_256_GCM_SHA384,TLS_DH_anon_WITH_AES_256_CBC_SHA256,TLS_DH_anon_WITH_AES_256_CBC_SHA,TLS_DH_anon_WITH_CAMELLIA_256_CBC_SHA,SSL_DHE_RSA_WITH_3DES_EDE_CBC_SHA,TLS_DHE_RSA_WITH_3DES_EDE_CBC_SHA,TLS_DHE_DSS_WITH_3DES_EDE_CBC_SHA,SSL_DHE_DSS_WITH_3DES_EDE_CBC_SHA,TLS_DH_RSA_WITH_3DES_EDE_CBC_SHA,SSL_DH_RSA_WITH_3DES_EDE_CBC_SHA,TLS_DH_DSS_WITH_3DES_EDE_CBC_SHA,SSL_DH_DSS_WITH_3DES_EDE_CBC_SHA,TLS_DH_anon_WITH_3DES_EDE_CBC_SHA,SSL_DH_anon_WITH_3DES_EDE_CBC_SHA,TLS_DH_DSS_WITH_AES_128_GCM_SHA256,TLS_DHE_DSS_WITH_AES_128_GCM_SHA256,TLS_DH_RSA_WITH_AES_128_GCM_SHA256,TLS_DHE_RSA_WITH_AES_128_GCM_SHA256,TLS_DHE_RSA_WITH_AES_128_CBC_SHA256,TLS_DHE_DSS_WITH_AES_128_CBC_SHA256,TLS_DH_RSA_WITH_AES_128_CBC_SHA256,TLS_DH_DSS_WITH_AES_128_CBC_SHA256,TLS_DHE_RSA_WITH_AES_128_CBC_SHA,TLS_DHE_DSS_WITH_AES_128_CBC_SHA,TLS_DH_RSA_WITH_AES_128_CBC_SHA,TLS_DH_DSS_WITH_AES_128_CBC_SHA,TLS_DHE_RSA_WITH_SEED_CBC_SHA,TLS_DHE_DSS_WITH_SEED_CBC_SHA,TLS_DH_RSA_WITH_SEED_CBC_SHA,TLS_DH_DSS_WITH_SEED_CBC_SHA,TLS_DHE_RSA_WITH_CAMELLIA_128_CBC_SHA,TLS_DHE_DSS_WITH_CAMELLIA_128_CBC_SHA,TLS_DH_RSA_WITH_CAMELLIA_128_CBC_SHA,TLS_DH_DSS_WITH_CAMELLIA_128_CBC_SHA,TLS_DH_anon_WITH_AES_128_GCM_SHA256,TLS_DH_anon_WITH_AES_128_CBC_SHA256,TLS_DH_anon_WITH_AES_128_CBC_SHA,TLS_DH_anon_WITH_SEED_CBC_SHA,TLS_DH_anon_WITH_CAMELLIA_128_CBC_SHA,SSL_DH_anon_WITH_RC4_128_MD5,TLS_DH_anon_WITH_RC4_128_MD5,SSL_DHE_RSA_WITH_DES_CBC_SHA,TLS_DHE_RSA_WITH_DES_CBC_SHA,SSL_DHE_DSS_WITH_DES_CBC_SHA,TLS_DHE_DSS_WITH_DES_CBC_SHA,SSL_DH_RSA_WITH_DES_CBC_SHA,TLS_DH_RSA_WITH_DES_CBC_SHA,SSL_DH_DSS_WITH_DES_CBC_SHA,TLS_DH_DSS_WITH_DES_CBC_SHA,TLS_DH_anon_WITH_DES_CBC_SHA,SSL_DH_anon_WITH_DES_CBC_SHA,SSL_DHE_RSA_EXPORT_WITH_DES40_CBC_SHA,TLS_DHE_RSA_EXPORT_WITH_DES40_CBC_SHA,SSL_DHE_DSS_EXPORT_WITH_DES40_CBC_SHA,TLS_DHE_DSS_EXPORT_WITH_DES40_CBC_SHA,SSL_DH_RSA_EXPORT_WITH_DES40_CBC_SHA,TLS_DH_RSA_EXPORT_WITH_DES40_CBC_SHA,SSL_DH_DSS_EXPORT_WITH_DES40_CBC_SHA,TLS_DH]_DSS_EXPORT_WITH_DES...&gt;
	at org.junit.Assert.assertEquals(Assert.java:115)
	at org.apache.tomcat.util.net.jsse.openssl.TestOpenSSLCipherConfigurationParser.testSpecification(TestOpenSSLCipherConfigurationParser.java:499)
	at org.apache.tomcat.util.net.jsse.openssl.TestOpenSSLCipherConfigurationParser.testDH(TestOpenSSLCipherConfigurationParser.java:298)
	at sun.reflect.NativeMethodAccessorImpl.invoke0(Native Method)
	at sun.reflect.NativeMethodAccessorImpl.invoke(NativeMethodAccessorImpl.java:62)
	at sun.reflect.DelegatingMethodAccessorImpl.invoke(DelegatingMethodAccessorImpl.java:43)
	at java.lang.reflect.Method.invoke(Method.java:483)
	at org.junit.runners.model.FrameworkMethod$1.runReflectiveCall(FrameworkMethod.java:50)
	at org.junit.internal.runners.model.ReflectiveCallable.run(ReflectiveCallable.java:12)
	at org.junit.runners.model.FrameworkMethod.invokeExplosively(FrameworkMethod.java:47)
	at org.junit.internal.runners.statements.InvokeMethod.evaluate(InvokeMethod.java:17)
	at org.junit.internal.runners.statements.RunBefores.evaluate(RunBefores.java:26)
	at org.junit.runners.ParentRunner.runLeaf(ParentRunner.java:325)
	at org.junit.runners.BlockJUnit4ClassRunner.runChild(BlockJUnit4ClassRunner.java:78)
	at org.junit.runners.BlockJUnit4ClassRunner.runChild(BlockJUnit4ClassRunner.java:57)
	at org.junit.runners.ParentRunner$3.run(ParentRunner.java:290)
	at org.junit.runners.ParentRunner$1.schedule(ParentRunner.java:71)
	at org.junit.runners.ParentRunner.runChildren(ParentRunner.java:288)
	at org.junit.runners.ParentRunner.access$000(ParentRunner.java:58)
	at org.junit.runners.ParentRunner$2.evaluate(ParentRunner.java:268)
	at org.junit.runners.ParentRunner.run(ParentRunner.java:363)
	at org.apache.maven.surefire.junit4.JUnit4TestSet.execute(JUnit4TestSet.java:53)
	at org.apache.maven.surefire.junit4.JUnit4Provider.executeTestSet(JUnit4Provider.java:123)
	at org.apache.maven.surefire.junit4.JUnit4Provider.invoke(JUnit4Provider.java:104)
	at sun.reflect.NativeMethodAccessorImpl.invoke0(Native Method)
	at sun.reflect.NativeMethodAccessorImpl.invoke(NativeMethodAccessorImpl.java:62)
	at sun.reflect.DelegatingMethodAccessorImpl.invoke(DelegatingMethodAccessorImpl.java:43)
	at java.lang.reflect.Method.invoke(Method.java:483)
	at org.apache.maven.surefire.util.ReflectionUtils.invokeMethodWithArray(ReflectionUtils.java:164)
	at org.apache.maven.surefire.booter.ProviderFactory$ProviderProxy.invoke(ProviderFactory.java:110)
	at org.apache.maven.surefire.booter.SurefireStarter.invokeProvider(SurefireStarter.java:175)
	at org.apache.maven.surefire.booter.SurefireStarter.runSuitesInProcessWhenForked(SurefireStarter.java:107)
	at org.apache.maven.surefire.booter.ForkedBooter.main(ForkedBooter.java:68)
</failure>
  </testcase>
  <testcase classname="org.apache.tomcat.util.net.jsse.openssl.TestOpenSSLCipherConfigurationParser" name="testEXPORT40" time="0.006">
    <failure message="Tested &apos;EXPORT40&apos;:  expected:&lt;..._WITH_DES40_CBC_SHA,[]TLS_DH_anon_EXPORT_W...&gt; but was:&lt;..._WITH_DES40_CBC_SHA,[SSL_DH_RSA_EXPORT_WITH_DES40_CBC_SHA,TLS_DH_RSA_EXPORT_WITH_DES40_CBC_SHA,SSL_DH_DSS_EXPORT_WITH_DES40_CBC_SHA,TLS_DH_DSS_EXPORT_WITH_DES40_CBC_SHA,]TLS_DH_anon_EXPORT_W...&gt;" type="org.junit.ComparisonFailure">org.junit.ComparisonFailure: Tested &apos;EXPORT40&apos;:  expected:&lt;..._WITH_DES40_CBC_SHA,[]TLS_DH_anon_EXPORT_W...&gt; but was:&lt;..._WITH_DES40_CBC_SHA,[SSL_DH_RSA_EXPORT_WITH_DES40_CBC_SHA,TLS_DH_RSA_EXPORT_WITH_DES40_CBC_SHA,SSL_DH_DSS_EXPORT_WITH_DES40_CBC_SHA,TLS_DH_DSS_EXPORT_WITH_DES40_CBC_SHA,]TLS_DH_anon_EXPORT_W...&gt;
	at org.junit.Assert.assertEquals(Assert.java:115)
	at org.apache.tomcat.util.net.jsse.openssl.TestOpenSSLCipherConfigurationParser.testSpecification(TestOpenSSLCipherConfigurationParser.java:499)
	at org.apache.tomcat.util.net.jsse.openssl.TestOpenSSLCipherConfigurationParser.testEXPORT40(TestOpenSSLCipherConfigurationParser.java:91)
	at sun.reflect.NativeMethodAccessorImpl.invoke0(Native Method)
	at sun.reflect.NativeMethodAccessorImpl.invoke(NativeMethodAccessorImpl.java:62)
	at sun.reflect.DelegatingMethodAccessorImpl.invoke(DelegatingMethodAccessorImpl.java:43)
	at java.lang.reflect.Method.invoke(Method.java:483)
	at org.junit.runners.model.FrameworkMethod$1.runReflectiveCall(FrameworkMethod.java:50)
	at org.junit.internal.runners.model.ReflectiveCallable.run(ReflectiveCallable.java:12)
	at org.junit.runners.model.FrameworkMethod.invokeExplosively(FrameworkMethod.java:47)
	at org.junit.internal.runners.statements.InvokeMethod.evaluate(InvokeMethod.java:17)
	at org.junit.internal.runners.statements.RunBefores.evaluate(RunBefores.java:26)
	at org.junit.runners.ParentRunner.runLeaf(ParentRunner.java:325)
	at org.junit.runners.BlockJUnit4ClassRunner.runChild(BlockJUnit4ClassRunner.java:78)
	at org.junit.runners.BlockJUnit4ClassRunner.runChild(BlockJUnit4ClassRunner.java:57)
	at org.junit.runners.ParentRunner$3.run(ParentRunner.java:290)
	at org.junit.runners.ParentRunner$1.schedule(ParentRunner.java:71)
	at org.junit.runners.ParentRunner.runChildren(ParentRunner.java:288)
	at org.junit.runners.ParentRunner.access$000(ParentRunner.java:58)
	at org.junit.runners.ParentRunner$2.evaluate(ParentRunner.java:268)
	at org.junit.runners.ParentRunner.run(ParentRunner.java:363)
	at org.apache.maven.surefire.junit4.JUnit4TestSet.execute(JUnit4TestSet.java:53)
	at org.apache.maven.surefire.junit4.JUnit4Provider.executeTestSet(JUnit4Provider.java:123)
	at org.apache.maven.surefire.junit4.JUnit4Provider.invoke(JUnit4Provider.java:104)
	at sun.reflect.NativeMethodAccessorImpl.invoke0(Native Method)
	at sun.reflect.NativeMethodAccessorImpl.invoke(NativeMethodAccessorImpl.java:62)
	at sun.reflect.DelegatingMethodAccessorImpl.invoke(DelegatingMethodAccessorImpl.java:43)
	at java.lang.reflect.Method.invoke(Method.java:483)
	at org.apache.maven.surefire.util.ReflectionUtils.invokeMethodWithArray(ReflectionUtils.java:164)
	at org.apache.maven.surefire.booter.ProviderFactory$ProviderProxy.invoke(ProviderFactory.java:110)
	at org.apache.maven.surefire.booter.SurefireStarter.invokeProvider(SurefireStarter.java:175)
	at org.apache.maven.surefire.booter.SurefireStarter.runSuitesInProcessWhenForked(SurefireStarter.java:107)
	at org.apache.maven.surefire.booter.ForkedBooter.main(ForkedBooter.java:68)
</failure>
  </testcase>
  <testcase classname="org.apache.tomcat.util.net.jsse.openssl.TestOpenSSLCipherConfigurationParser" name="testCOMPLEMENTOFALL" time="0.007">
    <failure message="Tested &apos;COMPLEMENTOFALL&apos;:  expected:&lt;[]SSL_RSA_WITH_NULL_SH...&gt; but was:&lt;[TLS_ECDHE_RSA_WITH_NULL_SHA,TLS_ECDHE_ECDSA_WITH_NULL_SHA,TLS_ECDH_anon_WITH_NULL_SHA,TLS_ECDH_RSA_WITH_NULL_SHA,TLS_ECDH_ECDSA_WITH_NULL_SHA,TLS_RSA_WITH_NULL_SHA256,]SSL_RSA_WITH_NULL_SH...&gt;" type="org.junit.ComparisonFailure">org.junit.ComparisonFailure: Tested &apos;COMPLEMENTOFALL&apos;:  expected:&lt;[]SSL_RSA_WITH_NULL_SH...&gt; but was:&lt;[TLS_ECDHE_RSA_WITH_NULL_SHA,TLS_ECDHE_ECDSA_WITH_NULL_SHA,TLS_ECDH_anon_WITH_NULL_SHA,TLS_ECDH_RSA_WITH_NULL_SHA,TLS_ECDH_ECDSA_WITH_NULL_SHA,TLS_RSA_WITH_NULL_SHA256,]SSL_RSA_WITH_NULL_SH...&gt;
	at org.junit.Assert.assertEquals(Assert.java:115)
	at org.apache.tomcat.util.net.jsse.openssl.TestOpenSSLCipherConfigurationParser.testSpecification(TestOpenSSLCipherConfigurationParser.java:499)
	at org.apache.tomcat.util.net.jsse.openssl.TestOpenSSLCipherConfigurationParser.testCOMPLEMENTOFALL(TestOpenSSLCipherConfigurationParser.java:55)
	at sun.reflect.NativeMethodAccessorImpl.invoke0(Native Method)
	at sun.reflect.NativeMethodAccessorImpl.invoke(NativeMethodAccessorImpl.java:62)
	at sun.reflect.DelegatingMethodAccessorImpl.invoke(DelegatingMethodAccessorImpl.java:43)
	at java.lang.reflect.Method.invoke(Method.java:483)
	at org.junit.runners.model.FrameworkMethod$1.runReflectiveCall(FrameworkMethod.java:50)
	at org.junit.internal.runners.model.ReflectiveCallable.run(ReflectiveCallable.java:12)
	at org.junit.runners.model.FrameworkMethod.invokeExplosively(FrameworkMethod.java:47)
	at org.junit.internal.runners.statements.InvokeMethod.evaluate(InvokeMethod.java:17)
	at org.junit.internal.runners.statements.RunBefores.evaluate(RunBefores.java:26)
	at org.junit.runners.ParentRunner.runLeaf(ParentRunner.java:325)
	at org.junit.runners.BlockJUnit4ClassRunner.runChild(BlockJUnit4ClassRunner.java:78)
	at org.junit.runners.BlockJUnit4ClassRunner.runChild(BlockJUnit4ClassRunner.java:57)
	at org.junit.runners.ParentRunner$3.run(ParentRunner.java:290)
	at org.junit.runners.ParentRunner$1.schedule(ParentRunner.java:71)
	at org.junit.runners.ParentRunner.runChildren(ParentRunner.java:288)
	at org.junit.runners.ParentRunner.access$000(ParentRunner.java:58)
	at org.junit.runners.ParentRunner$2.evaluate(ParentRunner.java:268)
	at org.junit.runners.ParentRunner.run(ParentRunner.java:363)
	at org.apache.maven.surefire.junit4.JUnit4TestSet.execute(JUnit4TestSet.java:53)
	at org.apache.maven.surefire.junit4.JUnit4Provider.executeTestSet(JUnit4Provider.java:123)
	at org.apache.maven.surefire.junit4.JUnit4Provider.invoke(JUnit4Provider.java:104)
	at sun.reflect.NativeMethodAccessorImpl.invoke0(Native Method)
	at sun.reflect.NativeMethodAccessorImpl.invoke(NativeMethodAccessorImpl.java:62)
	at sun.reflect.DelegatingMethodAccessorImpl.invoke(DelegatingMethodAccessorImpl.java:43)
	at java.lang.reflect.Method.invoke(Method.java:483)
	at org.apache.maven.surefire.util.ReflectionUtils.invokeMethodWithArray(ReflectionUtils.java:164)
	at org.apache.maven.surefire.booter.ProviderFactory$ProviderProxy.invoke(ProviderFactory.java:110)
	at org.apache.maven.surefire.booter.SurefireStarter.invokeProvider(SurefireStarter.java:175)
	at org.apache.maven.surefire.booter.SurefireStarter.runSuitesInProcessWhenForked(SurefireStarter.java:107)
	at org.apache.maven.surefire.booter.ForkedBooter.main(ForkedBooter.java:68)
</failure>
  </testcase>
  <testcase classname="org.apache.tomcat.util.net.jsse.openssl.TestOpenSSLCipherConfigurationParser" name="testDEFAULT" time="0.006">
    <failure message="Tested &apos;DEFAULT&apos;:  expected:&lt;TLS_[DHE_RSA_WITH_AES_256_CBC_SHA,TLS_DHE_DSS_WITH_AES_256_CBC_SHA,TLS_RSA_WITH_AES_256_CBC_SHA,SSL_DHE_RSA_WITH_3DES_EDE_CBC_SHA,TLS_DHE_RSA_WITH_3DES_EDE_CBC_SHA,TLS_DHE_DSS_WITH_3DES_EDE_CBC_SHA,SSL_DHE_DSS_WITH_3DES_EDE_CBC_SHA,TLS_RSA_WITH_3DES_EDE_CBC_SHA,SSL_RSA_WITH_3DES_EDE_CBC_SHA,SSL2_DES_192_EDE3_CBC_WITH_MD5,SSL_CK_DES_192_EDE3_CBC_WITH_MD5,TLS_DHE_RSA_WITH_AES_128_CBC_SHA,TLS_DHE_DSS_WITH_AES_128_CBC_SHA,TLS_DHE_RSA_WITH_SEED_CBC_SHA,TLS_DHE_DSS_WITH_SEED_CBC_SHA,TLS_RSA_WITH_AES_128_CBC_SHA,TLS_RSA_WITH_SEED_CBC_SHA,SSL2_RC2_CBC_128_CBC_WITH_MD5,TLS_RSA_WITH_RC4_128_SHA,SSL_RSA_WITH_RC4_128_SHA,SSL_RSA_WITH_RC4_128_MD5,TLS_RSA_WITH_RC4_128_MD5,SSL_CK_RC4_128_WITH_MD5,SSL_DHE_RSA_WITH_DES_CBC_SHA,TLS_DHE_RSA_WITH_DES_CBC_SHA,SSL_DHE_DSS_WITH_DES_CBC_SHA,TLS_DHE_DSS_WITH_DES_CBC_SHA,SSL_RSA_WITH_DES_CBC_SHA,TLS_RSA_WITH_DES_CBC_SHA,SSL_CK_DES_64_CBC_WITH_MD5,SSL2_DES_64_CBC_WITH_MD5,SSL_DHE_RSA_EXPORT_WITH_DES40_CBC_SHA,TLS_DHE_RSA_EXPORT_WITH_DES40_CBC_SHA,SSL_DHE_DSS_EXPORT_WITH_DES40_CBC_SHA,TLS_DHE_DSS_EXPORT_WITH_DES40_CBC_SHA,TLS_RSA_EXPORT_WITH_DES40_CBC_SHA,SSL_RSA_EXPORT_WITH_DES40_CBC_SHA,SSL_RSA_EXPORT_WITH_RC2_CBC_40_MD5,TLS_RSA_EXPORT_WITH_RC2_CBC_40_MD5,SSL_CK_RC2_128_CBC_EXPORT40_WITH_MD5,TLS_RSA_EXPORT_WITH_RC4_40_MD5,SSL_RSA_EXPORT_WITH_RC4_40_MD5,SSL2_RC4_128_EXPORT40_WITH_MD5,SSL_RC4_128_EXPORT40_WITH_MD5],&gt; but was:&lt;TLS_[ECDHE_RSA_WITH_AES_256_GCM_SHA384,TLS_ECDHE_ECDSA_WITH_AES_256_GCM_SHA384,TLS_ECDHE_RSA_WITH_AES_256_CBC_SHA384,TLS_ECDHE_ECDSA_WITH_AES_256_CBC_SHA384,TLS_ECDHE_RSA_WITH_AES_256_CBC_SHA,TLS_ECDHE_ECDSA_WITH_AES_256_CBC_SHA,TLS_SRP_SHA_DSS_WITH_AES_256_CBC_SHA,TLS_SRP_SHA_RSA_WITH_AES_256_CBC_SHA,TLS_SRP_SHA_WITH_AES_256_CBC_SHA,TLS_DH_DSS_WITH_AES_256_GCM_SHA384,TLS_DHE_DSS_WITH_AES_256_GCM_SHA384,TLS_DH_RSA_WITH_AES_256_GCM_SHA384,TLS_DHE_RSA_WITH_AES_256_GCM_SHA384,TLS_DHE_RSA_WITH_AES_256_CBC_SHA256,TLS_DHE_DSS_WITH_AES_256_CBC_SHA256,TLS_DH_RSA_WITH_AES_256_CBC_SHA256,TLS_DH_DSS_WITH_AES_256_CBC_SHA256,TLS_DHE_RSA_WITH_AES_256_CBC_SHA,TLS_DHE_DSS_WITH_AES_256_CBC_SHA,TLS_DH_RSA_WITH_AES_256_CBC_SHA,TLS_DH_DSS_WITH_AES_256_CBC_SHA,TLS_DHE_RSA_WITH_CAMELLIA_256_CBC_SHA,TLS_DHE_DSS_WITH_CAMELLIA_256_CBC_SHA,TLS_DH_RSA_WITH_CAMELLIA_256_CBC_SHA,TLS_DH_DSS_WITH_CAMELLIA_256_CBC_SHA,TLS_ECDH_RSA_WITH_AES_256_GCM_SHA384,TLS_ECDH_ECDSA_WITH_AES_256_GCM_SHA384,TLS_ECDH_RSA_WITH_AES_256_CBC_SHA384,TLS_ECDH_ECDSA_WITH_AES_256_CBC_SHA384,TLS_ECDH_RSA_WITH_AES_256_CBC_SHA,TLS_ECDH_ECDSA_WITH_AES_256_CBC_SHA,TLS_RSA_WITH_AES_256_GCM_SHA384,TLS_RSA_WITH_AES_256_CBC_SHA256,TLS_RSA_WITH_AES_256_CBC_SHA,TLS_RSA_WITH_CAMELLIA_256_CBC_SHA,TLS_PSK_WITH_AES_256_CBC_SHA,TLS_ECDHE_RSA_WITH_3DES_EDE_CBC_SHA,TLS_ECDHE_ECDSA_WITH_3DES_EDE_CBC_SHA,TLS_SRP_SHA_DSS_WITH_3DES_EDE_CBC_SHA,TLS_SRP_SHA_RSA_WITH_3DES_EDE_CBC_SHA,TLS_SRP_SHA_WITH_3DES_EDE_CBC_SHA,SSL_DHE_RSA_WITH_3DES_EDE_CBC_SHA,TLS_DHE_RSA_WITH_3DES_EDE_CBC_SHA,TLS_DHE_DSS_WITH_3DES_EDE_CBC_SHA,SSL_DHE_DSS_WITH_3DES_EDE_CBC_SHA,TLS_DH_RSA_WITH_3DES_EDE_CBC_SHA,SSL_DH_RSA_WITH_3DES_EDE_CBC_SHA,TLS_DH_DSS_WITH_3DES_EDE_CBC_SHA,SSL_DH_DSS_WITH_3DES_EDE_CBC_SHA,TLS_ECDH_RSA_WITH_3DES_EDE_CBC_SHA,TLS_ECDH_ECDSA_WITH_3DES_EDE_CBC_SHA,TLS_RSA_WITH_3DES_EDE_CBC_SHA,SSL_RSA_WITH_3DES_EDE_CBC_SHA,TLS_PSK_WITH_3DES_EDE_CBC_SHA,TLS_ECDHE_RSA_WITH_AES_128_GCM_SHA256,TLS_ECDHE_ECDSA_WITH_AES_128_GCM_SHA256,TLS_ECDHE_RSA_WITH_AES_128_CBC_SHA256,TLS_ECDHE_ECDSA_WITH_AES_128_CBC_SHA256,TLS_ECDHE_RSA_WITH_AES_128_CBC_SHA,TLS_ECDHE_ECDSA_WITH_AES_128_CBC_SHA,TLS_SRP_SHA_DSS_WITH_AES_128_CBC_SHA,TLS_SRP_SHA_RSA_WITH_AES_128_CBC_SHA,TLS_SRP_SHA_WITH_AES_128_CBC_SHA,TLS_DH_DSS_WITH_AES_128_GCM_SHA256,TLS_DHE_DSS_WITH_AES_128_GCM_SHA256,TLS_DH_RSA_WITH_AES_128_GCM_SHA256,TLS_DHE_RSA_WITH_AES_128_GCM_SHA256,TLS_DHE_RSA_WITH_AES_128_CBC_SHA256,TLS_DHE_DSS_WITH_AES_128_CBC_SHA256,TLS_DH_RSA_WITH_AES_128_CBC_SHA256,TLS_DH_DSS_WITH_AES_128_CBC_SHA256,TLS_DHE_RSA_WITH_AES_128_CBC_SHA,TLS_DHE_DSS_WITH_AES_128_CBC_SHA,TLS_DH_RSA_WITH_AES_128_CBC_SHA,TLS_DH_DSS_WITH_AES_128_CBC_SHA,TLS_DHE_RSA_WITH_SEED_CBC_SHA,TLS_DHE_DSS_WITH_SEED_CBC_SHA,TLS_DH_RSA_WITH_SEED_CBC_SHA,TLS_DH_DSS_WITH_SEED_CBC_SHA,TLS_DHE_RSA_WITH_CAMELLIA_128_CBC_SHA,TLS_DHE_DSS_WITH_CAMELLIA_128_CBC_SHA,TLS_DH_RSA_WITH_CAMELLIA_128_CBC_SHA,TLS_DH_DSS_WITH_CAMELLIA_128_CBC_SHA,TLS_ECDH_RSA_WITH_AES_128_GCM_SHA256,TLS_ECDH_ECDSA_WITH_AES_128_GCM_SHA256,TLS_ECDH_RSA_WITH_AES_128_CBC_SHA256,TLS_ECDH_ECDSA_WITH_AES_128_CBC_SHA256,TLS_ECDH_RSA_WITH_AES_128_CBC_SHA,TLS_ECDH_ECDSA_WITH_AES_128_CBC_SHA,TLS_RSA_WITH_AES_128_GCM_SHA256,TLS_RSA_WITH_AES_128_CBC_SHA256,TLS_RSA_WITH_AES_128_CBC_SHA,TLS_RSA_WITH_SEED_CBC_SHA,TLS_RSA_WITH_CAMELLIA_128_CBC_SHA,SSL_RSA_WITH_IDEA_CBC_SHA,TLS_RSA_WITH_IDEA_CBC_SHA,TLS_PSK_WITH_AES_128_CBC_SHA,TLS_ECDHE_RSA_WITH_RC4_128_SHA,TLS_ECDHE_ECDSA_WITH_RC4_128_SHA,TLS_ECDH_RSA_WITH_RC4_128_SHA,TLS_ECDH_ECDSA_WITH_RC4_128_SHA,TLS_RSA_WITH_RC4_128_SHA,SSL_RSA_WITH_RC4_128_SHA,SSL_RSA_WITH_RC4_128_MD5,TLS_RSA_WITH_RC4_128_MD5,TLS_PSK_WITH_RC4_128_SHA,SSL_DHE_RSA_WITH_DES_CBC_SHA,TLS_DHE_RSA_WITH_DES_CBC_SHA,SSL_DHE_DSS_WITH_DES_CBC_SHA,TLS_DHE_DSS_WITH_DES_CBC_SHA,SSL_DH_RSA_WITH_DES_CBC_SHA,TLS_DH_RSA_WITH_DES_CBC_SHA,SSL_DH_DSS_WITH_DES_CBC_SHA,TLS_DH_DSS_WITH_DES_CBC_SHA,SSL_RSA_WITH_DES_CBC_SHA,TLS_RSA_WITH_DES_CBC_SHA],&gt;" type="org.junit.ComparisonFailure">org.junit.ComparisonFailure: Tested &apos;DEFAULT&apos;:  expected:&lt;TLS_[DHE_RSA_WITH_AES_256_CBC_SHA,TLS_DHE_DSS_WITH_AES_256_CBC_SHA,TLS_RSA_WITH_AES_256_CBC_SHA,SSL_DHE_RSA_WITH_3DES_EDE_CBC_SHA,TLS_DHE_RSA_WITH_3DES_EDE_CBC_SHA,TLS_DHE_DSS_WITH_3DES_EDE_CBC_SHA,SSL_DHE_DSS_WITH_3DES_EDE_CBC_SHA,TLS_RSA_WITH_3DES_EDE_CBC_SHA,SSL_RSA_WITH_3DES_EDE_CBC_SHA,SSL2_DES_192_EDE3_CBC_WITH_MD5,SSL_CK_DES_192_EDE3_CBC_WITH_MD5,TLS_DHE_RSA_WITH_AES_128_CBC_SHA,TLS_DHE_DSS_WITH_AES_128_CBC_SHA,TLS_DHE_RSA_WITH_SEED_CBC_SHA,TLS_DHE_DSS_WITH_SEED_CBC_SHA,TLS_RSA_WITH_AES_128_CBC_SHA,TLS_RSA_WITH_SEED_CBC_SHA,SSL2_RC2_CBC_128_CBC_WITH_MD5,TLS_RSA_WITH_RC4_128_SHA,SSL_RSA_WITH_RC4_128_SHA,SSL_RSA_WITH_RC4_128_MD5,TLS_RSA_WITH_RC4_128_MD5,SSL_CK_RC4_128_WITH_MD5,SSL_DHE_RSA_WITH_DES_CBC_SHA,TLS_DHE_RSA_WITH_DES_CBC_SHA,SSL_DHE_DSS_WITH_DES_CBC_SHA,TLS_DHE_DSS_WITH_DES_CBC_SHA,SSL_RSA_WITH_DES_CBC_SHA,TLS_RSA_WITH_DES_CBC_SHA,SSL_CK_DES_64_CBC_WITH_MD5,SSL2_DES_64_CBC_WITH_MD5,SSL_DHE_RSA_EXPORT_WITH_DES40_CBC_SHA,TLS_DHE_RSA_EXPORT_WITH_DES40_CBC_SHA,SSL_DHE_DSS_EXPORT_WITH_DES40_CBC_SHA,TLS_DHE_DSS_EXPORT_WITH_DES40_CBC_SHA,TLS_RSA_EXPORT_WITH_DES40_CBC_SHA,SSL_RSA_EXPORT_WITH_DES40_CBC_SHA,SSL_RSA_EXPORT_WITH_RC2_CBC_40_MD5,TLS_RSA_EXPORT_WITH_RC2_CBC_40_MD5,SSL_CK_RC2_128_CBC_EXPORT40_WITH_MD5,TLS_RSA_EXPORT_WITH_RC4_40_MD5,SSL_RSA_EXPORT_WITH_RC4_40_MD5,SSL2_RC4_128_EXPORT40_WITH_MD5,SSL_RC4_128_EXPORT40_WITH_MD5],&gt; but was:&lt;TLS_[ECDHE_RSA_WITH_AES_256_GCM_SHA384,TLS_ECDHE_ECDSA_WITH_AES_256_GCM_SHA384,TLS_ECDHE_RSA_WITH_AES_256_CBC_SHA384,TLS_ECDHE_ECDSA_WITH_AES_256_CBC_SHA384,TLS_ECDHE_RSA_WITH_AES_256_CBC_SHA,TLS_ECDHE_ECDSA_WITH_AES_256_CBC_SHA,TLS_SRP_SHA_DSS_WITH_AES_256_CBC_SHA,TLS_SRP_SHA_RSA_WITH_AES_256_CBC_SHA,TLS_SRP_SHA_WITH_AES_256_CBC_SHA,TLS_DH_DSS_WITH_AES_256_GCM_SHA384,TLS_DHE_DSS_WITH_AES_256_GCM_SHA384,TLS_DH_RSA_WITH_AES_256_GCM_SHA384,TLS_DHE_RSA_WITH_AES_256_GCM_SHA384,TLS_DHE_RSA_WITH_AES_256_CBC_SHA256,TLS_DHE_DSS_WITH_AES_256_CBC_SHA256,TLS_DH_RSA_WITH_AES_256_CBC_SHA256,TLS_DH_DSS_WITH_AES_256_CBC_SHA256,TLS_DHE_RSA_WITH_AES_256_CBC_SHA,TLS_DHE_DSS_WITH_AES_256_CBC_SHA,TLS_DH_RSA_WITH_AES_256_CBC_SHA,TLS_DH_DSS_WITH_AES_256_CBC_SHA,TLS_DHE_RSA_WITH_CAMELLIA_256_CBC_SHA,TLS_DHE_DSS_WITH_CAMELLIA_256_CBC_SHA,TLS_DH_RSA_WITH_CAMELLIA_256_CBC_SHA,TLS_DH_DSS_WITH_CAMELLIA_256_CBC_SHA,TLS_ECDH_RSA_WITH_AES_256_GCM_SHA384,TLS_ECDH_ECDSA_WITH_AES_256_GCM_SHA384,TLS_ECDH_RSA_WITH_AES_256_CBC_SHA384,TLS_ECDH_ECDSA_WITH_AES_256_CBC_SHA384,TLS_ECDH_RSA_WITH_AES_256_CBC_SHA,TLS_ECDH_ECDSA_WITH_AES_256_CBC_SHA,TLS_RSA_WITH_AES_256_GCM_SHA384,TLS_RSA_WITH_AES_256_CBC_SHA256,TLS_RSA_WITH_AES_256_CBC_SHA,TLS_RSA_WITH_CAMELLIA_256_CBC_SHA,TLS_PSK_WITH_AES_256_CBC_SHA,TLS_ECDHE_RSA_WITH_3DES_EDE_CBC_SHA,TLS_ECDHE_ECDSA_WITH_3DES_EDE_CBC_SHA,TLS_SRP_SHA_DSS_WITH_3DES_EDE_CBC_SHA,TLS_SRP_SHA_RSA_WITH_3DES_EDE_CBC_SHA,TLS_SRP_SHA_WITH_3DES_EDE_CBC_SHA,SSL_DHE_RSA_WITH_3DES_EDE_CBC_SHA,TLS_DHE_RSA_WITH_3DES_EDE_CBC_SHA,TLS_DHE_DSS_WITH_3DES_EDE_CBC_SHA,SSL_DHE_DSS_WITH_3DES_EDE_CBC_SHA,TLS_DH_RSA_WITH_3DES_EDE_CBC_SHA,SSL_DH_RSA_WITH_3DES_EDE_CBC_SHA,TLS_DH_DSS_WITH_3DES_EDE_CBC_SHA,SSL_DH_DSS_WITH_3DES_EDE_CBC_SHA,TLS_ECDH_RSA_WITH_3DES_EDE_CBC_SHA,TLS_ECDH_ECDSA_WITH_3DES_EDE_CBC_SHA,TLS_RSA_WITH_3DES_EDE_CBC_SHA,SSL_RSA_WITH_3DES_EDE_CBC_SHA,TLS_PSK_WITH_3DES_EDE_CBC_SHA,TLS_ECDHE_RSA_WITH_AES_128_GCM_SHA256,TLS_ECDHE_ECDSA_WITH_AES_128_GCM_SHA256,TLS_ECDHE_RSA_WITH_AES_128_CBC_SHA256,TLS_ECDHE_ECDSA_WITH_AES_128_CBC_SHA256,TLS_ECDHE_RSA_WITH_AES_128_CBC_SHA,TLS_ECDHE_ECDSA_WITH_AES_128_CBC_SHA,TLS_SRP_SHA_DSS_WITH_AES_128_CBC_SHA,TLS_SRP_SHA_RSA_WITH_AES_128_CBC_SHA,TLS_SRP_SHA_WITH_AES_128_CBC_SHA,TLS_DH_DSS_WITH_AES_128_GCM_SHA256,TLS_DHE_DSS_WITH_AES_128_GCM_SHA256,TLS_DH_RSA_WITH_AES_128_GCM_SHA256,TLS_DHE_RSA_WITH_AES_128_GCM_SHA256,TLS_DHE_RSA_WITH_AES_128_CBC_SHA256,TLS_DHE_DSS_WITH_AES_128_CBC_SHA256,TLS_DH_RSA_WITH_AES_128_CBC_SHA256,TLS_DH_DSS_WITH_AES_128_CBC_SHA256,TLS_DHE_RSA_WITH_AES_128_CBC_SHA,TLS_DHE_DSS_WITH_AES_128_CBC_SHA,TLS_DH_RSA_WITH_AES_128_CBC_SHA,TLS_DH_DSS_WITH_AES_128_CBC_SHA,TLS_DHE_RSA_WITH_SEED_CBC_SHA,TLS_DHE_DSS_WITH_SEED_CBC_SHA,TLS_DH_RSA_WITH_SEED_CBC_SHA,TLS_DH_DSS_WITH_SEED_CBC_SHA,TLS_DHE_RSA_WITH_CAMELLIA_128_CBC_SHA,TLS_DHE_DSS_WITH_CAMELLIA_128_CBC_SHA,TLS_DH_RSA_WITH_CAMELLIA_128_CBC_SHA,TLS_DH_DSS_WITH_CAMELLIA_128_CBC_SHA,TLS_ECDH_RSA_WITH_AES_128_GCM_SHA256,TLS_ECDH_ECDSA_WITH_AES_128_GCM_SHA256,TLS_ECDH_RSA_WITH_AES_128_CBC_SHA256,TLS_ECDH_ECDSA_WITH_AES_128_CBC_SHA256,TLS_ECDH_RSA_WITH_AES_128_CBC_SHA,TLS_ECDH_ECDSA_WITH_AES_128_CBC_SHA,TLS_RSA_WITH_AES_128_GCM_SHA256,TLS_RSA_WITH_AES_128_CBC_SHA256,TLS_RSA_WITH_AES_128_CBC_SHA,TLS_RSA_WITH_SEED_CBC_SHA,TLS_RSA_WITH_CAMELLIA_128_CBC_SHA,SSL_RSA_WITH_IDEA_CBC_SHA,TLS_RSA_WITH_IDEA_CBC_SHA,TLS_PSK_WITH_AES_128_CBC_SHA,TLS_ECDHE_RSA_WITH_RC4_128_SHA,TLS_ECDHE_ECDSA_WITH_RC4_128_SHA,TLS_ECDH_RSA_WITH_RC4_128_SHA,TLS_ECDH_ECDSA_WITH_RC4_128_SHA,TLS_RSA_WITH_RC4_128_SHA,SSL_RSA_WITH_RC4_128_SHA,SSL_RSA_WITH_RC4_128_MD5,TLS_RSA_WITH_RC4_128_MD5,TLS_PSK_WITH_RC4_128_SHA,SSL_DHE_RSA_WITH_DES_CBC_SHA,TLS_DHE_RSA_WITH_DES_CBC_SHA,SSL_DHE_DSS_WITH_DES_CBC_SHA,TLS_DHE_DSS_WITH_DES_CBC_SHA,SSL_DH_RSA_WITH_DES_CBC_SHA,TLS_DH_RSA_WITH_DES_CBC_SHA,SSL_DH_DSS_WITH_DES_CBC_SHA,TLS_DH_DSS_WITH_DES_CBC_SHA,SSL_RSA_WITH_DES_CBC_SHA,TLS_RSA_WITH_DES_CBC_SHA],&gt;
	at org.junit.Assert.assertEquals(Assert.java:115)
	at org.apache.tomcat.util.net.jsse.openssl.TestOpenSSLCipherConfigurationParser.testSpecification(TestOpenSSLCipherConfigurationParser.java:499)
	at org.apache.tomcat.util.net.jsse.openssl.TestOpenSSLCipherConfigurationParser.testDEFAULT(TestOpenSSLCipherConfigurationParser.java:37)
	at sun.reflect.NativeMethodAccessorImpl.invoke0(Native Method)
	at sun.reflect.NativeMethodAccessorImpl.invoke(NativeMethodAccessorImpl.java:62)
	at sun.reflect.DelegatingMethodAccessorImpl.invoke(DelegatingMethodAccessorImpl.java:43)
	at java.lang.reflect.Method.invoke(Method.java:483)
	at org.junit.runners.model.FrameworkMethod$1.runReflectiveCall(FrameworkMethod.java:50)
	at org.junit.internal.runners.model.ReflectiveCallable.run(ReflectiveCallable.java:12)
	at org.junit.runners.model.FrameworkMethod.invokeExplosively(FrameworkMethod.java:47)
	at org.junit.internal.runners.statements.InvokeMethod.evaluate(InvokeMethod.java:17)
	at org.junit.internal.runners.statements.RunBefores.evaluate(RunBefores.java:26)
	at org.junit.runners.ParentRunner.runLeaf(ParentRunner.java:325)
	at org.junit.runners.BlockJUnit4ClassRunner.runChild(BlockJUnit4ClassRunner.java:78)
	at org.junit.runners.BlockJUnit4ClassRunner.runChild(BlockJUnit4ClassRunner.java:57)
	at org.junit.runners.ParentRunner$3.run(ParentRunner.java:290)
	at org.junit.runners.ParentRunner$1.schedule(ParentRunner.java:71)
	at org.junit.runners.ParentRunner.runChildren(ParentRunner.java:288)
	at org.junit.runners.ParentRunner.access$000(ParentRunner.java:58)
	at org.junit.runners.ParentRunner$2.evaluate(ParentRunner.java:268)
	at org.junit.runners.ParentRunner.run(ParentRunner.java:363)
	at org.apache.maven.surefire.junit4.JUnit4TestSet.execute(JUnit4TestSet.java:53)
	at org.apache.maven.surefire.junit4.JUnit4Provider.executeTestSet(JUnit4Provider.java:123)
	at org.apache.maven.surefire.junit4.JUnit4Provider.invoke(JUnit4Provider.java:104)
	at sun.reflect.NativeMethodAccessorImpl.invoke0(Native Method)
	at sun.reflect.NativeMethodAccessorImpl.invoke(NativeMethodAccessorImpl.java:62)
	at sun.reflect.DelegatingMethodAccessorImpl.invoke(DelegatingMethodAccessorImpl.java:43)
	at java.lang.reflect.Method.invoke(Method.java:483)
	at org.apache.maven.surefire.util.ReflectionUtils.invokeMethodWithArray(ReflectionUtils.java:164)
	at org.apache.maven.surefire.booter.ProviderFactory$ProviderProxy.invoke(ProviderFactory.java:110)
	at org.apache.maven.surefire.booter.SurefireStarter.invokeProvider(SurefireStarter.java:175)
	at org.apache.maven.surefire.booter.SurefireStarter.runSuitesInProcessWhenForked(SurefireStarter.java:107)
	at org.apache.maven.surefire.booter.ForkedBooter.main(ForkedBooter.java:68)
</failure>
  </testcase>
  <testcase classname="org.apache.tomcat.util.net.jsse.openssl.TestOpenSSLCipherConfigurationParser" name="testaGOST01" time="0.005"/>
  <testcase classname="org.apache.tomcat.util.net.jsse.openssl.TestOpenSSLCipherConfigurationParser" name="testaGOST94" time="0.004"/>
  <testcase classname="org.apache.tomcat.util.net.jsse.openssl.TestOpenSSLCipherConfigurationParser" name="testCOMPLEMENTOFDEFAULT" time="0.006">
    <failure message="Tested &apos;COMPLEMENTOFDEFAULT&apos;:  expected:&lt;...H_anon_WITH_AES_256_[CBC_SHA,TLS_ECDH_anon_WITH_3DES_EDE_CBC_SHA,TLS_DH_anon_WITH_3DES_EDE_CBC_SHA,SSL_DH_anon_WITH_3DES_EDE_CBC_SHA,TLS_ECDH_anon_WITH_AES_128_CBC_SHA,TLS_DH_anon_WITH_AES_128_CBC_SHA,TLS_DH_anon_WITH_SEED_CBC_SHA,TLS_ECDH_anon_WITH_RC4_128_SHA,SSL_DH_anon_WITH_RC4_128_MD5,TLS_DH_anon_WITH_RC4_128_MD5,TLS_DH_anon_WITH_DES_CBC_SHA,SSL_DH_anon_WITH_DES_CBC_SHA,TLS_DH_anon_EXPORT_WITH_DES40_CBC_SHA,SSL_DH_anon_EXPORT_WITH_DES40_CBC_SHA,SSL_DH_anon_EXPORT_WITH_RC4_40_MD5,TLS_DH_anon_EXPORT_WITH_RC4_40_MD5,TLS_ECDH_anon_WITH_NULL_SHA],&gt; but was:&lt;...H_anon_WITH_AES_256_[GCM_SHA384,TLS_DH_anon_WITH_AES_256_CBC_SHA256,TLS_DH_anon_WITH_AES_256_CBC_SHA,TLS_DH_anon_WITH_CAMELLIA_256_CBC_SHA,TLS_ECDH_anon_WITH_3DES_EDE_CBC_SHA,TLS_DH_anon_WITH_3DES_EDE_CBC_SHA,SSL_DH_anon_WITH_3DES_EDE_CBC_SHA,SSL2_DES_192_EDE3_CBC_WITH_MD5,SSL_CK_DES_192_EDE3_CBC_WITH_MD5,TLS_ECDH_anon_WITH_AES_128_CBC_SHA,TLS_DH_anon_WITH_AES_128_GCM_SHA256,TLS_DH_anon_WITH_AES_128_CBC_SHA256,TLS_DH_anon_WITH_AES_128_CBC_SHA,TLS_DH_anon_WITH_SEED_CBC_SHA,TLS_DH_anon_WITH_CAMELLIA_128_CBC_SHA,SSL_CK_IDEA_128_CBC_WITH_MD5,SSL2_IDEA_128_CBC_WITH_MD5,SSL2_RC2_CBC_128_CBC_WITH_MD5,TLS_ECDH_anon_WITH_RC4_128_SHA,SSL_DH_anon_WITH_RC4_128_MD5,TLS_DH_anon_WITH_RC4_128_MD5,SSL_CK_RC4_128_WITH_MD5,TLS_DH_anon_WITH_DES_CBC_SHA,SSL_DH_anon_WITH_DES_CBC_SHA,SSL_CK_DES_64_CBC_WITH_MD5,SSL2_DES_64_CBC_WITH_MD5,SSL_DHE_RSA_EXPORT_WITH_DES40_CBC_SHA,TLS_DHE_RSA_EXPORT_WITH_DES40_CBC_SHA,SSL_DHE_DSS_EXPORT_WITH_DES40_CBC_SHA,TLS_DHE_DSS_EXPORT_WITH_DES40_CBC_SHA,SSL_DH_RSA_EXPORT_WITH_DES40_CBC_SHA,TLS_DH_RSA_EXPORT_WITH_DES40_CBC_SHA,SSL_DH_DSS_EXPORT_WITH_DES40_CBC_SHA,TLS_DH_DSS_EXPORT_WITH_DES40_CBC_SHA,TLS_DH_anon_EXPORT_WITH_DES40_CBC_SHA,SSL_DH_anon_EXPORT_WITH_DES40_CBC_SHA,TLS_RSA_EXPORT_WITH_DES40_CBC_SHA,SSL_RSA_EXPORT_WITH_DES40_CBC_SHA,SSL_RSA_EXPORT_WITH_RC2_CBC_40_MD5,TLS_RSA_EXPORT_WITH_RC2_CBC_40_MD5,SSL_CK_RC2_128_CBC_EXPORT40_WITH_MD5,SSL_DH_anon_EXPORT_WITH_RC4_40_MD5,TLS_DH_anon_EXPORT_WITH_RC4_40_MD5,TLS_RSA_EXPORT_WITH_RC4_40_MD5,SSL_RSA_EXPORT_WITH_RC4_40_MD5,SSL2_RC4_128_EXPORT40_WITH_MD5,SSL_RC4_128_EXPORT40_WITH_MD5],&gt;" type="org.junit.ComparisonFailure">org.junit.ComparisonFailure: Tested &apos;COMPLEMENTOFDEFAULT&apos;:  expected:&lt;...H_anon_WITH_AES_256_[CBC_SHA,TLS_ECDH_anon_WITH_3DES_EDE_CBC_SHA,TLS_DH_anon_WITH_3DES_EDE_CBC_SHA,SSL_DH_anon_WITH_3DES_EDE_CBC_SHA,TLS_ECDH_anon_WITH_AES_128_CBC_SHA,TLS_DH_anon_WITH_AES_128_CBC_SHA,TLS_DH_anon_WITH_SEED_CBC_SHA,TLS_ECDH_anon_WITH_RC4_128_SHA,SSL_DH_anon_WITH_RC4_128_MD5,TLS_DH_anon_WITH_RC4_128_MD5,TLS_DH_anon_WITH_DES_CBC_SHA,SSL_DH_anon_WITH_DES_CBC_SHA,TLS_DH_anon_EXPORT_WITH_DES40_CBC_SHA,SSL_DH_anon_EXPORT_WITH_DES40_CBC_SHA,SSL_DH_anon_EXPORT_WITH_RC4_40_MD5,TLS_DH_anon_EXPORT_WITH_RC4_40_MD5,TLS_ECDH_anon_WITH_NULL_SHA],&gt; but was:&lt;...H_anon_WITH_AES_256_[GCM_SHA384,TLS_DH_anon_WITH_AES_256_CBC_SHA256,TLS_DH_anon_WITH_AES_256_CBC_SHA,TLS_DH_anon_WITH_CAMELLIA_256_CBC_SHA,TLS_ECDH_anon_WITH_3DES_EDE_CBC_SHA,TLS_DH_anon_WITH_3DES_EDE_CBC_SHA,SSL_DH_anon_WITH_3DES_EDE_CBC_SHA,SSL2_DES_192_EDE3_CBC_WITH_MD5,SSL_CK_DES_192_EDE3_CBC_WITH_MD5,TLS_ECDH_anon_WITH_AES_128_CBC_SHA,TLS_DH_anon_WITH_AES_128_GCM_SHA256,TLS_DH_anon_WITH_AES_128_CBC_SHA256,TLS_DH_anon_WITH_AES_128_CBC_SHA,TLS_DH_anon_WITH_SEED_CBC_SHA,TLS_DH_anon_WITH_CAMELLIA_128_CBC_SHA,SSL_CK_IDEA_128_CBC_WITH_MD5,SSL2_IDEA_128_CBC_WITH_MD5,SSL2_RC2_CBC_128_CBC_WITH_MD5,TLS_ECDH_anon_WITH_RC4_128_SHA,SSL_DH_anon_WITH_RC4_128_MD5,TLS_DH_anon_WITH_RC4_128_MD5,SSL_CK_RC4_128_WITH_MD5,TLS_DH_anon_WITH_DES_CBC_SHA,SSL_DH_anon_WITH_DES_CBC_SHA,SSL_CK_DES_64_CBC_WITH_MD5,SSL2_DES_64_CBC_WITH_MD5,SSL_DHE_RSA_EXPORT_WITH_DES40_CBC_SHA,TLS_DHE_RSA_EXPORT_WITH_DES40_CBC_SHA,SSL_DHE_DSS_EXPORT_WITH_DES40_CBC_SHA,TLS_DHE_DSS_EXPORT_WITH_DES40_CBC_SHA,SSL_DH_RSA_EXPORT_WITH_DES40_CBC_SHA,TLS_DH_RSA_EXPORT_WITH_DES40_CBC_SHA,SSL_DH_DSS_EXPORT_WITH_DES40_CBC_SHA,TLS_DH_DSS_EXPORT_WITH_DES40_CBC_SHA,TLS_DH_anon_EXPORT_WITH_DES40_CBC_SHA,SSL_DH_anon_EXPORT_WITH_DES40_CBC_SHA,TLS_RSA_EXPORT_WITH_DES40_CBC_SHA,SSL_RSA_EXPORT_WITH_DES40_CBC_SHA,SSL_RSA_EXPORT_WITH_RC2_CBC_40_MD5,TLS_RSA_EXPORT_WITH_RC2_CBC_40_MD5,SSL_CK_RC2_128_CBC_EXPORT40_WITH_MD5,SSL_DH_anon_EXPORT_WITH_RC4_40_MD5,TLS_DH_anon_EXPORT_WITH_RC4_40_MD5,TLS_RSA_EXPORT_WITH_RC4_40_MD5,SSL_RSA_EXPORT_WITH_RC4_40_MD5,SSL2_RC4_128_EXPORT40_WITH_MD5,SSL_RC4_128_EXPORT40_WITH_MD5],&gt;
	at org.junit.Assert.assertEquals(Assert.java:115)
	at org.apache.tomcat.util.net.jsse.openssl.TestOpenSSLCipherConfigurationParser.testSpecification(TestOpenSSLCipherConfigurationParser.java:499)
	at org.apache.tomcat.util.net.jsse.openssl.TestOpenSSLCipherConfigurationParser.testCOMPLEMENTOFDEFAULT(TestOpenSSLCipherConfigurationParser.java:43)
	at sun.reflect.NativeMethodAccessorImpl.invoke0(Native Method)
	at sun.reflect.NativeMethodAccessorImpl.invoke(NativeMethodAccessorImpl.java:62)
	at sun.reflect.DelegatingMethodAccessorImpl.invoke(DelegatingMethodAccessorImpl.java:43)
	at java.lang.reflect.Method.invoke(Method.java:483)
	at org.junit.runners.model.FrameworkMethod$1.runReflectiveCall(FrameworkMethod.java:50)
	at org.junit.internal.runners.model.ReflectiveCallable.run(ReflectiveCallable.java:12)
	at org.junit.runners.model.FrameworkMethod.invokeExplosively(FrameworkMethod.java:47)
	at org.junit.internal.runners.statements.InvokeMethod.evaluate(InvokeMethod.java:17)
	at org.junit.internal.runners.statements.RunBefores.evaluate(RunBefores.java:26)
	at org.junit.runners.ParentRunner.runLeaf(ParentRunner.java:325)
	at org.junit.runners.BlockJUnit4ClassRunner.runChild(BlockJUnit4ClassRunner.java:78)
	at org.junit.runners.BlockJUnit4ClassRunner.runChild(BlockJUnit4ClassRunner.java:57)
	at org.junit.runners.ParentRunner$3.run(ParentRunner.java:290)
	at org.junit.runners.ParentRunner$1.schedule(ParentRunner.java:71)
	at org.junit.runners.ParentRunner.runChildren(ParentRunner.java:288)
	at org.junit.runners.ParentRunner.access$000(ParentRunner.java:58)
	at org.junit.runners.ParentRunner$2.evaluate(ParentRunner.java:268)
	at org.junit.runners.ParentRunner.run(ParentRunner.java:363)
	at org.apache.maven.surefire.junit4.JUnit4TestSet.execute(JUnit4TestSet.java:53)
	at org.apache.maven.surefire.junit4.JUnit4Provider.executeTestSet(JUnit4Provider.java:123)
	at org.apache.maven.surefire.junit4.JUnit4Provider.invoke(JUnit4Provider.java:104)
	at sun.reflect.NativeMethodAccessorImpl.invoke0(Native Method)
	at sun.reflect.NativeMethodAccessorImpl.invoke(NativeMethodAccessorImpl.java:62)
	at sun.reflect.DelegatingMethodAccessorImpl.invoke(DelegatingMethodAccessorImpl.java:43)
	at java.lang.reflect.Method.invoke(Method.java:483)
	at org.apache.maven.surefire.util.ReflectionUtils.invokeMethodWithArray(ReflectionUtils.java:164)
	at org.apache.maven.surefire.booter.ProviderFactory$ProviderProxy.invoke(ProviderFactory.java:110)
	at org.apache.maven.surefire.booter.SurefireStarter.invokeProvider(SurefireStarter.java:175)
	at org.apache.maven.surefire.booter.SurefireStarter.runSuitesInProcessWhenForked(SurefireStarter.java:107)
	at org.apache.maven.surefire.booter.ForkedBooter.main(ForkedBooter.java:68)
</failure>
  </testcase>
  <testcase classname="org.apache.tomcat.util.net.jsse.openssl.TestOpenSSLCipherConfigurationParser" name="testAES128" time="0.005">
    <failure message="Tested &apos;AES128&apos;:  expected:&lt;[]&gt; but was:&lt;[TLS_ECDHE_RSA_WITH_AES_128_GCM_SHA256,TLS_ECDHE_ECDSA_WITH_AES_128_GCM_SHA256,TLS_ECDHE_RSA_WITH_AES_128_CBC_SHA256,TLS_ECDHE_ECDSA_WITH_AES_128_CBC_SHA256,TLS_ECDHE_RSA_WITH_AES_128_CBC_SHA,TLS_ECDHE_ECDSA_WITH_AES_128_CBC_SHA,TLS_SRP_SHA_DSS_WITH_AES_128_CBC_SHA,TLS_SRP_SHA_RSA_WITH_AES_128_CBC_SHA,TLS_SRP_SHA_WITH_AES_128_CBC_SHA,TLS_DH_DSS_WITH_AES_128_GCM_SHA256,TLS_DHE_DSS_WITH_AES_128_GCM_SHA256,TLS_DH_RSA_WITH_AES_128_GCM_SHA256,TLS_DHE_RSA_WITH_AES_128_GCM_SHA256,TLS_DHE_RSA_WITH_AES_128_CBC_SHA256,TLS_DHE_DSS_WITH_AES_128_CBC_SHA256,TLS_DH_RSA_WITH_AES_128_CBC_SHA256,TLS_DH_DSS_WITH_AES_128_CBC_SHA256,TLS_DHE_RSA_WITH_AES_128_CBC_SHA,TLS_DHE_DSS_WITH_AES_128_CBC_SHA,TLS_DH_RSA_WITH_AES_128_CBC_SHA,TLS_DH_DSS_WITH_AES_128_CBC_SHA,TLS_ECDH_anon_WITH_AES_128_CBC_SHA,TLS_DH_anon_WITH_AES_128_GCM_SHA256,TLS_DH_anon_WITH_AES_128_CBC_SHA256,TLS_DH_anon_WITH_AES_128_CBC_SHA,TLS_ECDH_RSA_WITH_AES_128_GCM_SHA256,TLS_ECDH_ECDSA_WITH_AES_128_GCM_SHA256,TLS_ECDH_RSA_WITH_AES_128_CBC_SHA256,TLS_ECDH_ECDSA_WITH_AES_128_CBC_SHA256,TLS_ECDH_RSA_WITH_AES_128_CBC_SHA,TLS_ECDH_ECDSA_WITH_AES_128_CBC_SHA,TLS_RSA_WITH_AES_128_GCM_SHA256,TLS_RSA_WITH_AES_128_CBC_SHA256,TLS_RSA_WITH_AES_128_CBC_SHA,TLS_PSK_WITH_AES_128_CBC_SHA,]&gt;" type="org.junit.ComparisonFailure">org.junit.ComparisonFailure: Tested &apos;AES128&apos;:  expected:&lt;[]&gt; but was:&lt;[TLS_ECDHE_RSA_WITH_AES_128_GCM_SHA256,TLS_ECDHE_ECDSA_WITH_AES_128_GCM_SHA256,TLS_ECDHE_RSA_WITH_AES_128_CBC_SHA256,TLS_ECDHE_ECDSA_WITH_AES_128_CBC_SHA256,TLS_ECDHE_RSA_WITH_AES_128_CBC_SHA,TLS_ECDHE_ECDSA_WITH_AES_128_CBC_SHA,TLS_SRP_SHA_DSS_WITH_AES_128_CBC_SHA,TLS_SRP_SHA_RSA_WITH_AES_128_CBC_SHA,TLS_SRP_SHA_WITH_AES_128_CBC_SHA,TLS_DH_DSS_WITH_AES_128_GCM_SHA256,TLS_DHE_DSS_WITH_AES_128_GCM_SHA256,TLS_DH_RSA_WITH_AES_128_GCM_SHA256,TLS_DHE_RSA_WITH_AES_128_GCM_SHA256,TLS_DHE_RSA_WITH_AES_128_CBC_SHA256,TLS_DHE_DSS_WITH_AES_128_CBC_SHA256,TLS_DH_RSA_WITH_AES_128_CBC_SHA256,TLS_DH_DSS_WITH_AES_128_CBC_SHA256,TLS_DHE_RSA_WITH_AES_128_CBC_SHA,TLS_DHE_DSS_WITH_AES_128_CBC_SHA,TLS_DH_RSA_WITH_AES_128_CBC_SHA,TLS_DH_DSS_WITH_AES_128_CBC_SHA,TLS_ECDH_anon_WITH_AES_128_CBC_SHA,TLS_DH_anon_WITH_AES_128_GCM_SHA256,TLS_DH_anon_WITH_AES_128_CBC_SHA256,TLS_DH_anon_WITH_AES_128_CBC_SHA,TLS_ECDH_RSA_WITH_AES_128_GCM_SHA256,TLS_ECDH_ECDSA_WITH_AES_128_GCM_SHA256,TLS_ECDH_RSA_WITH_AES_128_CBC_SHA256,TLS_ECDH_ECDSA_WITH_AES_128_CBC_SHA256,TLS_ECDH_RSA_WITH_AES_128_CBC_SHA,TLS_ECDH_ECDSA_WITH_AES_128_CBC_SHA,TLS_RSA_WITH_AES_128_GCM_SHA256,TLS_RSA_WITH_AES_128_CBC_SHA256,TLS_RSA_WITH_AES_128_CBC_SHA,TLS_PSK_WITH_AES_128_CBC_SHA,]&gt;
	at org.junit.Assert.assertEquals(Assert.java:115)
	at org.apache.tomcat.util.net.jsse.openssl.TestOpenSSLCipherConfigurationParser.testSpecification(TestOpenSSLCipherConfigurationParser.java:499)
	at org.apache.tomcat.util.net.jsse.openssl.TestOpenSSLCipherConfigurationParser.testAES128(TestOpenSSLCipherConfigurationParser.java:310)
	at sun.reflect.NativeMethodAccessorImpl.invoke0(Native Method)
	at sun.reflect.NativeMethodAccessorImpl.invoke(NativeMethodAccessorImpl.java:62)
	at sun.reflect.DelegatingMethodAccessorImpl.invoke(DelegatingMethodAccessorImpl.java:43)
	at java.lang.reflect.Method.invoke(Method.java:483)
	at org.junit.runners.model.FrameworkMethod$1.runReflectiveCall(FrameworkMethod.java:50)
	at org.junit.internal.runners.model.ReflectiveCallable.run(ReflectiveCallable.java:12)
	at org.junit.runners.model.FrameworkMethod.invokeExplosively(FrameworkMethod.java:47)
	at org.junit.internal.runners.statements.InvokeMethod.evaluate(InvokeMethod.java:17)
	at org.junit.internal.runners.statements.RunBefores.evaluate(RunBefores.java:26)
	at org.junit.runners.ParentRunner.runLeaf(ParentRunner.java:325)
	at org.junit.runners.BlockJUnit4ClassRunner.runChild(BlockJUnit4ClassRunner.java:78)
	at org.junit.runners.BlockJUnit4ClassRunner.runChild(BlockJUnit4ClassRunner.java:57)
	at org.junit.runners.ParentRunner$3.run(ParentRunner.java:290)
	at org.junit.runners.ParentRunner$1.schedule(ParentRunner.java:71)
	at org.junit.runners.ParentRunner.runChildren(ParentRunner.java:288)
	at org.junit.runners.ParentRunner.access$000(ParentRunner.java:58)
	at org.junit.runners.ParentRunner$2.evaluate(ParentRunner.java:268)
	at org.junit.runners.ParentRunner.run(ParentRunner.java:363)
	at org.apache.maven.surefire.junit4.JUnit4TestSet.execute(JUnit4TestSet.java:53)
	at org.apache.maven.surefire.junit4.JUnit4Provider.executeTestSet(JUnit4Provider.java:123)
	at org.apache.maven.surefire.junit4.JUnit4Provider.invoke(JUnit4Provider.java:104)
	at sun.reflect.NativeMethodAccessorImpl.invoke0(Native Method)
	at sun.reflect.NativeMethodAccessorImpl.invoke(NativeMethodAccessorImpl.java:62)
	at sun.reflect.DelegatingMethodAccessorImpl.invoke(DelegatingMethodAccessorImpl.java:43)
	at java.lang.reflect.Method.invoke(Method.java:483)
	at org.apache.maven.surefire.util.ReflectionUtils.invokeMethodWithArray(ReflectionUtils.java:164)
	at org.apache.maven.surefire.booter.ProviderFactory$ProviderProxy.invoke(ProviderFactory.java:110)
	at org.apache.maven.surefire.booter.SurefireStarter.invokeProvider(SurefireStarter.java:175)
	at org.apache.maven.surefire.booter.SurefireStarter.runSuitesInProcessWhenForked(SurefireStarter.java:107)
	at org.apache.maven.surefire.booter.ForkedBooter.main(ForkedBooter.java:68)
</failure>
    <system-err>Error in cipher list
5329:error:1410D0B9:SSL routines:SSL_CTX_set_cipher_list:no cipher match:/SourceCache/OpenSSL098/OpenSSL098-52.10.1/src/ssl/ssl_lib.c:1223:

</system-err>
  </testcase>
  <testcase classname="org.apache.tomcat.util.net.jsse.openssl.TestOpenSSLCipherConfigurationParser" name="testAES256" time="0.005">
    <failure message="Tested &apos;AES256&apos;:  expected:&lt;[]&gt; but was:&lt;[TLS_ECDHE_RSA_WITH_AES_256_GCM_SHA384,TLS_ECDHE_ECDSA_WITH_AES_256_GCM_SHA384,TLS_ECDHE_RSA_WITH_AES_256_CBC_SHA384,TLS_ECDHE_ECDSA_WITH_AES_256_CBC_SHA384,TLS_ECDHE_RSA_WITH_AES_256_CBC_SHA,TLS_ECDHE_ECDSA_WITH_AES_256_CBC_SHA,TLS_SRP_SHA_DSS_WITH_AES_256_CBC_SHA,TLS_SRP_SHA_RSA_WITH_AES_256_CBC_SHA,TLS_SRP_SHA_WITH_AES_256_CBC_SHA,TLS_DH_DSS_WITH_AES_256_GCM_SHA384,TLS_DHE_DSS_WITH_AES_256_GCM_SHA384,TLS_DH_RSA_WITH_AES_256_GCM_SHA384,TLS_DHE_RSA_WITH_AES_256_GCM_SHA384,TLS_DHE_RSA_WITH_AES_256_CBC_SHA256,TLS_DHE_DSS_WITH_AES_256_CBC_SHA256,TLS_DH_RSA_WITH_AES_256_CBC_SHA256,TLS_DH_DSS_WITH_AES_256_CBC_SHA256,TLS_DHE_RSA_WITH_AES_256_CBC_SHA,TLS_DHE_DSS_WITH_AES_256_CBC_SHA,TLS_DH_RSA_WITH_AES_256_CBC_SHA,TLS_DH_DSS_WITH_AES_256_CBC_SHA,TLS_ECDH_anon_WITH_AES_256_CBC_SHA,TLS_DH_anon_WITH_AES_256_GCM_SHA384,TLS_DH_anon_WITH_AES_256_CBC_SHA256,TLS_DH_anon_WITH_AES_256_CBC_SHA,TLS_ECDH_RSA_WITH_AES_256_GCM_SHA384,TLS_ECDH_ECDSA_WITH_AES_256_GCM_SHA384,TLS_ECDH_RSA_WITH_AES_256_CBC_SHA384,TLS_ECDH_ECDSA_WITH_AES_256_CBC_SHA384,TLS_ECDH_RSA_WITH_AES_256_CBC_SHA,TLS_ECDH_ECDSA_WITH_AES_256_CBC_SHA,TLS_RSA_WITH_AES_256_GCM_SHA384,TLS_RSA_WITH_AES_256_CBC_SHA256,TLS_RSA_WITH_AES_256_CBC_SHA,TLS_PSK_WITH_AES_256_CBC_SHA,]&gt;" type="org.junit.ComparisonFailure">org.junit.ComparisonFailure: Tested &apos;AES256&apos;:  expected:&lt;[]&gt; but was:&lt;[TLS_ECDHE_RSA_WITH_AES_256_GCM_SHA384,TLS_ECDHE_ECDSA_WITH_AES_256_GCM_SHA384,TLS_ECDHE_RSA_WITH_AES_256_CBC_SHA384,TLS_ECDHE_ECDSA_WITH_AES_256_CBC_SHA384,TLS_ECDHE_RSA_WITH_AES_256_CBC_SHA,TLS_ECDHE_ECDSA_WITH_AES_256_CBC_SHA,TLS_SRP_SHA_DSS_WITH_AES_256_CBC_SHA,TLS_SRP_SHA_RSA_WITH_AES_256_CBC_SHA,TLS_SRP_SHA_WITH_AES_256_CBC_SHA,TLS_DH_DSS_WITH_AES_256_GCM_SHA384,TLS_DHE_DSS_WITH_AES_256_GCM_SHA384,TLS_DH_RSA_WITH_AES_256_GCM_SHA384,TLS_DHE_RSA_WITH_AES_256_GCM_SHA384,TLS_DHE_RSA_WITH_AES_256_CBC_SHA256,TLS_DHE_DSS_WITH_AES_256_CBC_SHA256,TLS_DH_RSA_WITH_AES_256_CBC_SHA256,TLS_DH_DSS_WITH_AES_256_CBC_SHA256,TLS_DHE_RSA_WITH_AES_256_CBC_SHA,TLS_DHE_DSS_WITH_AES_256_CBC_SHA,TLS_DH_RSA_WITH_AES_256_CBC_SHA,TLS_DH_DSS_WITH_AES_256_CBC_SHA,TLS_ECDH_anon_WITH_AES_256_CBC_SHA,TLS_DH_anon_WITH_AES_256_GCM_SHA384,TLS_DH_anon_WITH_AES_256_CBC_SHA256,TLS_DH_anon_WITH_AES_256_CBC_SHA,TLS_ECDH_RSA_WITH_AES_256_GCM_SHA384,TLS_ECDH_ECDSA_WITH_AES_256_GCM_SHA384,TLS_ECDH_RSA_WITH_AES_256_CBC_SHA384,TLS_ECDH_ECDSA_WITH_AES_256_CBC_SHA384,TLS_ECDH_RSA_WITH_AES_256_CBC_SHA,TLS_ECDH_ECDSA_WITH_AES_256_CBC_SHA,TLS_RSA_WITH_AES_256_GCM_SHA384,TLS_RSA_WITH_AES_256_CBC_SHA256,TLS_RSA_WITH_AES_256_CBC_SHA,TLS_PSK_WITH_AES_256_CBC_SHA,]&gt;
	at org.junit.Assert.assertEquals(Assert.java:115)
	at org.apache.tomcat.util.net.jsse.openssl.TestOpenSSLCipherConfigurationParser.testSpecification(TestOpenSSLCipherConfigurationParser.java:499)
	at org.apache.tomcat.util.net.jsse.openssl.TestOpenSSLCipherConfigurationParser.testAES256(TestOpenSSLCipherConfigurationParser.java:316)
	at sun.reflect.NativeMethodAccessorImpl.invoke0(Native Method)
	at sun.reflect.NativeMethodAccessorImpl.invoke(NativeMethodAccessorImpl.java:62)
	at sun.reflect.DelegatingMethodAccessorImpl.invoke(DelegatingMethodAccessorImpl.java:43)
	at java.lang.reflect.Method.invoke(Method.java:483)
	at org.junit.runners.model.FrameworkMethod$1.runReflectiveCall(FrameworkMethod.java:50)
	at org.junit.internal.runners.model.ReflectiveCallable.run(ReflectiveCallable.java:12)
	at org.junit.runners.model.FrameworkMethod.invokeExplosively(FrameworkMethod.java:47)
	at org.junit.internal.runners.statements.InvokeMethod.evaluate(InvokeMethod.java:17)
	at org.junit.internal.runners.statements.RunBefores.evaluate(RunBefores.java:26)
	at org.junit.runners.ParentRunner.runLeaf(ParentRunner.java:325)
	at org.junit.runners.BlockJUnit4ClassRunner.runChild(BlockJUnit4ClassRunner.java:78)
	at org.junit.runners.BlockJUnit4ClassRunner.runChild(BlockJUnit4ClassRunner.java:57)
	at org.junit.runners.ParentRunner$3.run(ParentRunner.java:290)
	at org.junit.runners.ParentRunner$1.schedule(ParentRunner.java:71)
	at org.junit.runners.ParentRunner.runChildren(ParentRunner.java:288)
	at org.junit.runners.ParentRunner.access$000(ParentRunner.java:58)
	at org.junit.runners.ParentRunner$2.evaluate(ParentRunner.java:268)
	at org.junit.runners.ParentRunner.run(ParentRunner.java:363)
	at org.apache.maven.surefire.junit4.JUnit4TestSet.execute(JUnit4TestSet.java:53)
	at org.apache.maven.surefire.junit4.JUnit4Provider.executeTestSet(JUnit4Provider.java:123)
	at org.apache.maven.surefire.junit4.JUnit4Provider.invoke(JUnit4Provider.java:104)
	at sun.reflect.NativeMethodAccessorImpl.invoke0(Native Method)
	at sun.reflect.NativeMethodAccessorImpl.invoke(NativeMethodAccessorImpl.java:62)
	at sun.reflect.DelegatingMethodAccessorImpl.invoke(DelegatingMethodAccessorImpl.java:43)
	at java.lang.reflect.Method.invoke(Method.java:483)
	at org.apache.maven.surefire.util.ReflectionUtils.invokeMethodWithArray(ReflectionUtils.java:164)
	at org.apache.maven.surefire.booter.ProviderFactory$ProviderProxy.invoke(ProviderFactory.java:110)
	at org.apache.maven.surefire.booter.SurefireStarter.invokeProvider(SurefireStarter.java:175)
	at org.apache.maven.surefire.booter.SurefireStarter.runSuitesInProcessWhenForked(SurefireStarter.java:107)
	at org.apache.maven.surefire.booter.ForkedBooter.main(ForkedBooter.java:68)
</failure>
    <system-err>Error in cipher list
5330:error:1410D0B9:SSL routines:SSL_CTX_set_cipher_list:no cipher match:/SourceCache/OpenSSL098/OpenSSL098-52.10.1/src/ssl/ssl_lib.c:1223:

</system-err>
  </testcase>
  <testcase classname="org.apache.tomcat.util.net.jsse.openssl.TestOpenSSLCipherConfigurationParser" name="testAESGCM" time="0.005">
    <failure message="Tested &apos;AESGCM&apos;:  expected:&lt;[]&gt; but was:&lt;[TLS_ECDHE_RSA_WITH_AES_256_GCM_SHA384,TLS_ECDHE_ECDSA_WITH_AES_256_GCM_SHA384,TLS_DH_DSS_WITH_AES_256_GCM_SHA384,TLS_DHE_DSS_WITH_AES_256_GCM_SHA384,TLS_DH_RSA_WITH_AES_256_GCM_SHA384,TLS_DHE_RSA_WITH_AES_256_GCM_SHA384,TLS_DH_anon_WITH_AES_256_GCM_SHA384,TLS_ECDH_RSA_WITH_AES_256_GCM_SHA384,TLS_ECDH_ECDSA_WITH_AES_256_GCM_SHA384,TLS_RSA_WITH_AES_256_GCM_SHA384,TLS_ECDHE_RSA_WITH_AES_128_GCM_SHA256,TLS_ECDHE_ECDSA_WITH_AES_128_GCM_SHA256,TLS_DH_DSS_WITH_AES_128_GCM_SHA256,TLS_DHE_DSS_WITH_AES_128_GCM_SHA256,TLS_DH_RSA_WITH_AES_128_GCM_SHA256,TLS_DHE_RSA_WITH_AES_128_GCM_SHA256,TLS_DH_anon_WITH_AES_128_GCM_SHA256,TLS_ECDH_RSA_WITH_AES_128_GCM_SHA256,TLS_ECDH_ECDSA_WITH_AES_128_GCM_SHA256,TLS_RSA_WITH_AES_128_GCM_SHA256,]&gt;" type="org.junit.ComparisonFailure">org.junit.ComparisonFailure: Tested &apos;AESGCM&apos;:  expected:&lt;[]&gt; but was:&lt;[TLS_ECDHE_RSA_WITH_AES_256_GCM_SHA384,TLS_ECDHE_ECDSA_WITH_AES_256_GCM_SHA384,TLS_DH_DSS_WITH_AES_256_GCM_SHA384,TLS_DHE_DSS_WITH_AES_256_GCM_SHA384,TLS_DH_RSA_WITH_AES_256_GCM_SHA384,TLS_DHE_RSA_WITH_AES_256_GCM_SHA384,TLS_DH_anon_WITH_AES_256_GCM_SHA384,TLS_ECDH_RSA_WITH_AES_256_GCM_SHA384,TLS_ECDH_ECDSA_WITH_AES_256_GCM_SHA384,TLS_RSA_WITH_AES_256_GCM_SHA384,TLS_ECDHE_RSA_WITH_AES_128_GCM_SHA256,TLS_ECDHE_ECDSA_WITH_AES_128_GCM_SHA256,TLS_DH_DSS_WITH_AES_128_GCM_SHA256,TLS_DHE_DSS_WITH_AES_128_GCM_SHA256,TLS_DH_RSA_WITH_AES_128_GCM_SHA256,TLS_DHE_RSA_WITH_AES_128_GCM_SHA256,TLS_DH_anon_WITH_AES_128_GCM_SHA256,TLS_ECDH_RSA_WITH_AES_128_GCM_SHA256,TLS_ECDH_ECDSA_WITH_AES_128_GCM_SHA256,TLS_RSA_WITH_AES_128_GCM_SHA256,]&gt;
	at org.junit.Assert.assertEquals(Assert.java:115)
	at org.apache.tomcat.util.net.jsse.openssl.TestOpenSSLCipherConfigurationParser.testSpecification(TestOpenSSLCipherConfigurationParser.java:499)
	at org.apache.tomcat.util.net.jsse.openssl.TestOpenSSLCipherConfigurationParser.testAESGCM(TestOpenSSLCipherConfigurationParser.java:328)
	at sun.reflect.NativeMethodAccessorImpl.invoke0(Native Method)
	at sun.reflect.NativeMethodAccessorImpl.invoke(NativeMethodAccessorImpl.java:62)
	at sun.reflect.DelegatingMethodAccessorImpl.invoke(DelegatingMethodAccessorImpl.java:43)
	at java.lang.reflect.Method.invoke(Method.java:483)
	at org.junit.runners.model.FrameworkMethod$1.runReflectiveCall(FrameworkMethod.java:50)
	at org.junit.internal.runners.model.ReflectiveCallable.run(ReflectiveCallable.java:12)
	at org.junit.runners.model.FrameworkMethod.invokeExplosively(FrameworkMethod.java:47)
	at org.junit.internal.runners.statements.InvokeMethod.evaluate(InvokeMethod.java:17)
	at org.junit.internal.runners.statements.RunBefores.evaluate(RunBefores.java:26)
	at org.junit.runners.ParentRunner.runLeaf(ParentRunner.java:325)
	at org.junit.runners.BlockJUnit4ClassRunner.runChild(BlockJUnit4ClassRunner.java:78)
	at org.junit.runners.BlockJUnit4ClassRunner.runChild(BlockJUnit4ClassRunner.java:57)
	at org.junit.runners.ParentRunner$3.run(ParentRunner.java:290)
	at org.junit.runners.ParentRunner$1.schedule(ParentRunner.java:71)
	at org.junit.runners.ParentRunner.runChildren(ParentRunner.java:288)
	at org.junit.runners.ParentRunner.access$000(ParentRunner.java:58)
	at org.junit.runners.ParentRunner$2.evaluate(ParentRunner.java:268)
	at org.junit.runners.ParentRunner.run(ParentRunner.java:363)
	at org.apache.maven.surefire.junit4.JUnit4TestSet.execute(JUnit4TestSet.java:53)
	at org.apache.maven.surefire.junit4.JUnit4Provider.executeTestSet(JUnit4Provider.java:123)
	at org.apache.maven.surefire.junit4.JUnit4Provider.invoke(JUnit4Provider.java:104)
	at sun.reflect.NativeMethodAccessorImpl.invoke0(Native Method)
	at sun.reflect.NativeMethodAccessorImpl.invoke(NativeMethodAccessorImpl.java:62)
	at sun.reflect.DelegatingMethodAccessorImpl.invoke(DelegatingMethodAccessorImpl.java:43)
	at java.lang.reflect.Method.invoke(Method.java:483)
	at org.apache.maven.surefire.util.ReflectionUtils.invokeMethodWithArray(ReflectionUtils.java:164)
	at org.apache.maven.surefire.booter.ProviderFactory$ProviderProxy.invoke(ProviderFactory.java:110)
	at org.apache.maven.surefire.booter.SurefireStarter.invokeProvider(SurefireStarter.java:175)
	at org.apache.maven.surefire.booter.SurefireStarter.runSuitesInProcessWhenForked(SurefireStarter.java:107)
	at org.apache.maven.surefire.booter.ForkedBooter.main(ForkedBooter.java:68)
</failure>
    <system-err>Error in cipher list
5331:error:1410D0B9:SSL routines:SSL_CTX_set_cipher_list:no cipher match:/SourceCache/OpenSSL098/OpenSSL098-52.10.1/src/ssl/ssl_lib.c:1223:

</system-err>
  </testcase>
  <testcase classname="org.apache.tomcat.util.net.jsse.openssl.TestOpenSSLCipherConfigurationParser" name="testCAMELLIA128" time="0.005">
    <failure message="Tested &apos;CAMELLIA128&apos;:  expected:&lt;[]&gt; but was:&lt;[TLS_DHE_RSA_WITH_CAMELLIA_128_CBC_SHA,TLS_DHE_DSS_WITH_CAMELLIA_128_CBC_SHA,TLS_DH_RSA_WITH_CAMELLIA_128_CBC_SHA,TLS_DH_DSS_WITH_CAMELLIA_128_CBC_SHA,TLS_DH_anon_WITH_CAMELLIA_128_CBC_SHA,TLS_RSA_WITH_CAMELLIA_128_CBC_SHA,]&gt;" type="org.junit.ComparisonFailure">org.junit.ComparisonFailure: Tested &apos;CAMELLIA128&apos;:  expected:&lt;[]&gt; but was:&lt;[TLS_DHE_RSA_WITH_CAMELLIA_128_CBC_SHA,TLS_DHE_DSS_WITH_CAMELLIA_128_CBC_SHA,TLS_DH_RSA_WITH_CAMELLIA_128_CBC_SHA,TLS_DH_DSS_WITH_CAMELLIA_128_CBC_SHA,TLS_DH_anon_WITH_CAMELLIA_128_CBC_SHA,TLS_RSA_WITH_CAMELLIA_128_CBC_SHA,]&gt;
	at org.junit.Assert.assertEquals(Assert.java:115)
	at org.apache.tomcat.util.net.jsse.openssl.TestOpenSSLCipherConfigurationParser.testSpecification(TestOpenSSLCipherConfigurationParser.java:499)
	at org.apache.tomcat.util.net.jsse.openssl.TestOpenSSLCipherConfigurationParser.testCAMELLIA128(TestOpenSSLCipherConfigurationParser.java:334)
	at sun.reflect.NativeMethodAccessorImpl.invoke0(Native Method)
	at sun.reflect.NativeMethodAccessorImpl.invoke(NativeMethodAccessorImpl.java:62)
	at sun.reflect.DelegatingMethodAccessorImpl.invoke(DelegatingMethodAccessorImpl.java:43)
	at java.lang.reflect.Method.invoke(Method.java:483)
	at org.junit.runners.model.FrameworkMethod$1.runReflectiveCall(FrameworkMethod.java:50)
	at org.junit.internal.runners.model.ReflectiveCallable.run(ReflectiveCallable.java:12)
	at org.junit.runners.model.FrameworkMethod.invokeExplosively(FrameworkMethod.java:47)
	at org.junit.internal.runners.statements.InvokeMethod.evaluate(InvokeMethod.java:17)
	at org.junit.internal.runners.statements.RunBefores.evaluate(RunBefores.java:26)
	at org.junit.runners.ParentRunner.runLeaf(ParentRunner.java:325)
	at org.junit.runners.BlockJUnit4ClassRunner.runChild(BlockJUnit4ClassRunner.java:78)
	at org.junit.runners.BlockJUnit4ClassRunner.runChild(BlockJUnit4ClassRunner.java:57)
	at org.junit.runners.ParentRunner$3.run(ParentRunner.java:290)
	at org.junit.runners.ParentRunner$1.schedule(ParentRunner.java:71)
	at org.junit.runners.ParentRunner.runChildren(ParentRunner.java:288)
	at org.junit.runners.ParentRunner.access$000(ParentRunner.java:58)
	at org.junit.runners.ParentRunner$2.evaluate(ParentRunner.java:268)
	at org.junit.runners.ParentRunner.run(ParentRunner.java:363)
	at org.apache.maven.surefire.junit4.JUnit4TestSet.execute(JUnit4TestSet.java:53)
	at org.apache.maven.surefire.junit4.JUnit4Provider.executeTestSet(JUnit4Provider.java:123)
	at org.apache.maven.surefire.junit4.JUnit4Provider.invoke(JUnit4Provider.java:104)
	at sun.reflect.NativeMethodAccessorImpl.invoke0(Native Method)
	at sun.reflect.NativeMethodAccessorImpl.invoke(NativeMethodAccessorImpl.java:62)
	at sun.reflect.DelegatingMethodAccessorImpl.invoke(DelegatingMethodAccessorImpl.java:43)
	at java.lang.reflect.Method.invoke(Method.java:483)
	at org.apache.maven.surefire.util.ReflectionUtils.invokeMethodWithArray(ReflectionUtils.java:164)
	at org.apache.maven.surefire.booter.ProviderFactory$ProviderProxy.invoke(ProviderFactory.java:110)
	at org.apache.maven.surefire.booter.SurefireStarter.invokeProvider(SurefireStarter.java:175)
	at org.apache.maven.surefire.booter.SurefireStarter.runSuitesInProcessWhenForked(SurefireStarter.java:107)
	at org.apache.maven.surefire.booter.ForkedBooter.main(ForkedBooter.java:68)
</failure>
    <system-err>Error in cipher list
5332:error:1410D0B9:SSL routines:SSL_CTX_set_cipher_list:no cipher match:/SourceCache/OpenSSL098/OpenSSL098-52.10.1/src/ssl/ssl_lib.c:1223:

</system-err>
  </testcase>
  <testcase classname="org.apache.tomcat.util.net.jsse.openssl.TestOpenSSLCipherConfigurationParser" name="testCAMELLIA256" time="0.005">
    <failure message="Tested &apos;CAMELLIA256&apos;:  expected:&lt;[]&gt; but was:&lt;[TLS_DHE_RSA_WITH_CAMELLIA_256_CBC_SHA,TLS_DHE_DSS_WITH_CAMELLIA_256_CBC_SHA,TLS_DH_RSA_WITH_CAMELLIA_256_CBC_SHA,TLS_DH_DSS_WITH_CAMELLIA_256_CBC_SHA,TLS_DH_anon_WITH_CAMELLIA_256_CBC_SHA,TLS_RSA_WITH_CAMELLIA_256_CBC_SHA,]&gt;" type="org.junit.ComparisonFailure">org.junit.ComparisonFailure: Tested &apos;CAMELLIA256&apos;:  expected:&lt;[]&gt; but was:&lt;[TLS_DHE_RSA_WITH_CAMELLIA_256_CBC_SHA,TLS_DHE_DSS_WITH_CAMELLIA_256_CBC_SHA,TLS_DH_RSA_WITH_CAMELLIA_256_CBC_SHA,TLS_DH_DSS_WITH_CAMELLIA_256_CBC_SHA,TLS_DH_anon_WITH_CAMELLIA_256_CBC_SHA,TLS_RSA_WITH_CAMELLIA_256_CBC_SHA,]&gt;
	at org.junit.Assert.assertEquals(Assert.java:115)
	at org.apache.tomcat.util.net.jsse.openssl.TestOpenSSLCipherConfigurationParser.testSpecification(TestOpenSSLCipherConfigurationParser.java:499)
	at org.apache.tomcat.util.net.jsse.openssl.TestOpenSSLCipherConfigurationParser.testCAMELLIA256(TestOpenSSLCipherConfigurationParser.java:340)
	at sun.reflect.NativeMethodAccessorImpl.invoke0(Native Method)
	at sun.reflect.NativeMethodAccessorImpl.invoke(NativeMethodAccessorImpl.java:62)
	at sun.reflect.DelegatingMethodAccessorImpl.invoke(DelegatingMethodAccessorImpl.java:43)
	at java.lang.reflect.Method.invoke(Method.java:483)
	at org.junit.runners.model.FrameworkMethod$1.runReflectiveCall(FrameworkMethod.java:50)
	at org.junit.internal.runners.model.ReflectiveCallable.run(ReflectiveCallable.java:12)
	at org.junit.runners.model.FrameworkMethod.invokeExplosively(FrameworkMethod.java:47)
	at org.junit.internal.runners.statements.InvokeMethod.evaluate(InvokeMethod.java:17)
	at org.junit.internal.runners.statements.RunBefores.evaluate(RunBefores.java:26)
	at org.junit.runners.ParentRunner.runLeaf(ParentRunner.java:325)
	at org.junit.runners.BlockJUnit4ClassRunner.runChild(BlockJUnit4ClassRunner.java:78)
	at org.junit.runners.BlockJUnit4ClassRunner.runChild(BlockJUnit4ClassRunner.java:57)
	at org.junit.runners.ParentRunner$3.run(ParentRunner.java:290)
	at org.junit.runners.ParentRunner$1.schedule(ParentRunner.java:71)
	at org.junit.runners.ParentRunner.runChildren(ParentRunner.java:288)
	at org.junit.runners.ParentRunner.access$000(ParentRunner.java:58)
	at org.junit.runners.ParentRunner$2.evaluate(ParentRunner.java:268)
	at org.junit.runners.ParentRunner.run(ParentRunner.java:363)
	at org.apache.maven.surefire.junit4.JUnit4TestSet.execute(JUnit4TestSet.java:53)
	at org.apache.maven.surefire.junit4.JUnit4Provider.executeTestSet(JUnit4Provider.java:123)
	at org.apache.maven.surefire.junit4.JUnit4Provider.invoke(JUnit4Provider.java:104)
	at sun.reflect.NativeMethodAccessorImpl.invoke0(Native Method)
	at sun.reflect.NativeMethodAccessorImpl.invoke(NativeMethodAccessorImpl.java:62)
	at sun.reflect.DelegatingMethodAccessorImpl.invoke(DelegatingMethodAccessorImpl.java:43)
	at java.lang.reflect.Method.invoke(Method.java:483)
	at org.apache.maven.surefire.util.ReflectionUtils.invokeMethodWithArray(ReflectionUtils.java:164)
	at org.apache.maven.surefire.booter.ProviderFactory$ProviderProxy.invoke(ProviderFactory.java:110)
	at org.apache.maven.surefire.booter.SurefireStarter.invokeProvider(SurefireStarter.java:175)
	at org.apache.maven.surefire.booter.SurefireStarter.runSuitesInProcessWhenForked(SurefireStarter.java:107)
	at org.apache.maven.surefire.booter.ForkedBooter.main(ForkedBooter.java:68)
</failure>
    <system-err>Error in cipher list
5333:error:1410D0B9:SSL routines:SSL_CTX_set_cipher_list:no cipher match:/SourceCache/OpenSSL098/OpenSSL098-52.10.1/src/ssl/ssl_lib.c:1223:

</system-err>
  </testcase>
  <testcase classname="org.apache.tomcat.util.net.jsse.openssl.TestOpenSSLCipherConfigurationParser" name="testEECDHE" time="0.005">
    <skipped/>
  </testcase>
  <testcase classname="org.apache.tomcat.util.net.jsse.openssl.TestOpenSSLCipherConfigurationParser" name="testCAMELLIA" time="0.005">
    <failure message="Tested &apos;CAMELLIA&apos;:  expected:&lt;[]&gt; but was:&lt;[TLS_DHE_RSA_WITH_CAMELLIA_256_CBC_SHA,TLS_DHE_DSS_WITH_CAMELLIA_256_CBC_SHA,TLS_DH_RSA_WITH_CAMELLIA_256_CBC_SHA,TLS_DH_DSS_WITH_CAMELLIA_256_CBC_SHA,TLS_DH_anon_WITH_CAMELLIA_256_CBC_SHA,TLS_RSA_WITH_CAMELLIA_256_CBC_SHA,TLS_DHE_RSA_WITH_CAMELLIA_128_CBC_SHA,TLS_DHE_DSS_WITH_CAMELLIA_128_CBC_SHA,TLS_DH_RSA_WITH_CAMELLIA_128_CBC_SHA,TLS_DH_DSS_WITH_CAMELLIA_128_CBC_SHA,TLS_DH_anon_WITH_CAMELLIA_128_CBC_SHA,TLS_RSA_WITH_CAMELLIA_128_CBC_SHA,]&gt;" type="org.junit.ComparisonFailure">org.junit.ComparisonFailure: Tested &apos;CAMELLIA&apos;:  expected:&lt;[]&gt; but was:&lt;[TLS_DHE_RSA_WITH_CAMELLIA_256_CBC_SHA,TLS_DHE_DSS_WITH_CAMELLIA_256_CBC_SHA,TLS_DH_RSA_WITH_CAMELLIA_256_CBC_SHA,TLS_DH_DSS_WITH_CAMELLIA_256_CBC_SHA,TLS_DH_anon_WITH_CAMELLIA_256_CBC_SHA,TLS_RSA_WITH_CAMELLIA_256_CBC_SHA,TLS_DHE_RSA_WITH_CAMELLIA_128_CBC_SHA,TLS_DHE_DSS_WITH_CAMELLIA_128_CBC_SHA,TLS_DH_RSA_WITH_CAMELLIA_128_CBC_SHA,TLS_DH_DSS_WITH_CAMELLIA_128_CBC_SHA,TLS_DH_anon_WITH_CAMELLIA_128_CBC_SHA,TLS_RSA_WITH_CAMELLIA_128_CBC_SHA,]&gt;
	at org.junit.Assert.assertEquals(Assert.java:115)
	at org.apache.tomcat.util.net.jsse.openssl.TestOpenSSLCipherConfigurationParser.testSpecification(TestOpenSSLCipherConfigurationParser.java:499)
	at org.apache.tomcat.util.net.jsse.openssl.TestOpenSSLCipherConfigurationParser.testCAMELLIA(TestOpenSSLCipherConfigurationParser.java:346)
	at sun.reflect.NativeMethodAccessorImpl.invoke0(Native Method)
	at sun.reflect.NativeMethodAccessorImpl.invoke(NativeMethodAccessorImpl.java:62)
	at sun.reflect.DelegatingMethodAccessorImpl.invoke(DelegatingMethodAccessorImpl.java:43)
	at java.lang.reflect.Method.invoke(Method.java:483)
	at org.junit.runners.model.FrameworkMethod$1.runReflectiveCall(FrameworkMethod.java:50)
	at org.junit.internal.runners.model.ReflectiveCallable.run(ReflectiveCallable.java:12)
	at org.junit.runners.model.FrameworkMethod.invokeExplosively(FrameworkMethod.java:47)
	at org.junit.internal.runners.statements.InvokeMethod.evaluate(InvokeMethod.java:17)
	at org.junit.internal.runners.statements.RunBefores.evaluate(RunBefores.java:26)
	at org.junit.runners.ParentRunner.runLeaf(ParentRunner.java:325)
	at org.junit.runners.BlockJUnit4ClassRunner.runChild(BlockJUnit4ClassRunner.java:78)
	at org.junit.runners.BlockJUnit4ClassRunner.runChild(BlockJUnit4ClassRunner.java:57)
	at org.junit.runners.ParentRunner$3.run(ParentRunner.java:290)
	at org.junit.runners.ParentRunner$1.schedule(ParentRunner.java:71)
	at org.junit.runners.ParentRunner.runChildren(ParentRunner.java:288)
	at org.junit.runners.ParentRunner.access$000(ParentRunner.java:58)
	at org.junit.runners.ParentRunner$2.evaluate(ParentRunner.java:268)
	at org.junit.runners.ParentRunner.run(ParentRunner.java:363)
	at org.apache.maven.surefire.junit4.JUnit4TestSet.execute(JUnit4TestSet.java:53)
	at org.apache.maven.surefire.junit4.JUnit4Provider.executeTestSet(JUnit4Provider.java:123)
	at org.apache.maven.surefire.junit4.JUnit4Provider.invoke(JUnit4Provider.java:104)
	at sun.reflect.NativeMethodAccessorImpl.invoke0(Native Method)
	at sun.reflect.NativeMethodAccessorImpl.invoke(NativeMethodAccessorImpl.java:62)
	at sun.reflect.DelegatingMethodAccessorImpl.invoke(DelegatingMethodAccessorImpl.java:43)
	at java.lang.reflect.Method.invoke(Method.java:483)
	at org.apache.maven.surefire.util.ReflectionUtils.invokeMethodWithArray(ReflectionUtils.java:164)
	at org.apache.maven.surefire.booter.ProviderFactory$ProviderProxy.invoke(ProviderFactory.java:110)
	at org.apache.maven.surefire.booter.SurefireStarter.invokeProvider(SurefireStarter.java:175)
	at org.apache.maven.surefire.booter.SurefireStarter.runSuitesInProcessWhenForked(SurefireStarter.java:107)
	at org.apache.maven.surefire.booter.ForkedBooter.main(ForkedBooter.java:68)
</failure>
    <system-err>Error in cipher list
5334:error:1410D0B9:SSL routines:SSL_CTX_set_cipher_list:no cipher match:/SourceCache/OpenSSL098/OpenSSL098-52.10.1/src/ssl/ssl_lib.c:1223:

</system-err>
  </testcase>
  <testcase classname="org.apache.tomcat.util.net.jsse.openssl.TestOpenSSLCipherConfigurationParser" name="testEXPORT" time="0.007">
    <failure message="Tested &apos;EXPORT&apos;:  expected:&lt;..._WITH_DES40_CBC_SHA,[]TLS_DH_anon_EXPORT_W...&gt; but was:&lt;..._WITH_DES40_CBC_SHA,[SSL_DH_RSA_EXPORT_WITH_DES40_CBC_SHA,TLS_DH_RSA_EXPORT_WITH_DES40_CBC_SHA,SSL_DH_DSS_EXPORT_WITH_DES40_CBC_SHA,TLS_DH_DSS_EXPORT_WITH_DES40_CBC_SHA,]TLS_DH_anon_EXPORT_W...&gt;" type="org.junit.ComparisonFailure">org.junit.ComparisonFailure: Tested &apos;EXPORT&apos;:  expected:&lt;..._WITH_DES40_CBC_SHA,[]TLS_DH_anon_EXPORT_W...&gt; but was:&lt;..._WITH_DES40_CBC_SHA,[SSL_DH_RSA_EXPORT_WITH_DES40_CBC_SHA,TLS_DH_RSA_EXPORT_WITH_DES40_CBC_SHA,SSL_DH_DSS_EXPORT_WITH_DES40_CBC_SHA,TLS_DH_DSS_EXPORT_WITH_DES40_CBC_SHA,]TLS_DH_anon_EXPORT_W...&gt;
	at org.junit.Assert.assertEquals(Assert.java:115)
	at org.apache.tomcat.util.net.jsse.openssl.TestOpenSSLCipherConfigurationParser.testSpecification(TestOpenSSLCipherConfigurationParser.java:499)
	at org.apache.tomcat.util.net.jsse.openssl.TestOpenSSLCipherConfigurationParser.testEXPORT(TestOpenSSLCipherConfigurationParser.java:97)
	at sun.reflect.NativeMethodAccessorImpl.invoke0(Native Method)
	at sun.reflect.NativeMethodAccessorImpl.invoke(NativeMethodAccessorImpl.java:62)
	at sun.reflect.DelegatingMethodAccessorImpl.invoke(DelegatingMethodAccessorImpl.java:43)
	at java.lang.reflect.Method.invoke(Method.java:483)
	at org.junit.runners.model.FrameworkMethod$1.runReflectiveCall(FrameworkMethod.java:50)
	at org.junit.internal.runners.model.ReflectiveCallable.run(ReflectiveCallable.java:12)
	at org.junit.runners.model.FrameworkMethod.invokeExplosively(FrameworkMethod.java:47)
	at org.junit.internal.runners.statements.InvokeMethod.evaluate(InvokeMethod.java:17)
	at org.junit.internal.runners.statements.RunBefores.evaluate(RunBefores.java:26)
	at org.junit.runners.ParentRunner.runLeaf(ParentRunner.java:325)
	at org.junit.runners.BlockJUnit4ClassRunner.runChild(BlockJUnit4ClassRunner.java:78)
	at org.junit.runners.BlockJUnit4ClassRunner.runChild(BlockJUnit4ClassRunner.java:57)
	at org.junit.runners.ParentRunner$3.run(ParentRunner.java:290)
	at org.junit.runners.ParentRunner$1.schedule(ParentRunner.java:71)
	at org.junit.runners.ParentRunner.runChildren(ParentRunner.java:288)
	at org.junit.runners.ParentRunner.access$000(ParentRunner.java:58)
	at org.junit.runners.ParentRunner$2.evaluate(ParentRunner.java:268)
	at org.junit.runners.ParentRunner.run(ParentRunner.java:363)
	at org.apache.maven.surefire.junit4.JUnit4TestSet.execute(JUnit4TestSet.java:53)
	at org.apache.maven.surefire.junit4.JUnit4Provider.executeTestSet(JUnit4Provider.java:123)
	at org.apache.maven.surefire.junit4.JUnit4Provider.invoke(JUnit4Provider.java:104)
	at sun.reflect.NativeMethodAccessorImpl.invoke0(Native Method)
	at sun.reflect.NativeMethodAccessorImpl.invoke(NativeMethodAccessorImpl.java:62)
	at sun.reflect.DelegatingMethodAccessorImpl.invoke(DelegatingMethodAccessorImpl.java:43)
	at java.lang.reflect.Method.invoke(Method.java:483)
	at org.apache.maven.surefire.util.ReflectionUtils.invokeMethodWithArray(ReflectionUtils.java:164)
	at org.apache.maven.surefire.booter.ProviderFactory$ProviderProxy.invoke(ProviderFactory.java:110)
	at org.apache.maven.surefire.booter.SurefireStarter.invokeProvider(SurefireStarter.java:175)
	at org.apache.maven.surefire.booter.SurefireStarter.runSuitesInProcessWhenForked(SurefireStarter.java:107)
	at org.apache.maven.surefire.booter.ForkedBooter.main(ForkedBooter.java:68)
</failure>
  </testcase>
  <testcase classname="org.apache.tomcat.util.net.jsse.openssl.TestOpenSSLCipherConfigurationParser" name="testGOST94" time="0.006"/>
  <testcase classname="org.apache.tomcat.util.net.jsse.openssl.TestOpenSSLCipherConfigurationParser" name="testMEDIUM" time="0.006">
    <failure message="Tested &apos;MEDIUM&apos;:  expected:&lt;...SEED_CBC_SHA,TLS_DH_[anon_WITH_SEED_CBC_SHA,TLS_RSA_WITH_SEED_CBC_SHA,SSL2_RC2_CBC_128_CBC_WITH_MD5,SSL_DH_anon_WITH_RC4_128_MD5,TLS_DH_anon_WITH_RC4_128_MD5,TLS_RSA_WITH_RC4_128_SHA,SSL_RSA_WITH_RC4_128_SHA,SSL_RSA_WITH_RC4_128_MD5,TLS_RSA_WITH_RC4_128_MD5,SSL_CK_RC4_128_WITH_MD5],&gt; but was:&lt;...SEED_CBC_SHA,TLS_DH_[RSA_WITH_SEED_CBC_SHA,TLS_DH_DSS_WITH_SEED_CBC_SHA,TLS_DH_anon_WITH_SEED_CBC_SHA,TLS_RSA_WITH_SEED_CBC_SHA,SSL_RSA_WITH_IDEA_CBC_SHA,TLS_RSA_WITH_IDEA_CBC_SHA,SSL_CK_IDEA_128_CBC_WITH_MD5,SSL2_IDEA_128_CBC_WITH_MD5,SSL2_RC2_CBC_128_CBC_WITH_MD5,TLS_ECDHE_RSA_WITH_RC4_128_SHA,TLS_ECDHE_ECDSA_WITH_RC4_128_SHA,TLS_ECDH_anon_WITH_RC4_128_SHA,SSL_DH_anon_WITH_RC4_128_MD5,TLS_DH_anon_WITH_RC4_128_MD5,TLS_ECDH_RSA_WITH_RC4_128_SHA,TLS_ECDH_ECDSA_WITH_RC4_128_SHA,TLS_RSA_WITH_RC4_128_SHA,SSL_RSA_WITH_RC4_128_SHA,SSL_RSA_WITH_RC4_128_MD5,TLS_RSA_WITH_RC4_128_MD5,SSL_CK_RC4_128_WITH_MD5,TLS_PSK_WITH_RC4_128_SHA],&gt;" type="org.junit.ComparisonFailure">org.junit.ComparisonFailure: Tested &apos;MEDIUM&apos;:  expected:&lt;...SEED_CBC_SHA,TLS_DH_[anon_WITH_SEED_CBC_SHA,TLS_RSA_WITH_SEED_CBC_SHA,SSL2_RC2_CBC_128_CBC_WITH_MD5,SSL_DH_anon_WITH_RC4_128_MD5,TLS_DH_anon_WITH_RC4_128_MD5,TLS_RSA_WITH_RC4_128_SHA,SSL_RSA_WITH_RC4_128_SHA,SSL_RSA_WITH_RC4_128_MD5,TLS_RSA_WITH_RC4_128_MD5,SSL_CK_RC4_128_WITH_MD5],&gt; but was:&lt;...SEED_CBC_SHA,TLS_DH_[RSA_WITH_SEED_CBC_SHA,TLS_DH_DSS_WITH_SEED_CBC_SHA,TLS_DH_anon_WITH_SEED_CBC_SHA,TLS_RSA_WITH_SEED_CBC_SHA,SSL_RSA_WITH_IDEA_CBC_SHA,TLS_RSA_WITH_IDEA_CBC_SHA,SSL_CK_IDEA_128_CBC_WITH_MD5,SSL2_IDEA_128_CBC_WITH_MD5,SSL2_RC2_CBC_128_CBC_WITH_MD5,TLS_ECDHE_RSA_WITH_RC4_128_SHA,TLS_ECDHE_ECDSA_WITH_RC4_128_SHA,TLS_ECDH_anon_WITH_RC4_128_SHA,SSL_DH_anon_WITH_RC4_128_MD5,TLS_DH_anon_WITH_RC4_128_MD5,TLS_ECDH_RSA_WITH_RC4_128_SHA,TLS_ECDH_ECDSA_WITH_RC4_128_SHA,TLS_RSA_WITH_RC4_128_SHA,SSL_RSA_WITH_RC4_128_SHA,SSL_RSA_WITH_RC4_128_MD5,TLS_RSA_WITH_RC4_128_MD5,SSL_CK_RC4_128_WITH_MD5,TLS_PSK_WITH_RC4_128_SHA],&gt;
	at org.junit.Assert.assertEquals(Assert.java:115)
	at org.apache.tomcat.util.net.jsse.openssl.TestOpenSSLCipherConfigurationParser.testSpecification(TestOpenSSLCipherConfigurationParser.java:499)
	at org.apache.tomcat.util.net.jsse.openssl.TestOpenSSLCipherConfigurationParser.testMEDIUM(TestOpenSSLCipherConfigurationParser.java:79)
	at sun.reflect.NativeMethodAccessorImpl.invoke0(Native Method)
	at sun.reflect.NativeMethodAccessorImpl.invoke(NativeMethodAccessorImpl.java:62)
	at sun.reflect.DelegatingMethodAccessorImpl.invoke(DelegatingMethodAccessorImpl.java:43)
	at java.lang.reflect.Method.invoke(Method.java:483)
	at org.junit.runners.model.FrameworkMethod$1.runReflectiveCall(FrameworkMethod.java:50)
	at org.junit.internal.runners.model.ReflectiveCallable.run(ReflectiveCallable.java:12)
	at org.junit.runners.model.FrameworkMethod.invokeExplosively(FrameworkMethod.java:47)
	at org.junit.internal.runners.statements.InvokeMethod.evaluate(InvokeMethod.java:17)
	at org.junit.internal.runners.statements.RunBefores.evaluate(RunBefores.java:26)
	at org.junit.runners.ParentRunner.runLeaf(ParentRunner.java:325)
	at org.junit.runners.BlockJUnit4ClassRunner.runChild(BlockJUnit4ClassRunner.java:78)
	at org.junit.runners.BlockJUnit4ClassRunner.runChild(BlockJUnit4ClassRunner.java:57)
	at org.junit.runners.ParentRunner$3.run(ParentRunner.java:290)
	at org.junit.runners.ParentRunner$1.schedule(ParentRunner.java:71)
	at org.junit.runners.ParentRunner.runChildren(ParentRunner.java:288)
	at org.junit.runners.ParentRunner.access$000(ParentRunner.java:58)
	at org.junit.runners.ParentRunner$2.evaluate(ParentRunner.java:268)
	at org.junit.runners.ParentRunner.run(ParentRunner.java:363)
	at org.apache.maven.surefire.junit4.JUnit4TestSet.execute(JUnit4TestSet.java:53)
	at org.apache.maven.surefire.junit4.JUnit4Provider.executeTestSet(JUnit4Provider.java:123)
	at org.apache.maven.surefire.junit4.JUnit4Provider.invoke(JUnit4Provider.java:104)
	at sun.reflect.NativeMethodAccessorImpl.invoke0(Native Method)
	at sun.reflect.NativeMethodAccessorImpl.invoke(NativeMethodAccessorImpl.java:62)
	at sun.reflect.DelegatingMethodAccessorImpl.invoke(DelegatingMethodAccessorImpl.java:43)
	at java.lang.reflect.Method.invoke(Method.java:483)
	at org.apache.maven.surefire.util.ReflectionUtils.invokeMethodWithArray(ReflectionUtils.java:164)
	at org.apache.maven.surefire.booter.ProviderFactory$ProviderProxy.invoke(ProviderFactory.java:110)
	at org.apache.maven.surefire.booter.SurefireStarter.invokeProvider(SurefireStarter.java:175)
	at org.apache.maven.surefire.booter.SurefireStarter.runSuitesInProcessWhenForked(SurefireStarter.java:107)
	at org.apache.maven.surefire.booter.ForkedBooter.main(ForkedBooter.java:68)
</failure>
  </testcase>
  <testcase classname="org.apache.tomcat.util.net.jsse.openssl.TestOpenSSLCipherConfigurationParser" name="testSHA256" time="0.006">
    <failure message="Tested &apos;SHA256&apos;:  expected:&lt;[]&gt; but was:&lt;[TLS_DHE_RSA_WITH_AES_256_CBC_SHA256,TLS_DHE_DSS_WITH_AES_256_CBC_SHA256,TLS_DH_RSA_WITH_AES_256_CBC_SHA256,TLS_DH_DSS_WITH_AES_256_CBC_SHA256,TLS_DH_anon_WITH_AES_256_CBC_SHA256,TLS_RSA_WITH_AES_256_CBC_SHA256,TLS_ECDHE_RSA_WITH_AES_128_CBC_SHA256,TLS_ECDHE_ECDSA_WITH_AES_128_CBC_SHA256,TLS_DHE_RSA_WITH_AES_128_CBC_SHA256,TLS_DHE_DSS_WITH_AES_128_CBC_SHA256,TLS_DH_RSA_WITH_AES_128_CBC_SHA256,TLS_DH_DSS_WITH_AES_128_CBC_SHA256,TLS_DH_anon_WITH_AES_128_CBC_SHA256,TLS_ECDH_RSA_WITH_AES_128_CBC_SHA256,TLS_ECDH_ECDSA_WITH_AES_128_CBC_SHA256,TLS_RSA_WITH_AES_128_CBC_SHA256,TLS_RSA_WITH_NULL_SHA256,]&gt;" type="org.junit.ComparisonFailure">org.junit.ComparisonFailure: Tested &apos;SHA256&apos;:  expected:&lt;[]&gt; but was:&lt;[TLS_DHE_RSA_WITH_AES_256_CBC_SHA256,TLS_DHE_DSS_WITH_AES_256_CBC_SHA256,TLS_DH_RSA_WITH_AES_256_CBC_SHA256,TLS_DH_DSS_WITH_AES_256_CBC_SHA256,TLS_DH_anon_WITH_AES_256_CBC_SHA256,TLS_RSA_WITH_AES_256_CBC_SHA256,TLS_ECDHE_RSA_WITH_AES_128_CBC_SHA256,TLS_ECDHE_ECDSA_WITH_AES_128_CBC_SHA256,TLS_DHE_RSA_WITH_AES_128_CBC_SHA256,TLS_DHE_DSS_WITH_AES_128_CBC_SHA256,TLS_DH_RSA_WITH_AES_128_CBC_SHA256,TLS_DH_DSS_WITH_AES_128_CBC_SHA256,TLS_DH_anon_WITH_AES_128_CBC_SHA256,TLS_ECDH_RSA_WITH_AES_128_CBC_SHA256,TLS_ECDH_ECDSA_WITH_AES_128_CBC_SHA256,TLS_RSA_WITH_AES_128_CBC_SHA256,TLS_RSA_WITH_NULL_SHA256,]&gt;
	at org.junit.Assert.assertEquals(Assert.java:115)
	at org.apache.tomcat.util.net.jsse.openssl.TestOpenSSLCipherConfigurationParser.testSpecification(TestOpenSSLCipherConfigurationParser.java:499)
	at org.apache.tomcat.util.net.jsse.openssl.TestOpenSSLCipherConfigurationParser.testSHA256(TestOpenSSLCipherConfigurationParser.java:406)
	at sun.reflect.NativeMethodAccessorImpl.invoke0(Native Method)
	at sun.reflect.NativeMethodAccessorImpl.invoke(NativeMethodAccessorImpl.java:62)
	at sun.reflect.DelegatingMethodAccessorImpl.invoke(DelegatingMethodAccessorImpl.java:43)
	at java.lang.reflect.Method.invoke(Method.java:483)
	at org.junit.runners.model.FrameworkMethod$1.runReflectiveCall(FrameworkMethod.java:50)
	at org.junit.internal.runners.model.ReflectiveCallable.run(ReflectiveCallable.java:12)
	at org.junit.runners.model.FrameworkMethod.invokeExplosively(FrameworkMethod.java:47)
	at org.junit.internal.runners.statements.InvokeMethod.evaluate(InvokeMethod.java:17)
	at org.junit.internal.runners.statements.RunBefores.evaluate(RunBefores.java:26)
	at org.junit.runners.ParentRunner.runLeaf(ParentRunner.java:325)
	at org.junit.runners.BlockJUnit4ClassRunner.runChild(BlockJUnit4ClassRunner.java:78)
	at org.junit.runners.BlockJUnit4ClassRunner.runChild(BlockJUnit4ClassRunner.java:57)
	at org.junit.runners.ParentRunner$3.run(ParentRunner.java:290)
	at org.junit.runners.ParentRunner$1.schedule(ParentRunner.java:71)
	at org.junit.runners.ParentRunner.runChildren(ParentRunner.java:288)
	at org.junit.runners.ParentRunner.access$000(ParentRunner.java:58)
	at org.junit.runners.ParentRunner$2.evaluate(ParentRunner.java:268)
	at org.junit.runners.ParentRunner.run(ParentRunner.java:363)
	at org.apache.maven.surefire.junit4.JUnit4TestSet.execute(JUnit4TestSet.java:53)
	at org.apache.maven.surefire.junit4.JUnit4Provider.executeTestSet(JUnit4Provider.java:123)
	at org.apache.maven.surefire.junit4.JUnit4Provider.invoke(JUnit4Provider.java:104)
	at sun.reflect.NativeMethodAccessorImpl.invoke0(Native Method)
	at sun.reflect.NativeMethodAccessorImpl.invoke(NativeMethodAccessorImpl.java:62)
	at sun.reflect.DelegatingMethodAccessorImpl.invoke(DelegatingMethodAccessorImpl.java:43)
	at java.lang.reflect.Method.invoke(Method.java:483)
	at org.apache.maven.surefire.util.ReflectionUtils.invokeMethodWithArray(ReflectionUtils.java:164)
	at org.apache.maven.surefire.booter.ProviderFactory$ProviderProxy.invoke(ProviderFactory.java:110)
	at org.apache.maven.surefire.booter.SurefireStarter.invokeProvider(SurefireStarter.java:175)
	at org.apache.maven.surefire.booter.SurefireStarter.runSuitesInProcessWhenForked(SurefireStarter.java:107)
	at org.apache.maven.surefire.booter.ForkedBooter.main(ForkedBooter.java:68)
</failure>
    <system-err>Error in cipher list
5338:error:1410D0B9:SSL routines:SSL_CTX_set_cipher_list:no cipher match:/SourceCache/OpenSSL098/OpenSSL098-52.10.1/src/ssl/ssl_lib.c:1223:

</system-err>
  </testcase>
  <testcase classname="org.apache.tomcat.util.net.jsse.openssl.TestOpenSSLCipherConfigurationParser" name="testSHA384" time="0.005">
    <failure message="Tested &apos;SHA384&apos;:  expected:&lt;[]&gt; but was:&lt;[TLS_ECDHE_RSA_WITH_AES_256_CBC_SHA384,TLS_ECDHE_ECDSA_WITH_AES_256_CBC_SHA384,TLS_ECDH_RSA_WITH_AES_256_CBC_SHA384,TLS_ECDH_ECDSA_WITH_AES_256_CBC_SHA384,]&gt;" type="org.junit.ComparisonFailure">org.junit.ComparisonFailure: Tested &apos;SHA384&apos;:  expected:&lt;[]&gt; but was:&lt;[TLS_ECDHE_RSA_WITH_AES_256_CBC_SHA384,TLS_ECDHE_ECDSA_WITH_AES_256_CBC_SHA384,TLS_ECDH_RSA_WITH_AES_256_CBC_SHA384,TLS_ECDH_ECDSA_WITH_AES_256_CBC_SHA384,]&gt;
	at org.junit.Assert.assertEquals(Assert.java:115)
	at org.apache.tomcat.util.net.jsse.openssl.TestOpenSSLCipherConfigurationParser.testSpecification(TestOpenSSLCipherConfigurationParser.java:499)
	at org.apache.tomcat.util.net.jsse.openssl.TestOpenSSLCipherConfigurationParser.testSHA384(TestOpenSSLCipherConfigurationParser.java:412)
	at sun.reflect.NativeMethodAccessorImpl.invoke0(Native Method)
	at sun.reflect.NativeMethodAccessorImpl.invoke(NativeMethodAccessorImpl.java:62)
	at sun.reflect.DelegatingMethodAccessorImpl.invoke(DelegatingMethodAccessorImpl.java:43)
	at java.lang.reflect.Method.invoke(Method.java:483)
	at org.junit.runners.model.FrameworkMethod$1.runReflectiveCall(FrameworkMethod.java:50)
	at org.junit.internal.runners.model.ReflectiveCallable.run(ReflectiveCallable.java:12)
	at org.junit.runners.model.FrameworkMethod.invokeExplosively(FrameworkMethod.java:47)
	at org.junit.internal.runners.statements.InvokeMethod.evaluate(InvokeMethod.java:17)
	at org.junit.internal.runners.statements.RunBefores.evaluate(RunBefores.java:26)
	at org.junit.runners.ParentRunner.runLeaf(ParentRunner.java:325)
	at org.junit.runners.BlockJUnit4ClassRunner.runChild(BlockJUnit4ClassRunner.java:78)
	at org.junit.runners.BlockJUnit4ClassRunner.runChild(BlockJUnit4ClassRunner.java:57)
	at org.junit.runners.ParentRunner$3.run(ParentRunner.java:290)
	at org.junit.runners.ParentRunner$1.schedule(ParentRunner.java:71)
	at org.junit.runners.ParentRunner.runChildren(ParentRunner.java:288)
	at org.junit.runners.ParentRunner.access$000(ParentRunner.java:58)
	at org.junit.runners.ParentRunner$2.evaluate(ParentRunner.java:268)
	at org.junit.runners.ParentRunner.run(ParentRunner.java:363)
	at org.apache.maven.surefire.junit4.JUnit4TestSet.execute(JUnit4TestSet.java:53)
	at org.apache.maven.surefire.junit4.JUnit4Provider.executeTestSet(JUnit4Provider.java:123)
	at org.apache.maven.surefire.junit4.JUnit4Provider.invoke(JUnit4Provider.java:104)
	at sun.reflect.NativeMethodAccessorImpl.invoke0(Native Method)
	at sun.reflect.NativeMethodAccessorImpl.invoke(NativeMethodAccessorImpl.java:62)
	at sun.reflect.DelegatingMethodAccessorImpl.invoke(DelegatingMethodAccessorImpl.java:43)
	at java.lang.reflect.Method.invoke(Method.java:483)
	at org.apache.maven.surefire.util.ReflectionUtils.invokeMethodWithArray(ReflectionUtils.java:164)
	at org.apache.maven.surefire.booter.ProviderFactory$ProviderProxy.invoke(ProviderFactory.java:110)
	at org.apache.maven.surefire.booter.SurefireStarter.invokeProvider(SurefireStarter.java:175)
	at org.apache.maven.surefire.booter.SurefireStarter.runSuitesInProcessWhenForked(SurefireStarter.java:107)
	at org.apache.maven.surefire.booter.ForkedBooter.main(ForkedBooter.java:68)
</failure>
    <system-err>Error in cipher list
5339:error:1410D0B9:SSL routines:SSL_CTX_set_cipher_list:no cipher match:/SourceCache/OpenSSL098/OpenSSL098-52.10.1/src/ssl/ssl_lib.c:1223:

</system-err>
  </testcase>
  <testcase classname="org.apache.tomcat.util.net.jsse.openssl.TestOpenSSLCipherConfigurationParser" name="testTLSv1_2" time="0.006">
    <failure message="Tested &apos;TLSv1.2&apos;:  expected:&lt;[]&gt; but was:&lt;[TLS_ECDHE_RSA_WITH_AES_256_GCM_SHA384,TLS_ECDHE_ECDSA_WITH_AES_256_GCM_SHA384,TLS_ECDHE_RSA_WITH_AES_256_CBC_SHA384,TLS_ECDHE_ECDSA_WITH_AES_256_CBC_SHA384,TLS_DH_DSS_WITH_AES_256_GCM_SHA384,TLS_DHE_DSS_WITH_AES_256_GCM_SHA384,TLS_DH_RSA_WITH_AES_256_GCM_SHA384,TLS_DHE_RSA_WITH_AES_256_GCM_SHA384,TLS_DHE_RSA_WITH_AES_256_CBC_SHA256,TLS_DHE_DSS_WITH_AES_256_CBC_SHA256,TLS_DH_RSA_WITH_AES_256_CBC_SHA256,TLS_DH_DSS_WITH_AES_256_CBC_SHA256,TLS_DH_anon_WITH_AES_256_GCM_SHA384,TLS_DH_anon_WITH_AES_256_CBC_SHA256,TLS_ECDH_RSA_WITH_AES_256_GCM_SHA384,TLS_ECDH_ECDSA_WITH_AES_256_GCM_SHA384,TLS_ECDH_RSA_WITH_AES_256_CBC_SHA384,TLS_ECDH_ECDSA_WITH_AES_256_CBC_SHA384,TLS_RSA_WITH_AES_256_GCM_SHA384,TLS_RSA_WITH_AES_256_CBC_SHA256,TLS_ECDHE_RSA_WITH_AES_128_GCM_SHA256,TLS_ECDHE_ECDSA_WITH_AES_128_GCM_SHA256,TLS_ECDHE_RSA_WITH_AES_128_CBC_SHA256,TLS_ECDHE_ECDSA_WITH_AES_128_CBC_SHA256,TLS_DH_DSS_WITH_AES_128_GCM_SHA256,TLS_DHE_DSS_WITH_AES_128_GCM_SHA256,TLS_DH_RSA_WITH_AES_128_GCM_SHA256,TLS_DHE_RSA_WITH_AES_128_GCM_SHA256,TLS_DHE_RSA_WITH_AES_128_CBC_SHA256,TLS_DHE_DSS_WITH_AES_128_CBC_SHA256,TLS_DH_RSA_WITH_AES_128_CBC_SHA256,TLS_DH_DSS_WITH_AES_128_CBC_SHA256,TLS_DH_anon_WITH_AES_128_GCM_SHA256,TLS_DH_anon_WITH_AES_128_CBC_SHA256,TLS_ECDH_RSA_WITH_AES_128_GCM_SHA256,TLS_ECDH_ECDSA_WITH_AES_128_GCM_SHA256,TLS_ECDH_RSA_WITH_AES_128_CBC_SHA256,TLS_ECDH_ECDSA_WITH_AES_128_CBC_SHA256,TLS_RSA_WITH_AES_128_GCM_SHA256,TLS_RSA_WITH_AES_128_CBC_SHA256,TLS_RSA_WITH_NULL_SHA256,]&gt;" type="org.junit.ComparisonFailure">org.junit.ComparisonFailure: Tested &apos;TLSv1.2&apos;:  expected:&lt;[]&gt; but was:&lt;[TLS_ECDHE_RSA_WITH_AES_256_GCM_SHA384,TLS_ECDHE_ECDSA_WITH_AES_256_GCM_SHA384,TLS_ECDHE_RSA_WITH_AES_256_CBC_SHA384,TLS_ECDHE_ECDSA_WITH_AES_256_CBC_SHA384,TLS_DH_DSS_WITH_AES_256_GCM_SHA384,TLS_DHE_DSS_WITH_AES_256_GCM_SHA384,TLS_DH_RSA_WITH_AES_256_GCM_SHA384,TLS_DHE_RSA_WITH_AES_256_GCM_SHA384,TLS_DHE_RSA_WITH_AES_256_CBC_SHA256,TLS_DHE_DSS_WITH_AES_256_CBC_SHA256,TLS_DH_RSA_WITH_AES_256_CBC_SHA256,TLS_DH_DSS_WITH_AES_256_CBC_SHA256,TLS_DH_anon_WITH_AES_256_GCM_SHA384,TLS_DH_anon_WITH_AES_256_CBC_SHA256,TLS_ECDH_RSA_WITH_AES_256_GCM_SHA384,TLS_ECDH_ECDSA_WITH_AES_256_GCM_SHA384,TLS_ECDH_RSA_WITH_AES_256_CBC_SHA384,TLS_ECDH_ECDSA_WITH_AES_256_CBC_SHA384,TLS_RSA_WITH_AES_256_GCM_SHA384,TLS_RSA_WITH_AES_256_CBC_SHA256,TLS_ECDHE_RSA_WITH_AES_128_GCM_SHA256,TLS_ECDHE_ECDSA_WITH_AES_128_GCM_SHA256,TLS_ECDHE_RSA_WITH_AES_128_CBC_SHA256,TLS_ECDHE_ECDSA_WITH_AES_128_CBC_SHA256,TLS_DH_DSS_WITH_AES_128_GCM_SHA256,TLS_DHE_DSS_WITH_AES_128_GCM_SHA256,TLS_DH_RSA_WITH_AES_128_GCM_SHA256,TLS_DHE_RSA_WITH_AES_128_GCM_SHA256,TLS_DHE_RSA_WITH_AES_128_CBC_SHA256,TLS_DHE_DSS_WITH_AES_128_CBC_SHA256,TLS_DH_RSA_WITH_AES_128_CBC_SHA256,TLS_DH_DSS_WITH_AES_128_CBC_SHA256,TLS_DH_anon_WITH_AES_128_GCM_SHA256,TLS_DH_anon_WITH_AES_128_CBC_SHA256,TLS_ECDH_RSA_WITH_AES_128_GCM_SHA256,TLS_ECDH_ECDSA_WITH_AES_128_GCM_SHA256,TLS_ECDH_RSA_WITH_AES_128_CBC_SHA256,TLS_ECDH_ECDSA_WITH_AES_128_CBC_SHA256,TLS_RSA_WITH_AES_128_GCM_SHA256,TLS_RSA_WITH_AES_128_CBC_SHA256,TLS_RSA_WITH_NULL_SHA256,]&gt;
	at org.junit.Assert.assertEquals(Assert.java:115)
	at org.apache.tomcat.util.net.jsse.openssl.TestOpenSSLCipherConfigurationParser.testSpecification(TestOpenSSLCipherConfigurationParser.java:499)
	at org.apache.tomcat.util.net.jsse.openssl.TestOpenSSLCipherConfigurationParser.testTLSv1_2(TestOpenSSLCipherConfigurationParser.java:274)
	at sun.reflect.NativeMethodAccessorImpl.invoke0(Native Method)
	at sun.reflect.NativeMethodAccessorImpl.invoke(NativeMethodAccessorImpl.java:62)
	at sun.reflect.DelegatingMethodAccessorImpl.invoke(DelegatingMethodAccessorImpl.java:43)
	at java.lang.reflect.Method.invoke(Method.java:483)
	at org.junit.runners.model.FrameworkMethod$1.runReflectiveCall(FrameworkMethod.java:50)
	at org.junit.internal.runners.model.ReflectiveCallable.run(ReflectiveCallable.java:12)
	at org.junit.runners.model.FrameworkMethod.invokeExplosively(FrameworkMethod.java:47)
	at org.junit.internal.runners.statements.InvokeMethod.evaluate(InvokeMethod.java:17)
	at org.junit.internal.runners.statements.RunBefores.evaluate(RunBefores.java:26)
	at org.junit.runners.ParentRunner.runLeaf(ParentRunner.java:325)
	at org.junit.runners.BlockJUnit4ClassRunner.runChild(BlockJUnit4ClassRunner.java:78)
	at org.junit.runners.BlockJUnit4ClassRunner.runChild(BlockJUnit4ClassRunner.java:57)
	at org.junit.runners.ParentRunner$3.run(ParentRunner.java:290)
	at org.junit.runners.ParentRunner$1.schedule(ParentRunner.java:71)
	at org.junit.runners.ParentRunner.runChildren(ParentRunner.java:288)
	at org.junit.runners.ParentRunner.access$000(ParentRunner.java:58)
	at org.junit.runners.ParentRunner$2.evaluate(ParentRunner.java:268)
	at org.junit.runners.ParentRunner.run(ParentRunner.java:363)
	at org.apache.maven.surefire.junit4.JUnit4TestSet.execute(JUnit4TestSet.java:53)
	at org.apache.maven.surefire.junit4.JUnit4Provider.executeTestSet(JUnit4Provider.java:123)
	at org.apache.maven.surefire.junit4.JUnit4Provider.invoke(JUnit4Provider.java:104)
	at sun.reflect.NativeMethodAccessorImpl.invoke0(Native Method)
	at sun.reflect.NativeMethodAccessorImpl.invoke(NativeMethodAccessorImpl.java:62)
	at sun.reflect.DelegatingMethodAccessorImpl.invoke(DelegatingMethodAccessorImpl.java:43)
	at java.lang.reflect.Method.invoke(Method.java:483)
	at org.apache.maven.surefire.util.ReflectionUtils.invokeMethodWithArray(ReflectionUtils.java:164)
	at org.apache.maven.surefire.booter.ProviderFactory$ProviderProxy.invoke(ProviderFactory.java:110)
	at org.apache.maven.surefire.booter.SurefireStarter.invokeProvider(SurefireStarter.java:175)
	at org.apache.maven.surefire.booter.SurefireStarter.runSuitesInProcessWhenForked(SurefireStarter.java:107)
	at org.apache.maven.surefire.booter.ForkedBooter.main(ForkedBooter.java:68)
</failure>
    <system-err>Error in cipher list
5340:error:140E6118:SSL routines:SSL_CIPHER_PROCESS_RULESTR:invalid command:/SourceCache/OpenSSL098/OpenSSL098-52.10.1/src/ssl/ssl_ciph.c:813:

</system-err>
  </testcase>
  <testcase classname="org.apache.tomcat.util.net.jsse.openssl.TestOpenSSLCipherConfigurationParser" name="testSpecification01" time="0.006">
    <failure message="Tested &apos;HIGH:!aNULL:!eNULL:!EXPORT:!DES:!RC4:!MD5&apos;:  expected:&lt;TLS_[DHE_RSA_WITH_AES_256_CBC_SHA,TLS_DHE_DSS_WITH_AES_256_CBC_SHA,TLS_RSA_WITH_AES_256_CBC_SHA,SSL_DHE_RSA_WITH_3DES_EDE_CBC_SHA,TLS_DHE_RSA_WITH_3DES_EDE_CBC_SHA,TLS_DHE_DSS_WITH_3DES_EDE_CBC_SHA,SSL_DHE_DSS_WITH_3DES_EDE_CBC_SHA,TLS_RSA_WITH_3DES_EDE_CBC_SHA,SSL_RSA_WITH_3DES_EDE_CBC_SHA,TLS_DHE_RSA_WITH_AES_128_CBC_SHA,TLS_DHE_DSS_WITH_AES_128_CBC_SHA,TLS_RSA]_WITH_AES_128_CBC_SH...&gt; but was:&lt;TLS_[ECDHE_RSA_WITH_AES_256_GCM_SHA384,TLS_ECDHE_ECDSA_WITH_AES_256_GCM_SHA384,TLS_ECDHE_RSA_WITH_AES_256_CBC_SHA384,TLS_ECDHE_ECDSA_WITH_AES_256_CBC_SHA384,TLS_ECDHE_RSA_WITH_AES_256_CBC_SHA,TLS_ECDHE_ECDSA_WITH_AES_256_CBC_SHA,TLS_SRP_SHA_DSS_WITH_AES_256_CBC_SHA,TLS_SRP_SHA_RSA_WITH_AES_256_CBC_SHA,TLS_SRP_SHA_WITH_AES_256_CBC_SHA,TLS_DH_DSS_WITH_AES_256_GCM_SHA384,TLS_DHE_DSS_WITH_AES_256_GCM_SHA384,TLS_DH_RSA_WITH_AES_256_GCM_SHA384,TLS_DHE_RSA_WITH_AES_256_GCM_SHA384,TLS_DHE_RSA_WITH_AES_256_CBC_SHA256,TLS_DHE_DSS_WITH_AES_256_CBC_SHA256,TLS_DH_RSA_WITH_AES_256_CBC_SHA256,TLS_DH_DSS_WITH_AES_256_CBC_SHA256,TLS_DHE_RSA_WITH_AES_256_CBC_SHA,TLS_DHE_DSS_WITH_AES_256_CBC_SHA,TLS_DH_RSA_WITH_AES_256_CBC_SHA,TLS_DH_DSS_WITH_AES_256_CBC_SHA,TLS_DHE_RSA_WITH_CAMELLIA_256_CBC_SHA,TLS_DHE_DSS_WITH_CAMELLIA_256_CBC_SHA,TLS_DH_RSA_WITH_CAMELLIA_256_CBC_SHA,TLS_DH_DSS_WITH_CAMELLIA_256_CBC_SHA,TLS_ECDH_RSA_WITH_AES_256_GCM_SHA384,TLS_ECDH_ECDSA_WITH_AES_256_GCM_SHA384,TLS_ECDH_RSA_WITH_AES_256_CBC_SHA384,TLS_ECDH_ECDSA_WITH_AES_256_CBC_SHA384,TLS_ECDH_RSA_WITH_AES_256_CBC_SHA,TLS_ECDH_ECDSA_WITH_AES_256_CBC_SHA,TLS_RSA_WITH_AES_256_GCM_SHA384,TLS_RSA_WITH_AES_256_CBC_SHA256,TLS_RSA_WITH_AES_256_CBC_SHA,TLS_RSA_WITH_CAMELLIA_256_CBC_SHA,TLS_PSK_WITH_AES_256_CBC_SHA,TLS_ECDHE_RSA_WITH_3DES_EDE_CBC_SHA,TLS_ECDHE_ECDSA_WITH_3DES_EDE_CBC_SHA,TLS_SRP_SHA_DSS_WITH_3DES_EDE_CBC_SHA,TLS_SRP_SHA_RSA_WITH_3DES_EDE_CBC_SHA,TLS_SRP_SHA_WITH_3DES_EDE_CBC_SHA,SSL_DHE_RSA_WITH_3DES_EDE_CBC_SHA,TLS_DHE_RSA_WITH_3DES_EDE_CBC_SHA,TLS_DHE_DSS_WITH_3DES_EDE_CBC_SHA,SSL_DHE_DSS_WITH_3DES_EDE_CBC_SHA,TLS_DH_RSA_WITH_3DES_EDE_CBC_SHA,SSL_DH_RSA_WITH_3DES_EDE_CBC_SHA,TLS_DH_DSS_WITH_3DES_EDE_CBC_SHA,SSL_DH_DSS_WITH_3DES_EDE_CBC_SHA,TLS_ECDH_RSA_WITH_3DES_EDE_CBC_SHA,TLS_ECDH_ECDSA_WITH_3DES_EDE_CBC_SHA,TLS_RSA_WITH_3DES_EDE_CBC_SHA,SSL_RSA_WITH_3DES_EDE_CBC_SHA,TLS_PSK_WITH_3DES_EDE_CBC_SHA,TLS_ECDHE_RSA_WITH_AES_128_GCM_SHA256,TLS_ECDHE_ECDSA_WITH_AES_128_GCM_SHA256,TLS_ECDHE_RSA_WITH_AES_128_CBC_SHA256,TLS_ECDHE_ECDSA_WITH_AES_128_CBC_SHA256,TLS_ECDHE_RSA_WITH_AES_128_CBC_SHA,TLS_ECDHE_ECDSA_WITH_AES_128_CBC_SHA,TLS_SRP_SHA_DSS_WITH_AES_128_CBC_SHA,TLS_SRP_SHA_RSA_WITH_AES_128_CBC_SHA,TLS_SRP_SHA_WITH_AES_128_CBC_SHA,TLS_DH_DSS_WITH_AES_128_GCM_SHA256,TLS_DHE_DSS_WITH_AES_128_GCM_SHA256,TLS_DH_RSA_WITH_AES_128_GCM_SHA256,TLS_DHE_RSA_WITH_AES_128_GCM_SHA256,TLS_DHE_RSA_WITH_AES_128_CBC_SHA256,TLS_DHE_DSS_WITH_AES_128_CBC_SHA256,TLS_DH_RSA_WITH_AES_128_CBC_SHA256,TLS_DH_DSS_WITH_AES_128_CBC_SHA256,TLS_DHE_RSA_WITH_AES_128_CBC_SHA,TLS_DHE_DSS_WITH_AES_128_CBC_SHA,TLS_DH_RSA_WITH_AES_128_CBC_SHA,TLS_DH_DSS_WITH_AES_128_CBC_SHA,TLS_DHE_RSA_WITH_CAMELLIA_128_CBC_SHA,TLS_DHE_DSS_WITH_CAMELLIA_128_CBC_SHA,TLS_DH_RSA_WITH_CAMELLIA_128_CBC_SHA,TLS_DH_DSS_WITH_CAMELLIA_128_CBC_SHA,TLS_ECDH_RSA_WITH_AES_128_GCM_SHA256,TLS_ECDH_ECDSA_WITH_AES_128_GCM_SHA256,TLS_ECDH_RSA_WITH_AES_128_CBC_SHA256,TLS_ECDH_ECDSA_WITH_AES_128_CBC_SHA256,TLS_ECDH_RSA_WITH_AES_128_CBC_SHA,TLS_ECDH_ECDSA_WITH_AES_128_CBC_SHA,TLS_RSA_WITH_AES_128_GCM_SHA256,TLS_RSA_WITH_AES_128_CBC_SHA256,TLS_RSA_WITH_AES_128_CBC_SHA,TLS_RSA_WITH_CAMELLIA_128_CBC_SHA,TLS_PSK]_WITH_AES_128_CBC_SH...&gt;" type="org.junit.ComparisonFailure">org.junit.ComparisonFailure: Tested &apos;HIGH:!aNULL:!eNULL:!EXPORT:!DES:!RC4:!MD5&apos;:  expected:&lt;TLS_[DHE_RSA_WITH_AES_256_CBC_SHA,TLS_DHE_DSS_WITH_AES_256_CBC_SHA,TLS_RSA_WITH_AES_256_CBC_SHA,SSL_DHE_RSA_WITH_3DES_EDE_CBC_SHA,TLS_DHE_RSA_WITH_3DES_EDE_CBC_SHA,TLS_DHE_DSS_WITH_3DES_EDE_CBC_SHA,SSL_DHE_DSS_WITH_3DES_EDE_CBC_SHA,TLS_RSA_WITH_3DES_EDE_CBC_SHA,SSL_RSA_WITH_3DES_EDE_CBC_SHA,TLS_DHE_RSA_WITH_AES_128_CBC_SHA,TLS_DHE_DSS_WITH_AES_128_CBC_SHA,TLS_RSA]_WITH_AES_128_CBC_SH...&gt; but was:&lt;TLS_[ECDHE_RSA_WITH_AES_256_GCM_SHA384,TLS_ECDHE_ECDSA_WITH_AES_256_GCM_SHA384,TLS_ECDHE_RSA_WITH_AES_256_CBC_SHA384,TLS_ECDHE_ECDSA_WITH_AES_256_CBC_SHA384,TLS_ECDHE_RSA_WITH_AES_256_CBC_SHA,TLS_ECDHE_ECDSA_WITH_AES_256_CBC_SHA,TLS_SRP_SHA_DSS_WITH_AES_256_CBC_SHA,TLS_SRP_SHA_RSA_WITH_AES_256_CBC_SHA,TLS_SRP_SHA_WITH_AES_256_CBC_SHA,TLS_DH_DSS_WITH_AES_256_GCM_SHA384,TLS_DHE_DSS_WITH_AES_256_GCM_SHA384,TLS_DH_RSA_WITH_AES_256_GCM_SHA384,TLS_DHE_RSA_WITH_AES_256_GCM_SHA384,TLS_DHE_RSA_WITH_AES_256_CBC_SHA256,TLS_DHE_DSS_WITH_AES_256_CBC_SHA256,TLS_DH_RSA_WITH_AES_256_CBC_SHA256,TLS_DH_DSS_WITH_AES_256_CBC_SHA256,TLS_DHE_RSA_WITH_AES_256_CBC_SHA,TLS_DHE_DSS_WITH_AES_256_CBC_SHA,TLS_DH_RSA_WITH_AES_256_CBC_SHA,TLS_DH_DSS_WITH_AES_256_CBC_SHA,TLS_DHE_RSA_WITH_CAMELLIA_256_CBC_SHA,TLS_DHE_DSS_WITH_CAMELLIA_256_CBC_SHA,TLS_DH_RSA_WITH_CAMELLIA_256_CBC_SHA,TLS_DH_DSS_WITH_CAMELLIA_256_CBC_SHA,TLS_ECDH_RSA_WITH_AES_256_GCM_SHA384,TLS_ECDH_ECDSA_WITH_AES_256_GCM_SHA384,TLS_ECDH_RSA_WITH_AES_256_CBC_SHA384,TLS_ECDH_ECDSA_WITH_AES_256_CBC_SHA384,TLS_ECDH_RSA_WITH_AES_256_CBC_SHA,TLS_ECDH_ECDSA_WITH_AES_256_CBC_SHA,TLS_RSA_WITH_AES_256_GCM_SHA384,TLS_RSA_WITH_AES_256_CBC_SHA256,TLS_RSA_WITH_AES_256_CBC_SHA,TLS_RSA_WITH_CAMELLIA_256_CBC_SHA,TLS_PSK_WITH_AES_256_CBC_SHA,TLS_ECDHE_RSA_WITH_3DES_EDE_CBC_SHA,TLS_ECDHE_ECDSA_WITH_3DES_EDE_CBC_SHA,TLS_SRP_SHA_DSS_WITH_3DES_EDE_CBC_SHA,TLS_SRP_SHA_RSA_WITH_3DES_EDE_CBC_SHA,TLS_SRP_SHA_WITH_3DES_EDE_CBC_SHA,SSL_DHE_RSA_WITH_3DES_EDE_CBC_SHA,TLS_DHE_RSA_WITH_3DES_EDE_CBC_SHA,TLS_DHE_DSS_WITH_3DES_EDE_CBC_SHA,SSL_DHE_DSS_WITH_3DES_EDE_CBC_SHA,TLS_DH_RSA_WITH_3DES_EDE_CBC_SHA,SSL_DH_RSA_WITH_3DES_EDE_CBC_SHA,TLS_DH_DSS_WITH_3DES_EDE_CBC_SHA,SSL_DH_DSS_WITH_3DES_EDE_CBC_SHA,TLS_ECDH_RSA_WITH_3DES_EDE_CBC_SHA,TLS_ECDH_ECDSA_WITH_3DES_EDE_CBC_SHA,TLS_RSA_WITH_3DES_EDE_CBC_SHA,SSL_RSA_WITH_3DES_EDE_CBC_SHA,TLS_PSK_WITH_3DES_EDE_CBC_SHA,TLS_ECDHE_RSA_WITH_AES_128_GCM_SHA256,TLS_ECDHE_ECDSA_WITH_AES_128_GCM_SHA256,TLS_ECDHE_RSA_WITH_AES_128_CBC_SHA256,TLS_ECDHE_ECDSA_WITH_AES_128_CBC_SHA256,TLS_ECDHE_RSA_WITH_AES_128_CBC_SHA,TLS_ECDHE_ECDSA_WITH_AES_128_CBC_SHA,TLS_SRP_SHA_DSS_WITH_AES_128_CBC_SHA,TLS_SRP_SHA_RSA_WITH_AES_128_CBC_SHA,TLS_SRP_SHA_WITH_AES_128_CBC_SHA,TLS_DH_DSS_WITH_AES_128_GCM_SHA256,TLS_DHE_DSS_WITH_AES_128_GCM_SHA256,TLS_DH_RSA_WITH_AES_128_GCM_SHA256,TLS_DHE_RSA_WITH_AES_128_GCM_SHA256,TLS_DHE_RSA_WITH_AES_128_CBC_SHA256,TLS_DHE_DSS_WITH_AES_128_CBC_SHA256,TLS_DH_RSA_WITH_AES_128_CBC_SHA256,TLS_DH_DSS_WITH_AES_128_CBC_SHA256,TLS_DHE_RSA_WITH_AES_128_CBC_SHA,TLS_DHE_DSS_WITH_AES_128_CBC_SHA,TLS_DH_RSA_WITH_AES_128_CBC_SHA,TLS_DH_DSS_WITH_AES_128_CBC_SHA,TLS_DHE_RSA_WITH_CAMELLIA_128_CBC_SHA,TLS_DHE_DSS_WITH_CAMELLIA_128_CBC_SHA,TLS_DH_RSA_WITH_CAMELLIA_128_CBC_SHA,TLS_DH_DSS_WITH_CAMELLIA_128_CBC_SHA,TLS_ECDH_RSA_WITH_AES_128_GCM_SHA256,TLS_ECDH_ECDSA_WITH_AES_128_GCM_SHA256,TLS_ECDH_RSA_WITH_AES_128_CBC_SHA256,TLS_ECDH_ECDSA_WITH_AES_128_CBC_SHA256,TLS_ECDH_RSA_WITH_AES_128_CBC_SHA,TLS_ECDH_ECDSA_WITH_AES_128_CBC_SHA,TLS_RSA_WITH_AES_128_GCM_SHA256,TLS_RSA_WITH_AES_128_CBC_SHA256,TLS_RSA_WITH_AES_128_CBC_SHA,TLS_RSA_WITH_CAMELLIA_128_CBC_SHA,TLS_PSK]_WITH_AES_128_CBC_SH...&gt;
	at org.junit.Assert.assertEquals(Assert.java:115)
	at org.apache.tomcat.util.net.jsse.openssl.TestOpenSSLCipherConfigurationParser.testSpecification(TestOpenSSLCipherConfigurationParser.java:499)
	at org.apache.tomcat.util.net.jsse.openssl.TestOpenSSLCipherConfigurationParser.testSpecification01(TestOpenSSLCipherConfigurationParser.java:471)
	at sun.reflect.NativeMethodAccessorImpl.invoke0(Native Method)
	at sun.reflect.NativeMethodAccessorImpl.invoke(NativeMethodAccessorImpl.java:62)
	at sun.reflect.DelegatingMethodAccessorImpl.invoke(DelegatingMethodAccessorImpl.java:43)
	at java.lang.reflect.Method.invoke(Method.java:483)
	at org.junit.runners.model.FrameworkMethod$1.runReflectiveCall(FrameworkMethod.java:50)
	at org.junit.internal.runners.model.ReflectiveCallable.run(ReflectiveCallable.java:12)
	at org.junit.runners.model.FrameworkMethod.invokeExplosively(FrameworkMethod.java:47)
	at org.junit.internal.runners.statements.InvokeMethod.evaluate(InvokeMethod.java:17)
	at org.junit.internal.runners.statements.RunBefores.evaluate(RunBefores.java:26)
	at org.junit.runners.ParentRunner.runLeaf(ParentRunner.java:325)
	at org.junit.runners.BlockJUnit4ClassRunner.runChild(BlockJUnit4ClassRunner.java:78)
	at org.junit.runners.BlockJUnit4ClassRunner.runChild(BlockJUnit4ClassRunner.java:57)
	at org.junit.runners.ParentRunner$3.run(ParentRunner.java:290)
	at org.junit.runners.ParentRunner$1.schedule(ParentRunner.java:71)
	at org.junit.runners.ParentRunner.runChildren(ParentRunner.java:288)
	at org.junit.runners.ParentRunner.access$000(ParentRunner.java:58)
	at org.junit.runners.ParentRunner$2.evaluate(ParentRunner.java:268)
	at org.junit.runners.ParentRunner.run(ParentRunner.java:363)
	at org.apache.maven.surefire.junit4.JUnit4TestSet.execute(JUnit4TestSet.java:53)
	at org.apache.maven.surefire.junit4.JUnit4Provider.executeTestSet(JUnit4Provider.java:123)
	at org.apache.maven.surefire.junit4.JUnit4Provider.invoke(JUnit4Provider.java:104)
	at sun.reflect.NativeMethodAccessorImpl.invoke0(Native Method)
	at sun.reflect.NativeMethodAccessorImpl.invoke(NativeMethodAccessorImpl.java:62)
	at sun.reflect.DelegatingMethodAccessorImpl.invoke(DelegatingMethodAccessorImpl.java:43)
	at java.lang.reflect.Method.invoke(Method.java:483)
	at org.apache.maven.surefire.util.ReflectionUtils.invokeMethodWithArray(ReflectionUtils.java:164)
	at org.apache.maven.surefire.booter.ProviderFactory$ProviderProxy.invoke(ProviderFactory.java:110)
	at org.apache.maven.surefire.booter.SurefireStarter.invokeProvider(SurefireStarter.java:175)
	at org.apache.maven.surefire.booter.SurefireStarter.runSuitesInProcessWhenForked(SurefireStarter.java:107)
	at org.apache.maven.surefire.booter.ForkedBooter.main(ForkedBooter.java:68)
</failure>
  </testcase>
  <testcase classname="org.apache.tomcat.util.net.jsse.openssl.TestOpenSSLCipherConfigurationParser" name="testSpecification02" time="0.005">
    <failure message="Tested &apos;!aNULL:!eNULL:!EXPORT:!DSS:!DES:!SSLv2:kEECDH:ECDH:EDH:AES256-GCM-SHA384:AES128-GCM-SHA256:+RC4:HIGH:MEDIUM&apos;:  expected:&lt;TLS_[DHE_RSA_WITH_AES_256_CBC_SHA,TLS_RSA_WITH_AES_256_CBC_SHA,SSL_DHE_RSA_WITH_3DES_EDE_CBC_SHA,TLS_DHE_RSA_WITH_3DES_EDE_CBC_SHA,TLS_RSA_WITH_3DES_EDE_CBC_SHA,SSL_RSA_WITH_3DES_EDE_CBC_SHA,TLS_DHE_RSA_WITH_AES_128_CBC_SHA,TLS_DHE_RSA_WITH_SEED_CBC_SHA,TLS_RSA_WITH_AES_128_CBC_SHA,TLS_RSA_WITH_SEED_CBC_SHA,TLS_RSA_WITH_RC4_128_SHA,SSL_RSA_WITH_RC4_128_SHA,SSL_RSA_WITH_RC4_128_MD5,TLS_RSA_WITH_RC4_128_MD5],&gt; but was:&lt;TLS_[ECDHE_RSA_WITH_AES_256_GCM_SHA384,TLS_ECDHE_ECDSA_WITH_AES_256_GCM_SHA384,TLS_ECDHE_RSA_WITH_AES_256_CBC_SHA384,TLS_ECDHE_ECDSA_WITH_AES_256_CBC_SHA384,TLS_ECDHE_RSA_WITH_AES_256_CBC_SHA,TLS_ECDHE_ECDSA_WITH_AES_256_CBC_SHA,TLS_DHE_RSA_WITH_AES_256_GCM_SHA384,TLS_DHE_RSA_WITH_AES_256_CBC_SHA256,TLS_DHE_RSA_WITH_AES_256_CBC_SHA,TLS_SRP_SHA_RSA_WITH_AES_256_CBC_SHA,TLS_SRP_SHA_WITH_AES_256_CBC_SHA,TLS_DH_DSS_WITH_AES_256_GCM_SHA384,TLS_DH_RSA_WITH_AES_256_GCM_SHA384,TLS_DH_RSA_WITH_AES_256_CBC_SHA256,TLS_DH_DSS_WITH_AES_256_CBC_SHA256,TLS_DH_RSA_WITH_AES_256_CBC_SHA,TLS_DH_DSS_WITH_AES_256_CBC_SHA,TLS_DHE_RSA_WITH_CAMELLIA_256_CBC_SHA,TLS_DH_RSA_WITH_CAMELLIA_256_CBC_SHA,TLS_DH_DSS_WITH_CAMELLIA_256_CBC_SHA,TLS_ECDH_RSA_WITH_AES_256_GCM_SHA384,TLS_ECDH_ECDSA_WITH_AES_256_GCM_SHA384,TLS_ECDH_RSA_WITH_AES_256_CBC_SHA384,TLS_ECDH_ECDSA_WITH_AES_256_CBC_SHA384,TLS_ECDH_RSA_WITH_AES_256_CBC_SHA,TLS_ECDH_ECDSA_WITH_AES_256_CBC_SHA,TLS_RSA_WITH_AES_256_GCM_SHA384,TLS_RSA_WITH_AES_256_CBC_SHA256,TLS_RSA_WITH_AES_256_CBC_SHA,TLS_RSA_WITH_CAMELLIA_256_CBC_SHA,TLS_PSK_WITH_AES_256_CBC_SHA,TLS_ECDHE_RSA_WITH_3DES_EDE_CBC_SHA,TLS_ECDHE_ECDSA_WITH_3DES_EDE_CBC_SHA,SSL_DHE_RSA_WITH_3DES_EDE_CBC_SHA,TLS_DHE_RSA_WITH_3DES_EDE_CBC_SHA,TLS_SRP_SHA_RSA_WITH_3DES_EDE_CBC_SHA,TLS_SRP_SHA_WITH_3DES_EDE_CBC_SHA,TLS_DH_RSA_WITH_3DES_EDE_CBC_SHA,SSL_DH_RSA_WITH_3DES_EDE_CBC_SHA,TLS_DH_DSS_WITH_3DES_EDE_CBC_SHA,SSL_DH_DSS_WITH_3DES_EDE_CBC_SHA,TLS_ECDH_RSA_WITH_3DES_EDE_CBC_SHA,TLS_ECDH_ECDSA_WITH_3DES_EDE_CBC_SHA,TLS_RSA_WITH_3DES_EDE_CBC_SHA,SSL_RSA_WITH_3DES_EDE_CBC_SHA,TLS_PSK_WITH_3DES_EDE_CBC_SHA,TLS_ECDHE_RSA_WITH_AES_128_GCM_SHA256,TLS_ECDHE_ECDSA_WITH_AES_128_GCM_SHA256,TLS_ECDHE_RSA_WITH_AES_128_CBC_SHA256,TLS_ECDHE_ECDSA_WITH_AES_128_CBC_SHA256,TLS_ECDHE_RSA_WITH_AES_128_CBC_SHA,TLS_ECDHE_ECDSA_WITH_AES_128_CBC_SHA,TLS_DHE_RSA_WITH_AES_128_GCM_SHA256,TLS_DHE_RSA_WITH_AES_128_CBC_SHA256,TLS_DHE_RSA_WITH_AES_128_CBC_SHA,TLS_SRP_SHA_RSA_WITH_AES_128_CBC_SHA,TLS_SRP_SHA_WITH_AES_128_CBC_SHA,TLS_DH_DSS_WITH_AES_128_GCM_SHA256,TLS_DH_RSA_WITH_AES_128_GCM_SHA256,TLS_DH_RSA_WITH_AES_128_CBC_SHA256,TLS_DH_DSS_WITH_AES_128_CBC_SHA256,TLS_DH_RSA_WITH_AES_128_CBC_SHA,TLS_DH_DSS_WITH_AES_128_CBC_SHA,TLS_DHE_RSA_WITH_SEED_CBC_SHA,TLS_DHE_RSA_WITH_CAMELLIA_128_CBC_SHA,TLS_DH_RSA_WITH_CAMELLIA_128_CBC_SHA,TLS_DH_DSS_WITH_CAMELLIA_128_CBC_SHA,TLS_DH_RSA_WITH_SEED_CBC_SHA,TLS_DH_DSS_WITH_SEED_CBC_SHA,TLS_ECDH_RSA_WITH_AES_128_GCM_SHA256,TLS_ECDH_ECDSA_WITH_AES_128_GCM_SHA256,TLS_ECDH_RSA_WITH_AES_128_CBC_SHA256,TLS_ECDH_ECDSA_WITH_AES_128_CBC_SHA256,TLS_ECDH_RSA_WITH_AES_128_CBC_SHA,TLS_ECDH_ECDSA_WITH_AES_128_CBC_SHA,TLS_RSA_WITH_AES_128_GCM_SHA256,TLS_RSA_WITH_AES_128_CBC_SHA256,TLS_RSA_WITH_AES_128_CBC_SHA,TLS_RSA_WITH_CAMELLIA_128_CBC_SHA,TLS_RSA_WITH_SEED_CBC_SHA,SSL_RSA_WITH_IDEA_CBC_SHA,TLS_RSA_WITH_IDEA_CBC_SHA,TLS_PSK_WITH_AES_128_CBC_SHA,TLS_ECDHE_RSA_WITH_RC4_128_SHA,TLS_ECDHE_ECDSA_WITH_RC4_128_SHA,TLS_ECDH_RSA_WITH_RC4_128_SHA,TLS_ECDH_ECDSA_WITH_RC4_128_SHA,TLS_RSA_WITH_RC4_128_SHA,SSL_RSA_WITH_RC4_128_SHA,SSL_RSA_WITH_RC4_128_MD5,TLS_RSA_WITH_RC4_128_MD5,TLS_PSK_WITH_RC4_128_SHA],&gt;" type="org.junit.ComparisonFailure">org.junit.ComparisonFailure: Tested &apos;!aNULL:!eNULL:!EXPORT:!DSS:!DES:!SSLv2:kEECDH:ECDH:EDH:AES256-GCM-SHA384:AES128-GCM-SHA256:+RC4:HIGH:MEDIUM&apos;:  expected:&lt;TLS_[DHE_RSA_WITH_AES_256_CBC_SHA,TLS_RSA_WITH_AES_256_CBC_SHA,SSL_DHE_RSA_WITH_3DES_EDE_CBC_SHA,TLS_DHE_RSA_WITH_3DES_EDE_CBC_SHA,TLS_RSA_WITH_3DES_EDE_CBC_SHA,SSL_RSA_WITH_3DES_EDE_CBC_SHA,TLS_DHE_RSA_WITH_AES_128_CBC_SHA,TLS_DHE_RSA_WITH_SEED_CBC_SHA,TLS_RSA_WITH_AES_128_CBC_SHA,TLS_RSA_WITH_SEED_CBC_SHA,TLS_RSA_WITH_RC4_128_SHA,SSL_RSA_WITH_RC4_128_SHA,SSL_RSA_WITH_RC4_128_MD5,TLS_RSA_WITH_RC4_128_MD5],&gt; but was:&lt;TLS_[ECDHE_RSA_WITH_AES_256_GCM_SHA384,TLS_ECDHE_ECDSA_WITH_AES_256_GCM_SHA384,TLS_ECDHE_RSA_WITH_AES_256_CBC_SHA384,TLS_ECDHE_ECDSA_WITH_AES_256_CBC_SHA384,TLS_ECDHE_RSA_WITH_AES_256_CBC_SHA,TLS_ECDHE_ECDSA_WITH_AES_256_CBC_SHA,TLS_DHE_RSA_WITH_AES_256_GCM_SHA384,TLS_DHE_RSA_WITH_AES_256_CBC_SHA256,TLS_DHE_RSA_WITH_AES_256_CBC_SHA,TLS_SRP_SHA_RSA_WITH_AES_256_CBC_SHA,TLS_SRP_SHA_WITH_AES_256_CBC_SHA,TLS_DH_DSS_WITH_AES_256_GCM_SHA384,TLS_DH_RSA_WITH_AES_256_GCM_SHA384,TLS_DH_RSA_WITH_AES_256_CBC_SHA256,TLS_DH_DSS_WITH_AES_256_CBC_SHA256,TLS_DH_RSA_WITH_AES_256_CBC_SHA,TLS_DH_DSS_WITH_AES_256_CBC_SHA,TLS_DHE_RSA_WITH_CAMELLIA_256_CBC_SHA,TLS_DH_RSA_WITH_CAMELLIA_256_CBC_SHA,TLS_DH_DSS_WITH_CAMELLIA_256_CBC_SHA,TLS_ECDH_RSA_WITH_AES_256_GCM_SHA384,TLS_ECDH_ECDSA_WITH_AES_256_GCM_SHA384,TLS_ECDH_RSA_WITH_AES_256_CBC_SHA384,TLS_ECDH_ECDSA_WITH_AES_256_CBC_SHA384,TLS_ECDH_RSA_WITH_AES_256_CBC_SHA,TLS_ECDH_ECDSA_WITH_AES_256_CBC_SHA,TLS_RSA_WITH_AES_256_GCM_SHA384,TLS_RSA_WITH_AES_256_CBC_SHA256,TLS_RSA_WITH_AES_256_CBC_SHA,TLS_RSA_WITH_CAMELLIA_256_CBC_SHA,TLS_PSK_WITH_AES_256_CBC_SHA,TLS_ECDHE_RSA_WITH_3DES_EDE_CBC_SHA,TLS_ECDHE_ECDSA_WITH_3DES_EDE_CBC_SHA,SSL_DHE_RSA_WITH_3DES_EDE_CBC_SHA,TLS_DHE_RSA_WITH_3DES_EDE_CBC_SHA,TLS_SRP_SHA_RSA_WITH_3DES_EDE_CBC_SHA,TLS_SRP_SHA_WITH_3DES_EDE_CBC_SHA,TLS_DH_RSA_WITH_3DES_EDE_CBC_SHA,SSL_DH_RSA_WITH_3DES_EDE_CBC_SHA,TLS_DH_DSS_WITH_3DES_EDE_CBC_SHA,SSL_DH_DSS_WITH_3DES_EDE_CBC_SHA,TLS_ECDH_RSA_WITH_3DES_EDE_CBC_SHA,TLS_ECDH_ECDSA_WITH_3DES_EDE_CBC_SHA,TLS_RSA_WITH_3DES_EDE_CBC_SHA,SSL_RSA_WITH_3DES_EDE_CBC_SHA,TLS_PSK_WITH_3DES_EDE_CBC_SHA,TLS_ECDHE_RSA_WITH_AES_128_GCM_SHA256,TLS_ECDHE_ECDSA_WITH_AES_128_GCM_SHA256,TLS_ECDHE_RSA_WITH_AES_128_CBC_SHA256,TLS_ECDHE_ECDSA_WITH_AES_128_CBC_SHA256,TLS_ECDHE_RSA_WITH_AES_128_CBC_SHA,TLS_ECDHE_ECDSA_WITH_AES_128_CBC_SHA,TLS_DHE_RSA_WITH_AES_128_GCM_SHA256,TLS_DHE_RSA_WITH_AES_128_CBC_SHA256,TLS_DHE_RSA_WITH_AES_128_CBC_SHA,TLS_SRP_SHA_RSA_WITH_AES_128_CBC_SHA,TLS_SRP_SHA_WITH_AES_128_CBC_SHA,TLS_DH_DSS_WITH_AES_128_GCM_SHA256,TLS_DH_RSA_WITH_AES_128_GCM_SHA256,TLS_DH_RSA_WITH_AES_128_CBC_SHA256,TLS_DH_DSS_WITH_AES_128_CBC_SHA256,TLS_DH_RSA_WITH_AES_128_CBC_SHA,TLS_DH_DSS_WITH_AES_128_CBC_SHA,TLS_DHE_RSA_WITH_SEED_CBC_SHA,TLS_DHE_RSA_WITH_CAMELLIA_128_CBC_SHA,TLS_DH_RSA_WITH_CAMELLIA_128_CBC_SHA,TLS_DH_DSS_WITH_CAMELLIA_128_CBC_SHA,TLS_DH_RSA_WITH_SEED_CBC_SHA,TLS_DH_DSS_WITH_SEED_CBC_SHA,TLS_ECDH_RSA_WITH_AES_128_GCM_SHA256,TLS_ECDH_ECDSA_WITH_AES_128_GCM_SHA256,TLS_ECDH_RSA_WITH_AES_128_CBC_SHA256,TLS_ECDH_ECDSA_WITH_AES_128_CBC_SHA256,TLS_ECDH_RSA_WITH_AES_128_CBC_SHA,TLS_ECDH_ECDSA_WITH_AES_128_CBC_SHA,TLS_RSA_WITH_AES_128_GCM_SHA256,TLS_RSA_WITH_AES_128_CBC_SHA256,TLS_RSA_WITH_AES_128_CBC_SHA,TLS_RSA_WITH_CAMELLIA_128_CBC_SHA,TLS_RSA_WITH_SEED_CBC_SHA,SSL_RSA_WITH_IDEA_CBC_SHA,TLS_RSA_WITH_IDEA_CBC_SHA,TLS_PSK_WITH_AES_128_CBC_SHA,TLS_ECDHE_RSA_WITH_RC4_128_SHA,TLS_ECDHE_ECDSA_WITH_RC4_128_SHA,TLS_ECDH_RSA_WITH_RC4_128_SHA,TLS_ECDH_ECDSA_WITH_RC4_128_SHA,TLS_RSA_WITH_RC4_128_SHA,SSL_RSA_WITH_RC4_128_SHA,SSL_RSA_WITH_RC4_128_MD5,TLS_RSA_WITH_RC4_128_MD5,TLS_PSK_WITH_RC4_128_SHA],&gt;
	at org.junit.Assert.assertEquals(Assert.java:115)
	at org.apache.tomcat.util.net.jsse.openssl.TestOpenSSLCipherConfigurationParser.testSpecification(TestOpenSSLCipherConfigurationParser.java:499)
	at org.apache.tomcat.util.net.jsse.openssl.TestOpenSSLCipherConfigurationParser.testSpecification02(TestOpenSSLCipherConfigurationParser.java:478)
	at sun.reflect.NativeMethodAccessorImpl.invoke0(Native Method)
	at sun.reflect.NativeMethodAccessorImpl.invoke(NativeMethodAccessorImpl.java:62)
	at sun.reflect.DelegatingMethodAccessorImpl.invoke(DelegatingMethodAccessorImpl.java:43)
	at java.lang.reflect.Method.invoke(Method.java:483)
	at org.junit.runners.model.FrameworkMethod$1.runReflectiveCall(FrameworkMethod.java:50)
	at org.junit.internal.runners.model.ReflectiveCallable.run(ReflectiveCallable.java:12)
	at org.junit.runners.model.FrameworkMethod.invokeExplosively(FrameworkMethod.java:47)
	at org.junit.internal.runners.statements.InvokeMethod.evaluate(InvokeMethod.java:17)
	at org.junit.internal.runners.statements.RunBefores.evaluate(RunBefores.java:26)
	at org.junit.runners.ParentRunner.runLeaf(ParentRunner.java:325)
	at org.junit.runners.BlockJUnit4ClassRunner.runChild(BlockJUnit4ClassRunner.java:78)
	at org.junit.runners.BlockJUnit4ClassRunner.runChild(BlockJUnit4ClassRunner.java:57)
	at org.junit.runners.ParentRunner$3.run(ParentRunner.java:290)
	at org.junit.runners.ParentRunner$1.schedule(ParentRunner.java:71)
	at org.junit.runners.ParentRunner.runChildren(ParentRunner.java:288)
	at org.junit.runners.ParentRunner.access$000(ParentRunner.java:58)
	at org.junit.runners.ParentRunner$2.evaluate(ParentRunner.java:268)
	at org.junit.runners.ParentRunner.run(ParentRunner.java:363)
	at org.apache.maven.surefire.junit4.JUnit4TestSet.execute(JUnit4TestSet.java:53)
	at org.apache.maven.surefire.junit4.JUnit4Provider.executeTestSet(JUnit4Provider.java:123)
	at org.apache.maven.surefire.junit4.JUnit4Provider.invoke(JUnit4Provider.java:104)
	at sun.reflect.NativeMethodAccessorImpl.invoke0(Native Method)
	at sun.reflect.NativeMethodAccessorImpl.invoke(NativeMethodAccessorImpl.java:62)
	at sun.reflect.DelegatingMethodAccessorImpl.invoke(DelegatingMethodAccessorImpl.java:43)
	at java.lang.reflect.Method.invoke(Method.java:483)
	at org.apache.maven.surefire.util.ReflectionUtils.invokeMethodWithArray(ReflectionUtils.java:164)
	at org.apache.maven.surefire.booter.ProviderFactory$ProviderProxy.invoke(ProviderFactory.java:110)
	at org.apache.maven.surefire.booter.SurefireStarter.invokeProvider(SurefireStarter.java:175)
	at org.apache.maven.surefire.booter.SurefireStarter.runSuitesInProcessWhenForked(SurefireStarter.java:107)
	at org.apache.maven.surefire.booter.ForkedBooter.main(ForkedBooter.java:68)
</failure>
  </testcase>
  <testcase classname="org.apache.tomcat.util.net.jsse.openssl.TestOpenSSLCipherConfigurationParser" name="testSpecification03" time="0.005">
    <failure message="Tested &apos;EECDH+aRSA+SHA384:EECDH:EDH+aRSA:RC4:!aNULL:!eNULL:!LOW:!3DES:!MD5:!EXP:!PSK:!SRP:!DSS&apos;:  expected:&lt;TLS_[]RSA_WITH_RC4_128_SHA...&gt; but was:&lt;TLS_[ECDHE_RSA_WITH_AES_256_CBC_SHA384,TLS_ECDHE_RSA_WITH_AES_256_GCM_SHA384,TLS_ECDHE_ECDSA_WITH_AES_256_GCM_SHA384,TLS_ECDHE_ECDSA_WITH_AES_256_CBC_SHA384,TLS_ECDHE_RSA_WITH_AES_256_CBC_SHA,TLS_ECDHE_ECDSA_WITH_AES_256_CBC_SHA,TLS_DHE_RSA_WITH_AES_256_GCM_SHA384,TLS_DHE_RSA_WITH_AES_256_CBC_SHA256,TLS_DHE_RSA_WITH_AES_256_CBC_SHA,TLS_DHE_RSA_WITH_CAMELLIA_256_CBC_SHA,TLS_ECDHE_RSA_WITH_AES_128_GCM_SHA256,TLS_ECDHE_ECDSA_WITH_AES_128_GCM_SHA256,TLS_ECDHE_RSA_WITH_AES_128_CBC_SHA256,TLS_ECDHE_ECDSA_WITH_AES_128_CBC_SHA256,TLS_ECDHE_RSA_WITH_AES_128_CBC_SHA,TLS_ECDHE_ECDSA_WITH_AES_128_CBC_SHA,TLS_DHE_RSA_WITH_AES_128_GCM_SHA256,TLS_DHE_RSA_WITH_AES_128_CBC_SHA256,TLS_DHE_RSA_WITH_AES_128_CBC_SHA,TLS_DHE_RSA_WITH_SEED_CBC_SHA,TLS_DHE_RSA_WITH_CAMELLIA_128_CBC_SHA,TLS_ECDHE_RSA_WITH_RC4_128_SHA,TLS_ECDHE_ECDSA_WITH_RC4_128_SHA,TLS_ECDH_RSA_WITH_RC4_128_SHA,TLS_ECDH_ECDSA_WITH_RC4_128_SHA,TLS_]RSA_WITH_RC4_128_SHA...&gt;" type="org.junit.ComparisonFailure">org.junit.ComparisonFailure: Tested &apos;EECDH+aRSA+SHA384:EECDH:EDH+aRSA:RC4:!aNULL:!eNULL:!LOW:!3DES:!MD5:!EXP:!PSK:!SRP:!DSS&apos;:  expected:&lt;TLS_[]RSA_WITH_RC4_128_SHA...&gt; but was:&lt;TLS_[ECDHE_RSA_WITH_AES_256_CBC_SHA384,TLS_ECDHE_RSA_WITH_AES_256_GCM_SHA384,TLS_ECDHE_ECDSA_WITH_AES_256_GCM_SHA384,TLS_ECDHE_ECDSA_WITH_AES_256_CBC_SHA384,TLS_ECDHE_RSA_WITH_AES_256_CBC_SHA,TLS_ECDHE_ECDSA_WITH_AES_256_CBC_SHA,TLS_DHE_RSA_WITH_AES_256_GCM_SHA384,TLS_DHE_RSA_WITH_AES_256_CBC_SHA256,TLS_DHE_RSA_WITH_AES_256_CBC_SHA,TLS_DHE_RSA_WITH_CAMELLIA_256_CBC_SHA,TLS_ECDHE_RSA_WITH_AES_128_GCM_SHA256,TLS_ECDHE_ECDSA_WITH_AES_128_GCM_SHA256,TLS_ECDHE_RSA_WITH_AES_128_CBC_SHA256,TLS_ECDHE_ECDSA_WITH_AES_128_CBC_SHA256,TLS_ECDHE_RSA_WITH_AES_128_CBC_SHA,TLS_ECDHE_ECDSA_WITH_AES_128_CBC_SHA,TLS_DHE_RSA_WITH_AES_128_GCM_SHA256,TLS_DHE_RSA_WITH_AES_128_CBC_SHA256,TLS_DHE_RSA_WITH_AES_128_CBC_SHA,TLS_DHE_RSA_WITH_SEED_CBC_SHA,TLS_DHE_RSA_WITH_CAMELLIA_128_CBC_SHA,TLS_ECDHE_RSA_WITH_RC4_128_SHA,TLS_ECDHE_ECDSA_WITH_RC4_128_SHA,TLS_ECDH_RSA_WITH_RC4_128_SHA,TLS_ECDH_ECDSA_WITH_RC4_128_SHA,TLS_]RSA_WITH_RC4_128_SHA...&gt;
	at org.junit.Assert.assertEquals(Assert.java:115)
	at org.apache.tomcat.util.net.jsse.openssl.TestOpenSSLCipherConfigurationParser.testSpecification(TestOpenSSLCipherConfigurationParser.java:499)
	at org.apache.tomcat.util.net.jsse.openssl.TestOpenSSLCipherConfigurationParser.testSpecification03(TestOpenSSLCipherConfigurationParser.java:485)
	at sun.reflect.NativeMethodAccessorImpl.invoke0(Native Method)
	at sun.reflect.NativeMethodAccessorImpl.invoke(NativeMethodAccessorImpl.java:62)
	at sun.reflect.DelegatingMethodAccessorImpl.invoke(DelegatingMethodAccessorImpl.java:43)
	at java.lang.reflect.Method.invoke(Method.java:483)
	at org.junit.runners.model.FrameworkMethod$1.runReflectiveCall(FrameworkMethod.java:50)
	at org.junit.internal.runners.model.ReflectiveCallable.run(ReflectiveCallable.java:12)
	at org.junit.runners.model.FrameworkMethod.invokeExplosively(FrameworkMethod.java:47)
	at org.junit.internal.runners.statements.InvokeMethod.evaluate(InvokeMethod.java:17)
	at org.junit.internal.runners.statements.RunBefores.evaluate(RunBefores.java:26)
	at org.junit.runners.ParentRunner.runLeaf(ParentRunner.java:325)
	at org.junit.runners.BlockJUnit4ClassRunner.runChild(BlockJUnit4ClassRunner.java:78)
	at org.junit.runners.BlockJUnit4ClassRunner.runChild(BlockJUnit4ClassRunner.java:57)
	at org.junit.runners.ParentRunner$3.run(ParentRunner.java:290)
	at org.junit.runners.ParentRunner$1.schedule(ParentRunner.java:71)
	at org.junit.runners.ParentRunner.runChildren(ParentRunner.java:288)
	at org.junit.runners.ParentRunner.access$000(ParentRunner.java:58)
	at org.junit.runners.ParentRunner$2.evaluate(ParentRunner.java:268)
	at org.junit.runners.ParentRunner.run(ParentRunner.java:363)
	at org.apache.maven.surefire.junit4.JUnit4TestSet.execute(JUnit4TestSet.java:53)
	at org.apache.maven.surefire.junit4.JUnit4Provider.executeTestSet(JUnit4Provider.java:123)
	at org.apache.maven.surefire.junit4.JUnit4Provider.invoke(JUnit4Provider.java:104)
	at sun.reflect.NativeMethodAccessorImpl.invoke0(Native Method)
	at sun.reflect.NativeMethodAccessorImpl.invoke(NativeMethodAccessorImpl.java:62)
	at sun.reflect.DelegatingMethodAccessorImpl.invoke(DelegatingMethodAccessorImpl.java:43)
	at java.lang.reflect.Method.invoke(Method.java:483)
	at org.apache.maven.surefire.util.ReflectionUtils.invokeMethodWithArray(ReflectionUtils.java:164)
	at org.apache.maven.surefire.booter.ProviderFactory$ProviderProxy.invoke(ProviderFactory.java:110)
	at org.apache.maven.surefire.booter.SurefireStarter.invokeProvider(SurefireStarter.java:175)
	at org.apache.maven.surefire.booter.SurefireStarter.runSuitesInProcessWhenForked(SurefireStarter.java:107)
	at org.apache.maven.surefire.booter.ForkedBooter.main(ForkedBooter.java:68)
</failure>
  </testcase>
  <testcase classname="org.apache.tomcat.util.net.jsse.openssl.TestOpenSSLCipherConfigurationParser" name="testaECDSA" time="0.006">
    <failure message="Tested &apos;aECDSA&apos;:  expected:&lt;[]&gt; but was:&lt;[TLS_ECDHE_ECDSA_WITH_AES_256_GCM_SHA384,TLS_ECDHE_ECDSA_WITH_AES_256_CBC_SHA384,TLS_ECDHE_ECDSA_WITH_AES_256_CBC_SHA,TLS_ECDHE_ECDSA_WITH_3DES_EDE_CBC_SHA,TLS_ECDHE_ECDSA_WITH_AES_128_GCM_SHA256,TLS_ECDHE_ECDSA_WITH_AES_128_CBC_SHA256,TLS_ECDHE_ECDSA_WITH_AES_128_CBC_SHA,TLS_ECDHE_ECDSA_WITH_RC4_128_SHA,TLS_ECDHE_ECDSA_WITH_NULL_SHA,]&gt;" type="org.junit.ComparisonFailure">org.junit.ComparisonFailure: Tested &apos;aECDSA&apos;:  expected:&lt;[]&gt; but was:&lt;[TLS_ECDHE_ECDSA_WITH_AES_256_GCM_SHA384,TLS_ECDHE_ECDSA_WITH_AES_256_CBC_SHA384,TLS_ECDHE_ECDSA_WITH_AES_256_CBC_SHA,TLS_ECDHE_ECDSA_WITH_3DES_EDE_CBC_SHA,TLS_ECDHE_ECDSA_WITH_AES_128_GCM_SHA256,TLS_ECDHE_ECDSA_WITH_AES_128_CBC_SHA256,TLS_ECDHE_ECDSA_WITH_AES_128_CBC_SHA,TLS_ECDHE_ECDSA_WITH_RC4_128_SHA,TLS_ECDHE_ECDSA_WITH_NULL_SHA,]&gt;
	at org.junit.Assert.assertEquals(Assert.java:115)
	at org.apache.tomcat.util.net.jsse.openssl.TestOpenSSLCipherConfigurationParser.testSpecification(TestOpenSSLCipherConfigurationParser.java:499)
	at org.apache.tomcat.util.net.jsse.openssl.TestOpenSSLCipherConfigurationParser.testaECDSA(TestOpenSSLCipherConfigurationParser.java:238)
	at sun.reflect.NativeMethodAccessorImpl.invoke0(Native Method)
	at sun.reflect.NativeMethodAccessorImpl.invoke(NativeMethodAccessorImpl.java:62)
	at sun.reflect.DelegatingMethodAccessorImpl.invoke(DelegatingMethodAccessorImpl.java:43)
	at java.lang.reflect.Method.invoke(Method.java:483)
	at org.junit.runners.model.FrameworkMethod$1.runReflectiveCall(FrameworkMethod.java:50)
	at org.junit.internal.runners.model.ReflectiveCallable.run(ReflectiveCallable.java:12)
	at org.junit.runners.model.FrameworkMethod.invokeExplosively(FrameworkMethod.java:47)
	at org.junit.internal.runners.statements.InvokeMethod.evaluate(InvokeMethod.java:17)
	at org.junit.internal.runners.statements.RunBefores.evaluate(RunBefores.java:26)
	at org.junit.runners.ParentRunner.runLeaf(ParentRunner.java:325)
	at org.junit.runners.BlockJUnit4ClassRunner.runChild(BlockJUnit4ClassRunner.java:78)
	at org.junit.runners.BlockJUnit4ClassRunner.runChild(BlockJUnit4ClassRunner.java:57)
	at org.junit.runners.ParentRunner$3.run(ParentRunner.java:290)
	at org.junit.runners.ParentRunner$1.schedule(ParentRunner.java:71)
	at org.junit.runners.ParentRunner.runChildren(ParentRunner.java:288)
	at org.junit.runners.ParentRunner.access$000(ParentRunner.java:58)
	at org.junit.runners.ParentRunner$2.evaluate(ParentRunner.java:268)
	at org.junit.runners.ParentRunner.run(ParentRunner.java:363)
	at org.apache.maven.surefire.junit4.JUnit4TestSet.execute(JUnit4TestSet.java:53)
	at org.apache.maven.surefire.junit4.JUnit4Provider.executeTestSet(JUnit4Provider.java:123)
	at org.apache.maven.surefire.junit4.JUnit4Provider.invoke(JUnit4Provider.java:104)
	at sun.reflect.NativeMethodAccessorImpl.invoke0(Native Method)
	at sun.reflect.NativeMethodAccessorImpl.invoke(NativeMethodAccessorImpl.java:62)
	at sun.reflect.DelegatingMethodAccessorImpl.invoke(DelegatingMethodAccessorImpl.java:43)
	at java.lang.reflect.Method.invoke(Method.java:483)
	at org.apache.maven.surefire.util.ReflectionUtils.invokeMethodWithArray(ReflectionUtils.java:164)
	at org.apache.maven.surefire.booter.ProviderFactory$ProviderProxy.invoke(ProviderFactory.java:110)
	at org.apache.maven.surefire.booter.SurefireStarter.invokeProvider(SurefireStarter.java:175)
	at org.apache.maven.surefire.booter.SurefireStarter.runSuitesInProcessWhenForked(SurefireStarter.java:107)
	at org.apache.maven.surefire.booter.ForkedBooter.main(ForkedBooter.java:68)
</failure>
    <system-err>Error in cipher list
5344:error:1410D0B9:SSL routines:SSL_CTX_set_cipher_list:no cipher match:/SourceCache/OpenSSL098/OpenSSL098-52.10.1/src/ssl/ssl_lib.c:1223:

</system-err>
  </testcase>
</testsuite>