<?xml version="1.0" encoding="UTF-8" ?>
<testsuite tests="5" failures="3" name="org.apache.catalina.tribes.test.channel.TestDataIntegrity" time="78.703" errors="0" skipped="0">
  <properties>
    <property name="idea.version" value="14.1"/>
    <property name="java.runtime.name" value="Java(TM) SE Runtime Environment"/>
    <property name="sun.boot.library.path" value="/Library/Java/JavaVirtualMachines/jdk8/Contents/Home/jre/lib"/>
    <property name="java.vm.version" value="25.25-b02"/>
    <property name="user.country.format" value="CN"/>
    <property name="gopherProxySet" value="false"/>
    <property name="java.vm.vendor" value="Oracle Corporation"/>
    <property name="java.vendor.url" value="http://java.oracle.com/"/>
    <property name="path.separator" value=":"/>
    <property name="guice.disable.misplaced.annotation.check" value="true"/>
    <property name="java.vm.name" value="Java HotSpot(TM) 64-Bit Server VM"/>
    <property name="file.encoding.pkg" value="sun.io"/>
    <property name="idea.launcher.port" value="7535"/>
    <property name="user.country" value="US"/>
    <property name="sun.java.launcher" value="SUN_STANDARD"/>
    <property name="sun.os.patch.level" value="unknown"/>
    <property name="java.vm.specification.name" value="Java Virtual Machine Specification"/>
    <property name="user.dir" value="/Users/Frank/Developer/idea/tomcat-source-research"/>
    <property name="java.runtime.version" value="1.8.0_25-b17"/>
    <property name="java.awt.graphicsenv" value="sun.awt.CGraphicsEnvironment"/>
    <property name="java.endorsed.dirs" value="/Library/Java/JavaVirtualMachines/jdk8/Contents/Home/jre/lib/endorsed"/>
    <property name="os.arch" value="x86_64"/>
    <property name="java.io.tmpdir" value="/var/folders/t0/cyfyyjr10xjf9rxyjch8ftnm0000gn/T/"/>
    <property name="line.separator" value="
"/>
    <property name="java.vm.specification.vendor" value="Oracle Corporation"/>
    <property name="os.name" value="Mac OS X"/>
    <property name="classworlds.conf" value="/Applications/IntelliJ IDEA 14.app/Contents/plugins/maven/lib/maven3/bin/m2.conf"/>
    <property name="sun.jnu.encoding" value="UTF-8"/>
    <property name="java.library.path" value="/Users/Frank/Library/Java/Extensions:/Library/Java/Extensions:/Network/Library/Java/Extensions:/System/Library/Java/Extensions:/usr/lib/java:."/>
    <property name="java.specification.name" value="Java Platform API Specification"/>
    <property name="java.class.version" value="52.0"/>
    <property name="sun.management.compiler" value="HotSpot 64-Bit Tiered Compilers"/>
    <property name="os.version" value="10.10.2"/>
    <property name="user.home" value="/Users/Frank"/>
    <property name="user.timezone" value="Asia/Shanghai"/>
    <property name="java.awt.printerjob" value="sun.lwawt.macosx.CPrinterJob"/>
    <property name="java.specification.version" value="1.8"/>
    <property name="idea.launcher.bin.path" value="/Applications/IntelliJ IDEA 14.app/Contents/bin"/>
    <property name="file.encoding" value="UTF-8"/>
    <property name="user.name" value="Frank"/>
    <property name="java.class.path" value="/Applications/IntelliJ IDEA 14.app/Contents/plugins/maven/lib/maven3/boot/plexus-classworlds-2.4.jar:/Applications/IntelliJ IDEA 14.app/Contents/lib/idea_rt.jar"/>
    <property name="java.vm.specification.version" value="1.8"/>
    <property name="sun.arch.data.model" value="64"/>
    <property name="java.home" value="/Library/Java/JavaVirtualMachines/jdk8/Contents/Home/jre"/>
    <property name="sun.java.command" value="com.intellij.rt.execution.application.AppMain org.codehaus.classworlds.Launcher -Didea.version=14.1 test"/>
    <property name="java.specification.vendor" value="Oracle Corporation"/>
    <property name="user.language" value="en"/>
    <property name="awt.toolkit" value="sun.lwawt.macosx.LWCToolkit"/>
    <property name="java.vm.info" value="mixed mode"/>
    <property name="java.version" value="1.8.0_25"/>
    <property name="java.ext.dirs" value="/Users/Frank/Library/Java/Extensions:/Library/Java/JavaVirtualMachines/jdk8/Contents/Home/jre/lib/ext:/Library/Java/Extensions:/Network/Library/Java/Extensions:/System/Library/Java/Extensions:/usr/lib/java"/>
    <property name="sun.boot.class.path" value="/Library/Java/JavaVirtualMachines/jdk8/Contents/Home/jre/lib/resources.jar:/Library/Java/JavaVirtualMachines/jdk8/Contents/Home/jre/lib/rt.jar:/Library/Java/JavaVirtualMachines/jdk8/Contents/Home/jre/lib/sunrsasign.jar:/Library/Java/JavaVirtualMachines/jdk8/Contents/Home/jre/lib/jsse.jar:/Library/Java/JavaVirtualMachines/jdk8/Contents/Home/jre/lib/jce.jar:/Library/Java/JavaVirtualMachines/jdk8/Contents/Home/jre/lib/charsets.jar:/Library/Java/JavaVirtualMachines/jdk8/Contents/Home/jre/lib/jfr.jar:/Library/Java/JavaVirtualMachines/jdk8/Contents/Home/jre/classes"/>
    <property name="java.vendor" value="Oracle Corporation"/>
    <property name="maven.home" value="/Applications/IntelliJ IDEA 14.app/Contents/plugins/maven/lib/maven3"/>
    <property name="file.separator" value="/"/>
    <property name="java.vendor.url.bug" value="http://bugreport.sun.com/bugreport/"/>
    <property name="sun.cpu.endian" value="little"/>
    <property name="sun.io.unicode.encoding" value="UnicodeBig"/>
    <property name="sun.cpu.isalist" value=""/>
  </properties>
  <testcase classname="org.apache.catalina.tribes.test.channel.TestDataIntegrity" name="testDataSendASYNCM" time="35.524">
    <failure message="Checking success messages. expected:&lt;10000&gt; but was:&lt;4290&gt;" type="java.lang.AssertionError">java.lang.AssertionError: Checking success messages. expected:&lt;10000&gt; but was:&lt;4290&gt;
	at org.junit.Assert.fail(Assert.java:88)
	at org.junit.Assert.failNotEquals(Assert.java:834)
	at org.junit.Assert.assertEquals(Assert.java:645)
	at org.apache.catalina.tribes.test.channel.TestDataIntegrity.testDataSendASYNCM(TestDataIntegrity.java:116)
	at sun.reflect.NativeMethodAccessorImpl.invoke0(Native Method)
	at sun.reflect.NativeMethodAccessorImpl.invoke(NativeMethodAccessorImpl.java:62)
	at sun.reflect.DelegatingMethodAccessorImpl.invoke(DelegatingMethodAccessorImpl.java:43)
	at java.lang.reflect.Method.invoke(Method.java:483)
	at org.junit.runners.model.FrameworkMethod$1.runReflectiveCall(FrameworkMethod.java:50)
	at org.junit.internal.runners.model.ReflectiveCallable.run(ReflectiveCallable.java:12)
	at org.junit.runners.model.FrameworkMethod.invokeExplosively(FrameworkMethod.java:47)
	at org.junit.internal.runners.statements.InvokeMethod.evaluate(InvokeMethod.java:17)
	at org.junit.internal.runners.statements.RunBefores.evaluate(RunBefores.java:26)
	at org.junit.internal.runners.statements.RunAfters.evaluate(RunAfters.java:27)
	at org.junit.runners.ParentRunner.runLeaf(ParentRunner.java:325)
	at org.junit.runners.BlockJUnit4ClassRunner.runChild(BlockJUnit4ClassRunner.java:78)
	at org.junit.runners.BlockJUnit4ClassRunner.runChild(BlockJUnit4ClassRunner.java:57)
	at org.junit.runners.ParentRunner$3.run(ParentRunner.java:290)
	at org.junit.runners.ParentRunner$1.schedule(ParentRunner.java:71)
	at org.junit.runners.ParentRunner.runChildren(ParentRunner.java:288)
	at org.junit.runners.ParentRunner.access$000(ParentRunner.java:58)
	at org.junit.runners.ParentRunner$2.evaluate(ParentRunner.java:268)
	at org.junit.runners.ParentRunner.run(ParentRunner.java:363)
	at org.apache.maven.surefire.junit4.JUnit4TestSet.execute(JUnit4TestSet.java:53)
	at org.apache.maven.surefire.junit4.JUnit4Provider.executeTestSet(JUnit4Provider.java:123)
	at org.apache.maven.surefire.junit4.JUnit4Provider.invoke(JUnit4Provider.java:104)
	at sun.reflect.NativeMethodAccessorImpl.invoke0(Native Method)
	at sun.reflect.NativeMethodAccessorImpl.invoke(NativeMethodAccessorImpl.java:62)
	at sun.reflect.DelegatingMethodAccessorImpl.invoke(DelegatingMethodAccessorImpl.java:43)
	at java.lang.reflect.Method.invoke(Method.java:483)
	at org.apache.maven.surefire.util.ReflectionUtils.invokeMethodWithArray(ReflectionUtils.java:164)
	at org.apache.maven.surefire.booter.ProviderFactory$ProviderProxy.invoke(ProviderFactory.java:110)
	at org.apache.maven.surefire.booter.SurefireStarter.invokeProvider(SurefireStarter.java:175)
	at org.apache.maven.surefire.booter.SurefireStarter.runSuitesInProcessWhenForked(SurefireStarter.java:107)
	at org.apache.maven.surefire.booter.ForkedBooter.main(ForkedBooter.java:68)
</failure>
    <system-out>Thread[Thread-800] sent 500 messages in 917 ms.
Thread[Thread-809] sent 500 messages in 970 ms.
Thread[Thread-796] sent 500 messages in 1081 ms.
Thread[Thread-804] sent 500 messages in 1082 ms.
</system-out>
    <system-err>Starting ASYNC MULTI THREAD
SUCCESS:1000
SUCCESS:2000
org.apache.catalina.tribes.ChannelException: Unable to retrieve a data sender, time out(3000 ms) error.; Faulty members:tcp://172.16.0.26:4001; 
	at org.apache.catalina.tribes.transport.nio.PooledParallelSender.sendMessage(PooledParallelSender.java:39)
	at org.apache.catalina.tribes.transport.ReplicationTransmitter.sendMessage(ReplicationTransmitter.java:54)
	at org.apache.catalina.tribes.group.ChannelCoordinator.sendMessage(ChannelCoordinator.java:79)
	at org.apache.catalina.tribes.group.ChannelInterceptorBase.sendMessage(ChannelInterceptorBase.java:76)
	at org.apache.catalina.tribes.group.ChannelInterceptorBase.sendMessage(ChannelInterceptorBase.java:76)
	at org.apache.catalina.tribes.group.interceptors.MessageDispatchInterceptor.sendMessage(MessageDispatchInterceptor.java:63)
	at org.apache.catalina.tribes.group.ChannelInterceptorBase.sendMessage(ChannelInterceptorBase.java:76)
	at org.apache.catalina.tribes.group.GroupChannel.send(GroupChannel.java:230)
	at org.apache.catalina.tribes.group.GroupChannel.send(GroupChannel.java:183)
	at org.apache.catalina.tribes.test.channel.TestDataIntegrity$2.run(TestDataIntegrity.java:101)
org.apache.catalina.tribes.ChannelException: Operation has timed out(3000 ms.).; Faulty members:tcp://172.16.0.26:4001; 
	at org.apache.catalina.tribes.transport.nio.ParallelNioSender.sendMessage(ParallelNioSender.java:105)
	at org.apache.catalina.tribes.transport.nio.PooledParallelSender.sendMessage(PooledParallelSender.java:44)
	at org.apache.catalina.tribes.transport.ReplicationTransmitter.sendMessage(ReplicationTransmitter.java:54)
	at org.apache.catalina.tribes.group.ChannelCoordinator.sendMessage(ChannelCoordinator.java:79)
	at org.apache.catalina.tribes.group.ChannelInterceptorBase.sendMessage(ChannelInterceptorBase.java:76)
	at org.apache.catalina.tribes.group.ChannelInterceptorBase.sendMessage(ChannelInterceptorBase.java:76)
	at org.apache.catalina.tribes.group.interceptors.MessageDispatchInterceptor.sendMessage(MessageDispatchInterceptor.java:63)
	at org.apache.catalina.tribes.group.ChannelInterceptorBase.sendMessage(ChannelInterceptorBase.java:76)
	at org.apache.catalina.tribes.group.GroupChannel.send(GroupChannel.java:230)
	at org.apache.catalina.tribes.group.GroupChannel.send(GroupChannel.java:183)
	at org.apache.catalina.tribes.test.channel.TestDataIntegrity$2.run(TestDataIntegrity.java:101)
org.apache.catalina.tribes.ChannelException: Operation has timed out(3000 ms.).; Faulty members:tcp://172.16.0.26:4001; 
	at org.apache.catalina.tribes.transport.nio.ParallelNioSender.sendMessage(ParallelNioSender.java:105)
	at org.apache.catalina.tribes.transport.nio.PooledParallelSender.sendMessage(PooledParallelSender.java:44)
	at org.apache.catalina.tribes.transport.ReplicationTransmitter.sendMessage(ReplicationTransmitter.java:54)
	at org.apache.catalina.tribes.group.ChannelCoordinator.sendMessage(ChannelCoordinator.java:79)
	at org.apache.catalina.tribes.group.ChannelInterceptorBase.sendMessage(ChannelInterceptorBase.java:76)
	at org.apache.catalina.tribes.group.ChannelInterceptorBase.sendMessage(ChannelInterceptorBase.java:76)
	at org.apache.catalina.tribes.group.interceptors.MessageDispatchInterceptor.sendMessage(MessageDispatchInterceptor.java:63)
	at org.apache.catalina.tribes.group.ChannelInterceptorBase.sendMessage(ChannelInterceptorBase.java:76)
	at org.apache.catalina.tribes.group.GroupChannel.send(GroupChannel.java:230)
	at org.apache.catalina.tribes.group.GroupChannel.send(GroupChannel.java:183)
	at org.apache.catalina.tribes.test.channel.TestDataIntegrity$2.run(TestDataIntegrity.java:101)
org.apache.catalina.tribes.ChannelException: Operation has timed out(3000 ms.).; Faulty members:tcp://172.16.0.26:4001; 
	at org.apache.catalina.tribes.transport.nio.ParallelNioSender.sendMessage(ParallelNioSender.java:105)
	at org.apache.catalina.tribes.transport.nio.PooledParallelSender.sendMessage(PooledParallelSender.java:44)
	at org.apache.catalina.tribes.transport.ReplicationTransmitter.sendMessage(ReplicationTransmitter.java:54)
	at org.apache.catalina.tribes.group.ChannelCoordinator.sendMessage(ChannelCoordinator.java:79)
	at org.apache.catalina.tribes.group.ChannelInterceptorBase.sendMessage(ChannelInterceptorBase.java:76)
	at org.apache.catalina.tribes.group.ChannelInterceptorBase.sendMessage(ChannelInterceptorBase.java:76)
	at org.apache.catalina.tribes.group.interceptors.MessageDispatchInterceptor.sendMessage(MessageDispatchInterceptor.java:63)
	at org.apache.catalina.tribes.group.ChannelInterceptorBase.sendMessage(ChannelInterceptorBase.java:76)
	at org.apache.catalina.tribes.group.GroupChannel.send(GroupChannel.java:230)
	at org.apache.catalina.tribes.group.GroupChannel.send(GroupChannel.java:183)
	at org.apache.catalina.tribes.test.channel.TestDataIntegrity$2.run(TestDataIntegrity.java:101)
org.apache.catalina.tribes.ChannelException: Operation has timed out(3000 ms.).; Faulty members:tcp://172.16.0.26:4001; 
	at org.apache.catalina.tribes.transport.nio.ParallelNioSender.sendMessage(ParallelNioSender.java:105)
	at org.apache.catalina.tribes.transport.nio.PooledParallelSender.sendMessage(PooledParallelSender.java:44)
	at org.apache.catalina.tribes.transport.ReplicationTransmitter.sendMessage(ReplicationTransmitter.java:54)
	at org.apache.catalina.tribes.group.ChannelCoordinator.sendMessage(ChannelCoordinator.java:79)
	at org.apache.catalina.tribes.group.ChannelInterceptorBase.sendMessage(ChannelInterceptorBase.java:76)
	at org.apache.catalina.tribes.group.ChannelInterceptorBase.sendMessage(ChannelInterceptorBase.java:76)
	at org.apache.catalina.tribes.group.interceptors.MessageDispatchInterceptor.sendMessage(MessageDispatchInterceptor.java:63)
	at org.apache.catalina.tribes.group.ChannelInterceptorBase.sendMessage(ChannelInterceptorBase.java:76)
	at org.apache.catalina.tribes.group.GroupChannel.send(GroupChannel.java:230)
	at org.apache.catalina.tribes.group.GroupChannel.send(GroupChannel.java:183)
	at org.apache.catalina.tribes.test.channel.TestDataIntegrity$2.run(TestDataIntegrity.java:101)
org.apache.catalina.tribes.ChannelException: Operation has timed out(3000 ms.).; Faulty members:tcp://172.16.0.26:4001; 
	at org.apache.catalina.tribes.transport.nio.ParallelNioSender.sendMessage(ParallelNioSender.java:105)
	at org.apache.catalina.tribes.transport.nio.PooledParallelSender.sendMessage(PooledParallelSender.java:44)
	at org.apache.catalina.tribes.transport.ReplicationTransmitter.sendMessage(ReplicationTransmitter.java:54)
	at org.apache.catalina.tribes.group.ChannelCoordinator.sendMessage(ChannelCoordinator.java:79)
	at org.apache.catalina.tribes.group.ChannelInterceptorBase.sendMessage(ChannelInterceptorBase.java:76)
	at org.apache.catalina.tribes.group.ChannelInterceptorBase.sendMessage(ChannelInterceptorBase.java:76)
	at org.apache.catalina.tribes.group.interceptors.MessageDispatchInterceptor.sendMessage(MessageDispatchInterceptor.java:63)
	at org.apache.catalina.tribes.group.ChannelInterceptorBase.sendMessage(ChannelInterceptorBase.java:76)
	at org.apache.catalina.tribes.group.GroupChannel.send(GroupChannel.java:230)
	at org.apache.catalina.tribes.group.GroupChannel.send(GroupChannel.java:183)
	at org.apache.catalina.tribes.test.channel.TestDataIntegrity$2.run(TestDataIntegrity.java:101)
org.apache.catalina.tribes.ChannelException: Operation has timed out(3000 ms.).; Faulty members:tcp://172.16.0.26:4001; 
	at org.apache.catalina.tribes.transport.nio.ParallelNioSender.sendMessage(ParallelNioSender.java:105)
	at org.apache.catalina.tribes.transport.nio.PooledParallelSender.sendMessage(PooledParallelSender.java:44)
	at org.apache.catalina.tribes.transport.ReplicationTransmitter.sendMessage(ReplicationTransmitter.java:54)
	at org.apache.catalina.tribes.group.ChannelCoordinator.sendMessage(ChannelCoordinator.java:79)
	at org.apache.catalina.tribes.group.ChannelInterceptorBase.sendMessage(ChannelInterceptorBase.java:76)
	at org.apache.catalina.tribes.group.ChannelInterceptorBase.sendMessage(ChannelInterceptorBase.java:76)
	at org.apache.catalina.tribes.group.interceptors.MessageDispatchInterceptor.sendMessage(MessageDispatchInterceptor.java:63)
	at org.apache.catalina.tribes.group.ChannelInterceptorBase.sendMessage(ChannelInterceptorBase.java:76)
	at org.apache.catalina.tribes.group.GroupChannel.send(GroupChannel.java:230)
	at org.apache.catalina.tribes.group.GroupChannel.send(GroupChannel.java:183)
	at org.apache.catalina.tribes.test.channel.TestDataIntegrity$2.run(TestDataIntegrity.java:101)
org.apache.catalina.tribes.ChannelException: Operation has timed out(3000 ms.).; Faulty members:tcp://172.16.0.26:4001; 
	at org.apache.catalina.tribes.transport.nio.ParallelNioSender.sendMessage(ParallelNioSender.java:105)
	at org.apache.catalina.tribes.transport.nio.PooledParallelSender.sendMessage(PooledParallelSender.java:44)
	at org.apache.catalina.tribes.transport.ReplicationTransmitter.sendMessage(ReplicationTransmitter.java:54)
	at org.apache.catalina.tribes.group.ChannelCoordinator.sendMessage(ChannelCoordinator.java:79)
	at org.apache.catalina.tribes.group.ChannelInterceptorBase.sendMessage(ChannelInterceptorBase.java:76)
	at org.apache.catalina.tribes.group.ChannelInterceptorBase.sendMessage(ChannelInterceptorBase.java:76)
	at org.apache.catalina.tribes.group.interceptors.MessageDispatchInterceptor.sendMessage(MessageDispatchInterceptor.java:63)
	at org.apache.catalina.tribes.group.ChannelInterceptorBase.sendMessage(ChannelInterceptorBase.java:76)
	at org.apache.catalina.tribes.group.GroupChannel.send(GroupChannel.java:230)
	at org.apache.catalina.tribes.group.GroupChannel.send(GroupChannel.java:183)
	at org.apache.catalina.tribes.test.channel.TestDataIntegrity$2.run(TestDataIntegrity.java:101)
org.apache.catalina.tribes.ChannelException: Operation has timed out(3000 ms.).; Faulty members:tcp://172.16.0.26:4001; 
	at org.apache.catalina.tribes.transport.nio.ParallelNioSender.sendMessage(ParallelNioSender.java:105)
	at org.apache.catalina.tribes.transport.nio.PooledParallelSender.sendMessage(PooledParallelSender.java:44)
	at org.apache.catalina.tribes.transport.ReplicationTransmitter.sendMessage(ReplicationTransmitter.java:54)
	at org.apache.catalina.tribes.group.ChannelCoordinator.sendMessage(ChannelCoordinator.java:79)
	at org.apache.catalina.tribes.group.ChannelInterceptorBase.sendMessage(ChannelInterceptorBase.java:76)
	at org.apache.catalina.tribes.group.ChannelInterceptorBase.sendMessage(ChannelInterceptorBase.java:76)
	at org.apache.catalina.tribes.group.interceptors.MessageDispatchInterceptor.sendMessage(MessageDispatchInterceptor.java:63)
	at org.apache.catalina.tribes.group.ChannelInterceptorBase.sendMessage(ChannelInterceptorBase.java:76)
	at org.apache.catalina.tribes.group.GroupChannel.send(GroupChannel.java:230)
	at org.apache.catalina.tribes.group.GroupChannel.send(GroupChannel.java:183)
	at org.apache.catalina.tribes.test.channel.TestDataIntegrity$2.run(TestDataIntegrity.java:101)
org.apache.catalina.tribes.ChannelException: Operation has timed out(3000 ms.).; Faulty members:tcp://172.16.0.26:4001; 
	at org.apache.catalina.tribes.transport.nio.ParallelNioSender.sendMessage(ParallelNioSender.java:105)
	at org.apache.catalina.tribes.transport.nio.PooledParallelSender.sendMessage(PooledParallelSender.java:44)
	at org.apache.catalina.tribes.transport.ReplicationTransmitter.sendMessage(ReplicationTransmitter.java:54)
	at org.apache.catalina.tribes.group.ChannelCoordinator.sendMessage(ChannelCoordinator.java:79)
	at org.apache.catalina.tribes.group.ChannelInterceptorBase.sendMessage(ChannelInterceptorBase.java:76)
	at org.apache.catalina.tribes.group.ChannelInterceptorBase.sendMessage(ChannelInterceptorBase.java:76)
	at org.apache.catalina.tribes.group.interceptors.MessageDispatchInterceptor.sendMessage(MessageDispatchInterceptor.java:63)
	at org.apache.catalina.tribes.group.ChannelInterceptorBase.sendMessage(ChannelInterceptorBase.java:76)
	at org.apache.catalina.tribes.group.GroupChannel.send(GroupChannel.java:230)
	at org.apache.catalina.tribes.group.GroupChannel.send(GroupChannel.java:183)
	at org.apache.catalina.tribes.test.channel.TestDataIntegrity$2.run(TestDataIntegrity.java:101)
org.apache.catalina.tribes.ChannelException: Operation has timed out(3000 ms.).; Faulty members:tcp://172.16.0.26:4001; 
	at org.apache.catalina.tribes.transport.nio.ParallelNioSender.sendMessage(ParallelNioSender.java:105)
	at org.apache.catalina.tribes.transport.nio.PooledParallelSender.sendMessage(PooledParallelSender.java:44)
	at org.apache.catalina.tribes.transport.ReplicationTransmitter.sendMessage(ReplicationTransmitter.java:54)
	at org.apache.catalina.tribes.group.ChannelCoordinator.sendMessage(ChannelCoordinator.java:79)
	at org.apache.catalina.tribes.group.ChannelInterceptorBase.sendMessage(ChannelInterceptorBase.java:76)
	at org.apache.catalina.tribes.group.ChannelInterceptorBase.sendMessage(ChannelInterceptorBase.java:76)
	at org.apache.catalina.tribes.group.interceptors.MessageDispatchInterceptor.sendMessage(MessageDispatchInterceptor.java:63)
	at org.apache.catalina.tribes.group.ChannelInterceptorBase.sendMessage(ChannelInterceptorBase.java:76)
	at org.apache.catalina.tribes.group.GroupChannel.send(GroupChannel.java:230)
	at org.apache.catalina.tribes.group.GroupChannel.send(GroupChannel.java:183)
	at org.apache.catalina.tribes.test.channel.TestDataIntegrity$2.run(TestDataIntegrity.java:101)
org.apache.catalina.tribes.ChannelException: Operation has timed out(3000 ms.).; Faulty members:tcp://172.16.0.26:4001; 
	at org.apache.catalina.tribes.transport.nio.ParallelNioSender.sendMessage(ParallelNioSender.java:105)
	at org.apache.catalina.tribes.transport.nio.PooledParallelSender.sendMessage(PooledParallelSender.java:44)
	at org.apache.catalina.tribes.transport.ReplicationTransmitter.sendMessage(ReplicationTransmitter.java:54)
	at org.apache.catalina.tribes.group.ChannelCoordinator.sendMessage(ChannelCoordinator.java:79)
	at org.apache.catalina.tribes.group.ChannelInterceptorBase.sendMessage(ChannelInterceptorBase.java:76)
	at org.apache.catalina.tribes.group.ChannelInterceptorBase.sendMessage(ChannelInterceptorBase.java:76)
	at org.apache.catalina.tribes.group.interceptors.MessageDispatchInterceptor.sendMessage(MessageDispatchInterceptor.java:63)
	at org.apache.catalina.tribes.group.ChannelInterceptorBase.sendMessage(ChannelInterceptorBase.java:76)
	at org.apache.catalina.tribes.group.GroupChannel.send(GroupChannel.java:230)
	at org.apache.catalina.tribes.group.GroupChannel.send(GroupChannel.java:183)
	at org.apache.catalina.tribes.test.channel.TestDataIntegrity$2.run(TestDataIntegrity.java:101)
SUCCESS:3000
org.apache.catalina.tribes.ChannelException: Operation has timed out(3000 ms.).; Faulty members:tcp://172.16.0.26:4001; 
	at org.apache.catalina.tribes.transport.nio.ParallelNioSender.sendMessage(ParallelNioSender.java:105)
	at org.apache.catalina.tribes.transport.nio.PooledParallelSender.sendMessage(PooledParallelSender.java:44)
	at org.apache.catalina.tribes.transport.ReplicationTransmitter.sendMessage(ReplicationTransmitter.java:54)
	at org.apache.catalina.tribes.group.ChannelCoordinator.sendMessage(ChannelCoordinator.java:79)
	at org.apache.catalina.tribes.group.ChannelInterceptorBase.sendMessage(ChannelInterceptorBase.java:76)
	at org.apache.catalina.tribes.group.ChannelInterceptorBase.sendMessage(ChannelInterceptorBase.java:76)
	at org.apache.catalina.tribes.group.interceptors.MessageDispatchInterceptor.sendMessage(MessageDispatchInterceptor.java:63)
	at org.apache.catalina.tribes.group.ChannelInterceptorBase.sendMessage(ChannelInterceptorBase.java:76)
	at org.apache.catalina.tribes.group.GroupChannel.send(GroupChannel.java:230)
	at org.apache.catalina.tribes.group.GroupChannel.send(GroupChannel.java:183)
	at org.apache.catalina.tribes.test.channel.TestDataIntegrity$2.run(TestDataIntegrity.java:101)
org.apache.catalina.tribes.ChannelException: Operation has timed out(3000 ms.).; Faulty members:tcp://172.16.0.26:4001; 
	at org.apache.catalina.tribes.transport.nio.ParallelNioSender.sendMessage(ParallelNioSender.java:105)
	at org.apache.catalina.tribes.transport.nio.PooledParallelSender.sendMessage(PooledParallelSender.java:44)
	at org.apache.catalina.tribes.transport.ReplicationTransmitter.sendMessage(ReplicationTransmitter.java:54)
	at org.apache.catalina.tribes.group.ChannelCoordinator.sendMessage(ChannelCoordinator.java:79)
	at org.apache.catalina.tribes.group.ChannelInterceptorBase.sendMessage(ChannelInterceptorBase.java:76)
	at org.apache.catalina.tribes.group.ChannelInterceptorBase.sendMessage(ChannelInterceptorBase.java:76)
	at org.apache.catalina.tribes.group.interceptors.MessageDispatchInterceptor.sendMessage(MessageDispatchInterceptor.java:63)
	at org.apache.catalina.tribes.group.ChannelInterceptorBase.sendMessage(ChannelInterceptorBase.java:76)
	at org.apache.catalina.tribes.group.GroupChannel.send(GroupChannel.java:230)
	at org.apache.catalina.tribes.group.GroupChannel.send(GroupChannel.java:183)
	at org.apache.catalina.tribes.test.channel.TestDataIntegrity$2.run(TestDataIntegrity.java:101)
SUCCESS:4000
org.apache.catalina.tribes.ChannelException: Operation has timed out(3000 ms.).; Faulty members:tcp://172.16.0.26:4001; 
	at org.apache.catalina.tribes.transport.nio.ParallelNioSender.sendMessage(ParallelNioSender.java:105)
	at org.apache.catalina.tribes.transport.nio.PooledParallelSender.sendMessage(PooledParallelSender.java:44)
	at org.apache.catalina.tribes.transport.ReplicationTransmitter.sendMessage(ReplicationTransmitter.java:54)
	at org.apache.catalina.tribes.group.ChannelCoordinator.sendMessage(ChannelCoordinator.java:79)
	at org.apache.catalina.tribes.group.ChannelInterceptorBase.sendMessage(ChannelInterceptorBase.java:76)
	at org.apache.catalina.tribes.group.ChannelInterceptorBase.sendMessage(ChannelInterceptorBase.java:76)
	at org.apache.catalina.tribes.group.interceptors.MessageDispatchInterceptor.sendMessage(MessageDispatchInterceptor.java:63)
	at org.apache.catalina.tribes.group.ChannelInterceptorBase.sendMessage(ChannelInterceptorBase.java:76)
	at org.apache.catalina.tribes.group.GroupChannel.send(GroupChannel.java:230)
	at org.apache.catalina.tribes.group.GroupChannel.send(GroupChannel.java:183)
	at org.apache.catalina.tribes.test.channel.TestDataIntegrity$2.run(TestDataIntegrity.java:101)
org.apache.catalina.tribes.ChannelException: Operation has timed out(3000 ms.).; Faulty members:tcp://172.16.0.26:4001; 
	at org.apache.catalina.tribes.transport.nio.ParallelNioSender.sendMessage(ParallelNioSender.java:105)
	at org.apache.catalina.tribes.transport.nio.PooledParallelSender.sendMessage(PooledParallelSender.java:44)
	at org.apache.catalina.tribes.transport.ReplicationTransmitter.sendMessage(ReplicationTransmitter.java:54)
	at org.apache.catalina.tribes.group.ChannelCoordinator.sendMessage(ChannelCoordinator.java:79)
	at org.apache.catalina.tribes.group.ChannelInterceptorBase.sendMessage(ChannelInterceptorBase.java:76)
	at org.apache.catalina.tribes.group.ChannelInterceptorBase.sendMessage(ChannelInterceptorBase.java:76)
	at org.apache.catalina.tribes.group.interceptors.MessageDispatchInterceptor.sendMessage(MessageDispatchInterceptor.java:63)
	at org.apache.catalina.tribes.group.ChannelInterceptorBase.sendMessage(ChannelInterceptorBase.java:76)
	at org.apache.catalina.tribes.group.GroupChannel.send(GroupChannel.java:230)
	at org.apache.catalina.tribes.group.GroupChannel.send(GroupChannel.java:183)
	at org.apache.catalina.tribes.test.channel.TestDataIntegrity$2.run(TestDataIntegrity.java:101)
Finished ASYNC MULTI THREAD [4290]
</system-err>
  </testcase>
  <testcase classname="org.apache.catalina.tribes.test.channel.TestDataIntegrity" name="testDataSendNO_ACK" time="24.584">
    <failure message="Checking success messages. expected:&lt;10000&gt; but was:&lt;1014&gt;" type="java.lang.AssertionError">java.lang.AssertionError: Checking success messages. expected:&lt;10000&gt; but was:&lt;1014&gt;
	at org.junit.Assert.fail(Assert.java:88)
	at org.junit.Assert.failNotEquals(Assert.java:834)
	at org.junit.Assert.assertEquals(Assert.java:645)
	at org.apache.catalina.tribes.test.channel.TestDataIntegrity.testDataSendNO_ACK(TestDataIntegrity.java:88)
	at sun.reflect.NativeMethodAccessorImpl.invoke0(Native Method)
	at sun.reflect.NativeMethodAccessorImpl.invoke(NativeMethodAccessorImpl.java:62)
	at sun.reflect.DelegatingMethodAccessorImpl.invoke(DelegatingMethodAccessorImpl.java:43)
	at java.lang.reflect.Method.invoke(Method.java:483)
	at org.junit.runners.model.FrameworkMethod$1.runReflectiveCall(FrameworkMethod.java:50)
	at org.junit.internal.runners.model.ReflectiveCallable.run(ReflectiveCallable.java:12)
	at org.junit.runners.model.FrameworkMethod.invokeExplosively(FrameworkMethod.java:47)
	at org.junit.internal.runners.statements.InvokeMethod.evaluate(InvokeMethod.java:17)
	at org.junit.internal.runners.statements.RunBefores.evaluate(RunBefores.java:26)
	at org.junit.internal.runners.statements.RunAfters.evaluate(RunAfters.java:27)
	at org.junit.runners.ParentRunner.runLeaf(ParentRunner.java:325)
	at org.junit.runners.BlockJUnit4ClassRunner.runChild(BlockJUnit4ClassRunner.java:78)
	at org.junit.runners.BlockJUnit4ClassRunner.runChild(BlockJUnit4ClassRunner.java:57)
	at org.junit.runners.ParentRunner$3.run(ParentRunner.java:290)
	at org.junit.runners.ParentRunner$1.schedule(ParentRunner.java:71)
	at org.junit.runners.ParentRunner.runChildren(ParentRunner.java:288)
	at org.junit.runners.ParentRunner.access$000(ParentRunner.java:58)
	at org.junit.runners.ParentRunner$2.evaluate(ParentRunner.java:268)
	at org.junit.runners.ParentRunner.run(ParentRunner.java:363)
	at org.apache.maven.surefire.junit4.JUnit4TestSet.execute(JUnit4TestSet.java:53)
	at org.apache.maven.surefire.junit4.JUnit4Provider.executeTestSet(JUnit4Provider.java:123)
	at org.apache.maven.surefire.junit4.JUnit4Provider.invoke(JUnit4Provider.java:104)
	at sun.reflect.NativeMethodAccessorImpl.invoke0(Native Method)
	at sun.reflect.NativeMethodAccessorImpl.invoke(NativeMethodAccessorImpl.java:62)
	at sun.reflect.DelegatingMethodAccessorImpl.invoke(DelegatingMethodAccessorImpl.java:43)
	at java.lang.reflect.Method.invoke(Method.java:483)
	at org.apache.maven.surefire.util.ReflectionUtils.invokeMethodWithArray(ReflectionUtils.java:164)
	at org.apache.maven.surefire.booter.ProviderFactory$ProviderProxy.invoke(ProviderFactory.java:110)
	at org.apache.maven.surefire.booter.SurefireStarter.invokeProvider(SurefireStarter.java:175)
	at org.apache.maven.surefire.booter.SurefireStarter.runSuitesInProcessWhenForked(SurefireStarter.java:107)
	at org.apache.maven.surefire.booter.ForkedBooter.main(ForkedBooter.java:68)
</failure>
    <system-out>Thread[Thread-833] sent 500 messages in 439 ms.
</system-out>
    <system-err>Starting NO_ACK
org.apache.catalina.tribes.ChannelException: Operation has timed out(3000 ms.).; Faulty members:tcp://172.16.0.26:4001; 
	at org.apache.catalina.tribes.transport.nio.ParallelNioSender.sendMessage(ParallelNioSender.java:105)
	at org.apache.catalina.tribes.transport.nio.PooledParallelSender.sendMessage(PooledParallelSender.java:44)
	at org.apache.catalina.tribes.transport.ReplicationTransmitter.sendMessage(ReplicationTransmitter.java:54)
	at org.apache.catalina.tribes.group.ChannelCoordinator.sendMessage(ChannelCoordinator.java:79)
	at org.apache.catalina.tribes.group.ChannelInterceptorBase.sendMessage(ChannelInterceptorBase.java:76)
	at org.apache.catalina.tribes.group.ChannelInterceptorBase.sendMessage(ChannelInterceptorBase.java:76)
	at org.apache.catalina.tribes.group.interceptors.MessageDispatchInterceptor.sendMessage(MessageDispatchInterceptor.java:78)
	at org.apache.catalina.tribes.group.ChannelInterceptorBase.sendMessage(ChannelInterceptorBase.java:76)
	at org.apache.catalina.tribes.group.GroupChannel.send(GroupChannel.java:230)
	at org.apache.catalina.tribes.group.GroupChannel.send(GroupChannel.java:183)
	at org.apache.catalina.tribes.test.channel.TestDataIntegrity$1.run(TestDataIntegrity.java:73)
org.apache.catalina.tribes.ChannelException: Operation has timed out(3000 ms.).; Faulty members:tcp://172.16.0.26:4001; 
	at org.apache.catalina.tribes.transport.nio.ParallelNioSender.sendMessage(ParallelNioSender.java:105)
	at org.apache.catalina.tribes.transport.nio.PooledParallelSender.sendMessage(PooledParallelSender.java:44)
	at org.apache.catalina.tribes.transport.ReplicationTransmitter.sendMessage(ReplicationTransmitter.java:54)
	at org.apache.catalina.tribes.group.ChannelCoordinator.sendMessage(ChannelCoordinator.java:79)
	at org.apache.catalina.tribes.group.ChannelInterceptorBase.sendMessage(ChannelInterceptorBase.java:76)
	at org.apache.catalina.tribes.group.ChannelInterceptorBase.sendMessage(ChannelInterceptorBase.java:76)
	at org.apache.catalina.tribes.group.interceptors.MessageDispatchInterceptor.sendMessage(MessageDispatchInterceptor.java:78)
	at org.apache.catalina.tribes.group.ChannelInterceptorBase.sendMessage(ChannelInterceptorBase.java:76)
	at org.apache.catalina.tribes.group.GroupChannel.send(GroupChannel.java:230)
	at org.apache.catalina.tribes.group.GroupChannel.send(GroupChannel.java:183)
	at org.apache.catalina.tribes.test.channel.TestDataIntegrity$1.run(TestDataIntegrity.java:73)
org.apache.catalina.tribes.ChannelException: Operation has timed out(3000 ms.).; Faulty members:tcp://172.16.0.26:4001; 
	at org.apache.catalina.tribes.transport.nio.ParallelNioSender.sendMessage(ParallelNioSender.java:105)
	at org.apache.catalina.tribes.transport.nio.PooledParallelSender.sendMessage(PooledParallelSender.java:44)
	at org.apache.catalina.tribes.transport.ReplicationTransmitter.sendMessage(ReplicationTransmitter.java:54)
	at org.apache.catalina.tribes.group.ChannelCoordinator.sendMessage(ChannelCoordinator.java:79)
	at org.apache.catalina.tribes.group.ChannelInterceptorBase.sendMessage(ChannelInterceptorBase.java:76)
	at org.apache.catalina.tribes.group.ChannelInterceptorBase.sendMessage(ChannelInterceptorBase.java:76)
	at org.apache.catalina.tribes.group.interceptors.MessageDispatchInterceptor.sendMessage(MessageDispatchInterceptor.java:78)
	at org.apache.catalina.tribes.group.ChannelInterceptorBase.sendMessage(ChannelInterceptorBase.java:76)
	at org.apache.catalina.tribes.group.GroupChannel.send(GroupChannel.java:230)
	at org.apache.catalina.tribes.group.GroupChannel.send(GroupChannel.java:183)
	at org.apache.catalina.tribes.test.channel.TestDataIntegrity$1.run(TestDataIntegrity.java:73)
org.apache.catalina.tribes.ChannelException: Operation has timed out(3000 ms.).; Faulty members:tcp://172.16.0.26:4001; 
	at org.apache.catalina.tribes.transport.nio.ParallelNioSender.sendMessage(ParallelNioSender.java:105)
	at org.apache.catalina.tribes.transport.nio.PooledParallelSender.sendMessage(PooledParallelSender.java:44)
	at org.apache.catalina.tribes.transport.ReplicationTransmitter.sendMessage(ReplicationTransmitter.java:54)
	at org.apache.catalina.tribes.group.ChannelCoordinator.sendMessage(ChannelCoordinator.java:79)
	at org.apache.catalina.tribes.group.ChannelInterceptorBase.sendMessage(ChannelInterceptorBase.java:76)
	at org.apache.catalina.tribes.group.ChannelInterceptorBase.sendMessage(ChannelInterceptorBase.java:76)
	at org.apache.catalina.tribes.group.interceptors.MessageDispatchInterceptor.sendMessage(MessageDispatchInterceptor.java:78)
	at org.apache.catalina.tribes.group.ChannelInterceptorBase.sendMessage(ChannelInterceptorBase.java:76)
	at org.apache.catalina.tribes.group.GroupChannel.send(GroupChannel.java:230)
	at org.apache.catalina.tribes.group.GroupChannel.send(GroupChannel.java:183)
	at org.apache.catalina.tribes.test.channel.TestDataIntegrity$1.run(TestDataIntegrity.java:73)
org.apache.catalina.tribes.ChannelException: Operation has timed out(3000 ms.).; Faulty members:tcp://172.16.0.26:4001; 
	at org.apache.catalina.tribes.transport.nio.ParallelNioSender.sendMessage(ParallelNioSender.java:105)
	at org.apache.catalina.tribes.transport.nio.PooledParallelSender.sendMessage(PooledParallelSender.java:44)
	at org.apache.catalina.tribes.transport.ReplicationTransmitter.sendMessage(ReplicationTransmitter.java:54)
	at org.apache.catalina.tribes.group.ChannelCoordinator.sendMessage(ChannelCoordinator.java:79)
	at org.apache.catalina.tribes.group.ChannelInterceptorBase.sendMessage(ChannelInterceptorBase.java:76)
	at org.apache.catalina.tribes.group.ChannelInterceptorBase.sendMessage(ChannelInterceptorBase.java:76)
	at org.apache.catalina.tribes.group.interceptors.MessageDispatchInterceptor.sendMessage(MessageDispatchInterceptor.java:78)
	at org.apache.catalina.tribes.group.ChannelInterceptorBase.sendMessage(ChannelInterceptorBase.java:76)
	at org.apache.catalina.tribes.group.GroupChannel.send(GroupChannel.java:230)
	at org.apache.catalina.tribes.group.GroupChannel.send(GroupChannel.java:183)
	at org.apache.catalina.tribes.test.channel.TestDataIntegrity$1.run(TestDataIntegrity.java:73)
org.apache.catalina.tribes.ChannelException: Operation has timed out(3000 ms.).; Faulty members:tcp://172.16.0.26:4001; 
	at org.apache.catalina.tribes.transport.nio.ParallelNioSender.sendMessage(ParallelNioSender.java:105)
	at org.apache.catalina.tribes.transport.nio.PooledParallelSender.sendMessage(PooledParallelSender.java:44)
	at org.apache.catalina.tribes.transport.ReplicationTransmitter.sendMessage(ReplicationTransmitter.java:54)
	at org.apache.catalina.tribes.group.ChannelCoordinator.sendMessage(ChannelCoordinator.java:79)
	at org.apache.catalina.tribes.group.ChannelInterceptorBase.sendMessage(ChannelInterceptorBase.java:76)
	at org.apache.catalina.tribes.group.ChannelInterceptorBase.sendMessage(ChannelInterceptorBase.java:76)
	at org.apache.catalina.tribes.group.interceptors.MessageDispatchInterceptor.sendMessage(MessageDispatchInterceptor.java:78)
	at org.apache.catalina.tribes.group.ChannelInterceptorBase.sendMessage(ChannelInterceptorBase.java:76)
	at org.apache.catalina.tribes.group.GroupChannel.send(GroupChannel.java:230)
	at org.apache.catalina.tribes.group.GroupChannel.send(GroupChannel.java:183)
	at org.apache.catalina.tribes.test.channel.TestDataIntegrity$1.run(TestDataIntegrity.java:73)
org.apache.catalina.tribes.ChannelException: Operation has timed out(3000 ms.).; Faulty members:tcp://172.16.0.26:4001; 
	at org.apache.catalina.tribes.transport.nio.ParallelNioSender.sendMessage(ParallelNioSender.java:105)
	at org.apache.catalina.tribes.transport.nio.PooledParallelSender.sendMessage(PooledParallelSender.java:44)
	at org.apache.catalina.tribes.transport.ReplicationTransmitter.sendMessage(ReplicationTransmitter.java:54)
	at org.apache.catalina.tribes.group.ChannelCoordinator.sendMessage(ChannelCoordinator.java:79)
	at org.apache.catalina.tribes.group.ChannelInterceptorBase.sendMessage(ChannelInterceptorBase.java:76)
	at org.apache.catalina.tribes.group.ChannelInterceptorBase.sendMessage(ChannelInterceptorBase.java:76)
	at org.apache.catalina.tribes.group.interceptors.MessageDispatchInterceptor.sendMessage(MessageDispatchInterceptor.java:78)
	at org.apache.catalina.tribes.group.ChannelInterceptorBase.sendMessage(ChannelInterceptorBase.java:76)
	at org.apache.catalina.tribes.group.GroupChannel.send(GroupChannel.java:230)
	at org.apache.catalina.tribes.group.GroupChannel.send(GroupChannel.java:183)
	at org.apache.catalina.tribes.test.channel.TestDataIntegrity$1.run(TestDataIntegrity.java:73)
org.apache.catalina.tribes.ChannelException: Operation has timed out(3000 ms.).; Faulty members:tcp://172.16.0.26:4001; 
	at org.apache.catalina.tribes.transport.nio.ParallelNioSender.sendMessage(ParallelNioSender.java:105)
	at org.apache.catalina.tribes.transport.nio.PooledParallelSender.sendMessage(PooledParallelSender.java:44)
	at org.apache.catalina.tribes.transport.ReplicationTransmitter.sendMessage(ReplicationTransmitter.java:54)
	at org.apache.catalina.tribes.group.ChannelCoordinator.sendMessage(ChannelCoordinator.java:79)
	at org.apache.catalina.tribes.group.ChannelInterceptorBase.sendMessage(ChannelInterceptorBase.java:76)
	at org.apache.catalina.tribes.group.ChannelInterceptorBase.sendMessage(ChannelInterceptorBase.java:76)
	at org.apache.catalina.tribes.group.interceptors.MessageDispatchInterceptor.sendMessage(MessageDispatchInterceptor.java:78)
	at org.apache.catalina.tribes.group.ChannelInterceptorBase.sendMessage(ChannelInterceptorBase.java:76)
	at org.apache.catalina.tribes.group.GroupChannel.send(GroupChannel.java:230)
	at org.apache.catalina.tribes.group.GroupChannel.send(GroupChannel.java:183)
	at org.apache.catalina.tribes.test.channel.TestDataIntegrity$1.run(TestDataIntegrity.java:73)
org.apache.catalina.tribes.ChannelException: Operation has timed out(3000 ms.).; Faulty members:tcp://172.16.0.26:4001; 
	at org.apache.catalina.tribes.transport.nio.ParallelNioSender.sendMessage(ParallelNioSender.java:105)
	at org.apache.catalina.tribes.transport.nio.PooledParallelSender.sendMessage(PooledParallelSender.java:44)
	at org.apache.catalina.tribes.transport.ReplicationTransmitter.sendMessage(ReplicationTransmitter.java:54)
	at org.apache.catalina.tribes.group.ChannelCoordinator.sendMessage(ChannelCoordinator.java:79)
	at org.apache.catalina.tribes.group.ChannelInterceptorBase.sendMessage(ChannelInterceptorBase.java:76)
	at org.apache.catalina.tribes.group.ChannelInterceptorBase.sendMessage(ChannelInterceptorBase.java:76)
	at org.apache.catalina.tribes.group.interceptors.MessageDispatchInterceptor.sendMessage(MessageDispatchInterceptor.java:78)
	at org.apache.catalina.tribes.group.ChannelInterceptorBase.sendMessage(ChannelInterceptorBase.java:76)
	at org.apache.catalina.tribes.group.GroupChannel.send(GroupChannel.java:230)
	at org.apache.catalina.tribes.group.GroupChannel.send(GroupChannel.java:183)
	at org.apache.catalina.tribes.test.channel.TestDataIntegrity$1.run(TestDataIntegrity.java:73)
org.apache.catalina.tribes.ChannelException: Operation has timed out(3000 ms.).; Faulty members:tcp://172.16.0.26:4001; 
	at org.apache.catalina.tribes.transport.nio.ParallelNioSender.sendMessage(ParallelNioSender.java:105)
	at org.apache.catalina.tribes.transport.nio.PooledParallelSender.sendMessage(PooledParallelSender.java:44)
	at org.apache.catalina.tribes.transport.ReplicationTransmitter.sendMessage(ReplicationTransmitter.java:54)
	at org.apache.catalina.tribes.group.ChannelCoordinator.sendMessage(ChannelCoordinator.java:79)
	at org.apache.catalina.tribes.group.ChannelInterceptorBase.sendMessage(ChannelInterceptorBase.java:76)
	at org.apache.catalina.tribes.group.ChannelInterceptorBase.sendMessage(ChannelInterceptorBase.java:76)
	at org.apache.catalina.tribes.group.interceptors.MessageDispatchInterceptor.sendMessage(MessageDispatchInterceptor.java:78)
	at org.apache.catalina.tribes.group.ChannelInterceptorBase.sendMessage(ChannelInterceptorBase.java:76)
	at org.apache.catalina.tribes.group.GroupChannel.send(GroupChannel.java:230)
	at org.apache.catalina.tribes.group.GroupChannel.send(GroupChannel.java:183)
	at org.apache.catalina.tribes.test.channel.TestDataIntegrity$1.run(TestDataIntegrity.java:73)
org.apache.catalina.tribes.ChannelException: Operation has timed out(3000 ms.).; Faulty members:tcp://172.16.0.26:4001; 
	at org.apache.catalina.tribes.transport.nio.ParallelNioSender.sendMessage(ParallelNioSender.java:105)
	at org.apache.catalina.tribes.transport.nio.PooledParallelSender.sendMessage(PooledParallelSender.java:44)
	at org.apache.catalina.tribes.transport.ReplicationTransmitter.sendMessage(ReplicationTransmitter.java:54)
	at org.apache.catalina.tribes.group.ChannelCoordinator.sendMessage(ChannelCoordinator.java:79)
	at org.apache.catalina.tribes.group.ChannelInterceptorBase.sendMessage(ChannelInterceptorBase.java:76)
	at org.apache.catalina.tribes.group.ChannelInterceptorBase.sendMessage(ChannelInterceptorBase.java:76)
	at org.apache.catalina.tribes.group.interceptors.MessageDispatchInterceptor.sendMessage(MessageDispatchInterceptor.java:78)
	at org.apache.catalina.tribes.group.ChannelInterceptorBase.sendMessage(ChannelInterceptorBase.java:76)
	at org.apache.catalina.tribes.group.GroupChannel.send(GroupChannel.java:230)
	at org.apache.catalina.tribes.group.GroupChannel.send(GroupChannel.java:183)
	at org.apache.catalina.tribes.test.channel.TestDataIntegrity$1.run(TestDataIntegrity.java:73)
org.apache.catalina.tribes.ChannelException: Operation has timed out(3000 ms.).; Faulty members:tcp://172.16.0.26:4001; 
	at org.apache.catalina.tribes.transport.nio.ParallelNioSender.sendMessage(ParallelNioSender.java:105)
	at org.apache.catalina.tribes.transport.nio.PooledParallelSender.sendMessage(PooledParallelSender.java:44)
	at org.apache.catalina.tribes.transport.ReplicationTransmitter.sendMessage(ReplicationTransmitter.java:54)
	at org.apache.catalina.tribes.group.ChannelCoordinator.sendMessage(ChannelCoordinator.java:79)
	at org.apache.catalina.tribes.group.ChannelInterceptorBase.sendMessage(ChannelInterceptorBase.java:76)
	at org.apache.catalina.tribes.group.ChannelInterceptorBase.sendMessage(ChannelInterceptorBase.java:76)
	at org.apache.catalina.tribes.group.interceptors.MessageDispatchInterceptor.sendMessage(MessageDispatchInterceptor.java:78)
	at org.apache.catalina.tribes.group.ChannelInterceptorBase.sendMessage(ChannelInterceptorBase.java:76)
	at org.apache.catalina.tribes.group.GroupChannel.send(GroupChannel.java:230)
	at org.apache.catalina.tribes.group.GroupChannel.send(GroupChannel.java:183)
	at org.apache.catalina.tribes.test.channel.TestDataIntegrity$1.run(TestDataIntegrity.java:73)
org.apache.catalina.tribes.ChannelException: Operation has timed out(3000 ms.).; Faulty members:tcp://172.16.0.26:4001; 
	at org.apache.catalina.tribes.transport.nio.ParallelNioSender.sendMessage(ParallelNioSender.java:105)
	at org.apache.catalina.tribes.transport.nio.PooledParallelSender.sendMessage(PooledParallelSender.java:44)
	at org.apache.catalina.tribes.transport.ReplicationTransmitter.sendMessage(ReplicationTransmitter.java:54)
	at org.apache.catalina.tribes.group.ChannelCoordinator.sendMessage(ChannelCoordinator.java:79)
	at org.apache.catalina.tribes.group.ChannelInterceptorBase.sendMessage(ChannelInterceptorBase.java:76)
	at org.apache.catalina.tribes.group.ChannelInterceptorBase.sendMessage(ChannelInterceptorBase.java:76)
	at org.apache.catalina.tribes.group.interceptors.MessageDispatchInterceptor.sendMessage(MessageDispatchInterceptor.java:78)
	at org.apache.catalina.tribes.group.ChannelInterceptorBase.sendMessage(ChannelInterceptorBase.java:76)
	at org.apache.catalina.tribes.group.GroupChannel.send(GroupChannel.java:230)
	at org.apache.catalina.tribes.group.GroupChannel.send(GroupChannel.java:183)
	at org.apache.catalina.tribes.test.channel.TestDataIntegrity$1.run(TestDataIntegrity.java:73)
org.apache.catalina.tribes.ChannelException: Operation has timed out(3000 ms.).; Faulty members:tcp://172.16.0.26:4001; 
	at org.apache.catalina.tribes.transport.nio.ParallelNioSender.sendMessage(ParallelNioSender.java:105)
	at org.apache.catalina.tribes.transport.nio.PooledParallelSender.sendMessage(PooledParallelSender.java:44)
	at org.apache.catalina.tribes.transport.ReplicationTransmitter.sendMessage(ReplicationTransmitter.java:54)
	at org.apache.catalina.tribes.group.ChannelCoordinator.sendMessage(ChannelCoordinator.java:79)
	at org.apache.catalina.tribes.group.ChannelInterceptorBase.sendMessage(ChannelInterceptorBase.java:76)
	at org.apache.catalina.tribes.group.ChannelInterceptorBase.sendMessage(ChannelInterceptorBase.java:76)
	at org.apache.catalina.tribes.group.interceptors.MessageDispatchInterceptor.sendMessage(MessageDispatchInterceptor.java:78)
	at org.apache.catalina.tribes.group.ChannelInterceptorBase.sendMessage(ChannelInterceptorBase.java:76)
	at org.apache.catalina.tribes.group.GroupChannel.send(GroupChannel.java:230)
	at org.apache.catalina.tribes.group.GroupChannel.send(GroupChannel.java:183)
	at org.apache.catalina.tribes.test.channel.TestDataIntegrity$1.run(TestDataIntegrity.java:73)
org.apache.catalina.tribes.ChannelException: Operation has timed out(3000 ms.).; Faulty members:tcp://172.16.0.26:4001; 
	at org.apache.catalina.tribes.transport.nio.ParallelNioSender.sendMessage(ParallelNioSender.java:105)
	at org.apache.catalina.tribes.transport.nio.PooledParallelSender.sendMessage(PooledParallelSender.java:44)
	at org.apache.catalina.tribes.transport.ReplicationTransmitter.sendMessage(ReplicationTransmitter.java:54)
	at org.apache.catalina.tribes.group.ChannelCoordinator.sendMessage(ChannelCoordinator.java:79)
	at org.apache.catalina.tribes.group.ChannelInterceptorBase.sendMessage(ChannelInterceptorBase.java:76)
	at org.apache.catalina.tribes.group.ChannelInterceptorBase.sendMessage(ChannelInterceptorBase.java:76)
	at org.apache.catalina.tribes.group.interceptors.MessageDispatchInterceptor.sendMessage(MessageDispatchInterceptor.java:78)
	at org.apache.catalina.tribes.group.ChannelInterceptorBase.sendMessage(ChannelInterceptorBase.java:76)
	at org.apache.catalina.tribes.group.GroupChannel.send(GroupChannel.java:230)
	at org.apache.catalina.tribes.group.GroupChannel.send(GroupChannel.java:183)
	at org.apache.catalina.tribes.test.channel.TestDataIntegrity$1.run(TestDataIntegrity.java:73)
org.apache.catalina.tribes.ChannelException: Operation has timed out(3000 ms.).; Faulty members:tcp://172.16.0.26:4001; 
	at org.apache.catalina.tribes.transport.nio.ParallelNioSender.sendMessage(ParallelNioSender.java:105)
	at org.apache.catalina.tribes.transport.nio.PooledParallelSender.sendMessage(PooledParallelSender.java:44)
	at org.apache.catalina.tribes.transport.ReplicationTransmitter.sendMessage(ReplicationTransmitter.java:54)
	at org.apache.catalina.tribes.group.ChannelCoordinator.sendMessage(ChannelCoordinator.java:79)
	at org.apache.catalina.tribes.group.ChannelInterceptorBase.sendMessage(ChannelInterceptorBase.java:76)
	at org.apache.catalina.tribes.group.ChannelInterceptorBase.sendMessage(ChannelInterceptorBase.java:76)
	at org.apache.catalina.tribes.group.interceptors.MessageDispatchInterceptor.sendMessage(MessageDispatchInterceptor.java:78)
	at org.apache.catalina.tribes.group.ChannelInterceptorBase.sendMessage(ChannelInterceptorBase.java:76)
	at org.apache.catalina.tribes.group.GroupChannel.send(GroupChannel.java:230)
	at org.apache.catalina.tribes.group.GroupChannel.send(GroupChannel.java:183)
	at org.apache.catalina.tribes.test.channel.TestDataIntegrity$1.run(TestDataIntegrity.java:73)
org.apache.catalina.tribes.ChannelException: Operation has timed out(3000 ms.).; Faulty members:tcp://172.16.0.26:4001; 
	at org.apache.catalina.tribes.transport.nio.ParallelNioSender.sendMessage(ParallelNioSender.java:105)
	at org.apache.catalina.tribes.transport.nio.PooledParallelSender.sendMessage(PooledParallelSender.java:44)
	at org.apache.catalina.tribes.transport.ReplicationTransmitter.sendMessage(ReplicationTransmitter.java:54)
	at org.apache.catalina.tribes.group.ChannelCoordinator.sendMessage(ChannelCoordinator.java:79)
	at org.apache.catalina.tribes.group.ChannelInterceptorBase.sendMessage(ChannelInterceptorBase.java:76)
	at org.apache.catalina.tribes.group.ChannelInterceptorBase.sendMessage(ChannelInterceptorBase.java:76)
	at org.apache.catalina.tribes.group.interceptors.MessageDispatchInterceptor.sendMessage(MessageDispatchInterceptor.java:78)
	at org.apache.catalina.tribes.group.ChannelInterceptorBase.sendMessage(ChannelInterceptorBase.java:76)
	at org.apache.catalina.tribes.group.GroupChannel.send(GroupChannel.java:230)
	at org.apache.catalina.tribes.group.GroupChannel.send(GroupChannel.java:183)
	at org.apache.catalina.tribes.test.channel.TestDataIntegrity$1.run(TestDataIntegrity.java:73)
org.apache.catalina.tribes.ChannelException: Operation has timed out(3000 ms.).; Faulty members:tcp://172.16.0.26:4001; 
	at org.apache.catalina.tribes.transport.nio.ParallelNioSender.sendMessage(ParallelNioSender.java:105)
	at org.apache.catalina.tribes.transport.nio.PooledParallelSender.sendMessage(PooledParallelSender.java:44)
	at org.apache.catalina.tribes.transport.ReplicationTransmitter.sendMessage(ReplicationTransmitter.java:54)
	at org.apache.catalina.tribes.group.ChannelCoordinator.sendMessage(ChannelCoordinator.java:79)
	at org.apache.catalina.tribes.group.ChannelInterceptorBase.sendMessage(ChannelInterceptorBase.java:76)
	at org.apache.catalina.tribes.group.ChannelInterceptorBase.sendMessage(ChannelInterceptorBase.java:76)
	at org.apache.catalina.tribes.group.interceptors.MessageDispatchInterceptor.sendMessage(MessageDispatchInterceptor.java:78)
	at org.apache.catalina.tribes.group.ChannelInterceptorBase.sendMessage(ChannelInterceptorBase.java:76)
	at org.apache.catalina.tribes.group.GroupChannel.send(GroupChannel.java:230)
	at org.apache.catalina.tribes.group.GroupChannel.send(GroupChannel.java:183)
	at org.apache.catalina.tribes.test.channel.TestDataIntegrity$1.run(TestDataIntegrity.java:73)
org.apache.catalina.tribes.ChannelException: Operation has timed out(3000 ms.).; Faulty members:tcp://172.16.0.26:4001; 
	at org.apache.catalina.tribes.transport.nio.ParallelNioSender.sendMessage(ParallelNioSender.java:105)
	at org.apache.catalina.tribes.transport.nio.PooledParallelSender.sendMessage(PooledParallelSender.java:44)
	at org.apache.catalina.tribes.transport.ReplicationTransmitter.sendMessage(ReplicationTransmitter.java:54)
	at org.apache.catalina.tribes.group.ChannelCoordinator.sendMessage(ChannelCoordinator.java:79)
	at org.apache.catalina.tribes.group.ChannelInterceptorBase.sendMessage(ChannelInterceptorBase.java:76)
	at org.apache.catalina.tribes.group.ChannelInterceptorBase.sendMessage(ChannelInterceptorBase.java:76)
	at org.apache.catalina.tribes.group.interceptors.MessageDispatchInterceptor.sendMessage(MessageDispatchInterceptor.java:78)
	at org.apache.catalina.tribes.group.ChannelInterceptorBase.sendMessage(ChannelInterceptorBase.java:76)
	at org.apache.catalina.tribes.group.GroupChannel.send(GroupChannel.java:230)
	at org.apache.catalina.tribes.group.GroupChannel.send(GroupChannel.java:183)
	at org.apache.catalina.tribes.test.channel.TestDataIntegrity$1.run(TestDataIntegrity.java:73)
SUCCESS:1000
Finished NO_ACK [1014]
</system-err>
  </testcase>
  <testcase classname="org.apache.catalina.tribes.test.channel.TestDataIntegrity" name="testDataSendACK" time="4.613"/>
  <testcase classname="org.apache.catalina.tribes.test.channel.TestDataIntegrity" name="testDataSendASYNC" time="9.327">
    <failure message="Checking success messages. expected:&lt;500&gt; but was:&lt;483&gt;" type="java.lang.AssertionError">java.lang.AssertionError: Checking success messages. expected:&lt;500&gt; but was:&lt;483&gt;
	at org.junit.Assert.fail(Assert.java:88)
	at org.junit.Assert.failNotEquals(Assert.java:834)
	at org.junit.Assert.assertEquals(Assert.java:645)
	at org.apache.catalina.tribes.test.channel.TestDataIntegrity.testDataSendASYNC(TestDataIntegrity.java:127)
	at sun.reflect.NativeMethodAccessorImpl.invoke0(Native Method)
	at sun.reflect.NativeMethodAccessorImpl.invoke(NativeMethodAccessorImpl.java:62)
	at sun.reflect.DelegatingMethodAccessorImpl.invoke(DelegatingMethodAccessorImpl.java:43)
	at java.lang.reflect.Method.invoke(Method.java:483)
	at org.junit.runners.model.FrameworkMethod$1.runReflectiveCall(FrameworkMethod.java:50)
	at org.junit.internal.runners.model.ReflectiveCallable.run(ReflectiveCallable.java:12)
	at org.junit.runners.model.FrameworkMethod.invokeExplosively(FrameworkMethod.java:47)
	at org.junit.internal.runners.statements.InvokeMethod.evaluate(InvokeMethod.java:17)
	at org.junit.internal.runners.statements.RunBefores.evaluate(RunBefores.java:26)
	at org.junit.internal.runners.statements.RunAfters.evaluate(RunAfters.java:27)
	at org.junit.runners.ParentRunner.runLeaf(ParentRunner.java:325)
	at org.junit.runners.BlockJUnit4ClassRunner.runChild(BlockJUnit4ClassRunner.java:78)
	at org.junit.runners.BlockJUnit4ClassRunner.runChild(BlockJUnit4ClassRunner.java:57)
	at org.junit.runners.ParentRunner$3.run(ParentRunner.java:290)
	at org.junit.runners.ParentRunner$1.schedule(ParentRunner.java:71)
	at org.junit.runners.ParentRunner.runChildren(ParentRunner.java:288)
	at org.junit.runners.ParentRunner.access$000(ParentRunner.java:58)
	at org.junit.runners.ParentRunner$2.evaluate(ParentRunner.java:268)
	at org.junit.runners.ParentRunner.run(ParentRunner.java:363)
	at org.apache.maven.surefire.junit4.JUnit4TestSet.execute(JUnit4TestSet.java:53)
	at org.apache.maven.surefire.junit4.JUnit4Provider.executeTestSet(JUnit4Provider.java:123)
	at org.apache.maven.surefire.junit4.JUnit4Provider.invoke(JUnit4Provider.java:104)
	at sun.reflect.NativeMethodAccessorImpl.invoke0(Native Method)
	at sun.reflect.NativeMethodAccessorImpl.invoke(NativeMethodAccessorImpl.java:62)
	at sun.reflect.DelegatingMethodAccessorImpl.invoke(DelegatingMethodAccessorImpl.java:43)
	at java.lang.reflect.Method.invoke(Method.java:483)
	at org.apache.maven.surefire.util.ReflectionUtils.invokeMethodWithArray(ReflectionUtils.java:164)
	at org.apache.maven.surefire.booter.ProviderFactory$ProviderProxy.invoke(ProviderFactory.java:110)
	at org.apache.maven.surefire.booter.SurefireStarter.invokeProvider(SurefireStarter.java:175)
	at org.apache.maven.surefire.booter.SurefireStarter.runSuitesInProcessWhenForked(SurefireStarter.java:107)
	at org.apache.maven.surefire.booter.ForkedBooter.main(ForkedBooter.java:68)
</failure>
    <system-err>Starting ASYNC
Finished ASYNC
</system-err>
  </testcase>
  <testcase classname="org.apache.catalina.tribes.test.channel.TestDataIntegrity" name="testDataSendSYNCACK" time="4.654"/>
</testsuite>