<?xml version="1.0" encoding="UTF-8" ?>
<testsuite tests="36" failures="0" name="org.apache.catalina.webresources.TestFileResourceSetReadOnly" time="0.009" errors="0" skipped="0">
  <properties>
    <property name="idea.version" value="14.1"/>
    <property name="java.runtime.name" value="Java(TM) SE Runtime Environment"/>
    <property name="sun.boot.library.path" value="/Library/Java/JavaVirtualMachines/jdk8/Contents/Home/jre/lib"/>
    <property name="java.vm.version" value="25.25-b02"/>
    <property name="user.country.format" value="CN"/>
    <property name="gopherProxySet" value="false"/>
    <property name="java.vm.vendor" value="Oracle Corporation"/>
    <property name="java.vendor.url" value="http://java.oracle.com/"/>
    <property name="path.separator" value=":"/>
    <property name="guice.disable.misplaced.annotation.check" value="true"/>
    <property name="java.vm.name" value="Java HotSpot(TM) 64-Bit Server VM"/>
    <property name="file.encoding.pkg" value="sun.io"/>
    <property name="idea.launcher.port" value="7535"/>
    <property name="user.country" value="US"/>
    <property name="sun.java.launcher" value="SUN_STANDARD"/>
    <property name="sun.os.patch.level" value="unknown"/>
    <property name="java.vm.specification.name" value="Java Virtual Machine Specification"/>
    <property name="user.dir" value="/Users/Frank/Developer/idea/tomcat-source-research"/>
    <property name="java.runtime.version" value="1.8.0_25-b17"/>
    <property name="java.awt.graphicsenv" value="sun.awt.CGraphicsEnvironment"/>
    <property name="java.endorsed.dirs" value="/Library/Java/JavaVirtualMachines/jdk8/Contents/Home/jre/lib/endorsed"/>
    <property name="os.arch" value="x86_64"/>
    <property name="java.io.tmpdir" value="/var/folders/t0/cyfyyjr10xjf9rxyjch8ftnm0000gn/T/"/>
    <property name="line.separator" value="
"/>
    <property name="java.vm.specification.vendor" value="Oracle Corporation"/>
    <property name="os.name" value="Mac OS X"/>
    <property name="classworlds.conf" value="/Applications/IntelliJ IDEA 14.app/Contents/plugins/maven/lib/maven3/bin/m2.conf"/>
    <property name="sun.jnu.encoding" value="UTF-8"/>
    <property name="java.library.path" value="/Users/Frank/Library/Java/Extensions:/Library/Java/Extensions:/Network/Library/Java/Extensions:/System/Library/Java/Extensions:/usr/lib/java:."/>
    <property name="java.specification.name" value="Java Platform API Specification"/>
    <property name="java.class.version" value="52.0"/>
    <property name="sun.management.compiler" value="HotSpot 64-Bit Tiered Compilers"/>
    <property name="os.version" value="10.10.2"/>
    <property name="user.home" value="/Users/Frank"/>
    <property name="user.timezone" value="Asia/Shanghai"/>
    <property name="java.awt.printerjob" value="sun.lwawt.macosx.CPrinterJob"/>
    <property name="java.specification.version" value="1.8"/>
    <property name="idea.launcher.bin.path" value="/Applications/IntelliJ IDEA 14.app/Contents/bin"/>
    <property name="file.encoding" value="UTF-8"/>
    <property name="user.name" value="Frank"/>
    <property name="java.class.path" value="/Applications/IntelliJ IDEA 14.app/Contents/plugins/maven/lib/maven3/boot/plexus-classworlds-2.4.jar:/Applications/IntelliJ IDEA 14.app/Contents/lib/idea_rt.jar"/>
    <property name="java.vm.specification.version" value="1.8"/>
    <property name="sun.arch.data.model" value="64"/>
    <property name="java.home" value="/Library/Java/JavaVirtualMachines/jdk8/Contents/Home/jre"/>
    <property name="sun.java.command" value="com.intellij.rt.execution.application.AppMain org.codehaus.classworlds.Launcher -Didea.version=14.1 test"/>
    <property name="java.specification.vendor" value="Oracle Corporation"/>
    <property name="user.language" value="en"/>
    <property name="awt.toolkit" value="sun.lwawt.macosx.LWCToolkit"/>
    <property name="java.vm.info" value="mixed mode"/>
    <property name="java.version" value="1.8.0_25"/>
    <property name="java.ext.dirs" value="/Users/Frank/Library/Java/Extensions:/Library/Java/JavaVirtualMachines/jdk8/Contents/Home/jre/lib/ext:/Library/Java/Extensions:/Network/Library/Java/Extensions:/System/Library/Java/Extensions:/usr/lib/java"/>
    <property name="sun.boot.class.path" value="/Library/Java/JavaVirtualMachines/jdk8/Contents/Home/jre/lib/resources.jar:/Library/Java/JavaVirtualMachines/jdk8/Contents/Home/jre/lib/rt.jar:/Library/Java/JavaVirtualMachines/jdk8/Contents/Home/jre/lib/sunrsasign.jar:/Library/Java/JavaVirtualMachines/jdk8/Contents/Home/jre/lib/jsse.jar:/Library/Java/JavaVirtualMachines/jdk8/Contents/Home/jre/lib/jce.jar:/Library/Java/JavaVirtualMachines/jdk8/Contents/Home/jre/lib/charsets.jar:/Library/Java/JavaVirtualMachines/jdk8/Contents/Home/jre/lib/jfr.jar:/Library/Java/JavaVirtualMachines/jdk8/Contents/Home/jre/classes"/>
    <property name="java.vendor" value="Oracle Corporation"/>
    <property name="maven.home" value="/Applications/IntelliJ IDEA 14.app/Contents/plugins/maven/lib/maven3"/>
    <property name="file.separator" value="/"/>
    <property name="java.vendor.url.bug" value="http://bugreport.sun.com/bugreport/"/>
    <property name="sun.cpu.endian" value="little"/>
    <property name="sun.io.unicode.encoding" value="UnicodeBig"/>
    <property name="sun.cpu.isalist" value=""/>
  </properties>
  <testcase classname="org.apache.catalina.webresources.TestFileResourceSetReadOnly" name="testNoArgConstructor" time="0.001"/>
  <testcase classname="org.apache.catalina.webresources.TestFileResourceSetReadOnly" name="testGetCanonicalPathExists" time="0"/>
  <testcase classname="org.apache.catalina.webresources.TestFileResourceSetReadOnly" name="testWriteEmpty" time="0"/>
  <testcase classname="org.apache.catalina.webresources.TestFileResourceSetReadOnly" name="testGetResourceEmpty" time="0"/>
  <testcase classname="org.apache.catalina.webresources.TestFileResourceSetReadOnly" name="testGetCanonicalPathDoesNotExist" time="0"/>
  <testcase classname="org.apache.catalina.webresources.TestFileResourceSetReadOnly" name="testWrite" time="0.002"/>
  <testcase classname="org.apache.catalina.webresources.TestFileResourceSetReadOnly" name="testWriteNew" time="0"/>
  <testcase classname="org.apache.catalina.webresources.TestFileResourceSetReadOnly" name="testListWebAppPathsDirA" time="0"/>
  <testcase classname="org.apache.catalina.webresources.TestFileResourceSetReadOnly" name="testListWebAppPathsDirB" time="0.001"/>
  <testcase classname="org.apache.catalina.webresources.TestFileResourceSetReadOnly" name="testListWebAppPathsFile" time="0.001"/>
  <testcase classname="org.apache.catalina.webresources.TestFileResourceSetReadOnly" name="testListWebAppPathsRoot" time="0"/>
  <testcase classname="org.apache.catalina.webresources.TestFileResourceSetReadOnly" name="testWriteDirA" time="0"/>
  <testcase classname="org.apache.catalina.webresources.TestFileResourceSetReadOnly" name="testWriteDirB" time="0"/>
  <testcase classname="org.apache.catalina.webresources.TestFileResourceSetReadOnly" name="testWriteFile" time="0"/>
  <testcase classname="org.apache.catalina.webresources.TestFileResourceSetReadOnly" name="testWriteRoot" time="0"/>
  <testcase classname="org.apache.catalina.webresources.TestFileResourceSetReadOnly" name="testListEmpty" time="0"/>
  <testcase classname="org.apache.catalina.webresources.TestFileResourceSetReadOnly" name="testMkdirEmpty" time="0"/>
  <testcase classname="org.apache.catalina.webresources.TestFileResourceSetReadOnly" name="testGetResourceCaseSensitive" time="0"/>
  <testcase classname="org.apache.catalina.webresources.TestFileResourceSetReadOnly" name="testListRootNoSlash" time="0"/>
  <testcase classname="org.apache.catalina.webresources.TestFileResourceSetReadOnly" name="testListWebAppPathsEmpty" time="0"/>
  <testcase classname="org.apache.catalina.webresources.TestFileResourceSetReadOnly" name="testMkdirDirA" time="0"/>
  <testcase classname="org.apache.catalina.webresources.TestFileResourceSetReadOnly" name="testMkdirDirB" time="0"/>
  <testcase classname="org.apache.catalina.webresources.TestFileResourceSetReadOnly" name="testMkdirFile" time="0.001"/>
  <testcase classname="org.apache.catalina.webresources.TestFileResourceSetReadOnly" name="testMkdirRoot" time="0"/>
  <testcase classname="org.apache.catalina.webresources.TestFileResourceSetReadOnly" name="testMkdirNew" time="0"/>
  <testcase classname="org.apache.catalina.webresources.TestFileResourceSetReadOnly" name="testGetResourceDirA" time="0"/>
  <testcase classname="org.apache.catalina.webresources.TestFileResourceSetReadOnly" name="testGetResourceDirB" time="0.001"/>
  <testcase classname="org.apache.catalina.webresources.TestFileResourceSetReadOnly" name="testGetResourceFile" time="0"/>
  <testcase classname="org.apache.catalina.webresources.TestFileResourceSetReadOnly" name="testGetResourceRoot" time="0"/>
  <testcase classname="org.apache.catalina.webresources.TestFileResourceSetReadOnly" name="testGetResourceRootNoSlash" time="0"/>
  <testcase classname="org.apache.catalina.webresources.TestFileResourceSetReadOnly" name="testListWebAppPathsRootNoSlash" time="0"/>
  <testcase classname="org.apache.catalina.webresources.TestFileResourceSetReadOnly" name="testGetResourceTraversal" time="0"/>
  <testcase classname="org.apache.catalina.webresources.TestFileResourceSetReadOnly" name="testListDirA" time="0"/>
  <testcase classname="org.apache.catalina.webresources.TestFileResourceSetReadOnly" name="testListDirB" time="0"/>
  <testcase classname="org.apache.catalina.webresources.TestFileResourceSetReadOnly" name="testListFile" time="0"/>
  <testcase classname="org.apache.catalina.webresources.TestFileResourceSetReadOnly" name="testListRoot" time="0"/>
</testsuite>